2023-05-12 16:23:40,852 [INFO] Activator:176 - 


2023-05-12 16:23:40,934 [INFO] Activator:177 - !SESSION log4j initialized
2023-05-12 16:24:09,986 [INFO] LogOutputStream:77 - [STDOUT_REDIRECT] 
2023-05-12 16:24:41,797 [ERROR] LogOutputStream:75 - [STDERR_REDIRECT] SLF4J: Failed to load class "org.slf4j.impl.StaticLoggerBinder".
2023-05-12 16:24:41,797 [ERROR] LogOutputStream:75 - [STDERR_REDIRECT] SLF4J: Defaulting to no-operation (NOP) logger implementation
2023-05-12 16:24:41,805 [ERROR] LogOutputStream:75 - [STDERR_REDIRECT] SLF4J: See http://www.slf4j.org/codes.html#StaticLoggerBinder for further details.
2023-05-12 16:27:01,332 [INFO] ApplicationProperties:184 - Using Application install path: D:\ST\STM32CubeIDE_1.12.1\STM32CubeIDE\plugins\com.st.stm32cube.common.mx_6.8.1.202304191431
2023-05-12 16:27:01,402 [INFO] DbMcusXml:78 - Set database path to: D:\ST\STM32CubeIDE_1.12.1\STM32CubeIDE\plugins\com.st.stm32cube.common.mx_6.8.1.202304191431\\db\/mcu/
2023-05-12 16:27:01,402 [INFO] ApiDb:274 - Set plugin database path to: D:\ST\STM32CubeIDE_1.12.1\STM32CubeIDE\plugins\com.st.stm32cube.common.mx_6.8.1.202304191431\\db\/plugins/boardmanager/
2023-05-12 16:27:01,411 [WARN] ApiDb:259 - Overriding images path with different value:  => D:\ST\STM32CubeIDE_1.12.1\STM32CubeIDE\plugins\com.st.stm32cube.common.mx_6.8.1.202304191431\\db\/plugins/mcufinder/images/
2023-05-12 16:27:01,504 [INFO] ApiDb:250 - Set database path to: C:\Users\DELL\.stmcufinder\plugins\mcufinder//mcu/
2023-05-12 16:27:01,504 [INFO] DbMcusAds:125 - Set database path to: C:\Users\DELL\.stmcufinder\plugins\mcufinder//mcu/
2023-05-12 16:27:01,535 [INFO] CrossReferenceDbSqlite:203 - Set database path to: C:\Users\DELL\.stmcufinder\plugins\mcufinder//mcu/cs/
2023-05-12 16:27:01,833 [INFO] RulesReader:64 - Compatibility file has been processed (293 Rules)
2023-05-12 16:27:02,094 [INFO] DbMcusXml:78 - Set database path to: D:\ST\STM32CubeIDE_1.12.1\STM32CubeIDE\plugins\com.st.stm32cube.common.mx_6.8.1.202304191431\\db\/mcu/
2023-05-12 16:27:02,094 [INFO] ApiDb:274 - Set plugin database path to: D:\ST\STM32CubeIDE_1.12.1\STM32CubeIDE\plugins\com.st.stm32cube.common.mx_6.8.1.202304191431\\db\/plugins/boardmanager/
2023-05-12 16:27:02,094 [INFO] ApiDb:261 - Set plugin images path to: D:\ST\STM32CubeIDE_1.12.1\STM32CubeIDE\plugins\com.st.stm32cube.common.mx_6.8.1.202304191431\\db\/plugins/mcufinder/images/
2023-05-12 16:27:02,094 [WARN] DbFile:41 - Overriding database path with different value: C:\Users\DELL\.stmcufinder\plugins\mcufinder/ => C:\Users\DELL\.stmcufinder\plugins\mcufinder
2023-05-12 16:27:02,094 [INFO] ApiDb:250 - Set database path to: C:\Users\DELL\.stmcufinder\plugins\mcufinder//mcu/
2023-05-12 16:27:02,094 [WARN] DbFile:41 - Overriding database path with different value: C:\Users\DELL\.stmcufinder\plugins\mcufinder/ => C:\Users\DELL\.stmcufinder\plugins\mcufinder
2023-05-12 16:27:02,094 [INFO] DbMcusAds:125 - Set database path to: C:\Users\DELL\.stmcufinder\plugins\mcufinder//mcu/
2023-05-12 16:27:02,094 [WARN] DbFile:41 - Overriding database path with different value: C:\Users\DELL\.stmcufinder\plugins\mcufinder/ => C:\Users\DELL\.stmcufinder\plugins\mcufinder
2023-05-12 16:27:02,094 [WARN] DbFile:41 - Overriding database path with different value: C:\Users\DELL\.stmcufinder\plugins\mcufinder/ => C:\Users\DELL\.stmcufinder\plugins\mcufinder
2023-05-12 16:27:02,094 [INFO] CrossReferenceDbSqlite:203 - Set database path to: C:\Users\DELL\.stmcufinder\plugins\mcufinder//mcu/cs/
2023-05-12 16:27:02,241 [INFO] MainPanel:253 - HeapMemory: 483393536
2023-05-12 16:27:02,476 [INFO] DbMcusXml:78 - Set database path to: D:\ST\STM32CubeIDE_1.12.1\STM32CubeIDE\plugins\com.st.stm32cube.common.mx_6.8.1.202304191431\\db\/mcu/
2023-05-12 16:27:02,476 [INFO] ApiDb:274 - Set plugin database path to: D:\ST\STM32CubeIDE_1.12.1\STM32CubeIDE\plugins\com.st.stm32cube.common.mx_6.8.1.202304191431\\db\/plugins/boardmanager/
2023-05-12 16:27:02,492 [INFO] ApiDb:261 - Set plugin images path to: D:\ST\STM32CubeIDE_1.12.1\STM32CubeIDE\plugins\com.st.stm32cube.common.mx_6.8.1.202304191431\\db\/plugins/mcufinder/images/
2023-05-12 16:27:02,494 [WARN] DbFile:41 - Overriding database path with different value: C:\Users\DELL\.stmcufinder\plugins\mcufinder/ => C:\Users\DELL\.stmcufinder\plugins\mcufinder
2023-05-12 16:27:02,494 [INFO] ApiDb:250 - Set database path to: C:\Users\DELL\.stmcufinder\plugins\mcufinder//mcu/
2023-05-12 16:27:02,494 [WARN] DbFile:41 - Overriding database path with different value: C:\Users\DELL\.stmcufinder\plugins\mcufinder/ => C:\Users\DELL\.stmcufinder\plugins\mcufinder
2023-05-12 16:27:02,494 [INFO] DbMcusAds:125 - Set database path to: C:\Users\DELL\.stmcufinder\plugins\mcufinder//mcu/
2023-05-12 16:27:02,494 [WARN] DbFile:41 - Overriding database path with different value: C:\Users\DELL\.stmcufinder\plugins\mcufinder/ => C:\Users\DELL\.stmcufinder\plugins\mcufinder
2023-05-12 16:27:02,494 [WARN] DbFile:41 - Overriding database path with different value: C:\Users\DELL\.stmcufinder\plugins\mcufinder/ => C:\Users\DELL\.stmcufinder\plugins\mcufinder
2023-05-12 16:27:02,494 [INFO] CrossReferenceDbSqlite:203 - Set database path to: C:\Users\DELL\.stmcufinder\plugins\mcufinder//mcu/cs/
2023-05-12 16:27:02,528 [INFO] ApplicationProperties:184 - Using Application install path: D:\ST\STM32CubeIDE_1.12.1\STM32CubeIDE\plugins\com.st.stm32cube.common.mx_6.8.1.202304191431
2023-05-12 16:27:02,528 [INFO] PluginManage:196 - Search for loadable plugins [exclusion list=, ]
2023-05-12 16:27:02,540 [INFO] PluginManage:310 - Check plugin analytics
2023-05-12 16:27:02,854 [INFO] AnalyticsPlugin:253 - Accepted Software Licenses: STM32CubeMX.6.8.1
2023-05-12 16:27:02,854 [INFO] AnalyticsPlugin:255 - Accepted CMSIS Pack Licenses: 
2023-05-12 16:27:02,854 [INFO] AnalyticsPlugin:257 - Accepted Firmware Licenses: FW.F4.1.27.0
2023-05-12 16:27:02,871 [INFO] PluginManage:359 - Loaded plugin analytics (category:tool,tabindex:-1)
2023-05-12 16:27:02,871 [INFO] PluginManage:310 - Check plugin cadmodel
2023-05-12 16:27:02,933 [INFO] CADModel:105 - Init CAD model plugin
2023-05-12 16:27:02,933 [INFO] PluginManage:359 - Loaded plugin cadmodel (category:power,tabindex:5)
2023-05-12 16:27:02,933 [INFO] PluginManage:310 - Check plugin clock
2023-05-12 16:27:02,980 [INFO] PluginManage:359 - Loaded plugin clock (category:base,tabindex:2)
2023-05-12 16:27:02,980 [INFO] PluginManage:310 - Check plugin ddr
2023-05-12 16:27:02,996 [INFO] PluginManage:359 - Loaded plugin ddr (category:tool,tabindex:6)
2023-05-12 16:27:02,996 [INFO] PluginManage:310 - Check plugin filemanager
2023-05-12 16:27:03,324 [INFO] PluginManage:359 - Loaded plugin filemanager (category:base,tabindex:10)
2023-05-12 16:27:03,340 [INFO] PluginManage:310 - Check plugin ipmanager
2023-05-12 16:27:03,372 [INFO] PluginManage:359 - Loaded plugin ipmanager (category:base,tabindex:5)
2023-05-12 16:27:03,372 [INFO] PluginManage:310 - Check plugin lpbam
2023-05-12 16:27:03,403 [INFO] PluginManage:359 - Loaded plugin lpbam (category:base,tabindex:0)
2023-05-12 16:27:03,403 [INFO] PluginManage:310 - Check plugin pinoutandconfiguration
2023-05-12 16:27:03,434 [INFO] PluginManage:359 - Loaded plugin pinoutandconfiguration (category:base,tabindex:1)
2023-05-12 16:27:03,434 [INFO] PluginManage:310 - Check plugin pinoutconfig
2023-05-12 16:27:03,779 [WARN] SupportedApi:132 - Cannot load RTOS API schema: s4s-elt-must-match.1: The content of 'definitions' must match (annotation?, (simpleType | complexType)?, (unique | key | keyref)*)). A problem was found starting at: attribute.
2023-05-12 16:27:04,015 [INFO] PluginManage:359 - Loaded plugin pinoutconfig (category:base,tabindex:0)
2023-05-12 16:27:04,031 [INFO] PluginManage:310 - Check plugin power
2023-05-12 16:27:04,109 [INFO] PluginManage:359 - Loaded plugin power (category:power,tabindex:4)
2023-05-12 16:27:04,109 [INFO] PluginManage:310 - Check plugin projectmanager
2023-05-12 16:27:04,157 [INFO] PluginManage:359 - Loaded plugin projectmanager (category:projectmanager,tabindex:3)
2023-05-12 16:27:04,157 [INFO] PluginManage:310 - Check plugin thirdparty
2023-05-12 16:27:04,832 [INFO] PluginManage:359 - Loaded plugin thirdparty (category:base,tabindex:-1)
2023-05-12 16:27:04,832 [WARN] IntegrityCheckThread:84 - waiting for thirdparty lock release [integrity check]
2023-05-12 16:27:04,832 [INFO] PluginManage:310 - Check plugin tools
2023-05-12 16:27:04,832 [INFO] IntegrityCheckThread:86 - entering critical section [integrity check]
2023-05-12 16:27:04,848 [INFO] ThirdPartyUpdaterWithRetryManager:70 - Updater plugin not ready yet. [1/15]
2023-05-12 16:27:04,895 [INFO] PluginManage:359 - Loaded plugin tools (category:base,tabindex:7)
2023-05-12 16:27:04,895 [INFO] PluginManage:310 - Check plugin tutovideos
2023-05-12 16:27:05,285 [INFO] PluginManage:359 - Loaded plugin tutovideos (category:base,tabindex:-1)
2023-05-12 16:27:05,285 [INFO] PluginManage:310 - Check plugin updater
2023-05-12 16:27:05,333 [INFO] PluginManage:359 - Loaded plugin updater (category:base,tabindex:12)
2023-05-12 16:27:05,333 [INFO] PluginManage:283 - PluginManage : Loaded plugins [15]
2023-05-12 16:27:05,883 [INFO] PinOutPanel:1499 - setPackage(No Configuration,No Configuration)
2023-05-12 16:27:06,041 [INFO] CADModel:165 - CPN selected for project level
2023-05-12 16:27:06,041 [INFO] CADModel:114 - Register for checkConnection events
2023-05-12 16:27:06,119 [INFO] IPUIPlugin:80 - create IPUIPlugin
2023-05-12 16:27:06,119 [INFO] PluginManager:220 - loadIPPluginJar : add adc
2023-05-12 16:27:06,166 [INFO] IPUIPlugin:80 - create IPUIPlugin
2023-05-12 16:27:06,166 [INFO] PluginManager:220 - loadIPPluginJar : add aes
2023-05-12 16:27:06,228 [INFO] IPUIPlugin:80 - create IPUIPlugin
2023-05-12 16:27:06,228 [INFO] PluginManager:220 - loadIPPluginJar : add can
2023-05-12 16:27:06,259 [INFO] IPUIPlugin:80 - create IPUIPlugin
2023-05-12 16:27:06,259 [INFO] PluginManager:220 - loadIPPluginJar : add comp
2023-05-12 16:27:06,307 [INFO] IPUIPlugin:80 - create IPUIPlugin
2023-05-12 16:27:06,307 [INFO] PluginManager:220 - loadIPPluginJar : add cryp
2023-05-12 16:27:06,354 [INFO] IPUIPlugin:80 - create IPUIPlugin
2023-05-12 16:27:06,354 [INFO] PluginManager:220 - loadIPPluginJar : add dfsdm
2023-05-12 16:27:06,401 [INFO] IPUIPlugin:80 - create IPUIPlugin
2023-05-12 16:27:06,401 [INFO] PluginManager:220 - loadIPPluginJar : add dma
2023-05-12 16:27:06,480 [INFO] IPUIPlugin:80 - create IPUIPlugin
2023-05-12 16:27:06,480 [INFO] PluginManager:220 - loadIPPluginJar : add dma3
2023-05-12 16:27:06,528 [INFO] IPUIPlugin:80 - create IPUIPlugin
2023-05-12 16:27:06,528 [INFO] PluginManager:220 - loadIPPluginJar : add fatfs
2023-05-12 16:27:06,590 [INFO] IPUIPlugin:80 - create IPUIPlugin
2023-05-12 16:27:06,590 [INFO] PluginManager:220 - loadIPPluginJar : add fmc
2023-05-12 16:27:06,637 [INFO] IPUIPlugin:80 - create IPUIPlugin
2023-05-12 16:27:06,637 [INFO] PluginManager:220 - loadIPPluginJar : add freertos
2023-05-12 16:27:06,668 [INFO] IPUIPlugin:80 - create IPUIPlugin
2023-05-12 16:27:06,668 [INFO] PluginManager:220 - loadIPPluginJar : add genericplugin
2023-05-12 16:27:06,809 [INFO] IPUIPlugin:80 - create IPUIPlugin
2023-05-12 16:27:06,809 [INFO] PluginManager:220 - loadIPPluginJar : add gfxmmu
2023-05-12 16:27:06,982 [INFO] IPUIPlugin:80 - create IPUIPlugin
2023-05-12 16:27:06,982 [INFO] PluginManager:220 - loadIPPluginJar : add gic
2023-05-12 16:27:07,029 [INFO] IPUIPlugin:80 - create IPUIPlugin
2023-05-12 16:27:07,029 [INFO] PluginManager:220 - loadIPPluginJar : add gpio
2023-05-12 16:27:07,154 [INFO] IPUIPlugin:80 - create IPUIPlugin
2023-05-12 16:27:07,154 [INFO] PluginManager:220 - loadIPPluginJar : add gtzc
2023-05-12 16:27:07,217 [INFO] IPUIPlugin:80 - create IPUIPlugin
2023-05-12 16:27:07,217 [INFO] PluginManager:220 - loadIPPluginJar : add hash
2023-05-12 16:27:07,295 [INFO] IPUIPlugin:80 - create IPUIPlugin
2023-05-12 16:27:07,295 [INFO] PluginManager:220 - loadIPPluginJar : add i2c
2023-05-12 16:27:07,373 [INFO] IPUIPlugin:80 - create IPUIPlugin
2023-05-12 16:27:07,373 [INFO] PluginManager:220 - loadIPPluginJar : add i2s
2023-05-12 16:27:07,436 [INFO] IPUIPlugin:80 - create IPUIPlugin
2023-05-12 16:27:07,436 [INFO] PluginManager:220 - loadIPPluginJar : add i3c
2023-05-12 16:27:07,592 [INFO] IPUIPlugin:80 - create IPUIPlugin
2023-05-12 16:27:07,592 [INFO] PluginManager:220 - loadIPPluginJar : add ipddr
2023-05-12 16:27:07,718 [INFO] IPUIPlugin:80 - create IPUIPlugin
2023-05-12 16:27:07,718 [INFO] PluginManager:220 - loadIPPluginJar : add linkedlist
2023-05-12 16:27:07,750 [INFO] IPUIPlugin:80 - create IPUIPlugin
2023-05-12 16:27:07,765 [INFO] PluginManager:220 - loadIPPluginJar : add lorawan
2023-05-12 16:27:07,797 [INFO] IPUIPlugin:80 - create IPUIPlugin
2023-05-12 16:27:07,797 [INFO] PluginManager:220 - loadIPPluginJar : add ltdc
2023-05-12 16:27:07,828 [INFO] IPUIPlugin:80 - create IPUIPlugin
2023-05-12 16:27:07,828 [INFO] PluginManager:220 - loadIPPluginJar : add mdma
2023-05-12 16:27:07,860 [INFO] ThirdPartyUpdaterWithRetryManager:70 - Updater plugin not ready yet. [2/15]
2023-05-12 16:27:07,860 [INFO] IPUIPlugin:80 - create IPUIPlugin
2023-05-12 16:27:07,860 [INFO] PluginManager:220 - loadIPPluginJar : add nvic
2023-05-12 16:27:07,907 [INFO] IPUIPlugin:80 - create IPUIPlugin
2023-05-12 16:27:07,907 [INFO] PluginManager:220 - loadIPPluginJar : add opamp
2023-05-12 16:27:07,985 [INFO] IPUIPlugin:80 - create IPUIPlugin
2023-05-12 16:27:07,985 [INFO] PluginManager:220 - loadIPPluginJar : add openamp
2023-05-12 16:27:08,057 [INFO] IPUIPlugin:80 - create IPUIPlugin
2023-05-12 16:27:08,057 [INFO] PluginManager:220 - loadIPPluginJar : add pdm2pcm
2023-05-12 16:27:08,080 [INFO] IPUIPlugin:80 - create IPUIPlugin
2023-05-12 16:27:08,086 [INFO] PluginManager:220 - loadIPPluginJar : add plateformsettings
2023-05-12 16:27:08,127 [INFO] IPUIPlugin:80 - create IPUIPlugin
2023-05-12 16:27:08,127 [INFO] PluginManager:220 - loadIPPluginJar : add quadspi
2023-05-12 16:27:08,159 [INFO] IPUIPlugin:80 - create IPUIPlugin
2023-05-12 16:27:08,159 [INFO] PluginManager:220 - loadIPPluginJar : add resmgrutility
2023-05-12 16:27:08,221 [INFO] IPUIPlugin:80 - create IPUIPlugin
2023-05-12 16:27:08,221 [INFO] PluginManager:220 - loadIPPluginJar : add sai
2023-05-12 16:27:08,284 [INFO] IPUIPlugin:80 - create IPUIPlugin
2023-05-12 16:27:08,284 [INFO] PluginManager:220 - loadIPPluginJar : add spi
2023-05-12 16:27:08,362 [INFO] IPUIPlugin:80 - create IPUIPlugin
2023-05-12 16:27:08,362 [INFO] PluginManager:220 - loadIPPluginJar : add stm32_wpan
2023-05-12 16:27:08,393 [INFO] IPUIPlugin:80 - create IPUIPlugin
2023-05-12 16:27:08,393 [INFO] PluginManager:220 - loadIPPluginJar : add tim
2023-05-12 16:27:08,472 [INFO] IPUIPlugin:80 - create IPUIPlugin
2023-05-12 16:27:08,472 [INFO] PluginManager:220 - loadIPPluginJar : add touchsensing
2023-05-12 16:27:08,503 [INFO] IPUIPlugin:80 - create IPUIPlugin
2023-05-12 16:27:08,503 [INFO] PluginManager:220 - loadIPPluginJar : add tracer_emb
2023-05-12 16:27:08,535 [INFO] IPUIPlugin:80 - create IPUIPlugin
2023-05-12 16:27:08,535 [INFO] PluginManager:220 - loadIPPluginJar : add ts
2023-05-12 16:27:08,566 [INFO] IPUIPlugin:80 - create IPUIPlugin
2023-05-12 16:27:08,566 [INFO] PluginManager:220 - loadIPPluginJar : add tsc
2023-05-12 16:27:08,597 [INFO] IPUIPlugin:80 - create IPUIPlugin
2023-05-12 16:27:08,597 [INFO] PluginManager:220 - loadIPPluginJar : add ucpd
2023-05-12 16:27:08,676 [INFO] IPUIPlugin:80 - create IPUIPlugin
2023-05-12 16:27:08,676 [INFO] PluginManager:220 - loadIPPluginJar : add usart
2023-05-12 16:27:08,738 [INFO] IPUIPlugin:80 - create IPUIPlugin
2023-05-12 16:27:08,738 [INFO] PluginManager:220 - loadIPPluginJar : add usbx
2023-05-12 16:27:08,922 [INFO] CADModel:165 - CPN selected for project level
2023-05-12 16:27:08,922 [INFO] CADModel:114 - Register for checkConnection events
2023-05-12 16:27:08,922 [FATAL] Updater:308 - Updater called before beeing initialized
2023-05-12 16:27:08,922 [ERROR] CADModel:125 - Updater not yet initialized, retry later 
2023-05-12 16:27:09,214 [INFO] CADModel:165 - CPN selected for project level
2023-05-12 16:27:09,214 [INFO] CADModel:114 - Register for checkConnection events
2023-05-12 16:27:09,214 [FATAL] Updater:308 - Updater called before beeing initialized
2023-05-12 16:27:09,214 [ERROR] CADModel:125 - Updater not yet initialized, retry later 
2023-05-12 16:27:09,214 [FATAL] Updater:308 - Updater called before beeing initialized
2023-05-12 16:27:09,436 [FATAL] Updater:308 - Updater called before beeing initialized
2023-05-12 16:27:09,452 [INFO] DbMcusAds:53 - JSON generation date=Tue Mar 07 14:20:54 IST 2023 (1678179054945)
2023-05-12 16:27:09,452 [FATAL] Updater:308 - Updater called before beeing initialized
2023-05-12 16:27:09,609 [WARN] DetailPanel:346 - Failed to get advertising image, set to default
2023-05-12 16:27:09,734 [FATAL] Updater:308 - Updater called before beeing initialized
2023-05-12 16:27:09,749 [FATAL] Updater:308 - Updater called before beeing initialized
2023-05-12 16:27:09,749 [FATAL] Updater:308 - Updater called before beeing initialized
2023-05-12 16:27:09,749 [WARN] DetailPanel:346 - Failed to get advertising image, set to default
2023-05-12 16:27:09,749 [FATAL] Updater:308 - Updater called before beeing initialized
2023-05-12 16:27:09,875 [ERROR] Updater:1120 - MainUpdater not yet initialized. External WinMGr cannot be set.
2023-05-12 16:27:09,906 [INFO] Updater:1056 - Updater Version found : 6.8.1
2023-05-12 16:27:09,937 [INFO] ApplicationProperties:184 - Using Application install path: D:\ST\STM32CubeIDE_1.12.1\STM32CubeIDE\plugins\com.st.stm32cube.common.mx_6.8.1.202304191431
2023-05-12 16:27:10,206 [INFO] MainUpdater:2854 - connection check result : 10
2023-05-12 16:27:10,206 [INFO] MainUpdater:283 - Updater Check For Update Now.
2023-05-12 16:27:10,206 [INFO] MicroXplorer:498 - Change Database Version : DB.6.0.81
2023-05-12 16:27:10,440 [INFO] CheckServerUpdateThread:120 - End of CheckServer Thread
2023-05-12 16:27:10,518 [INFO] MainUpdater:2854 - connection check result : 10
2023-05-12 16:27:10,612 [INFO] McuFinderGlobals:66 - Set McuFinderConnectedMode to true
2023-05-12 16:27:10,863 [WARN] MainUpdater:1187 - Updater busy. Cannot search thirdparties
2023-05-12 16:27:10,863 [INFO] ThirdPartyUpdaterWithRetryManager:96 - Updater plugin is busy. [1/15]
2023-05-12 16:27:11,304 [INFO] ServerAccessManage:473 - Download File mcusAds.json._tmp_
2023-05-12 16:27:11,432 [INFO] LoadUrlFilesThread:156 - End of LoadUrlFiles Thread
2023-05-12 16:27:12,877 [INFO] ServerAccessManage:473 - Download File cube-finder-db.zip
2023-05-12 16:27:13,865 [WARN] MainUpdater:1187 - Updater busy. Cannot search thirdparties
2023-05-12 16:27:13,865 [INFO] ThirdPartyUpdaterWithRetryManager:96 - Updater plugin is busy. [2/15]
2023-05-12 16:27:16,877 [WARN] MainUpdater:1187 - Updater busy. Cannot search thirdparties
2023-05-12 16:27:16,877 [INFO] ThirdPartyUpdaterWithRetryManager:96 - Updater plugin is busy. [3/15]
2023-05-12 16:27:19,890 [WARN] MainUpdater:1187 - Updater busy. Cannot search thirdparties
2023-05-12 16:27:19,890 [INFO] ThirdPartyUpdaterWithRetryManager:96 - Updater plugin is busy. [4/15]
2023-05-12 16:27:22,901 [WARN] MainUpdater:1187 - Updater busy. Cannot search thirdparties
2023-05-12 16:27:22,901 [INFO] ThirdPartyUpdaterWithRetryManager:96 - Updater plugin is busy. [5/15]
2023-05-12 16:27:23,207 [INFO] FileExtend:240 - Unzip File : cube-finder-db.zip
2023-05-12 16:27:23,207 [INFO] FileExtend:255 - Standard Zip Deflate
2023-05-12 16:27:24,258 [INFO] LoadUrlFilesThread:156 - End of LoadUrlFiles Thread
2023-05-12 16:27:25,556 [INFO] ServerAccessManage:473 - Download File crdb.zip
2023-05-12 16:27:25,907 [WARN] MainUpdater:1187 - Updater busy. Cannot search thirdparties
2023-05-12 16:27:25,907 [INFO] ThirdPartyUpdaterWithRetryManager:96 - Updater plugin is busy. [6/15]
2023-05-12 16:27:28,911 [WARN] MainUpdater:1187 - Updater busy. Cannot search thirdparties
2023-05-12 16:27:28,911 [INFO] ThirdPartyUpdaterWithRetryManager:96 - Updater plugin is busy. [7/15]
2023-05-12 16:27:29,052 [INFO] FileExtend:240 - Unzip File : crdb.zip
2023-05-12 16:27:29,052 [INFO] FileExtend:255 - Standard Zip Deflate
2023-05-12 16:27:29,210 [INFO] LoadUrlFilesThread:156 - End of LoadUrlFiles Thread
2023-05-12 16:27:29,351 [INFO] ServerAccessManage:473 - Download File tutoVideoDB.zip
2023-05-12 16:27:29,385 [INFO] FileExtend:240 - Unzip File : tutoVideoDB.zip
2023-05-12 16:27:29,385 [INFO] FileExtend:255 - Standard Zip Deflate
2023-05-12 16:27:29,539 [INFO] LoadUrlFilesThread:156 - End of LoadUrlFiles Thread
2023-05-12 16:27:29,544 [WARN] DbFile:41 - Overriding database path with different value: C:\Users\DELL\.stmcufinder\plugins\mcufinder/ => C:\Users\DELL\.stmcufinder\plugins\mcufinder
2023-05-12 16:27:30,236 [INFO] ServerAccessManage:473 - Download File api_config.json
2023-05-12 16:27:30,371 [INFO] LoadUrlFilesThread:156 - End of LoadUrlFiles Thread
2023-05-12 16:27:30,372 [INFO] DbMcusAds:53 - JSON generation date=Tue Mar 07 14:20:54 IST 2023 (1678179054945)
2023-05-12 16:27:30,410 [INFO] LoadUrlFilesThread:185 - End of LoadServerUrlFiles without Thread
2023-05-12 16:27:30,410 [INFO] TargetSelectorAdapter:259 - Refresh data is successful
2023-05-12 16:27:30,615 [INFO] ApiDb:581 - Connected to CubeFinder SQLite database (C:\Users\DELL\.stmcufinder\plugins\mcufinder\mcu\cube-finder-db.db)
2023-05-12 16:27:30,693 [INFO] ApiDb:668 - CubeFinder database Data Model version=2.1
2023-05-12 16:27:30,693 [INFO] ApiDb:669 - CubeFinder database Configuration version=3.0.35
2023-05-12 16:27:30,693 [INFO] ApiDb:670 - CubeFinder database generation date=2023-04-03 (1680511692)
2023-05-12 16:27:30,693 [INFO] ApiDb:671 - CubeFinder database FW Pack versions=[FP-ATR-ASTRA1_V2.0.0, STM32Cube_FW_C0_V1.0.1, STM32Cube_FW_F0_V1.11.4, STM32Cube_FW_F3_V1.11.4, STM32Cube_FW_F4_V1.27.1, STM32Cube_FW_F7_V1.17.0, STM32Cube_FW_G0_V1.6.1, STM32Cube_FW_G4_V1.5.1, STM32Cube_FW_H5_V0.5.1, STM32Cube_FW_H5_V1.0.0, STM32Cube_FW_H7_V1.11.0, STM32Cube_FW_L0_V1.12.2, STM32Cube_FW_L5_V1.5.0, STM32Cube_FW_U5_V1.2.0, STM32Cube_FW_WBA_V1.0.0, STM32Cube_FW_WBA_V1.0.0RC1, STM32Cube_FW_WBA_V1.0.0RC3, STM32Cube_FW_WB_V1.15.0RC1, STM32Cube_FW_WB_V1.16.0, STM32Cube_FW_WB_V1.16.0RC2, STM32Cube_FW_WL_V1.3.0, X-CUBE-ALGOBUILD_V1.3.0, X-CUBE-ALS_V1.0.1, X-CUBE-AZRTOS-F4_V1.1.0, X-CUBE-AZRTOS-F7_V1.1.0, X-CUBE-AZRTOS-G0_V1.1.0, X-CUBE-AZRTOS-G4_V1.0.0, X-CUBE-AZRTOS-H7_V3.0.0, X-CUBE-AZRTOS-L4_V1.0.0, X-CUBE-AZRTOS-L5_V1.1.0, X-CUBE-AZRTOS-WB_V1.1.0, X-CUBE-AZRTOS-WL_V1.0.0, X-CUBE-BLE1_V6.2.4, X-CUBE-BLE2_V3.3.0, X-CUBE-BLEMGR_V1.3.0, X-CUBE-EEPRMA1_V4.1.0, X-CUBE-FREERTOS_V1.0.1, X-CUBE-GNSS1_V6.0.0, X-CUBE-MEMS1_V9.1.0, X-CUBE-MEMS1_V9.4.0, X-CUBE-MEMS1_V9.5.0, X-CUBE-NFC4_V3.0.0, X-CUBE-NFC7_V1.0.0, X-CUBE-SFXS2LP1_V4.0.0, X-CUBE-SUBG2_V5.0.0]
2023-05-12 16:27:32,251 [WARN] PackLoader:240 - Cannot read IP mode file for STMicroelectronics.X-CUBE-GNSS1.6.0.0
2023-05-12 16:27:32,346 [WARN] PackLoader:240 - Cannot read IP mode file for STMicroelectronics.X-CUBE-AZRTOS-F4.1.1.0
2023-05-12 16:27:32,377 [WARN] PackLoader:240 - Cannot read IP mode file for STMicroelectronics.X-CUBE-SMBUS.2.1.0
2023-05-12 16:27:32,393 [WARN] PackLoader:240 - Cannot read IP mode file for wolfSSL.I-CUBE-wolfSSL.5.6.0
2023-05-12 16:27:32,461 [WARN] PackLoader:240 - Cannot read IP mode file for STMicroelectronics.X-CUBE-AZRTOS-F7.1.1.0
2023-05-12 16:27:32,626 [WARN] PackLoader:240 - Cannot read IP mode file for STMicroelectronics.X-CUBE-MEMS1.9.6.0
2023-05-12 16:27:33,041 [ERROR] RealEvaluatedCondition:428 - Found unsupported composite condition: CLASS='Data Exchange' GROUP='STM32_MetaDataManager'
2023-05-12 16:27:33,041 [ERROR] RealEvaluatedCondition:428 - Found unsupported composite condition: GROUP='STM32_MetaDataManager' CLASS='Data Exchange'
2023-05-12 16:27:33,041 [WARN] PackLoader:240 - Cannot read IP mode file for STMicroelectronics.FP-SNS-MOTENV1.4.3.0
2023-05-12 16:27:33,085 [WARN] PackLoader:240 - Cannot read IP mode file for STMicroelectronics.FP-SNS-FLIGHT1.5.0.0
2023-05-12 16:27:33,101 [WARN] PackLoader:240 - Cannot read IP mode file for STMicroelectronics.X-CUBE-BLE1.6.2.4
2023-05-12 16:27:33,133 [WARN] PackLoader:240 - Cannot read IP mode file for emotas.I-CUBE-CANOPEN.1.1.3
2023-05-12 16:27:33,170 [WARN] PackLoader:240 - Cannot read IP mode file for STMicroelectronics.X-CUBE-BLEMGR.2.0.0
2023-05-12 16:27:33,243 [WARN] ConditionMgr:438 - getConditionDescription Invalid condition id : UX DEVICE CLASS RTOS Condition cause : null
2023-05-12 16:27:33,243 [WARN] ConditionMgr:438 - getConditionDescription Invalid condition id : UX DEVICE CLASS RTOS Condition cause : null
2023-05-12 16:27:33,274 [WARN] PackLoader:240 - Cannot read IP mode file for STMicroelectronics.X-CUBE-AZRTOS-H7.3.1.0
2023-05-12 16:27:33,274 [WARN] ConditionMgr:1039 - genDependencies : Invalid condition id : UX DEVICE CLASS RTOS Condition cause : null
2023-05-12 16:27:33,274 [WARN] ConditionMgr:1039 - genDependencies : Invalid condition id : UX DEVICE CLASS RTOS Condition cause : null
2023-05-12 16:27:33,274 [WARN] ConditionMgr:1039 - genDependencies : Invalid condition id : UX DEVICE CLASS RTOS Condition cause : null
2023-05-12 16:27:33,274 [WARN] ConditionMgr:1039 - genDependencies : Invalid condition id : UX DEVICE CLASS RTOS Condition cause : null
2023-05-12 16:27:33,290 [WARN] ConditionMgr:1039 - genDependencies : Invalid condition id : UX DEVICE CLASS RTOS Condition cause : null
2023-05-12 16:27:33,321 [WARN] PackLoader:240 - Cannot read IP mode file for STMicroelectronics.X-CUBE-DISPLAY.3.0.0
2023-05-12 16:27:33,353 [WARN] PackLoader:240 - Cannot read IP mode file for STMicroelectronics.X-CUBE-NFC7.1.0.0
2023-05-12 16:27:33,384 [WARN] PackLoader:240 - Cannot read IP mode file for STMicroelectronics.X-CUBE-EEPRMA1.4.1.0
2023-05-12 16:27:33,416 [WARN] PackLoader:240 - Cannot read IP mode file for WES.I-CUBE-Cesium.1.3.0
2023-05-12 16:27:33,450 [WARN] PackLoader:240 - Cannot read IP mode file for STMicroelectronics.X-CUBE-SFXS2LP1.4.0.0
2023-05-12 16:27:33,468 [WARN] PackLoader:240 - Cannot read IP mode file for STMicroelectronics.X-CUBE-BLE2.3.3.0
2023-05-12 16:27:33,494 [WARN] PackLoader:240 - Cannot read IP mode file for STMicroelectronics.X-CUBE-ISPU.1.1.0
2023-05-12 16:27:33,510 [WARN] PackLoader:240 - Cannot read IP mode file for STMicroelectronics.X-CUBE-AI.8.0.0
2023-05-12 16:27:33,541 [WARN] PackLoader:240 - Cannot read IP mode file for STMicroelectronics.X-CUBE-FREERTOS.1.0.1
2023-05-12 16:27:33,575 [WARN] PackLoader:240 - Cannot read IP mode file for STMicroelectronics.X-CUBE-TOUCHGFX.4.21.3
2023-05-12 16:27:33,604 [WARN] PackLoader:240 - Cannot read IP mode file for STMicroelectronics.X-CUBE-ALGOBUILD.1.3.0
2023-05-12 16:27:33,635 [WARN] PackLoader:240 - Cannot read IP mode file for STMicroelectronics.X-CUBE-AZRTOS-L5.1.1.0
2023-05-12 16:27:33,699 [WARN] PackLoader:240 - Cannot read IP mode file for STMicroelectronics.X-CUBE-AZRTOS-G0.1.1.0
2023-05-12 16:27:33,730 [WARN] PackLoader:240 - Cannot read IP mode file for STMicroelectronics.X-CUBE-SUBG2.5.0.0
2023-05-12 16:27:33,761 [WARN] PackLoader:240 - Cannot read IP mode file for STMicroelectronics.X-CUBE-NFC4.3.0.0
2023-05-12 16:27:33,808 [WARN] PackLoader:240 - Cannot read IP mode file for STMicroelectronics.X-CUBE-AZRTOS-G4.2.0.0
2023-05-12 16:27:33,840 [WARN] PackLoader:240 - Cannot read IP mode file for STMicroelectronics.X-CUBE-TOF1.3.3.0
2023-05-12 16:27:33,887 [WARN] PackLoader:240 - Cannot read IP mode file for STMicroelectronics.FP-ATR-SIGFOX1.3.2.0
2023-05-12 16:27:33,966 [WARN] PackLoader:240 - Cannot read IP mode file for STMicroelectronics.X-CUBE-AZRTOS-L4.1.0.0
2023-05-12 16:27:34,012 [WARN] PackLoader:240 - Cannot read IP mode file for STMicroelectronics.X-CUBE-AZRTOS-WL.1.0.0
2023-05-12 16:27:34,044 [WARN] PackLoader:240 - Cannot read IP mode file for STMicroelectronics.X-CUBE-ALS.1.0.1
2023-05-12 16:27:34,075 [WARN] PackLoader:240 - Cannot read IP mode file for STMicroelectronics.X-CUBE-AZRTOS-WB.1.1.0
2023-05-12 16:27:34,139 [INFO] ApiDb:240 - Found 297 in-development CPN: [B-G473E-ZEST1S, B-WB1M-WPAN1, B-WL5M-SUBG1, NUCLEO-C031C6, NUCLEO-H503RB, NUCLEO-H563ZI, NUCLEO-U545RE-Q, NUCLEO-U5A5ZJ-Q, NUCLEO-WBA52CG, STEVAL-PROTEUS1, STEVAL-STWINBX1, STM320518-EVAL, STM32C0116-DK, STM32C011D6Y3TR, STM32C011D6Y6TR, STM32C011F4P3, STM32C011F4P6, STM32C011F4U3, STM32C011F4U6TR, STM32C011F6P3, STM32C011F6P6, STM32C011F6U3, STM32C011F6U6TR, STM32C011J4M3, STM32C011J4M6, STM32C011J6M3, STM32C011J6M6, STM32C0316-DK, STM32C031C4T3, STM32C031C4T6, STM32C031C4U3, STM32C031C4U6, STM32C031C6T3, STM32C031C6T6, STM32C031C6U3, STM32C031C6U6, STM32C031F4P3, STM32C031F4P6, STM32C031F6P3, STM32C031F6P6, STM32C031G4U3, STM32C031G4U6, STM32C031G6U3, STM32C031G6U6, STM32C031K4T3, STM32C031K4T6, STM32C031K4U3, STM32C031K4U6, STM32C031K6T3, STM32C031K6T6, STM32C031K6U3, STM32C031K6U6, STM32G071K8TXN, STM32G071K8UXN, STM32G081GBU6N, STM32G081KBT6N, STM32G081KBUXN, STM32G0B1CCT6N, STM32G0B1KCT6, STM32G0B1NEY6TR, STM32G0B1RCT6N, STM32G0C1CCT6, STM32G0C1CCT6N, STM32G0C1CCU6N, STM32G0C1CET6N, STM32G0C1CEU6N, STM32G0C1KCT6, STM32G0C1NEY6TR, STM32G0C1RCI6N, STM32G0C1RCT6N, STM32G0C1REI6N, STM32G0C1RET6N, STM32G0C1VCI6, STM32G0C1VEI6, STM32G471CCT6, STM32G471CCU6, STM32G471CET3, STM32G471CET6, STM32G471CEU3, STM32G471CEU6, STM32G471MCT6, STM32G471MET3, STM32G471MET6, STM32G471MEY6TR, STM32G471QCT6, STM32G471QET3, STM32G471RCT6, STM32G471RET3, STM32G471RET6, STM32G471VCH6, STM32G471VCI6, STM32G471VCT6, STM32G471VEH3, STM32G471VEH6, STM32G471VEI3, STM32G471VEI6, STM32G471VET3, STM32G471VET6, STM32G474CCT6, STM32H503CBT6, STM32H503CBU6, STM32H503EBY6TR, STM32H503KBU6, STM32H503RBT6, STM32H562AGI6, STM32H562AII6, STM32H562IGK6, STM32H562IGT6, STM32H562IIK6, STM32H562IIT6, STM32H562RGT6, STM32H562RGV6, STM32H562RIT6, STM32H562RIV6, STM32H562VGT6, STM32H562VIT6, STM32H562ZGT6, STM32H562ZIT6, STM32H563AGI6, STM32H563AII3Q, STM32H563AII6, STM32H563IGK6, STM32H563IGT6, STM32H563IIK3Q, STM32H563IIK6, STM32H563IIT3Q, STM32H563IIT6, STM32H563MIY3QTR, STM32H563RGT6, STM32H563RGV6, STM32H563RIT6, STM32H563RIV6, STM32H563VGT6, STM32H563VIT3Q, STM32H563VIT6, STM32H563ZGT6, STM32H563ZIT3Q, STM32H563ZIT6, STM32H573AII3Q, STM32H573AII6, STM32H573I-DK, STM32H573IIK3Q, STM32H573IIK6, STM32H573IIT3Q, STM32H573IIT6, STM32H573MIY3QTR, STM32H573RIT6, STM32H573RIV6, STM32H573VIT3Q, STM32H573VIT6, STM32H573ZIT3Q, STM32H573ZIT6, STM32L4R5QGI6STR, STM32MP131AAE3, STM32MP131AAF3, STM32MP131AAG3, STM32MP131CAE3, STM32MP131CAF3, STM32MP131CAG3, STM32MP131DAE7, STM32MP131DAF7, STM32MP131DAG7, STM32MP131FAE7, STM32MP131FAF7, STM32MP131FAG7, STM32MP133AAE3, STM32MP133AAF3, STM32MP133AAG3, STM32MP133CAE3, STM32MP133CAF3, STM32MP133CAG3, STM32MP133DAE7, STM32MP133DAF7, STM32MP133DAG7, STM32MP133FAE7, STM32MP133FAF7, STM32MP133FAG7, STM32MP135AAE3, STM32MP135AAF3, STM32MP135AAG3, STM32MP135CAE3, STM32MP135CAF3, STM32MP135CAG3, STM32MP135DAE7, STM32MP135DAF7, STM32MP135DAG7, STM32MP135F-DK, STM32MP135FAE7, STM32MP135FAF7, STM32MP135FAF7T, STM32MP135FAF7U, STM32MP135FAG7, STM32U535CBT6, STM32U535CBT6Q, STM32U535CBU6, STM32U535CBU6Q, STM32U535CCT6, STM32U535CCT6Q, STM32U535CCU6, STM32U535CCU6Q, STM32U535CET6, STM32U535CET6Q, STM32U535CEU6, STM32U535CEU6Q, STM32U535JEY6QTR, STM32U535NCY6QTR, STM32U535NEY6QTR, STM32U535RBI6, STM32U535RBI6Q, STM32U535RBT6, STM32U535RBT6Q, STM32U535RCI6, STM32U535RCI6Q, STM32U535RCT6, STM32U535RCT6Q, STM32U535REI6, STM32U535REI6Q, STM32U535RET6, STM32U535RET6Q, STM32U535VCI6, STM32U535VCI6Q, STM32U535VCT6, STM32U535VCT6Q, STM32U535VEI6, STM32U535VEI6Q, STM32U535VET6, STM32U535VET6Q, STM32U545CET6, STM32U545CET6Q, STM32U545CEU6, STM32U545CEU6Q, STM32U545JEY6QTR, STM32U545NEY6QTR, STM32U545REI6, STM32U545REI6Q, STM32U545RET6, STM32U545RET6Q, STM32U545VEI6, STM32U545VEI6Q, STM32U545VET6, STM32U545VET6Q, STM32U595AIH6, STM32U595AIH6Q, STM32U595AJH6, STM32U595AJH6Q, STM32U595QII6, STM32U595QII6Q, STM32U595QJI6, STM32U595QJI6Q, STM32U595RIT6, STM32U595RIT6Q, STM32U595RJT6, STM32U595RJT6Q, STM32U595VIT6, STM32U595VIT6Q, STM32U595VJT6, STM32U595VJT6Q, STM32U595ZIT6, STM32U595ZIT6Q, STM32U595ZIY6QTR, STM32U595ZJT6, STM32U595ZJT6Q, STM32U595ZJY6QTR, STM32U599BJY6QTR, STM32U599NIH6Q, STM32U599NJH6Q, STM32U599VIT6Q, STM32U599VJT6, STM32U599VJT6Q, STM32U599ZIT6Q, STM32U599ZIY6QTR, STM32U599ZJT6Q, STM32U599ZJY6QTR, STM32U5A5AJH6, STM32U5A5AJH6Q, STM32U5A5QJI6, STM32U5A5QJI6Q, STM32U5A5RJT6, STM32U5A5RJT6Q, STM32U5A5VJT6, STM32U5A5VJT6Q, STM32U5A5ZJT6, STM32U5A5ZJT6Q, STM32U5A5ZJY6QTR, STM32U5A9BJY6QTR, STM32U5A9J-DK, STM32U5A9NJH6Q, STM32U5A9VJT6Q, STM32U5A9ZJT6Q, STM32U5A9ZJY6QTR, STM32WB1MMCH6, STM32WBA52CEU6, STM32WBA52CEU6T, STM32WBA52CGU6, STM32WBA52CGU6T, STM32WL5MOCH6, STM32WL5MOCH6TR]
2023-05-12 16:27:34,139 [WARN] PackLoader:240 - Cannot read IP mode file for SEGGER.I-CUBE-embOS.1.3.1
2023-05-12 16:27:34,154 [INFO] DbMcus:216 - Found 3775 MCUs, 3775 are supported
2023-05-12 16:27:34,183 [INFO] ApiDb:423 - Load user favorites file C:\Users\DELL/.stm32cubeide/favorites.mcus.txt: 1 item(s)
2023-05-12 16:27:34,186 [INFO] ApiDb:427 - User favorites MCUs=[STM32F411RET6]
2023-05-12 16:27:34,186 [INFO] DbMcus:222 - Set 1 / 1 favorites MCUs
2023-05-12 16:27:34,249 [WARN] PackLoader:240 - Cannot read IP mode file for STMicroelectronics.FP-ATR-ASTRA1.2.0.0
2023-05-12 16:27:34,249 [INFO] ThirdParty:978 - Integrity check success = true
2023-05-12 16:27:34,249 [INFO] IntegrityCheckThread:100 - exiting critical section [integrity check]
2023-05-12 16:27:34,249 [INFO] IntegrityCheckThread:103 - End integrity checks thread
2023-05-12 16:27:35,068 [INFO] ApiDb:668 - CubeFinder database Data Model version=2.1
2023-05-12 16:27:35,068 [INFO] ApiDb:669 - CubeFinder database Configuration version=3.0.35
2023-05-12 16:27:35,068 [INFO] ApiDb:670 - CubeFinder database generation date=2023-04-03 (1680511692)
2023-05-12 16:27:35,068 [INFO] ApiDb:671 - CubeFinder database FW Pack versions=[FP-ATR-ASTRA1_V2.0.0, STM32Cube_FW_C0_V1.0.1, STM32Cube_FW_F0_V1.11.4, STM32Cube_FW_F3_V1.11.4, STM32Cube_FW_F4_V1.27.1, STM32Cube_FW_F7_V1.17.0, STM32Cube_FW_G0_V1.6.1, STM32Cube_FW_G4_V1.5.1, STM32Cube_FW_H5_V0.5.1, STM32Cube_FW_H5_V1.0.0, STM32Cube_FW_H7_V1.11.0, STM32Cube_FW_L0_V1.12.2, STM32Cube_FW_L5_V1.5.0, STM32Cube_FW_U5_V1.2.0, STM32Cube_FW_WBA_V1.0.0, STM32Cube_FW_WBA_V1.0.0RC1, STM32Cube_FW_WBA_V1.0.0RC3, STM32Cube_FW_WB_V1.15.0RC1, STM32Cube_FW_WB_V1.16.0, STM32Cube_FW_WB_V1.16.0RC2, STM32Cube_FW_WL_V1.3.0, X-CUBE-ALGOBUILD_V1.3.0, X-CUBE-ALS_V1.0.1, X-CUBE-AZRTOS-F4_V1.1.0, X-CUBE-AZRTOS-F7_V1.1.0, X-CUBE-AZRTOS-G0_V1.1.0, X-CUBE-AZRTOS-G4_V1.0.0, X-CUBE-AZRTOS-H7_V3.0.0, X-CUBE-AZRTOS-L4_V1.0.0, X-CUBE-AZRTOS-L5_V1.1.0, X-CUBE-AZRTOS-WB_V1.1.0, X-CUBE-AZRTOS-WL_V1.0.0, X-CUBE-BLE1_V6.2.4, X-CUBE-BLE2_V3.3.0, X-CUBE-BLEMGR_V1.3.0, X-CUBE-EEPRMA1_V4.1.0, X-CUBE-FREERTOS_V1.0.1, X-CUBE-GNSS1_V6.0.0, X-CUBE-MEMS1_V9.1.0, X-CUBE-MEMS1_V9.4.0, X-CUBE-MEMS1_V9.5.0, X-CUBE-NFC4_V3.0.0, X-CUBE-NFC7_V1.0.0, X-CUBE-SFXS2LP1_V4.0.0, X-CUBE-SUBG2_V5.0.0]
2023-05-12 16:27:35,131 [INFO] DbBoardsSqlite:226 - include board P-NUCLEO-WB55-NUCLEO as a kit item of type 'Nucleo-64'
2023-05-12 16:27:35,131 [INFO] DbBoardsSqlite:226 - include board P-NUCLEO-WB55-USBDONGLE as a kit item of type 'Nucleo USB Dongle'
2023-05-12 16:27:35,131 [INFO] DbBoardsSqlite:226 - include board STEVAL-IDP005V1 as a kit item of type 'Evaluation Board'
2023-05-12 16:27:35,131 [INFO] DbBoardsSqlite:226 - include board STEVAL-IDP005V2 as a kit item of type 'Evaluation Board'
2023-05-12 16:27:35,198 [INFO] ApiDb:240 - Found 297 in-development CPN: [B-G473E-ZEST1S, B-WB1M-WPAN1, B-WL5M-SUBG1, NUCLEO-C031C6, NUCLEO-H503RB, NUCLEO-H563ZI, NUCLEO-U545RE-Q, NUCLEO-U5A5ZJ-Q, NUCLEO-WBA52CG, STEVAL-PROTEUS1, STEVAL-STWINBX1, STM320518-EVAL, STM32C0116-DK, STM32C011D6Y3TR, STM32C011D6Y6TR, STM32C011F4P3, STM32C011F4P6, STM32C011F4U3, STM32C011F4U6TR, STM32C011F6P3, STM32C011F6P6, STM32C011F6U3, STM32C011F6U6TR, STM32C011J4M3, STM32C011J4M6, STM32C011J6M3, STM32C011J6M6, STM32C0316-DK, STM32C031C4T3, STM32C031C4T6, STM32C031C4U3, STM32C031C4U6, STM32C031C6T3, STM32C031C6T6, STM32C031C6U3, STM32C031C6U6, STM32C031F4P3, STM32C031F4P6, STM32C031F6P3, STM32C031F6P6, STM32C031G4U3, STM32C031G4U6, STM32C031G6U3, STM32C031G6U6, STM32C031K4T3, STM32C031K4T6, STM32C031K4U3, STM32C031K4U6, STM32C031K6T3, STM32C031K6T6, STM32C031K6U3, STM32C031K6U6, STM32G071K8TXN, STM32G071K8UXN, STM32G081GBU6N, STM32G081KBT6N, STM32G081KBUXN, STM32G0B1CCT6N, STM32G0B1KCT6, STM32G0B1NEY6TR, STM32G0B1RCT6N, STM32G0C1CCT6, STM32G0C1CCT6N, STM32G0C1CCU6N, STM32G0C1CET6N, STM32G0C1CEU6N, STM32G0C1KCT6, STM32G0C1NEY6TR, STM32G0C1RCI6N, STM32G0C1RCT6N, STM32G0C1REI6N, STM32G0C1RET6N, STM32G0C1VCI6, STM32G0C1VEI6, STM32G471CCT6, STM32G471CCU6, STM32G471CET3, STM32G471CET6, STM32G471CEU3, STM32G471CEU6, STM32G471MCT6, STM32G471MET3, STM32G471MET6, STM32G471MEY6TR, STM32G471QCT6, STM32G471QET3, STM32G471RCT6, STM32G471RET3, STM32G471RET6, STM32G471VCH6, STM32G471VCI6, STM32G471VCT6, STM32G471VEH3, STM32G471VEH6, STM32G471VEI3, STM32G471VEI6, STM32G471VET3, STM32G471VET6, STM32G474CCT6, STM32H503CBT6, STM32H503CBU6, STM32H503EBY6TR, STM32H503KBU6, STM32H503RBT6, STM32H562AGI6, STM32H562AII6, STM32H562IGK6, STM32H562IGT6, STM32H562IIK6, STM32H562IIT6, STM32H562RGT6, STM32H562RGV6, STM32H562RIT6, STM32H562RIV6, STM32H562VGT6, STM32H562VIT6, STM32H562ZGT6, STM32H562ZIT6, STM32H563AGI6, STM32H563AII3Q, STM32H563AII6, STM32H563IGK6, STM32H563IGT6, STM32H563IIK3Q, STM32H563IIK6, STM32H563IIT3Q, STM32H563IIT6, STM32H563MIY3QTR, STM32H563RGT6, STM32H563RGV6, STM32H563RIT6, STM32H563RIV6, STM32H563VGT6, STM32H563VIT3Q, STM32H563VIT6, STM32H563ZGT6, STM32H563ZIT3Q, STM32H563ZIT6, STM32H573AII3Q, STM32H573AII6, STM32H573I-DK, STM32H573IIK3Q, STM32H573IIK6, STM32H573IIT3Q, STM32H573IIT6, STM32H573MIY3QTR, STM32H573RIT6, STM32H573RIV6, STM32H573VIT3Q, STM32H573VIT6, STM32H573ZIT3Q, STM32H573ZIT6, STM32L4R5QGI6STR, STM32MP131AAE3, STM32MP131AAF3, STM32MP131AAG3, STM32MP131CAE3, STM32MP131CAF3, STM32MP131CAG3, STM32MP131DAE7, STM32MP131DAF7, STM32MP131DAG7, STM32MP131FAE7, STM32MP131FAF7, STM32MP131FAG7, STM32MP133AAE3, STM32MP133AAF3, STM32MP133AAG3, STM32MP133CAE3, STM32MP133CAF3, STM32MP133CAG3, STM32MP133DAE7, STM32MP133DAF7, STM32MP133DAG7, STM32MP133FAE7, STM32MP133FAF7, STM32MP133FAG7, STM32MP135AAE3, STM32MP135AAF3, STM32MP135AAG3, STM32MP135CAE3, STM32MP135CAF3, STM32MP135CAG3, STM32MP135DAE7, STM32MP135DAF7, STM32MP135DAG7, STM32MP135F-DK, STM32MP135FAE7, STM32MP135FAF7, STM32MP135FAF7T, STM32MP135FAF7U, STM32MP135FAG7, STM32U535CBT6, STM32U535CBT6Q, STM32U535CBU6, STM32U535CBU6Q, STM32U535CCT6, STM32U535CCT6Q, STM32U535CCU6, STM32U535CCU6Q, STM32U535CET6, STM32U535CET6Q, STM32U535CEU6, STM32U535CEU6Q, STM32U535JEY6QTR, STM32U535NCY6QTR, STM32U535NEY6QTR, STM32U535RBI6, STM32U535RBI6Q, STM32U535RBT6, STM32U535RBT6Q, STM32U535RCI6, STM32U535RCI6Q, STM32U535RCT6, STM32U535RCT6Q, STM32U535REI6, STM32U535REI6Q, STM32U535RET6, STM32U535RET6Q, STM32U535VCI6, STM32U535VCI6Q, STM32U535VCT6, STM32U535VCT6Q, STM32U535VEI6, STM32U535VEI6Q, STM32U535VET6, STM32U535VET6Q, STM32U545CET6, STM32U545CET6Q, STM32U545CEU6, STM32U545CEU6Q, STM32U545JEY6QTR, STM32U545NEY6QTR, STM32U545REI6, STM32U545REI6Q, STM32U545RET6, STM32U545RET6Q, STM32U545VEI6, STM32U545VEI6Q, STM32U545VET6, STM32U545VET6Q, STM32U595AIH6, STM32U595AIH6Q, STM32U595AJH6, STM32U595AJH6Q, STM32U595QII6, STM32U595QII6Q, STM32U595QJI6, STM32U595QJI6Q, STM32U595RIT6, STM32U595RIT6Q, STM32U595RJT6, STM32U595RJT6Q, STM32U595VIT6, STM32U595VIT6Q, STM32U595VJT6, STM32U595VJT6Q, STM32U595ZIT6, STM32U595ZIT6Q, STM32U595ZIY6QTR, STM32U595ZJT6, STM32U595ZJT6Q, STM32U595ZJY6QTR, STM32U599BJY6QTR, STM32U599NIH6Q, STM32U599NJH6Q, STM32U599VIT6Q, STM32U599VJT6, STM32U599VJT6Q, STM32U599ZIT6Q, STM32U599ZIY6QTR, STM32U599ZJT6Q, STM32U599ZJY6QTR, STM32U5A5AJH6, STM32U5A5AJH6Q, STM32U5A5QJI6, STM32U5A5QJI6Q, STM32U5A5RJT6, STM32U5A5RJT6Q, STM32U5A5VJT6, STM32U5A5VJT6Q, STM32U5A5ZJT6, STM32U5A5ZJT6Q, STM32U5A5ZJY6QTR, STM32U5A9BJY6QTR, STM32U5A9J-DK, STM32U5A9NJH6Q, STM32U5A9VJT6Q, STM32U5A9ZJT6Q, STM32U5A9ZJY6QTR, STM32WB1MMCH6, STM32WBA52CEU6, STM32WBA52CEU6T, STM32WBA52CGU6, STM32WBA52CGU6T, STM32WL5MOCH6, STM32WL5MOCH6TR]
2023-05-12 16:27:35,492 [INFO] BoardInfo:880 - No configuration file found for board P-NUCLEO-WB55
2023-05-12 16:27:35,492 [INFO] DbBoards:157 - Kit is not supported: P-NUCLEO-WB55
2023-05-12 16:27:35,492 [INFO] BoardInfo:880 - No configuration file found for board STEVAL-BFA001V1B
2023-05-12 16:27:35,492 [INFO] DbBoards:157 - Kit is not supported: STEVAL-BFA001V1B
2023-05-12 16:27:35,492 [INFO] BoardInfo:880 - No configuration file found for board STEVAL-BFA001V2B
2023-05-12 16:27:35,492 [INFO] DbBoards:157 - Kit is not supported: STEVAL-BFA001V2B
2023-05-12 16:27:35,633 [INFO] DbBoards:161 - Found 187 boards, 184 are supported
2023-05-12 16:27:35,633 [INFO] ApiDb:423 - Load user favorites file C:\Users\DELL/.stm32cubeide/favorites.boards.txt: 0 item(s)
2023-05-12 16:27:35,633 [INFO] ApiDb:427 - User favorites Boards=[]
2023-05-12 16:27:35,633 [INFO] DbBoards:190 - Set 0 / 0 favorites Boards
2023-05-12 16:27:35,633 [INFO] ApiDb:668 - CubeFinder database Data Model version=2.1
2023-05-12 16:27:35,633 [INFO] ApiDb:669 - CubeFinder database Configuration version=3.0.35
2023-05-12 16:27:35,633 [INFO] ApiDb:670 - CubeFinder database generation date=2023-04-03 (1680511692)
2023-05-12 16:27:35,633 [INFO] ApiDb:671 - CubeFinder database FW Pack versions=[FP-ATR-ASTRA1_V2.0.0, STM32Cube_FW_C0_V1.0.1, STM32Cube_FW_F0_V1.11.4, STM32Cube_FW_F3_V1.11.4, STM32Cube_FW_F4_V1.27.1, STM32Cube_FW_F7_V1.17.0, STM32Cube_FW_G0_V1.6.1, STM32Cube_FW_G4_V1.5.1, STM32Cube_FW_H5_V0.5.1, STM32Cube_FW_H5_V1.0.0, STM32Cube_FW_H7_V1.11.0, STM32Cube_FW_L0_V1.12.2, STM32Cube_FW_L5_V1.5.0, STM32Cube_FW_U5_V1.2.0, STM32Cube_FW_WBA_V1.0.0, STM32Cube_FW_WBA_V1.0.0RC1, STM32Cube_FW_WBA_V1.0.0RC3, STM32Cube_FW_WB_V1.15.0RC1, STM32Cube_FW_WB_V1.16.0, STM32Cube_FW_WB_V1.16.0RC2, STM32Cube_FW_WL_V1.3.0, X-CUBE-ALGOBUILD_V1.3.0, X-CUBE-ALS_V1.0.1, X-CUBE-AZRTOS-F4_V1.1.0, X-CUBE-AZRTOS-F7_V1.1.0, X-CUBE-AZRTOS-G0_V1.1.0, X-CUBE-AZRTOS-G4_V1.0.0, X-CUBE-AZRTOS-H7_V3.0.0, X-CUBE-AZRTOS-L4_V1.0.0, X-CUBE-AZRTOS-L5_V1.1.0, X-CUBE-AZRTOS-WB_V1.1.0, X-CUBE-AZRTOS-WL_V1.0.0, X-CUBE-BLE1_V6.2.4, X-CUBE-BLE2_V3.3.0, X-CUBE-BLEMGR_V1.3.0, X-CUBE-EEPRMA1_V4.1.0, X-CUBE-FREERTOS_V1.0.1, X-CUBE-GNSS1_V6.0.0, X-CUBE-MEMS1_V9.1.0, X-CUBE-MEMS1_V9.4.0, X-CUBE-MEMS1_V9.5.0, X-CUBE-NFC4_V3.0.0, X-CUBE-NFC7_V1.0.0, X-CUBE-SFXS2LP1_V4.0.0, X-CUBE-SUBG2_V5.0.0]
2023-05-12 16:27:36,676 [INFO] DbExamplesSqlite:376 - Ignored 46 examples not supported by CubeIDE
2023-05-12 16:27:36,676 [INFO] DbExamplesSqlite:377 - Found 7336 examples active
2023-05-12 16:27:36,676 [INFO] DbExamplesSqlite:378 - Found 1095 examples obsolete
2023-05-12 16:27:36,676 [INFO] DbExamplesSqlite:379 - Found 0 examples under development
2023-05-12 16:27:36,676 [INFO] DbExamplesSqlite:380 - Found 77 examples not building
2023-05-12 16:27:36,691 [INFO] DbExamples:125 - Found 7367 examples
2023-05-12 16:27:36,709 [INFO] DbExamples:222 - Found 92 boards with related examples
2023-05-12 16:27:36,709 [INFO] DbExamples:235 - Found 78 MCUs with related examples
2023-05-12 16:27:36,739 [INFO] ApiDb:414 - User favorites file not found: C:\Users\DELL/.stm32cubeide/favorites.examples.txt
2023-05-12 16:27:36,739 [INFO] DbExamples:250 - Set 0 / 0 favorites Examples
2023-05-12 16:27:41,284 [INFO] McuFinderGlobals:66 - Set McuFinderConnectedMode to true
2023-05-12 16:27:41,284 [INFO] MainUpdater:2854 - connection check result : 10
2023-05-12 16:27:41,345 [INFO] MultiScanPanel:200 - Auto-refresh data requested => check proxy status ongoing
2023-05-12 16:27:41,369 [INFO] FinderPluginLoader:95 - Searching for filters in installed packs
2023-05-12 16:27:43,895 [INFO] LoadUrlFilesThread:185 - End of LoadServerUrlFiles without Thread
2023-05-12 16:27:43,911 [INFO] DetailPanel:341 - Set advertising image to C:/Users/DELL/STM32Cube/Repository/\en.prom-stm32h5-mcu-finder.jpg
2023-05-12 16:27:46,172 [INFO] McuFinderGlobals:66 - Set McuFinderConnectedMode to true
2023-05-12 16:27:46,172 [INFO] MultiScanPanel:200 - Auto-refresh data requested => check proxy status ongoing
2023-05-12 16:27:46,172 [INFO] FinderPluginLoader:95 - Searching for filters in installed packs
2023-05-12 16:27:48,162 [INFO] LoadUrlFilesThread:185 - End of LoadServerUrlFiles without Thread
2023-05-12 16:27:48,162 [INFO] DetailPanel:341 - Set advertising image to C:/Users/DELL/STM32Cube/Repository/\en.prom-stm32h5-mcu-finder.jpg
2023-05-12 16:28:56,418 [INFO] MainUpdater:2854 - connection check result : 10
2023-05-12 16:28:56,418 [INFO] MainUpdater:2854 - connection check result : 10
2023-05-12 16:28:56,472 [INFO] MicroXplorer:468 - Change Database Path : 
2023-05-12 16:28:56,473 [INFO] MicroXplorer:498 - Change Database Version : DB.6.0.81
2023-05-12 16:28:56,473 [WARN] ThirdParty:871 - waiting for thirdparty lock release [close project]
2023-05-12 16:28:56,473 [INFO] ThirdParty:873 - entering critical section [close project]
2023-05-12 16:28:56,473 [INFO] ThirdParty:883 - exiting critical section [close project]
2023-05-12 16:28:56,483 [INFO] PinOutPanel:1499 - setPackage(No Configuration,No Configuration)
2023-05-12 16:28:56,493 [INFO] UtilMem:75 - Begin LoadConfig() Used Memory: 608085296 Bytes (773849088)
2023-05-12 16:28:56,543 [INFO] MicroXplorer:468 - Change Database Path : 
2023-05-12 16:28:56,543 [INFO] MicroXplorer:498 - Change Database Version : DB.6.0.81
2023-05-12 16:28:56,543 [INFO] OpenFileManager:308 - Change cursor
2023-05-12 16:28:56,868 [INFO] Mcu:1937 - Initializing MCU STM32F411RETx STM32F411RETx 
2023-05-12 16:28:56,868 [INFO] Mcu:1950 - No CPN specified => set CPN to STM32F411RET6
2023-05-12 16:29:00,176 [INFO] Context:659 - Trying to add GPIOservice into a context  which must be forbidden
2023-05-12 16:29:00,882 [INFO] ImportTextPane:194 - (OptionalMessage_ERROR) Unable to find key (Mcu.ThirdPartyNb) in loaded IOC file
2023-05-12 16:29:00,882 [INFO] ImportTextPane:194 - (OptionalMessage_ERROR) Unable to find key (Mcu.PinsNb) in loaded IOC file
2023-05-12 16:29:00,882 [INFO] ImportTextPane:194 - (OptionalMessage_ERROR) Unable to find key (Mcu.IPNb) in loaded IOC file
2023-05-12 16:29:01,337 [INFO] RtosManager:555 - Registered RTOS mode: class=CMSIS, group=RTOS, mode=CMSIS_V1, owner=FREERTOS
2023-05-12 16:29:01,337 [INFO] RtosManager:555 - Registered RTOS mode: class=CMSIS, group=RTOS2, mode=CMSIS_V2, owner=FREERTOS
2023-05-12 16:29:01,337 [INFO] RtosManager:555 - Registered RTOS mode: class=RTOS, group=Core, mode=CMSIS_V1, owner=FREERTOS
2023-05-12 16:29:01,337 [INFO] RtosManager:555 - Registered RTOS mode: class=RTOS, group=Core, mode=CMSIS_V2, owner=FREERTOS
2023-05-12 16:29:01,337 [WARN] ModelIntegratedComponent:184 - Missing modes for component STMicroelectronics:FreeRTOS:0.0.1:STMicroelectronics:RTOS:FreeRTOS:Core:::10.2.0:
2023-05-12 16:29:01,353 [WARN] ModelIntegratedComponent:182 - Modes not found for component STMicroelectronics:USB_HOST:1.0.0:STMicroelectronics:USB::USB Host:Audio HS::1.0:USB_HOST_1_0_RESTRICTED_HS
2023-05-12 16:29:01,353 [WARN] ModelIntegratedComponent:188 - Modes not found for component STMicroelectronics:USB_HOST:1.0.0:STMicroelectronics:USB::USB Host:Audio HS::1.0:USB_HOST_1_0_RESTRICTED_HS
2023-05-12 16:29:01,353 [WARN] ModelIntegratedComponent:182 - Modes not found for component STMicroelectronics:USB_HOST:1.0.0:STMicroelectronics:USB::USB Host:CDC HS::1.0:USB_HOST_1_0_RESTRICTED_HS
2023-05-12 16:29:01,353 [WARN] ModelIntegratedComponent:188 - Modes not found for component STMicroelectronics:USB_HOST:1.0.0:STMicroelectronics:USB::USB Host:CDC HS::1.0:USB_HOST_1_0_RESTRICTED_HS
2023-05-12 16:29:01,353 [WARN] ModelIntegratedComponent:182 - Modes not found for component STMicroelectronics:USB_HOST:1.0.0:STMicroelectronics:USB::USB Host:MSC HS::1.0:USB_HOST_1_0_RESTRICTED_HS
2023-05-12 16:29:01,353 [WARN] ModelIntegratedComponent:188 - Modes not found for component STMicroelectronics:USB_HOST:1.0.0:STMicroelectronics:USB::USB Host:MSC HS::1.0:USB_HOST_1_0_RESTRICTED_HS
2023-05-12 16:29:01,353 [WARN] ModelIntegratedComponent:182 - Modes not found for component STMicroelectronics:USB_HOST:1.0.0:STMicroelectronics:USB::USB Host:HID HS::1.0:USB_HOST_1_0_RESTRICTED_HS
2023-05-12 16:29:01,353 [WARN] ModelIntegratedComponent:188 - Modes not found for component STMicroelectronics:USB_HOST:1.0.0:STMicroelectronics:USB::USB Host:HID HS::1.0:USB_HOST_1_0_RESTRICTED_HS
2023-05-12 16:29:01,353 [WARN] ModelIntegratedComponent:182 - Modes not found for component STMicroelectronics:USB_HOST:1.0.0:STMicroelectronics:USB::USB Host:MTP HS::1.0:USB_HOST_1_0_RESTRICTED_HS
2023-05-12 16:29:01,353 [WARN] ModelIntegratedComponent:188 - Modes not found for component STMicroelectronics:USB_HOST:1.0.0:STMicroelectronics:USB::USB Host:MTP HS::1.0:USB_HOST_1_0_RESTRICTED_HS
2023-05-12 16:29:01,384 [WARN] ModelIntegratedComponent:63 - No mode defined for component null
2023-05-12 16:29:01,384 [WARN] ModelIntegratedComponent:63 - No mode defined for component null
2023-05-12 16:29:01,384 [WARN] ModelIntegratedComponent:63 - No mode defined for component null
2023-05-12 16:29:01,384 [WARN] ModelIntegratedComponent:63 - No mode defined for component null
2023-05-12 16:29:01,384 [WARN] ModelIntegratedComponent:63 - No mode defined for component null
2023-05-12 16:29:01,384 [WARN] ModelIntegratedComponent:63 - No mode defined for component null
2023-05-12 16:29:01,384 [WARN] ModelIntegratedComponent:63 - No mode defined for component null
2023-05-12 16:29:01,384 [WARN] ModelIntegratedComponent:63 - No mode defined for component null
2023-05-12 16:29:01,384 [WARN] ModelIntegratedComponent:63 - No mode defined for component null
2023-05-12 16:29:01,384 [WARN] ModelIntegratedComponent:63 - No mode defined for component null
2023-05-12 16:29:01,384 [WARN] ModelIntegratedComponent:63 - No mode defined for component null
2023-05-12 16:29:01,384 [WARN] ModelIntegratedComponent:63 - No mode defined for component null
2023-05-12 16:29:01,384 [WARN] ModelIntegratedComponent:63 - No mode defined for component null
2023-05-12 16:29:01,384 [WARN] ModelIntegratedComponent:63 - No mode defined for component null
2023-05-12 16:29:01,384 [WARN] ModelIntegratedComponent:63 - No mode defined for component null
2023-05-12 16:29:01,384 [WARN] ModelIntegratedComponent:63 - No mode defined for component null
2023-05-12 16:29:01,384 [WARN] ModelIntegratedComponent:63 - No mode defined for component null
2023-05-12 16:29:01,384 [WARN] ModelIntegratedComponent:63 - No mode defined for component null
2023-05-12 16:29:01,384 [WARN] ModelIntegratedComponent:63 - No mode defined for component null
2023-05-12 16:29:01,384 [WARN] ModelIntegratedComponent:63 - No mode defined for component null
2023-05-12 16:29:01,384 [WARN] ModelIntegratedComponent:63 - No mode defined for component null
2023-05-12 16:29:01,400 [WARN] ModelIntegratedComponent:63 - No mode defined for component null
2023-05-12 16:29:01,400 [WARN] ModelIntegratedComponent:63 - No mode defined for component null
2023-05-12 16:29:01,400 [WARN] ModelIntegratedComponent:63 - No mode defined for component null
2023-05-12 16:29:01,400 [WARN] ModelIntegratedComponent:63 - No mode defined for component null
2023-05-12 16:29:01,400 [WARN] ModelIntegratedComponent:63 - No mode defined for component null
2023-05-12 16:29:01,400 [WARN] ModelIntegratedComponent:63 - No mode defined for component null
2023-05-12 16:29:01,400 [WARN] ModelIntegratedComponent:63 - No mode defined for component null
2023-05-12 16:29:01,400 [WARN] ModelIntegratedComponent:63 - No mode defined for component null
2023-05-12 16:29:01,400 [WARN] ModelIntegratedComponent:63 - No mode defined for component null
2023-05-12 16:29:01,400 [WARN] ModelIntegratedComponent:63 - No mode defined for component null
2023-05-12 16:29:01,400 [WARN] ModelIntegratedComponent:63 - No mode defined for component null
2023-05-12 16:29:01,400 [WARN] ModelIntegratedComponent:63 - No mode defined for component null
2023-05-12 16:29:01,424 [WARN] ModelIntegratedComponent:182 - Modes not found for component STMicroelectronics:USB_DEVICE:1.0.0:STMicroelectronics:USB::USB Device:Audio HS::1.0:USB_DEVICE_1_0_RESTRICTED_HS
2023-05-12 16:29:01,424 [WARN] ModelIntegratedComponent:188 - Modes not found for component STMicroelectronics:USB_DEVICE:1.0.0:STMicroelectronics:USB::USB Device:Audio HS::1.0:USB_DEVICE_1_0_RESTRICTED_HS
2023-05-12 16:29:01,424 [WARN] ModelIntegratedComponent:182 - Modes not found for component STMicroelectronics:USB_DEVICE:1.0.0:STMicroelectronics:USB::USB Device:CDC HS::1.0:USB_DEVICE_1_0_RESTRICTED_HS
2023-05-12 16:29:01,424 [WARN] ModelIntegratedComponent:188 - Modes not found for component STMicroelectronics:USB_DEVICE:1.0.0:STMicroelectronics:USB::USB Device:CDC HS::1.0:USB_DEVICE_1_0_RESTRICTED_HS
2023-05-12 16:29:01,424 [WARN] ModelIntegratedComponent:182 - Modes not found for component STMicroelectronics:USB_DEVICE:1.0.0:STMicroelectronics:USB::USB Device:DFU HS::1.0:USB_DEVICE_1_0_RESTRICTED_HS
2023-05-12 16:29:01,424 [WARN] ModelIntegratedComponent:188 - Modes not found for component STMicroelectronics:USB_DEVICE:1.0.0:STMicroelectronics:USB::USB Device:DFU HS::1.0:USB_DEVICE_1_0_RESTRICTED_HS
2023-05-12 16:29:01,424 [WARN] ModelIntegratedComponent:182 - Modes not found for component STMicroelectronics:USB_DEVICE:1.0.0:STMicroelectronics:USB::USB Device:HID HS::1.0:USB_DEVICE_1_0_RESTRICTED_HS
2023-05-12 16:29:01,424 [WARN] ModelIntegratedComponent:188 - Modes not found for component STMicroelectronics:USB_DEVICE:1.0.0:STMicroelectronics:USB::USB Device:HID HS::1.0:USB_DEVICE_1_0_RESTRICTED_HS
2023-05-12 16:29:01,424 [WARN] ModelIntegratedComponent:182 - Modes not found for component STMicroelectronics:USB_DEVICE:1.0.0:STMicroelectronics:USB::USB Device:Custom HID HS::1.0:USB_DEVICE_1_0_RESTRICTED_HS
2023-05-12 16:29:01,424 [WARN] ModelIntegratedComponent:188 - Modes not found for component STMicroelectronics:USB_DEVICE:1.0.0:STMicroelectronics:USB::USB Device:Custom HID HS::1.0:USB_DEVICE_1_0_RESTRICTED_HS
2023-05-12 16:29:01,424 [WARN] ModelIntegratedComponent:182 - Modes not found for component STMicroelectronics:USB_DEVICE:1.0.0:STMicroelectronics:USB::USB Device:MSC HS::1.0:USB_DEVICE_1_0_RESTRICTED_HS
2023-05-12 16:29:01,424 [WARN] ModelIntegratedComponent:188 - Modes not found for component STMicroelectronics:USB_DEVICE:1.0.0:STMicroelectronics:USB::USB Device:MSC HS::1.0:USB_DEVICE_1_0_RESTRICTED_HS
2023-05-12 16:29:01,432 [INFO] ThirdPartyModel:298 - Start build external matchings
2023-05-12 16:29:01,887 [INFO] ThirdPartyModel:316 - End build external matchings
2023-05-12 16:29:02,442 [INFO] UtilMem:75 - End LoadConfig() Used Memory: 642125536 Bytes (773849088)
2023-05-12 16:29:02,556 [WARN] ThirdParty:833 - waiting for thirdparty lock release [change project]
2023-05-12 16:29:02,556 [INFO] ThirdParty:835 - entering critical section [change project]
2023-05-12 16:29:02,556 [INFO] ThirdParty:1030 - CMSIS Pack Vendor :STMicroelectronics X-CUBE-ISPU 1.1.0
2023-05-12 16:29:02,556 [INFO] ThirdParty:1030 - CMSIS Pack Vendor :STMicroelectronics X-CUBE-GNSS1 6.0.0
2023-05-12 16:29:02,556 [INFO] ThirdParty:1030 - CMSIS Pack Vendor :STMicroelectronics USB_HOST 2.0.0
2023-05-12 16:29:02,556 [INFO] ThirdParty:1030 - CMSIS Pack Vendor :STMicroelectronics X-CUBE-AZRTOS-F4 1.1.0
2023-05-12 16:29:02,556 [INFO] ThirdParty:1030 - CMSIS Pack Vendor :STMicroelectronics LIBJPEG 8.0.0
2023-05-12 16:29:02,556 [INFO] ThirdParty:1030 - CMSIS Pack Vendor :STMicroelectronics X-CUBE-SMBUS 2.1.0
2023-05-12 16:29:02,556 [INFO] ThirdParty:1030 - CMSIS Pack Vendor :wolfSSL I-CUBE-wolfSSL 5.6.0
2023-05-12 16:29:02,556 [INFO] ThirdParty:1030 - CMSIS Pack Vendor :STMicroelectronics USB_DEVICE 3.0.0
2023-05-12 16:29:02,556 [INFO] ThirdParty:1030 - CMSIS Pack Vendor :STMicroelectronics X-CUBE-AI 8.0.0
2023-05-12 16:29:02,556 [INFO] ThirdParty:1030 - CMSIS Pack Vendor :STMicroelectronics X-CUBE-FREERTOS 1.0.1
2023-05-12 16:29:02,556 [INFO] ThirdParty:1030 - CMSIS Pack Vendor :STMicroelectronics X-CUBE-TOUCHGFX 4.21.3
2023-05-12 16:29:02,556 [INFO] ThirdParty:1030 - CMSIS Pack Vendor :STMicroelectronics X-CUBE-AZRTOS-F7 1.1.0
2023-05-12 16:29:02,556 [INFO] ThirdParty:1030 - CMSIS Pack Vendor :STMicroelectronics USB_DEVICE 2.0.0
2023-05-12 16:29:02,556 [INFO] ThirdParty:1030 - CMSIS Pack Vendor :STMicroelectronics X-CUBE-MEMS1 9.6.0
2023-05-12 16:29:02,556 [INFO] ThirdParty:1030 - CMSIS Pack Vendor :STMicroelectronics FP-SNS-MOTENV1 4.3.0
2023-05-12 16:29:02,556 [INFO] ThirdParty:1030 - CMSIS Pack Vendor :STMicroelectronics FP-SNS-FLIGHT1 5.0.0
2023-05-12 16:29:02,556 [INFO] ThirdParty:1030 - CMSIS Pack Vendor :STMicroelectronics X-CUBE-ALGOBUILD 1.3.0
2023-05-12 16:29:02,556 [INFO] ThirdParty:1030 - CMSIS Pack Vendor :STMicroelectronics X-CUBE-BLE1 6.2.4
2023-05-12 16:29:02,556 [INFO] ThirdParty:1030 - CMSIS Pack Vendor :STMicroelectronics X-CUBE-AZRTOS-L5 1.1.0
2023-05-12 16:29:02,556 [INFO] ThirdParty:1030 - CMSIS Pack Vendor :STMicroelectronics FreeRTOS 0.0.1
2023-05-12 16:29:02,556 [INFO] ThirdParty:1030 - CMSIS Pack Vendor :emotas I-CUBE-CANOPEN 1.1.3
2023-05-12 16:29:02,556 [INFO] ThirdParty:1030 - CMSIS Pack Vendor :STMicroelectronics X-CUBE-AZRTOS-G0 1.1.0
2023-05-12 16:29:02,556 [INFO] ThirdParty:1030 - CMSIS Pack Vendor :STMicroelectronics X-CUBE-BLEMGR 2.0.0
2023-05-12 16:29:02,556 [INFO] ThirdParty:1030 - CMSIS Pack Vendor :STMicroelectronics X-CUBE-SUBG2 5.0.0
2023-05-12 16:29:02,556 [INFO] ThirdParty:1030 - CMSIS Pack Vendor :STMicroelectronics X-CUBE-NFC4 3.0.0
2023-05-12 16:29:02,556 [INFO] ThirdParty:1030 - CMSIS Pack Vendor :STMicroelectronics STM32_WPAN 1.0.0
2023-05-12 16:29:02,556 [INFO] ThirdParty:1030 - CMSIS Pack Vendor :STMicroelectronics lwIP 2.0.3
2023-05-12 16:29:02,556 [INFO] ThirdParty:1030 - CMSIS Pack Vendor :STMicroelectronics USB_HOST 1.0.0
2023-05-12 16:29:02,556 [INFO] ThirdParty:1030 - CMSIS Pack Vendor :STMicroelectronics X-CUBE-AZRTOS-G4 2.0.0
2023-05-12 16:29:02,556 [INFO] ThirdParty:1030 - CMSIS Pack Vendor :STMicroelectronics PDM2PCM 3.1.0
2023-05-12 16:29:02,556 [INFO] ThirdParty:1030 - CMSIS Pack Vendor :STMicroelectronics X-CUBE-AZRTOS-H7 3.1.0
2023-05-12 16:29:02,556 [INFO] ThirdParty:1030 - CMSIS Pack Vendor :STMicroelectronics X-CUBE-TOF1 3.3.0
2023-05-12 16:29:02,556 [INFO] ThirdParty:1030 - CMSIS Pack Vendor :STMicroelectronics PDM2PCM 3.3.0
2023-05-12 16:29:02,556 [INFO] ThirdParty:1030 - CMSIS Pack Vendor :STMicroelectronics X-CUBE-DISPLAY 3.0.0
2023-05-12 16:29:02,556 [INFO] ThirdParty:1030 - CMSIS Pack Vendor :STMicroelectronics FP-ATR-SIGFOX1 3.2.0
2023-05-12 16:29:02,569 [INFO] ThirdParty:1030 - CMSIS Pack Vendor :STMicroelectronics X-CUBE-AZRTOS-L4 1.0.0
2023-05-12 16:29:02,569 [INFO] ThirdParty:1030 - CMSIS Pack Vendor :STMicroelectronics HAL Drivers 0.0.0
2023-05-12 16:29:02,569 [INFO] ThirdParty:1030 - CMSIS Pack Vendor :STMicroelectronics MBEDTLS 2.16.2
2023-05-12 16:29:02,569 [INFO] ThirdParty:1030 - CMSIS Pack Vendor :STMicroelectronics MBEDTLS 2.14.1
2023-05-12 16:29:02,570 [INFO] ThirdParty:1030 - CMSIS Pack Vendor :STMicroelectronics X-CUBE-NFC7 1.0.0
2023-05-12 16:29:02,570 [INFO] ThirdParty:1030 - CMSIS Pack Vendor :STMicroelectronics X-CUBE-AZRTOS-WL 1.0.0
2023-05-12 16:29:02,570 [INFO] ThirdParty:1030 - CMSIS Pack Vendor :STMicroelectronics X-CUBE-EEPRMA1 4.1.0
2023-05-12 16:29:02,570 [INFO] ThirdParty:1030 - CMSIS Pack Vendor :STMicroelectronics X-CUBE-ALS 1.0.1
2023-05-12 16:29:02,570 [INFO] ThirdParty:1030 - CMSIS Pack Vendor :STMicroelectronics ThreadX 1.0.0
2023-05-12 16:29:02,570 [INFO] ThirdParty:1030 - CMSIS Pack Vendor :STMicroelectronics X-CUBE-AZRTOS-WB 1.1.0
2023-05-12 16:29:02,570 [INFO] ThirdParty:1030 - CMSIS Pack Vendor :SEGGER I-CUBE-embOS 1.3.1
2023-05-12 16:29:02,570 [INFO] ThirdParty:1030 - CMSIS Pack Vendor :STMicroelectronics USB_DEVICE 1.0.0
2023-05-12 16:29:02,570 [INFO] ThirdParty:1030 - CMSIS Pack Vendor :STMicroelectronics ThreadX 0.0.2
2023-05-12 16:29:02,570 [INFO] ThirdParty:1030 - CMSIS Pack Vendor :WES I-CUBE-Cesium 1.3.0
2023-05-12 16:29:02,570 [INFO] ThirdParty:1030 - CMSIS Pack Vendor :STMicroelectronics FP-ATR-ASTRA1 2.0.0
2023-05-12 16:29:02,570 [INFO] ThirdParty:1030 - CMSIS Pack Vendor :STMicroelectronics lwIP 2.1.2
2023-05-12 16:29:02,570 [INFO] ThirdParty:1030 - CMSIS Pack Vendor :STMicroelectronics X-CUBE-SFXS2LP1 4.0.0
2023-05-12 16:29:02,570 [INFO] ThirdParty:1030 - CMSIS Pack Vendor :STMicroelectronics X-CUBE-BLE2 3.3.0
2023-05-12 16:29:02,570 [INFO] ThirdParty:1030 - CMSIS Pack Vendor :STMicroelectronics PDM2PCM 3.2.0
2023-05-12 16:29:02,570 [INFO] ThirdParty:841 - exiting critical section [change project]
2023-05-12 16:29:03,397 [INFO] PinOutPanel:1499 - setPackage(No Configuration,No Configuration)
2023-05-12 16:29:03,404 [INFO] PinOutPanel:1499 - setPackage(STM32F411RETx,LQFP64)
2023-05-12 16:29:04,838 [INFO] UtilMem:75 - Before build in PCC Used Memory: 605465096 Bytes (773849088)
2023-05-12 16:29:06,917 [INFO] UtilMem:75 - After build in PCC Used Memory: 543996408 Bytes (773849088)
2023-05-12 16:29:06,964 [INFO] IPUIPlugin:80 - create IPUIPlugin
2023-05-12 16:29:06,964 [INFO] IPUIPlugin:80 - create IPUIPlugin
2023-05-12 16:29:06,964 [INFO] IPUIPlugin:80 - create IPUIPlugin
2023-05-12 16:29:06,964 [INFO] IPUIPlugin:80 - create IPUIPlugin
2023-05-12 16:29:06,964 [INFO] IPUIPlugin:80 - create IPUIPlugin
2023-05-12 16:29:06,964 [INFO] IPUIPlugin:80 - create IPUIPlugin
2023-05-12 16:29:06,964 [INFO] IPUIPlugin:80 - create IPUIPlugin
2023-05-12 16:29:06,964 [INFO] IPUIPlugin:80 - create IPUIPlugin
2023-05-12 16:29:06,964 [INFO] IPUIPlugin:80 - create IPUIPlugin
2023-05-12 16:29:06,964 [INFO] IPUIPlugin:80 - create IPUIPlugin
2023-05-12 16:29:06,964 [INFO] IPUIPlugin:80 - create IPUIPlugin
2023-05-12 16:29:06,964 [INFO] IPUIPlugin:80 - create IPUIPlugin
2023-05-12 16:29:06,964 [INFO] IPUIPlugin:80 - create IPUIPlugin
2023-05-12 16:29:06,964 [INFO] IPUIPlugin:80 - create IPUIPlugin
2023-05-12 16:29:06,964 [INFO] IPUIPlugin:80 - create IPUIPlugin
2023-05-12 16:29:06,964 [INFO] IPUIPlugin:80 - create IPUIPlugin
2023-05-12 16:29:06,964 [INFO] IPUIPlugin:80 - create IPUIPlugin
2023-05-12 16:29:06,964 [INFO] IPUIPlugin:80 - create IPUIPlugin
2023-05-12 16:29:06,964 [INFO] IPUIPlugin:80 - create IPUIPlugin
2023-05-12 16:29:06,964 [INFO] IPUIPlugin:80 - create IPUIPlugin
2023-05-12 16:29:06,979 [INFO] IPUIPlugin:80 - create IPUIPlugin
2023-05-12 16:29:06,979 [INFO] IPUIPlugin:80 - create IPUIPlugin
2023-05-12 16:29:06,979 [INFO] IPUIPlugin:80 - create IPUIPlugin
2023-05-12 16:29:06,979 [INFO] IPUIPlugin:80 - create IPUIPlugin
2023-05-12 16:29:06,979 [INFO] IPUIPlugin:80 - create IPUIPlugin
2023-05-12 16:29:06,979 [INFO] IPUIPlugin:80 - create IPUIPlugin
2023-05-12 16:29:06,979 [INFO] IPUIPlugin:80 - create IPUIPlugin
2023-05-12 16:29:06,979 [INFO] IPUIPlugin:80 - create IPUIPlugin
2023-05-12 16:29:06,979 [INFO] IPUIPlugin:80 - create IPUIPlugin
2023-05-12 16:29:06,979 [INFO] IPUIPlugin:80 - create IPUIPlugin
2023-05-12 16:29:06,979 [INFO] IPUIPlugin:80 - create IPUIPlugin
2023-05-12 16:29:06,979 [INFO] IPUIPlugin:80 - create IPUIPlugin
2023-05-12 16:29:06,979 [INFO] IPUIPlugin:80 - create IPUIPlugin
2023-05-12 16:29:06,979 [INFO] IPUIPlugin:80 - create IPUIPlugin
2023-05-12 16:29:06,979 [INFO] IPUIPlugin:80 - create IPUIPlugin
2023-05-12 16:29:06,979 [INFO] IPUIPlugin:80 - create IPUIPlugin
2023-05-12 16:29:06,979 [INFO] IPUIPlugin:80 - create IPUIPlugin
2023-05-12 16:29:06,979 [INFO] IPUIPlugin:80 - create IPUIPlugin
2023-05-12 16:29:06,979 [INFO] IPUIPlugin:80 - create IPUIPlugin
2023-05-12 16:29:06,979 [INFO] IPUIPlugin:80 - create IPUIPlugin
2023-05-12 16:29:06,979 [INFO] IPUIPlugin:80 - create IPUIPlugin
2023-05-12 16:29:06,979 [INFO] IPUIPlugin:80 - create IPUIPlugin
2023-05-12 16:29:06,979 [INFO] IPUIPlugin:80 - create IPUIPlugin
2023-05-12 16:29:07,198 [INFO] ApiDbMcu:507 - Load IP Config File for PDM2PCM
2023-05-12 16:29:07,637 [INFO] CADModel:165 - CPN selected for project levelSTM32F411RET6
2023-05-12 16:29:07,637 [INFO] CADModel:114 - Register for checkConnection events
2023-05-12 16:29:07,704 [INFO] OpenFileManager:328 - Restore cursor
2023-05-12 16:29:09,345 [INFO] UtilMem:75 - End SaveConfig() Used Memory: 561033880 Bytes (773849088)
2023-05-12 16:29:09,514 [INFO] UtilMem:75 - End SaveConfig() Used Memory: 576240280 Bytes (773849088)
2023-05-12 16:29:10,774 [INFO] BlockDiagram:2759 - set Specific Code input for plugin: NVIC
2023-05-12 16:29:10,785 [INFO] BlockDiagram:2759 - set Specific Code input for plugin: RCC
2023-05-12 16:29:10,802 [INFO] CodeGenerator:793 - code generatio: config db path: D:\ST\STM32CubeIDE_1.12.1\STM32CubeIDE\plugins\com.st.stm32cube.common.mx_6.8.1.202304191431\\db\
2023-05-12 16:29:12,122 [INFO] CodeEngine:255 - oldGeneratedFile, E:\stm32cubeide\LED_blink_BARE\MXTmpFiles\license.tmp_save
2023-05-12 16:29:13,036 [INFO] CodeEngine:279 - Generated code: E:\stm32cubeide\LED_blink_BARE\MXTmpFiles\license.tmp
2023-05-12 16:29:13,098 [INFO] CodeEngine:255 - oldGeneratedFile, E:\stm32cubeide\LED_blink_BARE\Core\Src\stm32f4xx_it.c_save
2023-05-12 16:29:13,352 [INFO] CodeEngine:279 - Generated code: E:\stm32cubeide\LED_blink_BARE\Core\Src\stm32f4xx_it.c
2023-05-12 16:29:13,383 [INFO] CodeEngine:255 - oldGeneratedFile, E:\stm32cubeide\LED_blink_BARE\Core\Inc\stm32f4xx_it.h_save
2023-05-12 16:29:13,587 [INFO] CodeEngine:279 - Generated code: E:\stm32cubeide\LED_blink_BARE\Core\Inc\stm32f4xx_it.h
2023-05-12 16:29:13,871 [INFO] CodeEngine:255 - oldGeneratedFile, E:\stm32cubeide\LED_blink_BARE\Core\Src\stm32f4xx_hal_msp.c_save
2023-05-12 16:29:14,087 [INFO] CodeEngine:279 - Generated code: E:\stm32cubeide\LED_blink_BARE\Core\Src\stm32f4xx_hal_msp.c
2023-05-12 16:29:14,122 [INFO] CodeEngine:255 - oldGeneratedFile, E:\stm32cubeide\LED_blink_BARE\MXTmpFiles\system.tmp_save
2023-05-12 16:29:14,232 [INFO] CodeEngine:279 - Generated code: E:\stm32cubeide\LED_blink_BARE\MXTmpFiles\system.tmp
2023-05-12 16:29:14,286 [INFO] CodeEngine:311 - oldGeneratedFile, E:\stm32cubeide\LED_blink_BARE\Core\Inc\stm32f4xx_hal_conf.h_save
2023-05-12 16:29:14,564 [INFO] CodeEngine:335 - Generated code: E:\stm32cubeide\LED_blink_BARE\Core\Inc\stm32f4xx_hal_conf.h
2023-05-12 16:29:14,816 [INFO] CodeEngine:255 - oldGeneratedFile, E:\stm32cubeide\LED_blink_BARE\Core\Inc\main.h_save
2023-05-12 16:29:15,116 [INFO] CodeEngine:279 - Generated code: E:\stm32cubeide\LED_blink_BARE\Core\Inc\main.h
2023-05-12 16:29:15,163 [INFO] CodeEngine:255 - oldGeneratedFile, E:\stm32cubeide\LED_blink_BARE\Core\Src\main.c_save
2023-05-12 16:29:15,480 [INFO] CodeEngine:279 - Generated code: E:\stm32cubeide\LED_blink_BARE\Core\Src\main.c
2023-05-12 16:29:16,870 [INFO] ProjectBuilder:2996 - Time for Copy HAL[1] : 211mS.
2023-05-12 16:29:16,884 [INFO] ProjectBuilder:4304 - Project Generator version: 3.19.2
2023-05-12 16:29:17,553 [INFO] ConfigFileManager:1483 - The Die is : DIE431
2023-05-12 16:29:17,679 [INFO] ApiDbMcu:507 - Load IP Config File for FATFS
2023-05-12 16:29:17,710 [INFO] ApiDbMcu:507 - Load IP Config File for FREERTOS
2023-05-12 16:29:17,773 [INFO] ApiDbMcu:507 - Load IP Config File for LIBJPEG
2023-05-12 16:29:17,820 [INFO] ApiDbMcu:507 - Load IP Config File for MBEDTLS
2023-05-12 16:29:17,931 [INFO] ApiDbMcu:507 - Load IP Config File for USB_DEVICE
2023-05-12 16:29:17,962 [INFO] ApiDbMcu:507 - Load IP Config File for USB_HOST
2023-05-12 16:29:20,746 [INFO] LogOutputStream:77 - [STDOUT_REDIRECT] 
2023-05-12 16:29:31,275 [INFO] ProjectBuilder:4505 - Time for Generating toolchain IDE Files: 14391mS.
2023-05-12 16:29:31,275 [INFO] ProjectBuilder:2867 - Time for Copy CMSIS : 0mS.
2023-05-12 16:29:31,275 [INFO] ProjectBuilder:2867 - Time for Copy CMSIS : 0mS.
2023-05-12 16:29:34,046 [INFO] McuFinderGlobals:66 - Set McuFinderConnectedMode to true
2023-05-12 16:29:34,046 [INFO] ApiDb:448 - Save user favorites file C:\Users\DELL/.stm32cubeide/favorites.mcus.txt: 1 item(s)
2023-05-12 16:29:34,046 [INFO] ApiDb:452 - User favorites MCUs=[STM32F411RET6]
2023-05-12 16:59:44,983 [INFO] Gpio:273 - dependency for GPIO []
2023-05-12 17:00:03,028 [INFO] UtilMem:75 - End SaveConfig() Used Memory: 595585504 Bytes (923795456)
2023-05-12 17:00:04,844 [INFO] UtilMem:75 - End SaveConfig() Used Memory: 624779960 Bytes (923795456)
2023-05-12 17:00:07,647 [INFO] UtilMem:75 - End SaveConfig() Used Memory: 687631320 Bytes (923795456)
2023-05-12 17:00:08,395 [INFO] BlockDiagram:2759 - set Specific Code input for plugin: NVIC
2023-05-12 17:00:08,395 [INFO] BlockDiagram:2759 - set Specific Code input for plugin: GPIO
2023-05-12 17:00:08,395 [INFO] BlockDiagram:2759 - set Specific Code input for plugin: RCC
2023-05-12 17:00:08,395 [INFO] CodeGenerator:793 - code generatio: config db path: D:\ST\STM32CubeIDE_1.12.1\STM32CubeIDE\plugins\com.st.stm32cube.common.mx_6.8.1.202304191431\\db\
2023-05-12 17:00:08,726 [INFO] CodeEngine:255 - oldGeneratedFile, E:\stm32cubeide\LED_blink_BARE\MXTmpFiles\license.tmp_save
2023-05-12 17:00:09,037 [INFO] CodeEngine:279 - Generated code: E:\stm32cubeide\LED_blink_BARE\MXTmpFiles\license.tmp
2023-05-12 17:00:09,182 [INFO] CodeEngine:255 - oldGeneratedFile, E:\stm32cubeide\LED_blink_BARE\MXTmpFiles\gpio.tmp_save
2023-05-12 17:00:09,585 [INFO] CodeEngine:279 - Generated code: E:\stm32cubeide\LED_blink_BARE\MXTmpFiles\gpio.tmp
2023-05-12 17:00:09,614 [INFO] CodeEngine:255 - oldGeneratedFile, E:\stm32cubeide\LED_blink_BARE\Core\Src\stm32f4xx_it.c_save
2023-05-12 17:00:09,813 [INFO] CodeEngine:279 - Generated code: E:\stm32cubeide\LED_blink_BARE\Core\Src\stm32f4xx_it.c
2023-05-12 17:00:09,835 [INFO] CodeEngine:255 - oldGeneratedFile, E:\stm32cubeide\LED_blink_BARE\Core\Inc\stm32f4xx_it.h_save
2023-05-12 17:00:09,945 [INFO] CodeEngine:279 - Generated code: E:\stm32cubeide\LED_blink_BARE\Core\Inc\stm32f4xx_it.h
2023-05-12 17:00:10,093 [INFO] CodeEngine:255 - oldGeneratedFile, E:\stm32cubeide\LED_blink_BARE\Core\Src\stm32f4xx_hal_msp.c_save
2023-05-12 17:00:10,296 [INFO] CodeEngine:279 - Generated code: E:\stm32cubeide\LED_blink_BARE\Core\Src\stm32f4xx_hal_msp.c
2023-05-12 17:00:10,296 [INFO] CodeEngine:255 - oldGeneratedFile, E:\stm32cubeide\LED_blink_BARE\MXTmpFiles\system.tmp_save
2023-05-12 17:00:10,453 [INFO] CodeEngine:279 - Generated code: E:\stm32cubeide\LED_blink_BARE\MXTmpFiles\system.tmp
2023-05-12 17:00:10,499 [INFO] CodeEngine:311 - oldGeneratedFile, E:\stm32cubeide\LED_blink_BARE\Core\Inc\stm32f4xx_hal_conf.h_save
2023-05-12 17:00:10,689 [INFO] CodeEngine:335 - Generated code: E:\stm32cubeide\LED_blink_BARE\Core\Inc\stm32f4xx_hal_conf.h
2023-05-12 17:00:10,777 [INFO] CodeEngine:255 - oldGeneratedFile, E:\stm32cubeide\LED_blink_BARE\Core\Inc\main.h_save
2023-05-12 17:00:10,895 [INFO] CodeEngine:279 - Generated code: E:\stm32cubeide\LED_blink_BARE\Core\Inc\main.h
2023-05-12 17:00:10,910 [INFO] CodeEngine:255 - oldGeneratedFile, E:\stm32cubeide\LED_blink_BARE\Core\Src\main.c_save
2023-05-12 17:00:11,067 [INFO] CodeEngine:279 - Generated code: E:\stm32cubeide\LED_blink_BARE\Core\Src\main.c
2023-05-12 17:00:11,996 [INFO] ProjectBuilder:2996 - Time for Copy HAL[1] : 173mS.
2023-05-12 17:00:11,996 [INFO] ProjectBuilder:4304 - Project Generator version: 3.19.2
2023-05-12 17:00:12,588 [INFO] ConfigFileManager:1483 - The Die is : DIE431
2023-05-12 17:00:16,057 [INFO] ProjectBuilder:4505 - Time for Generating toolchain IDE Files: 4061mS.
2023-05-12 17:00:16,057 [INFO] ProjectBuilder:2867 - Time for Copy CMSIS : 0mS.
2023-05-12 17:00:16,057 [INFO] ProjectBuilder:2867 - Time for Copy CMSIS : 0mS.
2023-05-12 17:06:49,743 [ERROR] AdobePublisher:162 - Exception while opening the connection: java.net.SocketTimeoutException: connect timed out
