2023-05-09 06:33:13,554 [INFO] Activator:176 - 


2023-05-09 06:33:13,554 [INFO] Activator:177 - !SESSION log4j initialized
2023-05-09 06:33:26,706 [INFO] LogOutputStream:77 - [STDOUT_REDIRECT] 
2023-05-09 06:33:33,610 [INFO] ApplicationProperties:184 - Using Application install path: D:\ST\STM32CubeIDE_1.12.1\STM32CubeIDE\plugins\com.st.stm32cube.common.mx_6.8.1.202304191431
2023-05-09 06:33:33,658 [INFO] DbMcusXml:78 - Set database path to: D:\ST\STM32CubeIDE_1.12.1\STM32CubeIDE\plugins\com.st.stm32cube.common.mx_6.8.1.202304191431\\db\/mcu/
2023-05-09 06:33:33,658 [INFO] ApiDb:274 - Set plugin database path to: D:\ST\STM32CubeIDE_1.12.1\STM32CubeIDE\plugins\com.st.stm32cube.common.mx_6.8.1.202304191431\\db\/plugins/boardmanager/
2023-05-09 06:33:33,673 [WARN] ApiDb:259 - Overriding images path with different value:  => D:\ST\STM32CubeIDE_1.12.1\STM32CubeIDE\plugins\com.st.stm32cube.common.mx_6.8.1.202304191431\\db\/plugins/mcufinder/images/
2023-05-09 06:33:33,845 [INFO] ApiDb:250 - Set database path to: C:\Users\DELL\.stmcufinder\plugins\mcufinder//mcu/
2023-05-09 06:33:33,858 [INFO] DbMcusAds:125 - Set database path to: C:\Users\DELL\.stmcufinder\plugins\mcufinder//mcu/
2023-05-09 06:33:33,861 [INFO] CrossReferenceDbSqlite:203 - Set database path to: C:\Users\DELL\.stmcufinder\plugins\mcufinder//mcu/cs/
2023-05-09 06:33:34,174 [INFO] RulesReader:64 - Compatibility file has been processed (293 Rules)
2023-05-09 06:33:34,396 [INFO] DbMcusXml:78 - Set database path to: D:\ST\STM32CubeIDE_1.12.1\STM32CubeIDE\plugins\com.st.stm32cube.common.mx_6.8.1.202304191431\\db\/mcu/
2023-05-09 06:33:34,396 [INFO] ApiDb:274 - Set plugin database path to: D:\ST\STM32CubeIDE_1.12.1\STM32CubeIDE\plugins\com.st.stm32cube.common.mx_6.8.1.202304191431\\db\/plugins/boardmanager/
2023-05-09 06:33:34,396 [INFO] ApiDb:261 - Set plugin images path to: D:\ST\STM32CubeIDE_1.12.1\STM32CubeIDE\plugins\com.st.stm32cube.common.mx_6.8.1.202304191431\\db\/plugins/mcufinder/images/
2023-05-09 06:33:34,396 [WARN] DbFile:41 - Overriding database path with different value: C:\Users\DELL\.stmcufinder\plugins\mcufinder/ => C:\Users\DELL\.stmcufinder\plugins\mcufinder
2023-05-09 06:33:34,396 [INFO] ApiDb:250 - Set database path to: C:\Users\DELL\.stmcufinder\plugins\mcufinder//mcu/
2023-05-09 06:33:34,396 [WARN] DbFile:41 - Overriding database path with different value: C:\Users\DELL\.stmcufinder\plugins\mcufinder/ => C:\Users\DELL\.stmcufinder\plugins\mcufinder
2023-05-09 06:33:34,396 [INFO] DbMcusAds:125 - Set database path to: C:\Users\DELL\.stmcufinder\plugins\mcufinder//mcu/
2023-05-09 06:33:34,396 [WARN] DbFile:41 - Overriding database path with different value: C:\Users\DELL\.stmcufinder\plugins\mcufinder/ => C:\Users\DELL\.stmcufinder\plugins\mcufinder
2023-05-09 06:33:34,396 [WARN] DbFile:41 - Overriding database path with different value: C:\Users\DELL\.stmcufinder\plugins\mcufinder/ => C:\Users\DELL\.stmcufinder\plugins\mcufinder
2023-05-09 06:33:34,396 [INFO] CrossReferenceDbSqlite:203 - Set database path to: C:\Users\DELL\.stmcufinder\plugins\mcufinder//mcu/cs/
2023-05-09 06:33:34,522 [INFO] MainPanel:253 - HeapMemory: 268435456
2023-05-09 06:33:34,773 [INFO] DbMcusXml:78 - Set database path to: D:\ST\STM32CubeIDE_1.12.1\STM32CubeIDE\plugins\com.st.stm32cube.common.mx_6.8.1.202304191431\\db\/mcu/
2023-05-09 06:33:34,773 [INFO] ApiDb:274 - Set plugin database path to: D:\ST\STM32CubeIDE_1.12.1\STM32CubeIDE\plugins\com.st.stm32cube.common.mx_6.8.1.202304191431\\db\/plugins/boardmanager/
2023-05-09 06:33:34,773 [INFO] ApiDb:261 - Set plugin images path to: D:\ST\STM32CubeIDE_1.12.1\STM32CubeIDE\plugins\com.st.stm32cube.common.mx_6.8.1.202304191431\\db\/plugins/mcufinder/images/
2023-05-09 06:33:34,789 [WARN] DbFile:41 - Overriding database path with different value: C:\Users\DELL\.stmcufinder\plugins\mcufinder/ => C:\Users\DELL\.stmcufinder\plugins\mcufinder
2023-05-09 06:33:34,789 [INFO] ApiDb:250 - Set database path to: C:\Users\DELL\.stmcufinder\plugins\mcufinder//mcu/
2023-05-09 06:33:34,789 [WARN] DbFile:41 - Overriding database path with different value: C:\Users\DELL\.stmcufinder\plugins\mcufinder/ => C:\Users\DELL\.stmcufinder\plugins\mcufinder
2023-05-09 06:33:34,789 [INFO] DbMcusAds:125 - Set database path to: C:\Users\DELL\.stmcufinder\plugins\mcufinder//mcu/
2023-05-09 06:33:34,789 [WARN] DbFile:41 - Overriding database path with different value: C:\Users\DELL\.stmcufinder\plugins\mcufinder/ => C:\Users\DELL\.stmcufinder\plugins\mcufinder
2023-05-09 06:33:34,789 [WARN] DbFile:41 - Overriding database path with different value: C:\Users\DELL\.stmcufinder\plugins\mcufinder/ => C:\Users\DELL\.stmcufinder\plugins\mcufinder
2023-05-09 06:33:34,789 [INFO] CrossReferenceDbSqlite:203 - Set database path to: C:\Users\DELL\.stmcufinder\plugins\mcufinder//mcu/cs/
2023-05-09 06:33:34,820 [INFO] ApplicationProperties:184 - Using Application install path: D:\ST\STM32CubeIDE_1.12.1\STM32CubeIDE\plugins\com.st.stm32cube.common.mx_6.8.1.202304191431
2023-05-09 06:33:34,820 [INFO] PluginManage:196 - Search for loadable plugins [exclusion list=, ]
2023-05-09 06:33:34,820 [INFO] PluginManage:310 - Check plugin analytics
2023-05-09 06:33:35,120 [INFO] AnalyticsPlugin:253 - Accepted Software Licenses: STM32CubeMX.6.8.1
2023-05-09 06:33:35,120 [INFO] AnalyticsPlugin:255 - Accepted CMSIS Pack Licenses: 
2023-05-09 06:33:35,120 [INFO] AnalyticsPlugin:257 - Accepted Firmware Licenses: FW.F4.1.27.0
2023-05-09 06:33:35,151 [INFO] PluginManage:359 - Loaded plugin analytics (category:tool,tabindex:-1)
2023-05-09 06:33:35,151 [INFO] PluginManage:310 - Check plugin cadmodel
2023-05-09 06:33:35,198 [INFO] CADModel:105 - Init CAD model plugin
2023-05-09 06:33:35,198 [INFO] PluginManage:359 - Loaded plugin cadmodel (category:power,tabindex:5)
2023-05-09 06:33:35,198 [INFO] PluginManage:310 - Check plugin clock
2023-05-09 06:33:35,230 [INFO] PluginManage:359 - Loaded plugin clock (category:base,tabindex:2)
2023-05-09 06:33:35,230 [INFO] PluginManage:310 - Check plugin ddr
2023-05-09 06:33:35,259 [INFO] PluginManage:359 - Loaded plugin ddr (category:tool,tabindex:6)
2023-05-09 06:33:35,261 [INFO] PluginManage:310 - Check plugin filemanager
2023-05-09 06:33:35,481 [INFO] PluginManage:359 - Loaded plugin filemanager (category:base,tabindex:10)
2023-05-09 06:33:35,481 [INFO] PluginManage:310 - Check plugin ipmanager
2023-05-09 06:33:35,513 [INFO] PluginManage:359 - Loaded plugin ipmanager (category:base,tabindex:5)
2023-05-09 06:33:35,513 [INFO] PluginManage:310 - Check plugin lpbam
2023-05-09 06:33:35,544 [INFO] PluginManage:359 - Loaded plugin lpbam (category:base,tabindex:0)
2023-05-09 06:33:35,544 [INFO] PluginManage:310 - Check plugin pinoutandconfiguration
2023-05-09 06:33:35,575 [INFO] PluginManage:359 - Loaded plugin pinoutandconfiguration (category:base,tabindex:1)
2023-05-09 06:33:35,575 [INFO] PluginManage:310 - Check plugin pinoutconfig
2023-05-09 06:33:35,908 [WARN] SupportedApi:132 - Cannot load RTOS API schema: s4s-elt-must-match.1: The content of 'definitions' must match (annotation?, (simpleType | complexType)?, (unique | key | keyref)*)). A problem was found starting at: attribute.
2023-05-09 06:33:36,095 [INFO] PluginManage:359 - Loaded plugin pinoutconfig (category:base,tabindex:0)
2023-05-09 06:33:36,095 [INFO] PluginManage:310 - Check plugin power
2023-05-09 06:33:36,174 [INFO] PluginManage:359 - Loaded plugin power (category:power,tabindex:4)
2023-05-09 06:33:36,174 [INFO] PluginManage:310 - Check plugin projectmanager
2023-05-09 06:33:36,221 [INFO] PluginManage:359 - Loaded plugin projectmanager (category:projectmanager,tabindex:3)
2023-05-09 06:33:36,221 [INFO] PluginManage:310 - Check plugin thirdparty
2023-05-09 06:33:36,765 [WARN] IntegrityCheckThread:84 - waiting for thirdparty lock release [integrity check]
2023-05-09 06:33:36,771 [INFO] IntegrityCheckThread:86 - entering critical section [integrity check]
2023-05-09 06:33:36,771 [INFO] PluginManage:359 - Loaded plugin thirdparty (category:base,tabindex:-1)
2023-05-09 06:33:36,771 [INFO] PluginManage:310 - Check plugin tools
2023-05-09 06:33:36,771 [INFO] ThirdPartyUpdaterWithRetryManager:70 - Updater plugin not ready yet. [1/15]
2023-05-09 06:33:36,802 [INFO] PluginManage:359 - Loaded plugin tools (category:base,tabindex:7)
2023-05-09 06:33:36,802 [INFO] PluginManage:310 - Check plugin tutovideos
2023-05-09 06:33:37,165 [INFO] PluginManage:359 - Loaded plugin tutovideos (category:base,tabindex:-1)
2023-05-09 06:33:37,165 [INFO] PluginManage:310 - Check plugin updater
2023-05-09 06:33:37,196 [INFO] PluginManage:359 - Loaded plugin updater (category:base,tabindex:12)
2023-05-09 06:33:37,196 [INFO] PluginManage:283 - PluginManage : Loaded plugins [15]
2023-05-09 06:33:37,698 [INFO] PinOutPanel:1499 - setPackage(No Configuration,No Configuration)
2023-05-09 06:33:37,872 [INFO] CADModel:165 - CPN selected for project level
2023-05-09 06:33:37,872 [INFO] CADModel:114 - Register for checkConnection events
2023-05-09 06:33:37,935 [INFO] IPUIPlugin:80 - create IPUIPlugin
2023-05-09 06:33:37,935 [INFO] PluginManager:220 - loadIPPluginJar : add adc
2023-05-09 06:33:37,983 [INFO] IPUIPlugin:80 - create IPUIPlugin
2023-05-09 06:33:37,983 [INFO] PluginManager:220 - loadIPPluginJar : add aes
2023-05-09 06:33:38,030 [INFO] IPUIPlugin:80 - create IPUIPlugin
2023-05-09 06:33:38,030 [INFO] PluginManager:220 - loadIPPluginJar : add can
2023-05-09 06:33:38,064 [INFO] IPUIPlugin:80 - create IPUIPlugin
2023-05-09 06:33:38,064 [INFO] PluginManager:220 - loadIPPluginJar : add comp
2023-05-09 06:33:38,109 [INFO] IPUIPlugin:80 - create IPUIPlugin
2023-05-09 06:33:38,109 [INFO] PluginManager:220 - loadIPPluginJar : add cryp
2023-05-09 06:33:38,140 [INFO] IPUIPlugin:80 - create IPUIPlugin
2023-05-09 06:33:38,140 [INFO] PluginManager:220 - loadIPPluginJar : add dfsdm
2023-05-09 06:33:38,171 [INFO] IPUIPlugin:80 - create IPUIPlugin
2023-05-09 06:33:38,171 [INFO] PluginManager:220 - loadIPPluginJar : add dma
2023-05-09 06:33:38,219 [INFO] IPUIPlugin:80 - create IPUIPlugin
2023-05-09 06:33:38,219 [INFO] PluginManager:220 - loadIPPluginJar : add dma3
2023-05-09 06:33:38,250 [INFO] IPUIPlugin:80 - create IPUIPlugin
2023-05-09 06:33:38,250 [INFO] PluginManager:220 - loadIPPluginJar : add fatfs
2023-05-09 06:33:38,313 [INFO] IPUIPlugin:80 - create IPUIPlugin
2023-05-09 06:33:38,313 [INFO] PluginManager:220 - loadIPPluginJar : add fmc
2023-05-09 06:33:38,364 [INFO] IPUIPlugin:80 - create IPUIPlugin
2023-05-09 06:33:38,364 [INFO] PluginManager:220 - loadIPPluginJar : add freertos
2023-05-09 06:33:38,411 [INFO] IPUIPlugin:80 - create IPUIPlugin
2023-05-09 06:33:38,411 [INFO] PluginManager:220 - loadIPPluginJar : add genericplugin
2023-05-09 06:33:38,575 [INFO] IPUIPlugin:80 - create IPUIPlugin
2023-05-09 06:33:38,576 [INFO] PluginManager:220 - loadIPPluginJar : add gfxmmu
2023-05-09 06:33:38,789 [INFO] IPUIPlugin:80 - create IPUIPlugin
2023-05-09 06:33:38,789 [INFO] PluginManager:220 - loadIPPluginJar : add gic
2023-05-09 06:33:38,818 [INFO] IPUIPlugin:80 - create IPUIPlugin
2023-05-09 06:33:38,818 [INFO] PluginManager:220 - loadIPPluginJar : add gpio
2023-05-09 06:33:38,912 [INFO] IPUIPlugin:80 - create IPUIPlugin
2023-05-09 06:33:38,912 [INFO] PluginManager:220 - loadIPPluginJar : add gtzc
2023-05-09 06:33:38,959 [INFO] IPUIPlugin:80 - create IPUIPlugin
2023-05-09 06:33:38,959 [INFO] PluginManager:220 - loadIPPluginJar : add hash
2023-05-09 06:33:39,007 [INFO] IPUIPlugin:80 - create IPUIPlugin
2023-05-09 06:33:39,007 [INFO] PluginManager:220 - loadIPPluginJar : add i2c
2023-05-09 06:33:39,053 [INFO] IPUIPlugin:80 - create IPUIPlugin
2023-05-09 06:33:39,053 [INFO] PluginManager:220 - loadIPPluginJar : add i2s
2023-05-09 06:33:39,101 [INFO] IPUIPlugin:80 - create IPUIPlugin
2023-05-09 06:33:39,101 [INFO] PluginManager:220 - loadIPPluginJar : add i3c
2023-05-09 06:33:39,274 [INFO] IPUIPlugin:80 - create IPUIPlugin
2023-05-09 06:33:39,274 [INFO] PluginManager:220 - loadIPPluginJar : add ipddr
2023-05-09 06:33:39,405 [INFO] IPUIPlugin:80 - create IPUIPlugin
2023-05-09 06:33:39,405 [INFO] PluginManager:220 - loadIPPluginJar : add linkedlist
2023-05-09 06:33:39,433 [INFO] IPUIPlugin:80 - create IPUIPlugin
2023-05-09 06:33:39,433 [INFO] PluginManager:220 - loadIPPluginJar : add lorawan
2023-05-09 06:33:39,466 [INFO] IPUIPlugin:80 - create IPUIPlugin
2023-05-09 06:33:39,466 [INFO] PluginManager:220 - loadIPPluginJar : add ltdc
2023-05-09 06:33:39,496 [INFO] IPUIPlugin:80 - create IPUIPlugin
2023-05-09 06:33:39,496 [INFO] PluginManager:220 - loadIPPluginJar : add mdma
2023-05-09 06:33:39,511 [INFO] IPUIPlugin:80 - create IPUIPlugin
2023-05-09 06:33:39,511 [INFO] PluginManager:220 - loadIPPluginJar : add nvic
2023-05-09 06:33:39,542 [INFO] IPUIPlugin:80 - create IPUIPlugin
2023-05-09 06:33:39,542 [INFO] PluginManager:220 - loadIPPluginJar : add opamp
2023-05-09 06:33:39,605 [INFO] IPUIPlugin:80 - create IPUIPlugin
2023-05-09 06:33:39,605 [INFO] PluginManager:220 - loadIPPluginJar : add openamp
2023-05-09 06:33:39,653 [INFO] IPUIPlugin:80 - create IPUIPlugin
2023-05-09 06:33:39,653 [INFO] PluginManager:220 - loadIPPluginJar : add pdm2pcm
2023-05-09 06:33:39,671 [INFO] IPUIPlugin:80 - create IPUIPlugin
2023-05-09 06:33:39,671 [INFO] PluginManager:220 - loadIPPluginJar : add plateformsettings
2023-05-09 06:33:39,700 [INFO] IPUIPlugin:80 - create IPUIPlugin
2023-05-09 06:33:39,700 [INFO] PluginManager:220 - loadIPPluginJar : add quadspi
2023-05-09 06:33:39,732 [INFO] IPUIPlugin:80 - create IPUIPlugin
2023-05-09 06:33:39,732 [INFO] PluginManager:220 - loadIPPluginJar : add resmgrutility
2023-05-09 06:33:39,779 [INFO] ThirdPartyUpdaterWithRetryManager:70 - Updater plugin not ready yet. [2/15]
2023-05-09 06:33:39,779 [INFO] IPUIPlugin:80 - create IPUIPlugin
2023-05-09 06:33:39,779 [INFO] PluginManager:220 - loadIPPluginJar : add sai
2023-05-09 06:33:39,826 [INFO] IPUIPlugin:80 - create IPUIPlugin
2023-05-09 06:33:39,826 [INFO] PluginManager:220 - loadIPPluginJar : add spi
2023-05-09 06:33:39,905 [INFO] IPUIPlugin:80 - create IPUIPlugin
2023-05-09 06:33:39,905 [INFO] PluginManager:220 - loadIPPluginJar : add stm32_wpan
2023-05-09 06:33:39,936 [INFO] IPUIPlugin:80 - create IPUIPlugin
2023-05-09 06:33:39,936 [INFO] PluginManager:220 - loadIPPluginJar : add tim
2023-05-09 06:33:39,999 [INFO] IPUIPlugin:80 - create IPUIPlugin
2023-05-09 06:33:39,999 [INFO] PluginManager:220 - loadIPPluginJar : add touchsensing
2023-05-09 06:33:40,015 [INFO] IPUIPlugin:80 - create IPUIPlugin
2023-05-09 06:33:40,015 [INFO] PluginManager:220 - loadIPPluginJar : add tracer_emb
2023-05-09 06:33:40,062 [INFO] IPUIPlugin:80 - create IPUIPlugin
2023-05-09 06:33:40,062 [INFO] PluginManager:220 - loadIPPluginJar : add ts
2023-05-09 06:33:40,078 [INFO] IPUIPlugin:80 - create IPUIPlugin
2023-05-09 06:33:40,078 [INFO] PluginManager:220 - loadIPPluginJar : add tsc
2023-05-09 06:33:40,094 [INFO] IPUIPlugin:80 - create IPUIPlugin
2023-05-09 06:33:40,094 [INFO] PluginManager:220 - loadIPPluginJar : add ucpd
2023-05-09 06:33:40,141 [INFO] IPUIPlugin:80 - create IPUIPlugin
2023-05-09 06:33:40,141 [INFO] PluginManager:220 - loadIPPluginJar : add usart
2023-05-09 06:33:40,204 [INFO] IPUIPlugin:80 - create IPUIPlugin
2023-05-09 06:33:40,204 [INFO] PluginManager:220 - loadIPPluginJar : add usbx
2023-05-09 06:33:40,408 [INFO] CADModel:165 - CPN selected for project level
2023-05-09 06:33:40,408 [INFO] CADModel:114 - Register for checkConnection events
2023-05-09 06:33:40,408 [FATAL] Updater:308 - Updater called before beeing initialized
2023-05-09 06:33:40,408 [ERROR] CADModel:125 - Updater not yet initialized, retry later 
2023-05-09 06:33:40,722 [INFO] CADModel:165 - CPN selected for project level
2023-05-09 06:33:40,722 [INFO] CADModel:114 - Register for checkConnection events
2023-05-09 06:33:40,722 [FATAL] Updater:308 - Updater called before beeing initialized
2023-05-09 06:33:40,722 [ERROR] CADModel:125 - Updater not yet initialized, retry later 
2023-05-09 06:33:40,722 [FATAL] Updater:308 - Updater called before beeing initialized
2023-05-09 06:33:40,896 [FATAL] Updater:308 - Updater called before beeing initialized
2023-05-09 06:33:40,896 [INFO] DbMcusAds:53 - JSON generation date=Tue Mar 07 14:20:54 IST 2023 (1678179054945)
2023-05-09 06:33:40,896 [FATAL] Updater:308 - Updater called before beeing initialized
2023-05-09 06:33:41,133 [WARN] DetailPanel:346 - Failed to get advertising image, set to default
2023-05-09 06:33:41,243 [FATAL] Updater:308 - Updater called before beeing initialized
2023-05-09 06:33:41,259 [FATAL] Updater:308 - Updater called before beeing initialized
2023-05-09 06:33:41,259 [FATAL] Updater:308 - Updater called before beeing initialized
2023-05-09 06:33:41,259 [WARN] DetailPanel:346 - Failed to get advertising image, set to default
2023-05-09 06:33:41,259 [FATAL] Updater:308 - Updater called before beeing initialized
2023-05-09 06:33:41,400 [ERROR] Updater:1120 - MainUpdater not yet initialized. External WinMGr cannot be set.
2023-05-09 06:33:41,432 [INFO] Updater:1056 - Updater Version found : 6.8.1
2023-05-09 06:33:41,447 [INFO] ApplicationProperties:184 - Using Application install path: D:\ST\STM32CubeIDE_1.12.1\STM32CubeIDE\plugins\com.st.stm32cube.common.mx_6.8.1.202304191431
2023-05-09 06:33:41,653 [INFO] MainUpdater:2854 - connection check result : 10
2023-05-09 06:33:41,653 [INFO] MainUpdater:283 - Updater Check For Update Now.
2023-05-09 06:33:41,662 [INFO] MicroXplorer:498 - Change Database Version : DB.6.0.81
2023-05-09 06:33:41,876 [INFO] CheckServerUpdateThread:120 - End of CheckServer Thread
2023-05-09 06:33:41,955 [INFO] MainUpdater:2854 - connection check result : 10
2023-05-09 06:33:43,385 [WARN] PackLoader:240 - Cannot read IP mode file for STMicroelectronics.X-CUBE-GNSS1.6.0.0
2023-05-09 06:33:43,409 [INFO] ApiDb:581 - Connected to CubeFinder SQLite database (C:\Users\DELL\.stmcufinder\plugins\mcufinder\mcu\cube-finder-db.db)
2023-05-09 06:33:43,473 [WARN] PackLoader:240 - Cannot read IP mode file for STMicroelectronics.X-CUBE-AZRTOS-F4.1.1.0
2023-05-09 06:33:43,507 [WARN] PackLoader:240 - Cannot read IP mode file for STMicroelectronics.X-CUBE-SMBUS.2.1.0
2023-05-09 06:33:43,533 [WARN] PackLoader:240 - Cannot read IP mode file for wolfSSL.I-CUBE-wolfSSL.5.6.0
2023-05-09 06:33:43,596 [WARN] PackLoader:240 - Cannot read IP mode file for STMicroelectronics.X-CUBE-AZRTOS-F7.1.1.0
2023-05-09 06:33:43,644 [INFO] ApiDb:668 - CubeFinder database Data Model version=2.1
2023-05-09 06:33:43,644 [INFO] ApiDb:669 - CubeFinder database Configuration version=3.0.35
2023-05-09 06:33:43,657 [INFO] ApiDb:670 - CubeFinder database generation date=2023-04-03 (1680511692)
2023-05-09 06:33:43,658 [INFO] ApiDb:671 - CubeFinder database FW Pack versions=[FP-ATR-ASTRA1_V2.0.0, STM32Cube_FW_C0_V1.0.1, STM32Cube_FW_F0_V1.11.4, STM32Cube_FW_F3_V1.11.4, STM32Cube_FW_F4_V1.27.1, STM32Cube_FW_F7_V1.17.0, STM32Cube_FW_G0_V1.6.1, STM32Cube_FW_G4_V1.5.1, STM32Cube_FW_H5_V0.5.1, STM32Cube_FW_H5_V1.0.0, STM32Cube_FW_H7_V1.11.0, STM32Cube_FW_L0_V1.12.2, STM32Cube_FW_L5_V1.5.0, STM32Cube_FW_U5_V1.2.0, STM32Cube_FW_WBA_V1.0.0, STM32Cube_FW_WBA_V1.0.0RC1, STM32Cube_FW_WBA_V1.0.0RC3, STM32Cube_FW_WB_V1.15.0RC1, STM32Cube_FW_WB_V1.16.0, STM32Cube_FW_WB_V1.16.0RC2, STM32Cube_FW_WL_V1.3.0, X-CUBE-ALGOBUILD_V1.3.0, X-CUBE-ALS_V1.0.1, X-CUBE-AZRTOS-F4_V1.1.0, X-CUBE-AZRTOS-F7_V1.1.0, X-CUBE-AZRTOS-G0_V1.1.0, X-CUBE-AZRTOS-G4_V1.0.0, X-CUBE-AZRTOS-H7_V3.0.0, X-CUBE-AZRTOS-L4_V1.0.0, X-CUBE-AZRTOS-L5_V1.1.0, X-CUBE-AZRTOS-WB_V1.1.0, X-CUBE-AZRTOS-WL_V1.0.0, X-CUBE-BLE1_V6.2.4, X-CUBE-BLE2_V3.3.0, X-CUBE-BLEMGR_V1.3.0, X-CUBE-EEPRMA1_V4.1.0, X-CUBE-FREERTOS_V1.0.1, X-CUBE-GNSS1_V6.0.0, X-CUBE-MEMS1_V9.1.0, X-CUBE-MEMS1_V9.4.0, X-CUBE-MEMS1_V9.5.0, X-CUBE-NFC4_V3.0.0, X-CUBE-NFC7_V1.0.0, X-CUBE-SFXS2LP1_V4.0.0, X-CUBE-SUBG2_V5.0.0]
2023-05-09 06:33:43,786 [WARN] PackLoader:240 - Cannot read IP mode file for STMicroelectronics.X-CUBE-MEMS1.9.6.0
2023-05-09 06:33:44,034 [INFO] DbBoardsSqlite:226 - include board P-NUCLEO-WB55-NUCLEO as a kit item of type 'Nucleo-64'
2023-05-09 06:33:44,040 [INFO] DbBoardsSqlite:226 - include board P-NUCLEO-WB55-USBDONGLE as a kit item of type 'Nucleo USB Dongle'
2023-05-09 06:33:44,051 [INFO] DbBoardsSqlite:226 - include board STEVAL-IDP005V1 as a kit item of type 'Evaluation Board'
2023-05-09 06:33:44,051 [INFO] DbBoardsSqlite:226 - include board STEVAL-IDP005V2 as a kit item of type 'Evaluation Board'
2023-05-09 06:33:44,231 [ERROR] RealEvaluatedCondition:428 - Found unsupported composite condition: CLASS='Data Exchange' GROUP='STM32_MetaDataManager'
2023-05-09 06:33:44,231 [ERROR] RealEvaluatedCondition:428 - Found unsupported composite condition: CLASS='Data Exchange' GROUP='STM32_MetaDataManager'
2023-05-09 06:33:44,231 [WARN] PackLoader:240 - Cannot read IP mode file for STMicroelectronics.FP-SNS-MOTENV1.4.3.0
2023-05-09 06:33:44,267 [WARN] PackLoader:240 - Cannot read IP mode file for STMicroelectronics.FP-SNS-FLIGHT1.5.0.0
2023-05-09 06:33:44,298 [WARN] PackLoader:240 - Cannot read IP mode file for STMicroelectronics.X-CUBE-BLE1.6.2.4
2023-05-09 06:33:44,337 [WARN] PackLoader:240 - Cannot read IP mode file for emotas.I-CUBE-CANOPEN.1.1.3
2023-05-09 06:33:44,375 [WARN] PackLoader:240 - Cannot read IP mode file for STMicroelectronics.X-CUBE-BLEMGR.2.0.0
2023-05-09 06:33:44,441 [WARN] ConditionMgr:438 - getConditionDescription Invalid condition id : UX DEVICE CLASS RTOS Condition cause : null
2023-05-09 06:33:44,451 [WARN] ConditionMgr:438 - getConditionDescription Invalid condition id : UX DEVICE CLASS RTOS Condition cause : null
2023-05-09 06:33:44,467 [WARN] PackLoader:240 - Cannot read IP mode file for STMicroelectronics.X-CUBE-AZRTOS-H7.3.1.0
2023-05-09 06:33:44,472 [WARN] ConditionMgr:1039 - genDependencies : Invalid condition id : UX DEVICE CLASS RTOS Condition cause : null
2023-05-09 06:33:44,472 [WARN] ConditionMgr:1039 - genDependencies : Invalid condition id : UX DEVICE CLASS RTOS Condition cause : null
2023-05-09 06:33:44,474 [WARN] ConditionMgr:1039 - genDependencies : Invalid condition id : UX DEVICE CLASS RTOS Condition cause : null
2023-05-09 06:33:44,475 [WARN] ConditionMgr:1039 - genDependencies : Invalid condition id : UX DEVICE CLASS RTOS Condition cause : null
2023-05-09 06:33:44,475 [WARN] ConditionMgr:1039 - genDependencies : Invalid condition id : UX DEVICE CLASS RTOS Condition cause : null
2023-05-09 06:33:44,546 [WARN] PackLoader:240 - Cannot read IP mode file for STMicroelectronics.X-CUBE-DISPLAY.3.0.0
2023-05-09 06:33:44,657 [WARN] PackLoader:240 - Cannot read IP mode file for STMicroelectronics.X-CUBE-NFC7.1.0.0
2023-05-09 06:33:44,690 [WARN] PackLoader:240 - Cannot read IP mode file for STMicroelectronics.X-CUBE-EEPRMA1.4.1.0
2023-05-09 06:33:44,799 [WARN] PackLoader:240 - Cannot read IP mode file for WES.I-CUBE-Cesium.1.3.0
2023-05-09 06:33:44,873 [WARN] PackLoader:240 - Cannot read IP mode file for STMicroelectronics.X-CUBE-SFXS2LP1.4.0.0
2023-05-09 06:33:44,934 [WARN] PackLoader:240 - Cannot read IP mode file for STMicroelectronics.X-CUBE-BLE2.3.3.0
2023-05-09 06:33:44,942 [INFO] ApiDb:240 - Found 297 in-development CPN: [B-G473E-ZEST1S, B-WB1M-WPAN1, B-WL5M-SUBG1, NUCLEO-C031C6, NUCLEO-H503RB, NUCLEO-H563ZI, NUCLEO-U545RE-Q, NUCLEO-U5A5ZJ-Q, NUCLEO-WBA52CG, STEVAL-PROTEUS1, STEVAL-STWINBX1, STM320518-EVAL, STM32C0116-DK, STM32C011D6Y3TR, STM32C011D6Y6TR, STM32C011F4P3, STM32C011F4P6, STM32C011F4U3, STM32C011F4U6TR, STM32C011F6P3, STM32C011F6P6, STM32C011F6U3, STM32C011F6U6TR, STM32C011J4M3, STM32C011J4M6, STM32C011J6M3, STM32C011J6M6, STM32C0316-DK, STM32C031C4T3, STM32C031C4T6, STM32C031C4U3, STM32C031C4U6, STM32C031C6T3, STM32C031C6T6, STM32C031C6U3, STM32C031C6U6, STM32C031F4P3, STM32C031F4P6, STM32C031F6P3, STM32C031F6P6, STM32C031G4U3, STM32C031G4U6, STM32C031G6U3, STM32C031G6U6, STM32C031K4T3, STM32C031K4T6, STM32C031K4U3, STM32C031K4U6, STM32C031K6T3, STM32C031K6T6, STM32C031K6U3, STM32C031K6U6, STM32G071K8TXN, STM32G071K8UXN, STM32G081GBU6N, STM32G081KBT6N, STM32G081KBUXN, STM32G0B1CCT6N, STM32G0B1KCT6, STM32G0B1NEY6TR, STM32G0B1RCT6N, STM32G0C1CCT6, STM32G0C1CCT6N, STM32G0C1CCU6N, STM32G0C1CET6N, STM32G0C1CEU6N, STM32G0C1KCT6, STM32G0C1NEY6TR, STM32G0C1RCI6N, STM32G0C1RCT6N, STM32G0C1REI6N, STM32G0C1RET6N, STM32G0C1VCI6, STM32G0C1VEI6, STM32G471CCT6, STM32G471CCU6, STM32G471CET3, STM32G471CET6, STM32G471CEU3, STM32G471CEU6, STM32G471MCT6, STM32G471MET3, STM32G471MET6, STM32G471MEY6TR, STM32G471QCT6, STM32G471QET3, STM32G471RCT6, STM32G471RET3, STM32G471RET6, STM32G471VCH6, STM32G471VCI6, STM32G471VCT6, STM32G471VEH3, STM32G471VEH6, STM32G471VEI3, STM32G471VEI6, STM32G471VET3, STM32G471VET6, STM32G474CCT6, STM32H503CBT6, STM32H503CBU6, STM32H503EBY6TR, STM32H503KBU6, STM32H503RBT6, STM32H562AGI6, STM32H562AII6, STM32H562IGK6, STM32H562IGT6, STM32H562IIK6, STM32H562IIT6, STM32H562RGT6, STM32H562RGV6, STM32H562RIT6, STM32H562RIV6, STM32H562VGT6, STM32H562VIT6, STM32H562ZGT6, STM32H562ZIT6, STM32H563AGI6, STM32H563AII3Q, STM32H563AII6, STM32H563IGK6, STM32H563IGT6, STM32H563IIK3Q, STM32H563IIK6, STM32H563IIT3Q, STM32H563IIT6, STM32H563MIY3QTR, STM32H563RGT6, STM32H563RGV6, STM32H563RIT6, STM32H563RIV6, STM32H563VGT6, STM32H563VIT3Q, STM32H563VIT6, STM32H563ZGT6, STM32H563ZIT3Q, STM32H563ZIT6, STM32H573AII3Q, STM32H573AII6, STM32H573I-DK, STM32H573IIK3Q, STM32H573IIK6, STM32H573IIT3Q, STM32H573IIT6, STM32H573MIY3QTR, STM32H573RIT6, STM32H573RIV6, STM32H573VIT3Q, STM32H573VIT6, STM32H573ZIT3Q, STM32H573ZIT6, STM32L4R5QGI6STR, STM32MP131AAE3, STM32MP131AAF3, STM32MP131AAG3, STM32MP131CAE3, STM32MP131CAF3, STM32MP131CAG3, STM32MP131DAE7, STM32MP131DAF7, STM32MP131DAG7, STM32MP131FAE7, STM32MP131FAF7, STM32MP131FAG7, STM32MP133AAE3, STM32MP133AAF3, STM32MP133AAG3, STM32MP133CAE3, STM32MP133CAF3, STM32MP133CAG3, STM32MP133DAE7, STM32MP133DAF7, STM32MP133DAG7, STM32MP133FAE7, STM32MP133FAF7, STM32MP133FAG7, STM32MP135AAE3, STM32MP135AAF3, STM32MP135AAG3, STM32MP135CAE3, STM32MP135CAF3, STM32MP135CAG3, STM32MP135DAE7, STM32MP135DAF7, STM32MP135DAG7, STM32MP135F-DK, STM32MP135FAE7, STM32MP135FAF7, STM32MP135FAF7T, STM32MP135FAF7U, STM32MP135FAG7, STM32U535CBT6, STM32U535CBT6Q, STM32U535CBU6, STM32U535CBU6Q, STM32U535CCT6, STM32U535CCT6Q, STM32U535CCU6, STM32U535CCU6Q, STM32U535CET6, STM32U535CET6Q, STM32U535CEU6, STM32U535CEU6Q, STM32U535JEY6QTR, STM32U535NCY6QTR, STM32U535NEY6QTR, STM32U535RBI6, STM32U535RBI6Q, STM32U535RBT6, STM32U535RBT6Q, STM32U535RCI6, STM32U535RCI6Q, STM32U535RCT6, STM32U535RCT6Q, STM32U535REI6, STM32U535REI6Q, STM32U535RET6, STM32U535RET6Q, STM32U535VCI6, STM32U535VCI6Q, STM32U535VCT6, STM32U535VCT6Q, STM32U535VEI6, STM32U535VEI6Q, STM32U535VET6, STM32U535VET6Q, STM32U545CET6, STM32U545CET6Q, STM32U545CEU6, STM32U545CEU6Q, STM32U545JEY6QTR, STM32U545NEY6QTR, STM32U545REI6, STM32U545REI6Q, STM32U545RET6, STM32U545RET6Q, STM32U545VEI6, STM32U545VEI6Q, STM32U545VET6, STM32U545VET6Q, STM32U595AIH6, STM32U595AIH6Q, STM32U595AJH6, STM32U595AJH6Q, STM32U595QII6, STM32U595QII6Q, STM32U595QJI6, STM32U595QJI6Q, STM32U595RIT6, STM32U595RIT6Q, STM32U595RJT6, STM32U595RJT6Q, STM32U595VIT6, STM32U595VIT6Q, STM32U595VJT6, STM32U595VJT6Q, STM32U595ZIT6, STM32U595ZIT6Q, STM32U595ZIY6QTR, STM32U595ZJT6, STM32U595ZJT6Q, STM32U595ZJY6QTR, STM32U599BJY6QTR, STM32U599NIH6Q, STM32U599NJH6Q, STM32U599VIT6Q, STM32U599VJT6, STM32U599VJT6Q, STM32U599ZIT6Q, STM32U599ZIY6QTR, STM32U599ZJT6Q, STM32U599ZJY6QTR, STM32U5A5AJH6, STM32U5A5AJH6Q, STM32U5A5QJI6, STM32U5A5QJI6Q, STM32U5A5RJT6, STM32U5A5RJT6Q, STM32U5A5VJT6, STM32U5A5VJT6Q, STM32U5A5ZJT6, STM32U5A5ZJT6Q, STM32U5A5ZJY6QTR, STM32U5A9BJY6QTR, STM32U5A9J-DK, STM32U5A9NJH6Q, STM32U5A9VJT6Q, STM32U5A9ZJT6Q, STM32U5A9ZJY6QTR, STM32WB1MMCH6, STM32WBA52CEU6, STM32WBA52CEU6T, STM32WBA52CGU6, STM32WBA52CGU6T, STM32WL5MOCH6, STM32WL5MOCH6TR]
2023-05-09 06:33:44,942 [WARN] PackLoader:240 - Cannot read IP mode file for STMicroelectronics.X-CUBE-ISPU.1.1.0
2023-05-09 06:33:44,973 [WARN] PackLoader:240 - Cannot read IP mode file for STMicroelectronics.X-CUBE-AI.8.0.0
2023-05-09 06:33:44,995 [WARN] PackLoader:240 - Cannot read IP mode file for STMicroelectronics.X-CUBE-FREERTOS.1.0.1
2023-05-09 06:33:45,005 [WARN] PackLoader:240 - Cannot read IP mode file for STMicroelectronics.X-CUBE-TOUCHGFX.4.21.3
2023-05-09 06:33:45,020 [WARN] PackLoader:240 - Cannot read IP mode file for STMicroelectronics.X-CUBE-ALGOBUILD.1.3.0
2023-05-09 06:33:45,068 [WARN] PackLoader:240 - Cannot read IP mode file for STMicroelectronics.X-CUBE-AZRTOS-L5.1.1.0
2023-05-09 06:33:45,116 [WARN] PackLoader:240 - Cannot read IP mode file for STMicroelectronics.X-CUBE-AZRTOS-G0.1.1.0
2023-05-09 06:33:45,131 [WARN] PackLoader:240 - Cannot read IP mode file for STMicroelectronics.X-CUBE-SUBG2.5.0.0
2023-05-09 06:33:45,163 [WARN] PackLoader:240 - Cannot read IP mode file for STMicroelectronics.X-CUBE-NFC4.3.0.0
2023-05-09 06:33:45,241 [WARN] PackLoader:240 - Cannot read IP mode file for STMicroelectronics.X-CUBE-AZRTOS-G4.2.0.0
2023-05-09 06:33:45,289 [WARN] PackLoader:240 - Cannot read IP mode file for STMicroelectronics.X-CUBE-TOF1.3.3.0
2023-05-09 06:33:45,321 [WARN] PackLoader:240 - Cannot read IP mode file for STMicroelectronics.FP-ATR-SIGFOX1.3.2.0
2023-05-09 06:33:45,336 [INFO] BoardInfo:880 - No configuration file found for board P-NUCLEO-WB55
2023-05-09 06:33:45,336 [INFO] DbBoards:157 - Kit is not supported: P-NUCLEO-WB55
2023-05-09 06:33:45,336 [INFO] BoardInfo:880 - No configuration file found for board STEVAL-BFA001V1B
2023-05-09 06:33:45,336 [INFO] DbBoards:157 - Kit is not supported: STEVAL-BFA001V1B
2023-05-09 06:33:45,336 [INFO] BoardInfo:880 - No configuration file found for board STEVAL-BFA001V2B
2023-05-09 06:33:45,336 [INFO] DbBoards:157 - Kit is not supported: STEVAL-BFA001V2B
2023-05-09 06:33:45,363 [WARN] PackLoader:240 - Cannot read IP mode file for STMicroelectronics.X-CUBE-AZRTOS-L4.1.0.0
2023-05-09 06:33:45,399 [WARN] PackLoader:240 - Cannot read IP mode file for STMicroelectronics.X-CUBE-AZRTOS-WL.1.0.0
2023-05-09 06:33:45,415 [WARN] PackLoader:240 - Cannot read IP mode file for STMicroelectronics.X-CUBE-ALS.1.0.1
2023-05-09 06:33:45,478 [WARN] PackLoader:240 - Cannot read IP mode file for STMicroelectronics.X-CUBE-AZRTOS-WB.1.1.0
2023-05-09 06:33:45,667 [INFO] DbBoards:161 - Found 187 boards, 184 are supported
2023-05-09 06:33:45,777 [WARN] PackLoader:240 - Cannot read IP mode file for SEGGER.I-CUBE-embOS.1.3.1
2023-05-09 06:33:45,798 [INFO] ApiDb:668 - CubeFinder database Data Model version=2.1
2023-05-09 06:33:45,798 [INFO] ApiDb:669 - CubeFinder database Configuration version=3.0.35
2023-05-09 06:33:45,798 [INFO] ApiDb:670 - CubeFinder database generation date=2023-04-03 (1680511692)
2023-05-09 06:33:45,798 [INFO] ApiDb:671 - CubeFinder database FW Pack versions=[FP-ATR-ASTRA1_V2.0.0, STM32Cube_FW_C0_V1.0.1, STM32Cube_FW_F0_V1.11.4, STM32Cube_FW_F3_V1.11.4, STM32Cube_FW_F4_V1.27.1, STM32Cube_FW_F7_V1.17.0, STM32Cube_FW_G0_V1.6.1, STM32Cube_FW_G4_V1.5.1, STM32Cube_FW_H5_V0.5.1, STM32Cube_FW_H5_V1.0.0, STM32Cube_FW_H7_V1.11.0, STM32Cube_FW_L0_V1.12.2, STM32Cube_FW_L5_V1.5.0, STM32Cube_FW_U5_V1.2.0, STM32Cube_FW_WBA_V1.0.0, STM32Cube_FW_WBA_V1.0.0RC1, STM32Cube_FW_WBA_V1.0.0RC3, STM32Cube_FW_WB_V1.15.0RC1, STM32Cube_FW_WB_V1.16.0, STM32Cube_FW_WB_V1.16.0RC2, STM32Cube_FW_WL_V1.3.0, X-CUBE-ALGOBUILD_V1.3.0, X-CUBE-ALS_V1.0.1, X-CUBE-AZRTOS-F4_V1.1.0, X-CUBE-AZRTOS-F7_V1.1.0, X-CUBE-AZRTOS-G0_V1.1.0, X-CUBE-AZRTOS-G4_V1.0.0, X-CUBE-AZRTOS-H7_V3.0.0, X-CUBE-AZRTOS-L4_V1.0.0, X-CUBE-AZRTOS-L5_V1.1.0, X-CUBE-AZRTOS-WB_V1.1.0, X-CUBE-AZRTOS-WL_V1.0.0, X-CUBE-BLE1_V6.2.4, X-CUBE-BLE2_V3.3.0, X-CUBE-BLEMGR_V1.3.0, X-CUBE-EEPRMA1_V4.1.0, X-CUBE-FREERTOS_V1.0.1, X-CUBE-GNSS1_V6.0.0, X-CUBE-MEMS1_V9.1.0, X-CUBE-MEMS1_V9.4.0, X-CUBE-MEMS1_V9.5.0, X-CUBE-NFC4_V3.0.0, X-CUBE-NFC7_V1.0.0, X-CUBE-SFXS2LP1_V4.0.0, X-CUBE-SUBG2_V5.0.0]
2023-05-09 06:33:45,903 [WARN] PackLoader:240 - Cannot read IP mode file for STMicroelectronics.FP-ATR-ASTRA1.2.0.0
2023-05-09 06:33:45,903 [INFO] ThirdParty:978 - Integrity check success = true
2023-05-09 06:33:45,903 [INFO] IntegrityCheckThread:100 - exiting critical section [integrity check]
2023-05-09 06:33:45,903 [INFO] IntegrityCheckThread:103 - End integrity checks thread
2023-05-09 06:33:47,729 [INFO] ApiDb:240 - Found 297 in-development CPN: [B-G473E-ZEST1S, B-WB1M-WPAN1, B-WL5M-SUBG1, NUCLEO-C031C6, NUCLEO-H503RB, NUCLEO-H563ZI, NUCLEO-U545RE-Q, NUCLEO-U5A5ZJ-Q, NUCLEO-WBA52CG, STEVAL-PROTEUS1, STEVAL-STWINBX1, STM320518-EVAL, STM32C0116-DK, STM32C011D6Y3TR, STM32C011D6Y6TR, STM32C011F4P3, STM32C011F4P6, STM32C011F4U3, STM32C011F4U6TR, STM32C011F6P3, STM32C011F6P6, STM32C011F6U3, STM32C011F6U6TR, STM32C011J4M3, STM32C011J4M6, STM32C011J6M3, STM32C011J6M6, STM32C0316-DK, STM32C031C4T3, STM32C031C4T6, STM32C031C4U3, STM32C031C4U6, STM32C031C6T3, STM32C031C6T6, STM32C031C6U3, STM32C031C6U6, STM32C031F4P3, STM32C031F4P6, STM32C031F6P3, STM32C031F6P6, STM32C031G4U3, STM32C031G4U6, STM32C031G6U3, STM32C031G6U6, STM32C031K4T3, STM32C031K4T6, STM32C031K4U3, STM32C031K4U6, STM32C031K6T3, STM32C031K6T6, STM32C031K6U3, STM32C031K6U6, STM32G071K8TXN, STM32G071K8UXN, STM32G081GBU6N, STM32G081KBT6N, STM32G081KBUXN, STM32G0B1CCT6N, STM32G0B1KCT6, STM32G0B1NEY6TR, STM32G0B1RCT6N, STM32G0C1CCT6, STM32G0C1CCT6N, STM32G0C1CCU6N, STM32G0C1CET6N, STM32G0C1CEU6N, STM32G0C1KCT6, STM32G0C1NEY6TR, STM32G0C1RCI6N, STM32G0C1RCT6N, STM32G0C1REI6N, STM32G0C1RET6N, STM32G0C1VCI6, STM32G0C1VEI6, STM32G471CCT6, STM32G471CCU6, STM32G471CET3, STM32G471CET6, STM32G471CEU3, STM32G471CEU6, STM32G471MCT6, STM32G471MET3, STM32G471MET6, STM32G471MEY6TR, STM32G471QCT6, STM32G471QET3, STM32G471RCT6, STM32G471RET3, STM32G471RET6, STM32G471VCH6, STM32G471VCI6, STM32G471VCT6, STM32G471VEH3, STM32G471VEH6, STM32G471VEI3, STM32G471VEI6, STM32G471VET3, STM32G471VET6, STM32G474CCT6, STM32H503CBT6, STM32H503CBU6, STM32H503EBY6TR, STM32H503KBU6, STM32H503RBT6, STM32H562AGI6, STM32H562AII6, STM32H562IGK6, STM32H562IGT6, STM32H562IIK6, STM32H562IIT6, STM32H562RGT6, STM32H562RGV6, STM32H562RIT6, STM32H562RIV6, STM32H562VGT6, STM32H562VIT6, STM32H562ZGT6, STM32H562ZIT6, STM32H563AGI6, STM32H563AII3Q, STM32H563AII6, STM32H563IGK6, STM32H563IGT6, STM32H563IIK3Q, STM32H563IIK6, STM32H563IIT3Q, STM32H563IIT6, STM32H563MIY3QTR, STM32H563RGT6, STM32H563RGV6, STM32H563RIT6, STM32H563RIV6, STM32H563VGT6, STM32H563VIT3Q, STM32H563VIT6, STM32H563ZGT6, STM32H563ZIT3Q, STM32H563ZIT6, STM32H573AII3Q, STM32H573AII6, STM32H573I-DK, STM32H573IIK3Q, STM32H573IIK6, STM32H573IIT3Q, STM32H573IIT6, STM32H573MIY3QTR, STM32H573RIT6, STM32H573RIV6, STM32H573VIT3Q, STM32H573VIT6, STM32H573ZIT3Q, STM32H573ZIT6, STM32L4R5QGI6STR, STM32MP131AAE3, STM32MP131AAF3, STM32MP131AAG3, STM32MP131CAE3, STM32MP131CAF3, STM32MP131CAG3, STM32MP131DAE7, STM32MP131DAF7, STM32MP131DAG7, STM32MP131FAE7, STM32MP131FAF7, STM32MP131FAG7, STM32MP133AAE3, STM32MP133AAF3, STM32MP133AAG3, STM32MP133CAE3, STM32MP133CAF3, STM32MP133CAG3, STM32MP133DAE7, STM32MP133DAF7, STM32MP133DAG7, STM32MP133FAE7, STM32MP133FAF7, STM32MP133FAG7, STM32MP135AAE3, STM32MP135AAF3, STM32MP135AAG3, STM32MP135CAE3, STM32MP135CAF3, STM32MP135CAG3, STM32MP135DAE7, STM32MP135DAF7, STM32MP135DAG7, STM32MP135F-DK, STM32MP135FAE7, STM32MP135FAF7, STM32MP135FAF7T, STM32MP135FAF7U, STM32MP135FAG7, STM32U535CBT6, STM32U535CBT6Q, STM32U535CBU6, STM32U535CBU6Q, STM32U535CCT6, STM32U535CCT6Q, STM32U535CCU6, STM32U535CCU6Q, STM32U535CET6, STM32U535CET6Q, STM32U535CEU6, STM32U535CEU6Q, STM32U535JEY6QTR, STM32U535NCY6QTR, STM32U535NEY6QTR, STM32U535RBI6, STM32U535RBI6Q, STM32U535RBT6, STM32U535RBT6Q, STM32U535RCI6, STM32U535RCI6Q, STM32U535RCT6, STM32U535RCT6Q, STM32U535REI6, STM32U535REI6Q, STM32U535RET6, STM32U535RET6Q, STM32U535VCI6, STM32U535VCI6Q, STM32U535VCT6, STM32U535VCT6Q, STM32U535VEI6, STM32U535VEI6Q, STM32U535VET6, STM32U535VET6Q, STM32U545CET6, STM32U545CET6Q, STM32U545CEU6, STM32U545CEU6Q, STM32U545JEY6QTR, STM32U545NEY6QTR, STM32U545REI6, STM32U545REI6Q, STM32U545RET6, STM32U545RET6Q, STM32U545VEI6, STM32U545VEI6Q, STM32U545VET6, STM32U545VET6Q, STM32U595AIH6, STM32U595AIH6Q, STM32U595AJH6, STM32U595AJH6Q, STM32U595QII6, STM32U595QII6Q, STM32U595QJI6, STM32U595QJI6Q, STM32U595RIT6, STM32U595RIT6Q, STM32U595RJT6, STM32U595RJT6Q, STM32U595VIT6, STM32U595VIT6Q, STM32U595VJT6, STM32U595VJT6Q, STM32U595ZIT6, STM32U595ZIT6Q, STM32U595ZIY6QTR, STM32U595ZJT6, STM32U595ZJT6Q, STM32U595ZJY6QTR, STM32U599BJY6QTR, STM32U599NIH6Q, STM32U599NJH6Q, STM32U599VIT6Q, STM32U599VJT6, STM32U599VJT6Q, STM32U599ZIT6Q, STM32U599ZIY6QTR, STM32U599ZJT6Q, STM32U599ZJY6QTR, STM32U5A5AJH6, STM32U5A5AJH6Q, STM32U5A5QJI6, STM32U5A5QJI6Q, STM32U5A5RJT6, STM32U5A5RJT6Q, STM32U5A5VJT6, STM32U5A5VJT6Q, STM32U5A5ZJT6, STM32U5A5ZJT6Q, STM32U5A5ZJY6QTR, STM32U5A9BJY6QTR, STM32U5A9J-DK, STM32U5A9NJH6Q, STM32U5A9VJT6Q, STM32U5A9ZJT6Q, STM32U5A9ZJY6QTR, STM32WB1MMCH6, STM32WBA52CEU6, STM32WBA52CEU6T, STM32WBA52CGU6, STM32WBA52CGU6T, STM32WL5MOCH6, STM32WL5MOCH6TR]
2023-05-09 06:33:47,743 [INFO] DbMcus:216 - Found 3775 MCUs, 3775 are supported
2023-05-09 06:33:47,745 [INFO] ApiDb:423 - Load user favorites file C:\Users\DELL/.stm32cubeide/favorites.mcus.txt: 1 item(s)
2023-05-09 06:33:47,745 [INFO] ApiDb:427 - User favorites MCUs=[STM32F411RET6]
2023-05-09 06:33:47,745 [INFO] DbMcus:222 - Set 1 / 1 favorites MCUs
2023-05-09 06:33:48,044 [INFO] ApiDb:423 - Load user favorites file C:\Users\DELL/.stm32cubeide/favorites.boards.txt: 0 item(s)
2023-05-09 06:33:48,044 [INFO] ApiDb:427 - User favorites Boards=[]
2023-05-09 06:33:48,044 [INFO] DbBoards:190 - Set 0 / 0 favorites Boards
2023-05-09 06:33:48,044 [INFO] McuFinderGlobals:66 - Set McuFinderConnectedMode to true
2023-05-09 06:33:48,044 [INFO] MultiScanPanel:200 - Auto-refresh data requested => check proxy status ongoing
2023-05-09 06:33:48,091 [INFO] FinderPluginLoader:95 - Searching for filters in installed packs
2023-05-09 06:33:50,741 [INFO] LoadUrlFilesThread:185 - End of LoadServerUrlFiles without Thread
2023-05-09 06:33:50,805 [INFO] DetailPanel:341 - Set advertising image to C:/Users/DELL/STM32Cube/Repository/\en.prom-stm32h5-mcu-finder.jpg
2023-05-09 06:33:53,284 [ERROR] LogOutputStream:75 - [STDERR_REDIRECT] SLF4J: Failed to load class "org.slf4j.impl.StaticLoggerBinder".
2023-05-09 06:33:53,284 [ERROR] LogOutputStream:75 - [STDERR_REDIRECT] SLF4J: Defaulting to no-operation (NOP) logger implementation
2023-05-09 06:33:53,292 [ERROR] LogOutputStream:75 - [STDERR_REDIRECT] SLF4J: See http://www.slf4j.org/codes.html#StaticLoggerBinder for further details.
2023-05-09 06:34:37,783 [INFO] MainUpdater:2854 - connection check result : 10
2023-05-09 06:34:37,783 [INFO] MainUpdater:2854 - connection check result : 10
2023-05-09 06:34:37,848 [INFO] MicroXplorer:468 - Change Database Path : 
2023-05-09 06:34:37,848 [INFO] MicroXplorer:498 - Change Database Version : DB.6.0.81
2023-05-09 06:34:37,851 [WARN] ThirdParty:871 - waiting for thirdparty lock release [close project]
2023-05-09 06:34:37,851 [INFO] ThirdParty:873 - entering critical section [close project]
2023-05-09 06:34:37,851 [INFO] ThirdParty:883 - exiting critical section [close project]
2023-05-09 06:34:37,894 [INFO] PinOutPanel:1499 - setPackage(No Configuration,No Configuration)
2023-05-09 06:34:37,909 [INFO] UtilMem:75 - Begin LoadConfig() Used Memory: 473155624 Bytes (484442112)
2023-05-09 06:34:37,909 [INFO] MicroXplorer:468 - Change Database Path : 
2023-05-09 06:34:37,909 [INFO] MicroXplorer:498 - Change Database Version : DB.6.0.81
2023-05-09 06:34:37,909 [INFO] OpenFileManager:308 - Change cursor
2023-05-09 06:34:38,823 [INFO] Mcu:1937 - Initializing MCU STM32F411RETx STM32F411RETx 
2023-05-09 06:34:38,823 [INFO] Mcu:1950 - No CPN specified => set CPN to STM32F411RET6
2023-05-09 06:34:42,262 [INFO] Context:659 - Trying to add GPIOservice into a context  which must be forbidden
2023-05-09 06:34:43,129 [INFO] ImportTextPane:194 - (OptionalMessage_ERROR) Unable to find key (Mcu.ThirdPartyNb) in loaded IOC file
2023-05-09 06:34:43,129 [INFO] ImportTextPane:194 - (OptionalMessage_ERROR) Unable to find key (Mcu.PinsNb) in loaded IOC file
2023-05-09 06:34:43,129 [INFO] ImportTextPane:194 - (OptionalMessage_ERROR) Unable to find key (Mcu.IPNb) in loaded IOC file
2023-05-09 06:34:43,916 [INFO] RtosManager:555 - Registered RTOS mode: class=CMSIS, group=RTOS, mode=CMSIS_V1, owner=FREERTOS
2023-05-09 06:34:43,916 [INFO] RtosManager:555 - Registered RTOS mode: class=CMSIS, group=RTOS2, mode=CMSIS_V2, owner=FREERTOS
2023-05-09 06:34:43,916 [INFO] RtosManager:555 - Registered RTOS mode: class=RTOS, group=Core, mode=CMSIS_V1, owner=FREERTOS
2023-05-09 06:34:43,916 [INFO] RtosManager:555 - Registered RTOS mode: class=RTOS, group=Core, mode=CMSIS_V2, owner=FREERTOS
2023-05-09 06:34:43,916 [WARN] ModelIntegratedComponent:184 - Missing modes for component STMicroelectronics:FreeRTOS:0.0.1:STMicroelectronics:RTOS:FreeRTOS:Core:::10.2.0:
2023-05-09 06:34:43,931 [WARN] ModelIntegratedComponent:182 - Modes not found for component STMicroelectronics:USB_HOST:1.0.0:STMicroelectronics:USB::USB Host:Audio HS::1.0:USB_HOST_1_0_RESTRICTED_HS
2023-05-09 06:34:43,931 [WARN] ModelIntegratedComponent:188 - Modes not found for component STMicroelectronics:USB_HOST:1.0.0:STMicroelectronics:USB::USB Host:Audio HS::1.0:USB_HOST_1_0_RESTRICTED_HS
2023-05-09 06:34:43,931 [WARN] ModelIntegratedComponent:182 - Modes not found for component STMicroelectronics:USB_HOST:1.0.0:STMicroelectronics:USB::USB Host:CDC HS::1.0:USB_HOST_1_0_RESTRICTED_HS
2023-05-09 06:34:43,931 [WARN] ModelIntegratedComponent:188 - Modes not found for component STMicroelectronics:USB_HOST:1.0.0:STMicroelectronics:USB::USB Host:CDC HS::1.0:USB_HOST_1_0_RESTRICTED_HS
2023-05-09 06:34:43,931 [WARN] ModelIntegratedComponent:182 - Modes not found for component STMicroelectronics:USB_HOST:1.0.0:STMicroelectronics:USB::USB Host:MSC HS::1.0:USB_HOST_1_0_RESTRICTED_HS
2023-05-09 06:34:43,931 [WARN] ModelIntegratedComponent:188 - Modes not found for component STMicroelectronics:USB_HOST:1.0.0:STMicroelectronics:USB::USB Host:MSC HS::1.0:USB_HOST_1_0_RESTRICTED_HS
2023-05-09 06:34:43,931 [WARN] ModelIntegratedComponent:182 - Modes not found for component STMicroelectronics:USB_HOST:1.0.0:STMicroelectronics:USB::USB Host:HID HS::1.0:USB_HOST_1_0_RESTRICTED_HS
2023-05-09 06:34:43,931 [WARN] ModelIntegratedComponent:188 - Modes not found for component STMicroelectronics:USB_HOST:1.0.0:STMicroelectronics:USB::USB Host:HID HS::1.0:USB_HOST_1_0_RESTRICTED_HS
2023-05-09 06:34:43,931 [WARN] ModelIntegratedComponent:182 - Modes not found for component STMicroelectronics:USB_HOST:1.0.0:STMicroelectronics:USB::USB Host:MTP HS::1.0:USB_HOST_1_0_RESTRICTED_HS
2023-05-09 06:34:43,931 [WARN] ModelIntegratedComponent:188 - Modes not found for component STMicroelectronics:USB_HOST:1.0.0:STMicroelectronics:USB::USB Host:MTP HS::1.0:USB_HOST_1_0_RESTRICTED_HS
2023-05-09 06:34:44,073 [WARN] ModelIntegratedComponent:63 - No mode defined for component null
2023-05-09 06:34:44,073 [WARN] ModelIntegratedComponent:63 - No mode defined for component null
2023-05-09 06:34:44,073 [WARN] ModelIntegratedComponent:63 - No mode defined for component null
2023-05-09 06:34:44,073 [WARN] ModelIntegratedComponent:63 - No mode defined for component null
2023-05-09 06:34:44,073 [WARN] ModelIntegratedComponent:63 - No mode defined for component null
2023-05-09 06:34:44,073 [WARN] ModelIntegratedComponent:63 - No mode defined for component null
2023-05-09 06:34:44,073 [WARN] ModelIntegratedComponent:63 - No mode defined for component null
2023-05-09 06:34:44,073 [WARN] ModelIntegratedComponent:63 - No mode defined for component null
2023-05-09 06:34:44,073 [WARN] ModelIntegratedComponent:63 - No mode defined for component null
2023-05-09 06:34:44,073 [WARN] ModelIntegratedComponent:63 - No mode defined for component null
2023-05-09 06:34:44,073 [WARN] ModelIntegratedComponent:63 - No mode defined for component null
2023-05-09 06:34:44,073 [WARN] ModelIntegratedComponent:63 - No mode defined for component null
2023-05-09 06:34:44,073 [WARN] ModelIntegratedComponent:63 - No mode defined for component null
2023-05-09 06:34:44,073 [WARN] ModelIntegratedComponent:63 - No mode defined for component null
2023-05-09 06:34:44,073 [WARN] ModelIntegratedComponent:63 - No mode defined for component null
2023-05-09 06:34:44,073 [WARN] ModelIntegratedComponent:63 - No mode defined for component null
2023-05-09 06:34:44,073 [WARN] ModelIntegratedComponent:63 - No mode defined for component null
2023-05-09 06:34:44,073 [WARN] ModelIntegratedComponent:63 - No mode defined for component null
2023-05-09 06:34:44,073 [WARN] ModelIntegratedComponent:63 - No mode defined for component null
2023-05-09 06:34:44,073 [WARN] ModelIntegratedComponent:63 - No mode defined for component null
2023-05-09 06:34:44,073 [WARN] ModelIntegratedComponent:63 - No mode defined for component null
2023-05-09 06:34:44,073 [WARN] ModelIntegratedComponent:63 - No mode defined for component null
2023-05-09 06:34:44,073 [WARN] ModelIntegratedComponent:63 - No mode defined for component null
2023-05-09 06:34:44,073 [WARN] ModelIntegratedComponent:63 - No mode defined for component null
2023-05-09 06:34:44,073 [WARN] ModelIntegratedComponent:63 - No mode defined for component null
2023-05-09 06:34:44,073 [WARN] ModelIntegratedComponent:63 - No mode defined for component null
2023-05-09 06:34:44,073 [WARN] ModelIntegratedComponent:63 - No mode defined for component null
2023-05-09 06:34:44,073 [WARN] ModelIntegratedComponent:63 - No mode defined for component null
2023-05-09 06:34:44,073 [WARN] ModelIntegratedComponent:63 - No mode defined for component null
2023-05-09 06:34:44,073 [WARN] ModelIntegratedComponent:63 - No mode defined for component null
2023-05-09 06:34:44,073 [WARN] ModelIntegratedComponent:63 - No mode defined for component null
2023-05-09 06:34:44,073 [WARN] ModelIntegratedComponent:63 - No mode defined for component null
2023-05-09 06:34:44,073 [WARN] ModelIntegratedComponent:63 - No mode defined for component null
2023-05-09 06:34:44,121 [WARN] ModelIntegratedComponent:182 - Modes not found for component STMicroelectronics:USB_DEVICE:1.0.0:STMicroelectronics:USB::USB Device:Audio HS::1.0:USB_DEVICE_1_0_RESTRICTED_HS
2023-05-09 06:34:44,121 [WARN] ModelIntegratedComponent:188 - Modes not found for component STMicroelectronics:USB_DEVICE:1.0.0:STMicroelectronics:USB::USB Device:Audio HS::1.0:USB_DEVICE_1_0_RESTRICTED_HS
2023-05-09 06:34:44,121 [WARN] ModelIntegratedComponent:182 - Modes not found for component STMicroelectronics:USB_DEVICE:1.0.0:STMicroelectronics:USB::USB Device:CDC HS::1.0:USB_DEVICE_1_0_RESTRICTED_HS
2023-05-09 06:34:44,121 [WARN] ModelIntegratedComponent:188 - Modes not found for component STMicroelectronics:USB_DEVICE:1.0.0:STMicroelectronics:USB::USB Device:CDC HS::1.0:USB_DEVICE_1_0_RESTRICTED_HS
2023-05-09 06:34:44,121 [WARN] ModelIntegratedComponent:182 - Modes not found for component STMicroelectronics:USB_DEVICE:1.0.0:STMicroelectronics:USB::USB Device:DFU HS::1.0:USB_DEVICE_1_0_RESTRICTED_HS
2023-05-09 06:34:44,121 [WARN] ModelIntegratedComponent:188 - Modes not found for component STMicroelectronics:USB_DEVICE:1.0.0:STMicroelectronics:USB::USB Device:DFU HS::1.0:USB_DEVICE_1_0_RESTRICTED_HS
2023-05-09 06:34:44,121 [WARN] ModelIntegratedComponent:182 - Modes not found for component STMicroelectronics:USB_DEVICE:1.0.0:STMicroelectronics:USB::USB Device:HID HS::1.0:USB_DEVICE_1_0_RESTRICTED_HS
2023-05-09 06:34:44,121 [WARN] ModelIntegratedComponent:188 - Modes not found for component STMicroelectronics:USB_DEVICE:1.0.0:STMicroelectronics:USB::USB Device:HID HS::1.0:USB_DEVICE_1_0_RESTRICTED_HS
2023-05-09 06:34:44,121 [WARN] ModelIntegratedComponent:182 - Modes not found for component STMicroelectronics:USB_DEVICE:1.0.0:STMicroelectronics:USB::USB Device:Custom HID HS::1.0:USB_DEVICE_1_0_RESTRICTED_HS
2023-05-09 06:34:44,121 [WARN] ModelIntegratedComponent:188 - Modes not found for component STMicroelectronics:USB_DEVICE:1.0.0:STMicroelectronics:USB::USB Device:Custom HID HS::1.0:USB_DEVICE_1_0_RESTRICTED_HS
2023-05-09 06:34:44,121 [WARN] ModelIntegratedComponent:182 - Modes not found for component STMicroelectronics:USB_DEVICE:1.0.0:STMicroelectronics:USB::USB Device:MSC HS::1.0:USB_DEVICE_1_0_RESTRICTED_HS
2023-05-09 06:34:44,121 [WARN] ModelIntegratedComponent:188 - Modes not found for component STMicroelectronics:USB_DEVICE:1.0.0:STMicroelectronics:USB::USB Device:MSC HS::1.0:USB_DEVICE_1_0_RESTRICTED_HS
2023-05-09 06:34:44,136 [INFO] ThirdPartyModel:298 - Start build external matchings
2023-05-09 06:34:45,238 [INFO] ThirdPartyModel:316 - End build external matchings
2023-05-09 06:34:45,790 [INFO] UtilMem:75 - End LoadConfig() Used Memory: 491435832 Bytes (687865856)
2023-05-09 06:34:45,917 [WARN] ThirdParty:833 - waiting for thirdparty lock release [change project]
2023-05-09 06:34:45,917 [INFO] ThirdParty:835 - entering critical section [change project]
2023-05-09 06:34:45,917 [INFO] ThirdParty:1030 - CMSIS Pack Vendor :STMicroelectronics X-CUBE-ISPU 1.1.0
2023-05-09 06:34:45,917 [INFO] ThirdParty:1030 - CMSIS Pack Vendor :STMicroelectronics X-CUBE-GNSS1 6.0.0
2023-05-09 06:34:45,917 [INFO] ThirdParty:1030 - CMSIS Pack Vendor :STMicroelectronics USB_HOST 2.0.0
2023-05-09 06:34:45,917 [INFO] ThirdParty:1030 - CMSIS Pack Vendor :STMicroelectronics X-CUBE-AZRTOS-F4 1.1.0
2023-05-09 06:34:45,917 [INFO] ThirdParty:1030 - CMSIS Pack Vendor :STMicroelectronics LIBJPEG 8.0.0
2023-05-09 06:34:45,917 [INFO] ThirdParty:1030 - CMSIS Pack Vendor :STMicroelectronics X-CUBE-SMBUS 2.1.0
2023-05-09 06:34:45,917 [INFO] ThirdParty:1030 - CMSIS Pack Vendor :wolfSSL I-CUBE-wolfSSL 5.6.0
2023-05-09 06:34:45,917 [INFO] ThirdParty:1030 - CMSIS Pack Vendor :STMicroelectronics USB_DEVICE 3.0.0
2023-05-09 06:34:45,917 [INFO] ThirdParty:1030 - CMSIS Pack Vendor :STMicroelectronics X-CUBE-AI 8.0.0
2023-05-09 06:34:45,917 [INFO] ThirdParty:1030 - CMSIS Pack Vendor :STMicroelectronics X-CUBE-FREERTOS 1.0.1
2023-05-09 06:34:45,917 [INFO] ThirdParty:1030 - CMSIS Pack Vendor :STMicroelectronics X-CUBE-TOUCHGFX 4.21.3
2023-05-09 06:34:45,917 [INFO] ThirdParty:1030 - CMSIS Pack Vendor :STMicroelectronics X-CUBE-AZRTOS-F7 1.1.0
2023-05-09 06:34:45,917 [INFO] ThirdParty:1030 - CMSIS Pack Vendor :STMicroelectronics USB_DEVICE 2.0.0
2023-05-09 06:34:45,917 [INFO] ThirdParty:1030 - CMSIS Pack Vendor :STMicroelectronics X-CUBE-MEMS1 9.6.0
2023-05-09 06:34:45,917 [INFO] ThirdParty:1030 - CMSIS Pack Vendor :STMicroelectronics FP-SNS-MOTENV1 4.3.0
2023-05-09 06:34:45,917 [INFO] ThirdParty:1030 - CMSIS Pack Vendor :STMicroelectronics FP-SNS-FLIGHT1 5.0.0
2023-05-09 06:34:45,917 [INFO] ThirdParty:1030 - CMSIS Pack Vendor :STMicroelectronics X-CUBE-ALGOBUILD 1.3.0
2023-05-09 06:34:45,917 [INFO] ThirdParty:1030 - CMSIS Pack Vendor :STMicroelectronics X-CUBE-BLE1 6.2.4
2023-05-09 06:34:45,917 [INFO] ThirdParty:1030 - CMSIS Pack Vendor :STMicroelectronics X-CUBE-AZRTOS-L5 1.1.0
2023-05-09 06:34:45,932 [INFO] ThirdParty:1030 - CMSIS Pack Vendor :STMicroelectronics FreeRTOS 0.0.1
2023-05-09 06:34:45,932 [INFO] ThirdParty:1030 - CMSIS Pack Vendor :emotas I-CUBE-CANOPEN 1.1.3
2023-05-09 06:34:45,932 [INFO] ThirdParty:1030 - CMSIS Pack Vendor :STMicroelectronics X-CUBE-AZRTOS-G0 1.1.0
2023-05-09 06:34:45,932 [INFO] ThirdParty:1030 - CMSIS Pack Vendor :STMicroelectronics X-CUBE-BLEMGR 2.0.0
2023-05-09 06:34:45,932 [INFO] ThirdParty:1030 - CMSIS Pack Vendor :STMicroelectronics X-CUBE-SUBG2 5.0.0
2023-05-09 06:34:45,932 [INFO] ThirdParty:1030 - CMSIS Pack Vendor :STMicroelectronics X-CUBE-NFC4 3.0.0
2023-05-09 06:34:45,932 [INFO] ThirdParty:1030 - CMSIS Pack Vendor :STMicroelectronics STM32_WPAN 1.0.0
2023-05-09 06:34:45,932 [INFO] ThirdParty:1030 - CMSIS Pack Vendor :STMicroelectronics lwIP 2.0.3
2023-05-09 06:34:45,932 [INFO] ThirdParty:1030 - CMSIS Pack Vendor :STMicroelectronics USB_HOST 1.0.0
2023-05-09 06:34:45,932 [INFO] ThirdParty:1030 - CMSIS Pack Vendor :STMicroelectronics X-CUBE-AZRTOS-G4 2.0.0
2023-05-09 06:34:45,932 [INFO] ThirdParty:1030 - CMSIS Pack Vendor :STMicroelectronics PDM2PCM 3.1.0
2023-05-09 06:34:45,932 [INFO] ThirdParty:1030 - CMSIS Pack Vendor :STMicroelectronics X-CUBE-AZRTOS-H7 3.1.0
2023-05-09 06:34:45,932 [INFO] ThirdParty:1030 - CMSIS Pack Vendor :STMicroelectronics X-CUBE-TOF1 3.3.0
2023-05-09 06:34:45,932 [INFO] ThirdParty:1030 - CMSIS Pack Vendor :STMicroelectronics PDM2PCM 3.3.0
2023-05-09 06:34:45,932 [INFO] ThirdParty:1030 - CMSIS Pack Vendor :STMicroelectronics X-CUBE-DISPLAY 3.0.0
2023-05-09 06:34:45,932 [INFO] ThirdParty:1030 - CMSIS Pack Vendor :STMicroelectronics FP-ATR-SIGFOX1 3.2.0
2023-05-09 06:34:45,932 [INFO] ThirdParty:1030 - CMSIS Pack Vendor :STMicroelectronics X-CUBE-AZRTOS-L4 1.0.0
2023-05-09 06:34:45,932 [INFO] ThirdParty:1030 - CMSIS Pack Vendor :STMicroelectronics HAL Drivers 0.0.0
2023-05-09 06:34:45,932 [INFO] ThirdParty:1030 - CMSIS Pack Vendor :STMicroelectronics MBEDTLS 2.16.2
2023-05-09 06:34:45,932 [INFO] ThirdParty:1030 - CMSIS Pack Vendor :STMicroelectronics MBEDTLS 2.14.1
2023-05-09 06:34:45,932 [INFO] ThirdParty:1030 - CMSIS Pack Vendor :STMicroelectronics X-CUBE-NFC7 1.0.0
2023-05-09 06:34:45,948 [INFO] ThirdParty:1030 - CMSIS Pack Vendor :STMicroelectronics X-CUBE-AZRTOS-WL 1.0.0
2023-05-09 06:34:45,948 [INFO] ThirdParty:1030 - CMSIS Pack Vendor :STMicroelectronics X-CUBE-EEPRMA1 4.1.0
2023-05-09 06:34:45,948 [INFO] ThirdParty:1030 - CMSIS Pack Vendor :STMicroelectronics X-CUBE-ALS 1.0.1
2023-05-09 06:34:45,948 [INFO] ThirdParty:1030 - CMSIS Pack Vendor :STMicroelectronics ThreadX 1.0.0
2023-05-09 06:34:45,948 [INFO] ThirdParty:1030 - CMSIS Pack Vendor :STMicroelectronics X-CUBE-AZRTOS-WB 1.1.0
2023-05-09 06:34:45,948 [INFO] ThirdParty:1030 - CMSIS Pack Vendor :SEGGER I-CUBE-embOS 1.3.1
2023-05-09 06:34:45,948 [INFO] ThirdParty:1030 - CMSIS Pack Vendor :STMicroelectronics USB_DEVICE 1.0.0
2023-05-09 06:34:45,948 [INFO] ThirdParty:1030 - CMSIS Pack Vendor :STMicroelectronics ThreadX 0.0.2
2023-05-09 06:34:45,948 [INFO] ThirdParty:1030 - CMSIS Pack Vendor :WES I-CUBE-Cesium 1.3.0
2023-05-09 06:34:45,948 [INFO] ThirdParty:1030 - CMSIS Pack Vendor :STMicroelectronics FP-ATR-ASTRA1 2.0.0
2023-05-09 06:34:45,948 [INFO] ThirdParty:1030 - CMSIS Pack Vendor :STMicroelectronics lwIP 2.1.2
2023-05-09 06:34:45,948 [INFO] ThirdParty:1030 - CMSIS Pack Vendor :STMicroelectronics X-CUBE-SFXS2LP1 4.0.0
2023-05-09 06:34:45,948 [INFO] ThirdParty:1030 - CMSIS Pack Vendor :STMicroelectronics X-CUBE-BLE2 3.3.0
2023-05-09 06:34:45,948 [INFO] ThirdParty:1030 - CMSIS Pack Vendor :STMicroelectronics PDM2PCM 3.2.0
2023-05-09 06:34:45,948 [INFO] ThirdParty:841 - exiting critical section [change project]
2023-05-09 06:34:46,974 [INFO] PinOutPanel:1499 - setPackage(No Configuration,No Configuration)
2023-05-09 06:34:46,974 [INFO] PinOutPanel:1499 - setPackage(STM32F411RETx,LQFP64)
2023-05-09 06:34:48,752 [INFO] UtilMem:75 - Before build in PCC Used Memory: 497815992 Bytes (687865856)
2023-05-09 06:34:50,561 [INFO] UtilMem:75 - After build in PCC Used Memory: 501921680 Bytes (687865856)
2023-05-09 06:34:50,659 [INFO] IPUIPlugin:80 - create IPUIPlugin
2023-05-09 06:34:50,691 [INFO] IPUIPlugin:80 - create IPUIPlugin
2023-05-09 06:34:50,691 [INFO] IPUIPlugin:80 - create IPUIPlugin
2023-05-09 06:34:50,691 [INFO] IPUIPlugin:80 - create IPUIPlugin
2023-05-09 06:34:50,691 [INFO] IPUIPlugin:80 - create IPUIPlugin
2023-05-09 06:34:50,691 [INFO] IPUIPlugin:80 - create IPUIPlugin
2023-05-09 06:34:50,691 [INFO] IPUIPlugin:80 - create IPUIPlugin
2023-05-09 06:34:50,706 [INFO] IPUIPlugin:80 - create IPUIPlugin
2023-05-09 06:34:50,707 [INFO] IPUIPlugin:80 - create IPUIPlugin
2023-05-09 06:34:50,707 [INFO] IPUIPlugin:80 - create IPUIPlugin
2023-05-09 06:34:50,707 [INFO] IPUIPlugin:80 - create IPUIPlugin
2023-05-09 06:34:50,707 [INFO] IPUIPlugin:80 - create IPUIPlugin
2023-05-09 06:34:50,707 [INFO] IPUIPlugin:80 - create IPUIPlugin
2023-05-09 06:34:50,709 [INFO] IPUIPlugin:80 - create IPUIPlugin
2023-05-09 06:34:50,709 [INFO] IPUIPlugin:80 - create IPUIPlugin
2023-05-09 06:34:50,709 [INFO] IPUIPlugin:80 - create IPUIPlugin
2023-05-09 06:34:50,709 [INFO] IPUIPlugin:80 - create IPUIPlugin
2023-05-09 06:34:50,709 [INFO] IPUIPlugin:80 - create IPUIPlugin
2023-05-09 06:34:50,709 [INFO] IPUIPlugin:80 - create IPUIPlugin
2023-05-09 06:34:50,709 [INFO] IPUIPlugin:80 - create IPUIPlugin
2023-05-09 06:34:50,709 [INFO] IPUIPlugin:80 - create IPUIPlugin
2023-05-09 06:34:50,709 [INFO] IPUIPlugin:80 - create IPUIPlugin
2023-05-09 06:34:50,709 [INFO] IPUIPlugin:80 - create IPUIPlugin
2023-05-09 06:34:50,709 [INFO] IPUIPlugin:80 - create IPUIPlugin
2023-05-09 06:34:50,709 [INFO] IPUIPlugin:80 - create IPUIPlugin
2023-05-09 06:34:50,709 [INFO] IPUIPlugin:80 - create IPUIPlugin
2023-05-09 06:34:50,709 [INFO] IPUIPlugin:80 - create IPUIPlugin
2023-05-09 06:34:50,709 [INFO] IPUIPlugin:80 - create IPUIPlugin
2023-05-09 06:34:50,709 [INFO] IPUIPlugin:80 - create IPUIPlugin
2023-05-09 06:34:50,709 [INFO] IPUIPlugin:80 - create IPUIPlugin
2023-05-09 06:34:50,709 [INFO] IPUIPlugin:80 - create IPUIPlugin
2023-05-09 06:34:50,709 [INFO] IPUIPlugin:80 - create IPUIPlugin
2023-05-09 06:34:50,709 [INFO] IPUIPlugin:80 - create IPUIPlugin
2023-05-09 06:34:50,722 [INFO] IPUIPlugin:80 - create IPUIPlugin
2023-05-09 06:34:50,722 [INFO] IPUIPlugin:80 - create IPUIPlugin
2023-05-09 06:34:50,722 [INFO] IPUIPlugin:80 - create IPUIPlugin
2023-05-09 06:34:50,722 [INFO] IPUIPlugin:80 - create IPUIPlugin
2023-05-09 06:34:50,722 [INFO] IPUIPlugin:80 - create IPUIPlugin
2023-05-09 06:34:50,722 [INFO] IPUIPlugin:80 - create IPUIPlugin
2023-05-09 06:34:50,722 [INFO] IPUIPlugin:80 - create IPUIPlugin
2023-05-09 06:34:50,722 [INFO] IPUIPlugin:80 - create IPUIPlugin
2023-05-09 06:34:50,722 [INFO] IPUIPlugin:80 - create IPUIPlugin
2023-05-09 06:34:50,722 [INFO] IPUIPlugin:80 - create IPUIPlugin
2023-05-09 06:34:50,896 [INFO] ApiDbMcu:507 - Load IP Config File for PDM2PCM
2023-05-09 06:34:51,699 [INFO] CADModel:165 - CPN selected for project levelSTM32F411RET6
2023-05-09 06:34:51,699 [INFO] CADModel:114 - Register for checkConnection events
2023-05-09 06:34:51,764 [INFO] OpenFileManager:328 - Restore cursor
2023-05-09 06:34:54,047 [INFO] UtilMem:75 - End SaveConfig() Used Memory: 491919600 Bytes (687865856)
2023-05-09 06:34:54,158 [INFO] UtilMem:75 - End SaveConfig() Used Memory: 506728656 Bytes (687865856)
2023-05-09 06:34:55,198 [INFO] BlockDiagram:2759 - set Specific Code input for plugin: NVIC
2023-05-09 06:34:55,198 [INFO] BlockDiagram:2759 - set Specific Code input for plugin: RCC
2023-05-09 06:34:55,230 [INFO] CodeGenerator:793 - code generatio: config db path: D:\ST\STM32CubeIDE_1.12.1\STM32CubeIDE\plugins\com.st.stm32cube.common.mx_6.8.1.202304191431\\db\
2023-05-09 06:34:56,631 [INFO] CodeEngine:255 - oldGeneratedFile, E:\stm32cubeide\interrupt\MXTmpFiles\license.tmp_save
2023-05-09 06:34:57,311 [INFO] CodeEngine:279 - Generated code: E:\stm32cubeide\interrupt\MXTmpFiles\license.tmp
2023-05-09 06:34:57,376 [INFO] CodeEngine:255 - oldGeneratedFile, E:\stm32cubeide\interrupt\Core\Src\stm32f4xx_it.c_save
2023-05-09 06:34:57,734 [INFO] CodeEngine:279 - Generated code: E:\stm32cubeide\interrupt\Core\Src\stm32f4xx_it.c
2023-05-09 06:34:57,750 [INFO] CodeEngine:255 - oldGeneratedFile, E:\stm32cubeide\interrupt\Core\Inc\stm32f4xx_it.h_save
2023-05-09 06:34:57,893 [INFO] CodeEngine:279 - Generated code: E:\stm32cubeide\interrupt\Core\Inc\stm32f4xx_it.h
2023-05-09 06:34:58,144 [INFO] CodeEngine:255 - oldGeneratedFile, E:\stm32cubeide\interrupt\Core\Src\stm32f4xx_hal_msp.c_save
2023-05-09 06:34:58,493 [INFO] CodeEngine:279 - Generated code: E:\stm32cubeide\interrupt\Core\Src\stm32f4xx_hal_msp.c
2023-05-09 06:34:58,539 [INFO] CodeEngine:255 - oldGeneratedFile, E:\stm32cubeide\interrupt\MXTmpFiles\system.tmp_save
2023-05-09 06:34:58,729 [INFO] CodeEngine:279 - Generated code: E:\stm32cubeide\interrupt\MXTmpFiles\system.tmp
2023-05-09 06:34:58,798 [INFO] CodeEngine:311 - oldGeneratedFile, E:\stm32cubeide\interrupt\Core\Inc\stm32f4xx_hal_conf.h_save
2023-05-09 06:34:59,075 [INFO] CodeEngine:335 - Generated code: E:\stm32cubeide\interrupt\Core\Inc\stm32f4xx_hal_conf.h
2023-05-09 06:34:59,280 [INFO] CodeEngine:255 - oldGeneratedFile, E:\stm32cubeide\interrupt\Core\Inc\main.h_save
2023-05-09 06:34:59,629 [INFO] CodeEngine:279 - Generated code: E:\stm32cubeide\interrupt\Core\Inc\main.h
2023-05-09 06:34:59,678 [INFO] CodeEngine:255 - oldGeneratedFile, E:\stm32cubeide\interrupt\Core\Src\main.c_save
2023-05-09 06:34:59,958 [INFO] CodeEngine:279 - Generated code: E:\stm32cubeide\interrupt\Core\Src\main.c
2023-05-09 06:35:01,225 [INFO] ProjectBuilder:2996 - Time for Copy HAL[1] : 189mS.
2023-05-09 06:35:01,237 [INFO] ProjectBuilder:4304 - Project Generator version: 3.19.2
2023-05-09 06:35:01,902 [INFO] ConfigFileManager:1483 - The Die is : DIE431
2023-05-09 06:35:01,959 [INFO] ApiDbMcu:507 - Load IP Config File for FATFS
2023-05-09 06:35:02,007 [INFO] ApiDbMcu:507 - Load IP Config File for FREERTOS
2023-05-09 06:35:02,069 [INFO] ApiDbMcu:507 - Load IP Config File for LIBJPEG
2023-05-09 06:35:02,101 [INFO] ApiDbMcu:507 - Load IP Config File for MBEDTLS
2023-05-09 06:35:02,148 [INFO] ApiDbMcu:507 - Load IP Config File for USB_DEVICE
2023-05-09 06:35:02,163 [INFO] ApiDbMcu:507 - Load IP Config File for USB_HOST
2023-05-09 06:35:04,650 [INFO] LogOutputStream:77 - [STDOUT_REDIRECT] 
2023-05-09 06:35:16,455 [INFO] ProjectBuilder:4505 - Time for Generating toolchain IDE Files: 15218mS.
2023-05-09 06:35:16,471 [INFO] ProjectBuilder:2867 - Time for Copy CMSIS : 16mS.
2023-05-09 06:35:16,471 [INFO] ProjectBuilder:2867 - Time for Copy CMSIS : 0mS.
2023-05-09 06:35:18,977 [INFO] McuFinderGlobals:66 - Set McuFinderConnectedMode to true
2023-05-09 06:35:18,977 [INFO] ApiDb:448 - Save user favorites file C:\Users\DELL/.stm32cubeide/favorites.mcus.txt: 1 item(s)
2023-05-09 06:35:18,977 [INFO] ApiDb:452 - User favorites MCUs=[STM32F411RET6]
2023-05-09 06:35:39,127 [INFO] Gpio:273 - dependency for GPIO []
2023-05-09 06:35:47,209 [INFO] Gpio:273 - dependency for GPIO []
2023-05-09 06:35:47,245 [INFO] NvicIntPanel:101 - NVIC parent = com.st.microxplorer.plugins.ip.nvic.MultiNvicIntPanel[,0,0,0x0,invalid,layout=javax.swing.BoxLayout,alignmentX=0.0,alignmentY=0.0,border=,flags=9,maximumSize=,minimumSize=,preferredSize=]
2023-05-09 06:35:59,634 [INFO] Gpio:273 - dependency for GPIO []
2023-05-09 06:38:59,835 [INFO] Gpio:273 - dependency for GPIO []
2023-05-09 06:39:27,954 [INFO] Gpio:273 - dependency for GPIO []
2023-05-09 06:39:32,798 [INFO] DmaTabbedPanel:205 - Cannot restore the selected Tab for DMA
2023-05-09 06:39:34,966 [INFO] Gpio:273 - dependency for GPIO []
2023-05-09 06:39:47,865 [INFO] UtilMem:75 - End SaveConfig() Used Memory: 764614208 Bytes (859832320)
2023-05-09 06:39:50,577 [INFO] UtilMem:75 - End SaveConfig() Used Memory: 532650792 Bytes (859832320)
2023-05-09 06:39:52,994 [INFO] UtilMem:75 - End SaveConfig() Used Memory: 567133376 Bytes (859832320)
2023-05-09 06:39:53,499 [INFO] BlockDiagram:2759 - set Specific Code input for plugin: NVIC
2023-05-09 06:39:53,499 [INFO] BlockDiagram:2759 - set Specific Code input for plugin: GPIO
2023-05-09 06:39:53,499 [INFO] BlockDiagram:2759 - set Specific Code input for plugin: RCC
2023-05-09 06:39:53,531 [INFO] CodeGenerator:793 - code generatio: config db path: D:\ST\STM32CubeIDE_1.12.1\STM32CubeIDE\plugins\com.st.stm32cube.common.mx_6.8.1.202304191431\\db\
2023-05-09 06:39:53,752 [INFO] CodeEngine:255 - oldGeneratedFile, E:\stm32cubeide\interrupt\MXTmpFiles\license.tmp_save
2023-05-09 06:39:53,878 [INFO] CodeEngine:279 - Generated code: E:\stm32cubeide\interrupt\MXTmpFiles\license.tmp
2023-05-09 06:39:54,004 [INFO] CodeEngine:255 - oldGeneratedFile, E:\stm32cubeide\interrupt\MXTmpFiles\gpio.tmp_save
2023-05-09 06:39:54,144 [INFO] CodeEngine:279 - Generated code: E:\stm32cubeide\interrupt\MXTmpFiles\gpio.tmp
2023-05-09 06:39:54,193 [INFO] CodeEngine:255 - oldGeneratedFile, E:\stm32cubeide\interrupt\Core\Src\stm32f4xx_it.c_save
2023-05-09 06:39:54,434 [INFO] CodeEngine:279 - Generated code: E:\stm32cubeide\interrupt\Core\Src\stm32f4xx_it.c
2023-05-09 06:39:54,450 [INFO] CodeEngine:255 - oldGeneratedFile, E:\stm32cubeide\interrupt\Core\Inc\stm32f4xx_it.h_save
2023-05-09 06:39:54,561 [INFO] CodeEngine:279 - Generated code: E:\stm32cubeide\interrupt\Core\Inc\stm32f4xx_it.h
2023-05-09 06:39:54,603 [INFO] CodeEngine:255 - oldGeneratedFile, E:\stm32cubeide\interrupt\Core\Src\stm32f4xx_hal_msp.c_save
2023-05-09 06:39:54,729 [INFO] CodeEngine:279 - Generated code: E:\stm32cubeide\interrupt\Core\Src\stm32f4xx_hal_msp.c
2023-05-09 06:39:54,745 [INFO] CodeEngine:255 - oldGeneratedFile, E:\stm32cubeide\interrupt\MXTmpFiles\system.tmp_save
2023-05-09 06:39:54,828 [INFO] CodeEngine:279 - Generated code: E:\stm32cubeide\interrupt\MXTmpFiles\system.tmp
2023-05-09 06:39:54,840 [INFO] CodeEngine:311 - oldGeneratedFile, E:\stm32cubeide\interrupt\Core\Inc\stm32f4xx_hal_conf.h_save
2023-05-09 06:39:54,950 [INFO] CodeEngine:335 - Generated code: E:\stm32cubeide\interrupt\Core\Inc\stm32f4xx_hal_conf.h
2023-05-09 06:39:54,998 [INFO] CodeEngine:255 - oldGeneratedFile, E:\stm32cubeide\interrupt\Core\Inc\main.h_save
2023-05-09 06:39:55,076 [INFO] CodeEngine:279 - Generated code: E:\stm32cubeide\interrupt\Core\Inc\main.h
2023-05-09 06:39:55,076 [INFO] CodeEngine:255 - oldGeneratedFile, E:\stm32cubeide\interrupt\Core\Src\main.c_save
2023-05-09 06:39:55,187 [INFO] CodeEngine:279 - Generated code: E:\stm32cubeide\interrupt\Core\Src\main.c
2023-05-09 06:39:56,127 [INFO] ProjectBuilder:2996 - Time for Copy HAL[1] : 139mS.
2023-05-09 06:39:56,131 [INFO] ProjectBuilder:4304 - Project Generator version: 3.19.2
2023-05-09 06:39:56,681 [INFO] ConfigFileManager:1483 - The Die is : DIE431
2023-05-09 06:40:00,274 [INFO] ProjectBuilder:4505 - Time for Generating toolchain IDE Files: 4143mS.
2023-05-09 06:40:00,274 [INFO] ProjectBuilder:2867 - Time for Copy CMSIS : 0mS.
2023-05-09 06:40:00,274 [INFO] ProjectBuilder:2867 - Time for Copy CMSIS : 0mS.
2023-05-09 09:54:47,893 [INFO] MainUpdater:2854 - connection check result : 10
2023-05-09 09:54:48,049 [INFO] McuFinderGlobals:66 - Set McuFinderConnectedMode to true
2023-05-09 09:54:48,370 [INFO] MultiScanPanel:200 - Auto-refresh data requested => check proxy status ongoing
2023-05-09 09:54:48,371 [INFO] FinderPluginLoader:95 - Searching for filters in installed packs
2023-05-09 09:54:51,056 [INFO] LoadUrlFilesThread:185 - End of LoadServerUrlFiles without Thread
2023-05-09 09:54:51,056 [INFO] DetailPanel:341 - Set advertising image to C:/Users/DELL/STM32Cube/Repository/\en.prom-stm32h5-mcu-finder.jpg
2023-05-09 09:55:36,199 [INFO] MainUpdater:2854 - connection check result : 10
2023-05-09 09:55:36,200 [INFO] MainUpdater:2854 - connection check result : 10
2023-05-09 09:55:36,318 [INFO] MicroXplorer:468 - Change Database Path : 
2023-05-09 09:55:36,318 [INFO] MicroXplorer:498 - Change Database Version : DB.6.0.81
2023-05-09 09:55:36,375 [WARN] ThirdParty:871 - waiting for thirdparty lock release [close project]
2023-05-09 09:55:36,375 [INFO] ThirdParty:873 - entering critical section [close project]
2023-05-09 09:55:36,375 [INFO] ThirdParty:883 - exiting critical section [close project]
2023-05-09 09:55:36,380 [INFO] PinOutPanel:1499 - setPackage(No Configuration,No Configuration)
2023-05-09 09:55:36,434 [WARN] IpParametersView:150 - Warning: This peripheral hasn't parameters
2023-05-09 09:55:36,520 [WARN] MainPanel:257 - <html><b><center>Warning: This peripheral has no parameters to be configured<br></b></html>
2023-05-09 09:55:36,584 [INFO] UtilMem:75 - Begin LoadConfig() Used Memory: 575256160 Bytes (748683264)
2023-05-09 09:55:36,584 [INFO] MicroXplorer:468 - Change Database Path : 
2023-05-09 09:55:36,584 [INFO] MicroXplorer:498 - Change Database Version : DB.6.0.81
2023-05-09 09:55:36,584 [INFO] OpenFileManager:308 - Change cursor
2023-05-09 09:55:36,643 [INFO] RulesReader:64 - Compatibility file has been processed (293 Rules)
2023-05-09 09:55:36,663 [INFO] Mcu:1937 - Initializing MCU STM32F411RETx STM32F411RETx 
2023-05-09 09:55:36,663 [INFO] Mcu:1950 - No CPN specified => set CPN to STM32F411RET6
2023-05-09 09:55:39,320 [INFO] Context:659 - Trying to add GPIOservice into a context  which must be forbidden
2023-05-09 09:55:39,972 [INFO] ImportTextPane:194 - (OptionalMessage_ERROR) Unable to find key (Mcu.ThirdPartyNb) in loaded IOC file
2023-05-09 09:55:39,972 [INFO] ImportTextPane:194 - (OptionalMessage_ERROR) Unable to find key (Mcu.PinsNb) in loaded IOC file
2023-05-09 09:55:39,972 [INFO] ImportTextPane:194 - (OptionalMessage_ERROR) Unable to find key (Mcu.IPNb) in loaded IOC file
2023-05-09 09:55:40,206 [INFO] RtosManager:555 - Registered RTOS mode: class=CMSIS, group=RTOS, mode=CMSIS_V1, owner=FREERTOS
2023-05-09 09:55:40,206 [INFO] RtosManager:555 - Registered RTOS mode: class=CMSIS, group=RTOS2, mode=CMSIS_V2, owner=FREERTOS
2023-05-09 09:55:40,206 [INFO] RtosManager:555 - Registered RTOS mode: class=RTOS, group=Core, mode=CMSIS_V1, owner=FREERTOS
2023-05-09 09:55:40,208 [INFO] RtosManager:555 - Registered RTOS mode: class=RTOS, group=Core, mode=CMSIS_V2, owner=FREERTOS
2023-05-09 09:55:40,208 [WARN] ModelIntegratedComponent:184 - Missing modes for component STMicroelectronics:FreeRTOS:0.0.1:STMicroelectronics:RTOS:FreeRTOS:Core:::10.2.0:
2023-05-09 09:55:40,213 [WARN] ModelIntegratedComponent:182 - Modes not found for component STMicroelectronics:USB_HOST:1.0.0:STMicroelectronics:USB::USB Host:Audio HS::1.0:USB_HOST_1_0_RESTRICTED_HS
2023-05-09 09:55:40,213 [WARN] ModelIntegratedComponent:188 - Modes not found for component STMicroelectronics:USB_HOST:1.0.0:STMicroelectronics:USB::USB Host:Audio HS::1.0:USB_HOST_1_0_RESTRICTED_HS
2023-05-09 09:55:40,213 [WARN] ModelIntegratedComponent:182 - Modes not found for component STMicroelectronics:USB_HOST:1.0.0:STMicroelectronics:USB::USB Host:CDC HS::1.0:USB_HOST_1_0_RESTRICTED_HS
2023-05-09 09:55:40,213 [WARN] ModelIntegratedComponent:188 - Modes not found for component STMicroelectronics:USB_HOST:1.0.0:STMicroelectronics:USB::USB Host:CDC HS::1.0:USB_HOST_1_0_RESTRICTED_HS
2023-05-09 09:55:40,213 [WARN] ModelIntegratedComponent:182 - Modes not found for component STMicroelectronics:USB_HOST:1.0.0:STMicroelectronics:USB::USB Host:MSC HS::1.0:USB_HOST_1_0_RESTRICTED_HS
2023-05-09 09:55:40,213 [WARN] ModelIntegratedComponent:188 - Modes not found for component STMicroelectronics:USB_HOST:1.0.0:STMicroelectronics:USB::USB Host:MSC HS::1.0:USB_HOST_1_0_RESTRICTED_HS
2023-05-09 09:55:40,213 [WARN] ModelIntegratedComponent:182 - Modes not found for component STMicroelectronics:USB_HOST:1.0.0:STMicroelectronics:USB::USB Host:HID HS::1.0:USB_HOST_1_0_RESTRICTED_HS
2023-05-09 09:55:40,213 [WARN] ModelIntegratedComponent:188 - Modes not found for component STMicroelectronics:USB_HOST:1.0.0:STMicroelectronics:USB::USB Host:HID HS::1.0:USB_HOST_1_0_RESTRICTED_HS
2023-05-09 09:55:40,213 [WARN] ModelIntegratedComponent:182 - Modes not found for component STMicroelectronics:USB_HOST:1.0.0:STMicroelectronics:USB::USB Host:MTP HS::1.0:USB_HOST_1_0_RESTRICTED_HS
2023-05-09 09:55:40,213 [WARN] ModelIntegratedComponent:188 - Modes not found for component STMicroelectronics:USB_HOST:1.0.0:STMicroelectronics:USB::USB Host:MTP HS::1.0:USB_HOST_1_0_RESTRICTED_HS
2023-05-09 09:55:40,225 [WARN] ModelIntegratedComponent:63 - No mode defined for component null
2023-05-09 09:55:40,225 [WARN] ModelIntegratedComponent:63 - No mode defined for component null
2023-05-09 09:55:40,225 [WARN] ModelIntegratedComponent:63 - No mode defined for component null
2023-05-09 09:55:40,225 [WARN] ModelIntegratedComponent:63 - No mode defined for component null
2023-05-09 09:55:40,225 [WARN] ModelIntegratedComponent:63 - No mode defined for component null
2023-05-09 09:55:40,225 [WARN] ModelIntegratedComponent:63 - No mode defined for component null
2023-05-09 09:55:40,225 [WARN] ModelIntegratedComponent:63 - No mode defined for component null
2023-05-09 09:55:40,225 [WARN] ModelIntegratedComponent:63 - No mode defined for component null
2023-05-09 09:55:40,225 [WARN] ModelIntegratedComponent:63 - No mode defined for component null
2023-05-09 09:55:40,225 [WARN] ModelIntegratedComponent:63 - No mode defined for component null
2023-05-09 09:55:40,225 [WARN] ModelIntegratedComponent:63 - No mode defined for component null
2023-05-09 09:55:40,225 [WARN] ModelIntegratedComponent:63 - No mode defined for component null
2023-05-09 09:55:40,225 [WARN] ModelIntegratedComponent:63 - No mode defined for component null
2023-05-09 09:55:40,225 [WARN] ModelIntegratedComponent:63 - No mode defined for component null
2023-05-09 09:55:40,225 [WARN] ModelIntegratedComponent:63 - No mode defined for component null
2023-05-09 09:55:40,225 [WARN] ModelIntegratedComponent:63 - No mode defined for component null
2023-05-09 09:55:40,225 [WARN] ModelIntegratedComponent:63 - No mode defined for component null
2023-05-09 09:55:40,225 [WARN] ModelIntegratedComponent:63 - No mode defined for component null
2023-05-09 09:55:40,225 [WARN] ModelIntegratedComponent:63 - No mode defined for component null
2023-05-09 09:55:40,225 [WARN] ModelIntegratedComponent:63 - No mode defined for component null
2023-05-09 09:55:40,225 [WARN] ModelIntegratedComponent:63 - No mode defined for component null
2023-05-09 09:55:40,225 [WARN] ModelIntegratedComponent:63 - No mode defined for component null
2023-05-09 09:55:40,225 [WARN] ModelIntegratedComponent:63 - No mode defined for component null
2023-05-09 09:55:40,225 [WARN] ModelIntegratedComponent:63 - No mode defined for component null
2023-05-09 09:55:40,225 [WARN] ModelIntegratedComponent:63 - No mode defined for component null
2023-05-09 09:55:40,225 [WARN] ModelIntegratedComponent:63 - No mode defined for component null
2023-05-09 09:55:40,225 [WARN] ModelIntegratedComponent:63 - No mode defined for component null
2023-05-09 09:55:40,225 [WARN] ModelIntegratedComponent:63 - No mode defined for component null
2023-05-09 09:55:40,225 [WARN] ModelIntegratedComponent:63 - No mode defined for component null
2023-05-09 09:55:40,225 [WARN] ModelIntegratedComponent:63 - No mode defined for component null
2023-05-09 09:55:40,225 [WARN] ModelIntegratedComponent:63 - No mode defined for component null
2023-05-09 09:55:40,225 [WARN] ModelIntegratedComponent:63 - No mode defined for component null
2023-05-09 09:55:40,225 [WARN] ModelIntegratedComponent:63 - No mode defined for component null
2023-05-09 09:55:40,231 [WARN] ModelIntegratedComponent:182 - Modes not found for component STMicroelectronics:USB_DEVICE:1.0.0:STMicroelectronics:USB::USB Device:Audio HS::1.0:USB_DEVICE_1_0_RESTRICTED_HS
2023-05-09 09:55:40,231 [WARN] ModelIntegratedComponent:188 - Modes not found for component STMicroelectronics:USB_DEVICE:1.0.0:STMicroelectronics:USB::USB Device:Audio HS::1.0:USB_DEVICE_1_0_RESTRICTED_HS
2023-05-09 09:55:40,231 [WARN] ModelIntegratedComponent:182 - Modes not found for component STMicroelectronics:USB_DEVICE:1.0.0:STMicroelectronics:USB::USB Device:CDC HS::1.0:USB_DEVICE_1_0_RESTRICTED_HS
2023-05-09 09:55:40,231 [WARN] ModelIntegratedComponent:188 - Modes not found for component STMicroelectronics:USB_DEVICE:1.0.0:STMicroelectronics:USB::USB Device:CDC HS::1.0:USB_DEVICE_1_0_RESTRICTED_HS
2023-05-09 09:55:40,231 [WARN] ModelIntegratedComponent:182 - Modes not found for component STMicroelectronics:USB_DEVICE:1.0.0:STMicroelectronics:USB::USB Device:DFU HS::1.0:USB_DEVICE_1_0_RESTRICTED_HS
2023-05-09 09:55:40,231 [WARN] ModelIntegratedComponent:188 - Modes not found for component STMicroelectronics:USB_DEVICE:1.0.0:STMicroelectronics:USB::USB Device:DFU HS::1.0:USB_DEVICE_1_0_RESTRICTED_HS
2023-05-09 09:55:40,231 [WARN] ModelIntegratedComponent:182 - Modes not found for component STMicroelectronics:USB_DEVICE:1.0.0:STMicroelectronics:USB::USB Device:HID HS::1.0:USB_DEVICE_1_0_RESTRICTED_HS
2023-05-09 09:55:40,231 [WARN] ModelIntegratedComponent:188 - Modes not found for component STMicroelectronics:USB_DEVICE:1.0.0:STMicroelectronics:USB::USB Device:HID HS::1.0:USB_DEVICE_1_0_RESTRICTED_HS
2023-05-09 09:55:40,231 [WARN] ModelIntegratedComponent:182 - Modes not found for component STMicroelectronics:USB_DEVICE:1.0.0:STMicroelectronics:USB::USB Device:Custom HID HS::1.0:USB_DEVICE_1_0_RESTRICTED_HS
2023-05-09 09:55:40,231 [WARN] ModelIntegratedComponent:188 - Modes not found for component STMicroelectronics:USB_DEVICE:1.0.0:STMicroelectronics:USB::USB Device:Custom HID HS::1.0:USB_DEVICE_1_0_RESTRICTED_HS
2023-05-09 09:55:40,231 [WARN] ModelIntegratedComponent:182 - Modes not found for component STMicroelectronics:USB_DEVICE:1.0.0:STMicroelectronics:USB::USB Device:MSC HS::1.0:USB_DEVICE_1_0_RESTRICTED_HS
2023-05-09 09:55:40,231 [WARN] ModelIntegratedComponent:188 - Modes not found for component STMicroelectronics:USB_DEVICE:1.0.0:STMicroelectronics:USB::USB Device:MSC HS::1.0:USB_DEVICE_1_0_RESTRICTED_HS
2023-05-09 09:55:40,243 [INFO] ThirdPartyModel:298 - Start build external matchings
2023-05-09 09:55:40,701 [INFO] ThirdPartyModel:316 - End build external matchings
2023-05-09 09:55:41,388 [INFO] UtilMem:75 - End LoadConfig() Used Memory: 420559152 Bytes (748683264)
2023-05-09 09:55:41,420 [WARN] ThirdParty:833 - waiting for thirdparty lock release [change project]
2023-05-09 09:55:41,420 [INFO] ThirdParty:835 - entering critical section [change project]
2023-05-09 09:55:41,420 [INFO] ThirdParty:1030 - CMSIS Pack Vendor :STMicroelectronics X-CUBE-ISPU 1.1.0
2023-05-09 09:55:41,420 [INFO] ThirdParty:1030 - CMSIS Pack Vendor :STMicroelectronics X-CUBE-GNSS1 6.0.0
2023-05-09 09:55:41,420 [INFO] ThirdParty:1030 - CMSIS Pack Vendor :STMicroelectronics USB_HOST 2.0.0
2023-05-09 09:55:41,424 [INFO] ThirdParty:1030 - CMSIS Pack Vendor :STMicroelectronics X-CUBE-AZRTOS-F4 1.1.0
2023-05-09 09:55:41,424 [INFO] ThirdParty:1030 - CMSIS Pack Vendor :STMicroelectronics LIBJPEG 8.0.0
2023-05-09 09:55:41,424 [INFO] ThirdParty:1030 - CMSIS Pack Vendor :STMicroelectronics X-CUBE-SMBUS 2.1.0
2023-05-09 09:55:41,424 [INFO] ThirdParty:1030 - CMSIS Pack Vendor :wolfSSL I-CUBE-wolfSSL 5.6.0
2023-05-09 09:55:41,424 [INFO] ThirdParty:1030 - CMSIS Pack Vendor :STMicroelectronics USB_DEVICE 3.0.0
2023-05-09 09:55:41,424 [INFO] ThirdParty:1030 - CMSIS Pack Vendor :STMicroelectronics X-CUBE-AI 8.0.0
2023-05-09 09:55:41,424 [INFO] ThirdParty:1030 - CMSIS Pack Vendor :STMicroelectronics X-CUBE-FREERTOS 1.0.1
2023-05-09 09:55:41,424 [INFO] ThirdParty:1030 - CMSIS Pack Vendor :STMicroelectronics X-CUBE-TOUCHGFX 4.21.3
2023-05-09 09:55:41,424 [INFO] ThirdParty:1030 - CMSIS Pack Vendor :STMicroelectronics X-CUBE-AZRTOS-F7 1.1.0
2023-05-09 09:55:41,424 [INFO] ThirdParty:1030 - CMSIS Pack Vendor :STMicroelectronics USB_DEVICE 2.0.0
2023-05-09 09:55:41,424 [INFO] ThirdParty:1030 - CMSIS Pack Vendor :STMicroelectronics X-CUBE-MEMS1 9.6.0
2023-05-09 09:55:41,424 [INFO] ThirdParty:1030 - CMSIS Pack Vendor :STMicroelectronics FP-SNS-MOTENV1 4.3.0
2023-05-09 09:55:41,424 [INFO] ThirdParty:1030 - CMSIS Pack Vendor :STMicroelectronics FP-SNS-FLIGHT1 5.0.0
2023-05-09 09:55:41,435 [INFO] ThirdParty:1030 - CMSIS Pack Vendor :STMicroelectronics X-CUBE-ALGOBUILD 1.3.0
2023-05-09 09:55:41,435 [INFO] ThirdParty:1030 - CMSIS Pack Vendor :STMicroelectronics X-CUBE-BLE1 6.2.4
2023-05-09 09:55:41,435 [INFO] ThirdParty:1030 - CMSIS Pack Vendor :STMicroelectronics X-CUBE-AZRTOS-L5 1.1.0
2023-05-09 09:55:41,435 [INFO] ThirdParty:1030 - CMSIS Pack Vendor :STMicroelectronics FreeRTOS 0.0.1
2023-05-09 09:55:41,435 [INFO] ThirdParty:1030 - CMSIS Pack Vendor :emotas I-CUBE-CANOPEN 1.1.3
2023-05-09 09:55:41,435 [INFO] ThirdParty:1030 - CMSIS Pack Vendor :STMicroelectronics X-CUBE-AZRTOS-G0 1.1.0
2023-05-09 09:55:41,435 [INFO] ThirdParty:1030 - CMSIS Pack Vendor :STMicroelectronics X-CUBE-BLEMGR 2.0.0
2023-05-09 09:55:41,435 [INFO] ThirdParty:1030 - CMSIS Pack Vendor :STMicroelectronics X-CUBE-SUBG2 5.0.0
2023-05-09 09:55:41,435 [INFO] ThirdParty:1030 - CMSIS Pack Vendor :STMicroelectronics X-CUBE-NFC4 3.0.0
2023-05-09 09:55:41,435 [INFO] ThirdParty:1030 - CMSIS Pack Vendor :STMicroelectronics STM32_WPAN 1.0.0
2023-05-09 09:55:41,435 [INFO] ThirdParty:1030 - CMSIS Pack Vendor :STMicroelectronics lwIP 2.0.3
2023-05-09 09:55:41,435 [INFO] ThirdParty:1030 - CMSIS Pack Vendor :STMicroelectronics USB_HOST 1.0.0
2023-05-09 09:55:41,435 [INFO] ThirdParty:1030 - CMSIS Pack Vendor :STMicroelectronics X-CUBE-AZRTOS-G4 2.0.0
2023-05-09 09:55:41,435 [INFO] ThirdParty:1030 - CMSIS Pack Vendor :STMicroelectronics PDM2PCM 3.1.0
2023-05-09 09:55:41,435 [INFO] ThirdParty:1030 - CMSIS Pack Vendor :STMicroelectronics X-CUBE-AZRTOS-H7 3.1.0
2023-05-09 09:55:41,435 [INFO] ThirdParty:1030 - CMSIS Pack Vendor :STMicroelectronics X-CUBE-TOF1 3.3.0
2023-05-09 09:55:41,435 [INFO] ThirdParty:1030 - CMSIS Pack Vendor :STMicroelectronics PDM2PCM 3.3.0
2023-05-09 09:55:41,435 [INFO] ThirdParty:1030 - CMSIS Pack Vendor :STMicroelectronics X-CUBE-DISPLAY 3.0.0
2023-05-09 09:55:41,435 [INFO] ThirdParty:1030 - CMSIS Pack Vendor :STMicroelectronics FP-ATR-SIGFOX1 3.2.0
2023-05-09 09:55:41,435 [INFO] ThirdParty:1030 - CMSIS Pack Vendor :STMicroelectronics X-CUBE-AZRTOS-L4 1.0.0
2023-05-09 09:55:41,435 [INFO] ThirdParty:1030 - CMSIS Pack Vendor :STMicroelectronics HAL Drivers 0.0.0
2023-05-09 09:55:41,435 [INFO] ThirdParty:1030 - CMSIS Pack Vendor :STMicroelectronics MBEDTLS 2.16.2
2023-05-09 09:55:41,435 [INFO] ThirdParty:1030 - CMSIS Pack Vendor :STMicroelectronics MBEDTLS 2.14.1
2023-05-09 09:55:41,435 [INFO] ThirdParty:1030 - CMSIS Pack Vendor :STMicroelectronics X-CUBE-NFC7 1.0.0
2023-05-09 09:55:41,435 [INFO] ThirdParty:1030 - CMSIS Pack Vendor :STMicroelectronics X-CUBE-AZRTOS-WL 1.0.0
2023-05-09 09:55:41,435 [INFO] ThirdParty:1030 - CMSIS Pack Vendor :STMicroelectronics X-CUBE-EEPRMA1 4.1.0
2023-05-09 09:55:41,435 [INFO] ThirdParty:1030 - CMSIS Pack Vendor :STMicroelectronics X-CUBE-ALS 1.0.1
2023-05-09 09:55:41,435 [INFO] ThirdParty:1030 - CMSIS Pack Vendor :STMicroelectronics ThreadX 1.0.0
2023-05-09 09:55:41,435 [INFO] ThirdParty:1030 - CMSIS Pack Vendor :STMicroelectronics X-CUBE-AZRTOS-WB 1.1.0
2023-05-09 09:55:41,435 [INFO] ThirdParty:1030 - CMSIS Pack Vendor :SEGGER I-CUBE-embOS 1.3.1
2023-05-09 09:55:41,435 [INFO] ThirdParty:1030 - CMSIS Pack Vendor :STMicroelectronics USB_DEVICE 1.0.0
2023-05-09 09:55:41,435 [INFO] ThirdParty:1030 - CMSIS Pack Vendor :STMicroelectronics ThreadX 0.0.2
2023-05-09 09:55:41,435 [INFO] ThirdParty:1030 - CMSIS Pack Vendor :WES I-CUBE-Cesium 1.3.0
2023-05-09 09:55:41,435 [INFO] ThirdParty:1030 - CMSIS Pack Vendor :STMicroelectronics FP-ATR-ASTRA1 2.0.0
2023-05-09 09:55:41,435 [INFO] ThirdParty:1030 - CMSIS Pack Vendor :STMicroelectronics lwIP 2.1.2
2023-05-09 09:55:41,435 [INFO] ThirdParty:1030 - CMSIS Pack Vendor :STMicroelectronics X-CUBE-SFXS2LP1 4.0.0
2023-05-09 09:55:41,435 [INFO] ThirdParty:1030 - CMSIS Pack Vendor :STMicroelectronics X-CUBE-BLE2 3.3.0
2023-05-09 09:55:41,435 [INFO] ThirdParty:1030 - CMSIS Pack Vendor :STMicroelectronics PDM2PCM 3.2.0
2023-05-09 09:55:41,435 [INFO] ThirdParty:841 - exiting critical section [change project]
2023-05-09 09:55:41,891 [INFO] PinOutPanel:1499 - setPackage(No Configuration,No Configuration)
2023-05-09 09:55:41,893 [INFO] PinOutPanel:1499 - setPackage(STM32F411RETx,LQFP64)
2023-05-09 09:55:42,532 [INFO] UtilMem:75 - Before build in PCC Used Memory: 278844720 Bytes (748683264)
2023-05-09 09:55:43,241 [INFO] UtilMem:75 - After build in PCC Used Memory: 321836336 Bytes (748683264)
2023-05-09 09:55:43,274 [INFO] IPUIPlugin:80 - create IPUIPlugin
2023-05-09 09:55:43,274 [INFO] IPUIPlugin:80 - create IPUIPlugin
2023-05-09 09:55:43,274 [INFO] IPUIPlugin:80 - create IPUIPlugin
2023-05-09 09:55:43,274 [INFO] IPUIPlugin:80 - create IPUIPlugin
2023-05-09 09:55:43,274 [INFO] IPUIPlugin:80 - create IPUIPlugin
2023-05-09 09:55:43,274 [INFO] IPUIPlugin:80 - create IPUIPlugin
2023-05-09 09:55:43,274 [INFO] IPUIPlugin:80 - create IPUIPlugin
2023-05-09 09:55:43,274 [INFO] IPUIPlugin:80 - create IPUIPlugin
2023-05-09 09:55:43,280 [INFO] IPUIPlugin:80 - create IPUIPlugin
2023-05-09 09:55:43,280 [INFO] IPUIPlugin:80 - create IPUIPlugin
2023-05-09 09:55:43,280 [INFO] IPUIPlugin:80 - create IPUIPlugin
2023-05-09 09:55:43,280 [INFO] IPUIPlugin:80 - create IPUIPlugin
2023-05-09 09:55:43,280 [INFO] IPUIPlugin:80 - create IPUIPlugin
2023-05-09 09:55:43,280 [INFO] IPUIPlugin:80 - create IPUIPlugin
2023-05-09 09:55:43,281 [INFO] IPUIPlugin:80 - create IPUIPlugin
2023-05-09 09:55:43,281 [INFO] IPUIPlugin:80 - create IPUIPlugin
2023-05-09 09:55:43,281 [INFO] IPUIPlugin:80 - create IPUIPlugin
2023-05-09 09:55:43,281 [INFO] IPUIPlugin:80 - create IPUIPlugin
2023-05-09 09:55:43,281 [INFO] IPUIPlugin:80 - create IPUIPlugin
2023-05-09 09:55:43,281 [INFO] IPUIPlugin:80 - create IPUIPlugin
2023-05-09 09:55:43,281 [INFO] IPUIPlugin:80 - create IPUIPlugin
2023-05-09 09:55:43,281 [INFO] IPUIPlugin:80 - create IPUIPlugin
2023-05-09 09:55:43,281 [INFO] IPUIPlugin:80 - create IPUIPlugin
2023-05-09 09:55:43,281 [INFO] IPUIPlugin:80 - create IPUIPlugin
2023-05-09 09:55:43,281 [INFO] IPUIPlugin:80 - create IPUIPlugin
2023-05-09 09:55:43,285 [INFO] IPUIPlugin:80 - create IPUIPlugin
2023-05-09 09:55:43,285 [INFO] IPUIPlugin:80 - create IPUIPlugin
2023-05-09 09:55:43,285 [INFO] IPUIPlugin:80 - create IPUIPlugin
2023-05-09 09:55:43,285 [INFO] IPUIPlugin:80 - create IPUIPlugin
2023-05-09 09:55:43,285 [INFO] IPUIPlugin:80 - create IPUIPlugin
2023-05-09 09:55:43,285 [INFO] IPUIPlugin:80 - create IPUIPlugin
2023-05-09 09:55:43,285 [INFO] IPUIPlugin:80 - create IPUIPlugin
2023-05-09 09:55:43,287 [INFO] IPUIPlugin:80 - create IPUIPlugin
2023-05-09 09:55:43,287 [INFO] IPUIPlugin:80 - create IPUIPlugin
2023-05-09 09:55:43,287 [INFO] IPUIPlugin:80 - create IPUIPlugin
2023-05-09 09:55:43,287 [INFO] IPUIPlugin:80 - create IPUIPlugin
2023-05-09 09:55:43,290 [INFO] IPUIPlugin:80 - create IPUIPlugin
2023-05-09 09:55:43,293 [INFO] IPUIPlugin:80 - create IPUIPlugin
2023-05-09 09:55:43,294 [INFO] IPUIPlugin:80 - create IPUIPlugin
2023-05-09 09:55:43,294 [INFO] IPUIPlugin:80 - create IPUIPlugin
2023-05-09 09:55:43,294 [INFO] IPUIPlugin:80 - create IPUIPlugin
2023-05-09 09:55:43,294 [INFO] IPUIPlugin:80 - create IPUIPlugin
2023-05-09 09:55:43,294 [INFO] IPUIPlugin:80 - create IPUIPlugin
2023-05-09 09:55:43,351 [INFO] ApiDbMcu:507 - Load IP Config File for PDM2PCM
2023-05-09 09:55:43,395 [INFO] CADModel:165 - CPN selected for project levelSTM32F411RET6
2023-05-09 09:55:43,395 [INFO] CADModel:114 - Register for checkConnection events
2023-05-09 09:55:43,472 [INFO] OpenFileManager:328 - Restore cursor
2023-05-09 09:55:44,125 [INFO] UtilMem:75 - End SaveConfig() Used Memory: 391564592 Bytes (748683264)
2023-05-09 09:55:44,450 [INFO] UtilMem:75 - End SaveConfig() Used Memory: 409916720 Bytes (748683264)
2023-05-09 09:55:44,942 [INFO] BlockDiagram:2759 - set Specific Code input for plugin: NVIC
2023-05-09 09:55:44,944 [INFO] BlockDiagram:2759 - set Specific Code input for plugin: RCC
2023-05-09 09:55:44,944 [INFO] CodeGenerator:793 - code generatio: config db path: D:\ST\STM32CubeIDE_1.12.1\STM32CubeIDE\plugins\com.st.stm32cube.common.mx_6.8.1.202304191431\\db\
2023-05-09 09:55:45,323 [INFO] CodeEngine:255 - oldGeneratedFile, E:\stm32cubeide\timernormal\MXTmpFiles\license.tmp_save
2023-05-09 09:55:45,671 [INFO] CodeEngine:279 - Generated code: E:\stm32cubeide\timernormal\MXTmpFiles\license.tmp
2023-05-09 09:55:45,728 [INFO] CodeEngine:255 - oldGeneratedFile, E:\stm32cubeide\timernormal\Core\Src\stm32f4xx_it.c_save
2023-05-09 09:55:46,213 [INFO] CodeEngine:279 - Generated code: E:\stm32cubeide\timernormal\Core\Src\stm32f4xx_it.c
2023-05-09 09:55:46,251 [INFO] CodeEngine:255 - oldGeneratedFile, E:\stm32cubeide\timernormal\Core\Inc\stm32f4xx_it.h_save
2023-05-09 09:55:46,365 [INFO] CodeEngine:279 - Generated code: E:\stm32cubeide\timernormal\Core\Inc\stm32f4xx_it.h
2023-05-09 09:55:46,456 [INFO] CodeEngine:255 - oldGeneratedFile, E:\stm32cubeide\timernormal\Core\Src\stm32f4xx_hal_msp.c_save
2023-05-09 09:55:46,655 [INFO] CodeEngine:279 - Generated code: E:\stm32cubeide\timernormal\Core\Src\stm32f4xx_hal_msp.c
2023-05-09 09:55:46,676 [INFO] CodeEngine:255 - oldGeneratedFile, E:\stm32cubeide\timernormal\MXTmpFiles\system.tmp_save
2023-05-09 09:55:46,767 [INFO] CodeEngine:279 - Generated code: E:\stm32cubeide\timernormal\MXTmpFiles\system.tmp
2023-05-09 09:55:46,813 [INFO] CodeEngine:311 - oldGeneratedFile, E:\stm32cubeide\timernormal\Core\Inc\stm32f4xx_hal_conf.h_save
2023-05-09 09:55:46,974 [INFO] CodeEngine:335 - Generated code: E:\stm32cubeide\timernormal\Core\Inc\stm32f4xx_hal_conf.h
2023-05-09 09:55:47,059 [INFO] CodeEngine:255 - oldGeneratedFile, E:\stm32cubeide\timernormal\Core\Inc\main.h_save
2023-05-09 09:55:47,203 [INFO] CodeEngine:279 - Generated code: E:\stm32cubeide\timernormal\Core\Inc\main.h
2023-05-09 09:55:47,251 [INFO] CodeEngine:255 - oldGeneratedFile, E:\stm32cubeide\timernormal\Core\Src\main.c_save
2023-05-09 09:55:47,736 [INFO] CodeEngine:279 - Generated code: E:\stm32cubeide\timernormal\Core\Src\main.c
2023-05-09 09:55:48,702 [INFO] ProjectBuilder:2996 - Time for Copy HAL[1] : 211mS.
2023-05-09 09:55:48,710 [INFO] ProjectBuilder:4304 - Project Generator version: 3.19.2
2023-05-09 09:55:49,023 [INFO] ConfigFileManager:1483 - The Die is : DIE431
2023-05-09 09:55:49,061 [INFO] ApiDbMcu:507 - Load IP Config File for FATFS
2023-05-09 09:55:49,081 [INFO] ApiDbMcu:507 - Load IP Config File for FREERTOS
2023-05-09 09:55:49,097 [INFO] ApiDbMcu:507 - Load IP Config File for LIBJPEG
2023-05-09 09:55:49,114 [INFO] ApiDbMcu:507 - Load IP Config File for MBEDTLS
2023-05-09 09:55:49,141 [INFO] ApiDbMcu:507 - Load IP Config File for USB_DEVICE
2023-05-09 09:55:49,163 [INFO] ApiDbMcu:507 - Load IP Config File for USB_HOST
2023-05-09 09:56:00,031 [INFO] ProjectBuilder:4505 - Time for Generating toolchain IDE Files: 11321mS.
2023-05-09 09:56:00,032 [INFO] ProjectBuilder:2867 - Time for Copy CMSIS : 0mS.
2023-05-09 09:56:00,035 [INFO] ProjectBuilder:2867 - Time for Copy CMSIS : 0mS.
2023-05-09 09:56:01,043 [INFO] McuFinderGlobals:66 - Set McuFinderConnectedMode to true
2023-05-09 09:56:01,043 [INFO] ApiDb:448 - Save user favorites file C:\Users\DELL/.stm32cubeide/favorites.mcus.txt: 1 item(s)
2023-05-09 09:56:01,043 [INFO] ApiDb:452 - User favorites MCUs=[STM32F411RET6]
2023-05-09 09:58:52,775 [INFO] NvicIntPanel:101 - NVIC parent = com.st.microxplorer.plugins.ip.nvic.MultiNvicIntPanel[,0,0,0x0,invalid,layout=javax.swing.BoxLayout,alignmentX=0.0,alignmentY=0.0,border=,flags=9,maximumSize=,minimumSize=,preferredSize=]
2023-05-09 10:00:44,639 [INFO] NvicIntPanel:101 - NVIC parent = com.st.microxplorer.plugins.ip.nvic.MultiNvicIntPanel[,0,0,450x157,layout=javax.swing.BoxLayout,alignmentX=0.0,alignmentY=0.0,border=,flags=9,maximumSize=,minimumSize=,preferredSize=]
2023-05-09 10:00:46,768 [INFO] NvicIntPanel:101 - NVIC parent = com.st.microxplorer.plugins.ip.nvic.MultiNvicIntPanel[,0,0,0x0,invalid,layout=javax.swing.BoxLayout,alignmentX=0.0,alignmentY=0.0,border=,flags=9,maximumSize=,minimumSize=,preferredSize=]
2023-05-09 10:01:06,270 [INFO] UtilMem:75 - End SaveConfig() Used Memory: 526345248 Bytes (748683264)
2023-05-09 10:01:23,961 [INFO] UtilMem:75 - End SaveConfig() Used Memory: 547361048 Bytes (748683264)
2023-05-09 10:01:26,493 [INFO] UtilMem:75 - End SaveConfig() Used Memory: 609182752 Bytes (748683264)
2023-05-09 10:01:27,062 [INFO] BlockDiagram:2759 - set Specific Code input for plugin: NVIC
2023-05-09 10:01:27,066 [INFO] BlockDiagram:2759 - set Specific Code input for plugin: TIM1_8
2023-05-09 10:01:27,067 [INFO] BlockDiagram:2759 - set Specific Code input for plugin: GPIO
2023-05-09 10:01:27,067 [INFO] BlockDiagram:2759 - set Specific Code input for plugin: RCC
2023-05-09 10:01:27,069 [INFO] CodeGenerator:793 - code generatio: config db path: D:\ST\STM32CubeIDE_1.12.1\STM32CubeIDE\plugins\com.st.stm32cube.common.mx_6.8.1.202304191431\\db\
2023-05-09 10:01:27,452 [INFO] CodeEngine:255 - oldGeneratedFile, E:\stm32cubeide\timernormal\MXTmpFiles\license.tmp_save
2023-05-09 10:01:27,637 [INFO] CodeEngine:279 - Generated code: E:\stm32cubeide\timernormal\MXTmpFiles\license.tmp
2023-05-09 10:01:27,720 [INFO] CodeEngine:255 - oldGeneratedFile, E:\stm32cubeide\timernormal\MXTmpFiles\gpio.tmp_save
2023-05-09 10:01:27,899 [INFO] CodeEngine:279 - Generated code: E:\stm32cubeide\timernormal\MXTmpFiles\gpio.tmp
2023-05-09 10:01:28,227 [INFO] CodeEngine:255 - oldGeneratedFile, E:\stm32cubeide\timernormal\Core\Src\stm32f4xx_it.c_save
2023-05-09 10:01:28,427 [INFO] CodeEngine:279 - Generated code: E:\stm32cubeide\timernormal\Core\Src\stm32f4xx_it.c
2023-05-09 10:01:28,437 [INFO] CodeEngine:255 - oldGeneratedFile, E:\stm32cubeide\timernormal\Core\Inc\stm32f4xx_it.h_save
2023-05-09 10:01:28,557 [INFO] CodeEngine:279 - Generated code: E:\stm32cubeide\timernormal\Core\Inc\stm32f4xx_it.h
2023-05-09 10:01:28,587 [INFO] CodeEngine:255 - oldGeneratedFile, E:\stm32cubeide\timernormal\Core\Src\stm32f4xx_hal_msp.c_save
2023-05-09 10:01:28,743 [INFO] CodeEngine:279 - Generated code: E:\stm32cubeide\timernormal\Core\Src\stm32f4xx_hal_msp.c
2023-05-09 10:01:28,767 [INFO] CodeEngine:255 - oldGeneratedFile, E:\stm32cubeide\timernormal\MXTmpFiles\system.tmp_save
2023-05-09 10:01:28,839 [INFO] CodeEngine:279 - Generated code: E:\stm32cubeide\timernormal\MXTmpFiles\system.tmp
2023-05-09 10:01:28,879 [INFO] CodeEngine:311 - oldGeneratedFile, E:\stm32cubeide\timernormal\Core\Inc\stm32f4xx_hal_conf.h_save
2023-05-09 10:01:29,010 [INFO] CodeEngine:335 - Generated code: E:\stm32cubeide\timernormal\Core\Inc\stm32f4xx_hal_conf.h
2023-05-09 10:01:29,067 [WARN] IPConfigManager:3431 - IP not found : TIM
2023-05-09 10:01:29,068 [WARN] CodeGenerator:3754 - IP not found : null
2023-05-09 10:01:29,098 [INFO] CodeEngine:255 - oldGeneratedFile, E:\stm32cubeide\timernormal\Core\Inc\main.h_save
2023-05-09 10:01:29,220 [INFO] CodeEngine:279 - Generated code: E:\stm32cubeide\timernormal\Core\Inc\main.h
2023-05-09 10:01:29,238 [INFO] CodeEngine:255 - oldGeneratedFile, E:\stm32cubeide\timernormal\Core\Src\main.c_save
2023-05-09 10:01:29,428 [INFO] CodeEngine:279 - Generated code: E:\stm32cubeide\timernormal\Core\Src\main.c
2023-05-09 10:01:30,589 [INFO] ProjectBuilder:2996 - Time for Copy HAL[1] : 198mS.
2023-05-09 10:01:30,592 [INFO] ProjectBuilder:4304 - Project Generator version: 3.19.2
2023-05-09 10:01:31,351 [INFO] ConfigFileManager:1483 - The Die is : DIE431
2023-05-09 10:01:34,021 [INFO] ProjectBuilder:4505 - Time for Generating toolchain IDE Files: 3429mS.
2023-05-09 10:01:34,021 [INFO] ProjectBuilder:2867 - Time for Copy CMSIS : 0mS.
2023-05-09 10:01:34,031 [INFO] ProjectBuilder:2867 - Time for Copy CMSIS : 0mS.
2023-05-09 10:09:19,935 [INFO] NvicIntPanel:101 - NVIC parent = com.st.microxplorer.plugins.ip.nvic.MultiNvicIntPanel[,0,0,0x0,invalid,layout=javax.swing.BoxLayout,alignmentX=0.0,alignmentY=0.0,border=,flags=9,maximumSize=,minimumSize=,preferredSize=]
2023-05-09 10:09:23,685 [INFO] NvicIntPanel:101 - NVIC parent = com.st.microxplorer.plugins.ip.nvic.MultiNvicIntPanel[,0,0,0x0,invalid,layout=javax.swing.BoxLayout,alignmentX=0.0,alignmentY=0.0,border=,flags=9,maximumSize=,minimumSize=,preferredSize=]
2023-05-09 12:30:07,136 [INFO] UtilMem:75 - End SaveConfig() Used Memory: 278461136 Bytes (786432000)
2023-05-09 12:30:12,134 [INFO] UtilMem:75 - End SaveConfig() Used Memory: 298906320 Bytes (786432000)
2023-05-09 12:30:19,000 [INFO] UtilMem:75 - End SaveConfig() Used Memory: 335606480 Bytes (786432000)
2023-05-09 12:30:19,651 [INFO] BlockDiagram:2759 - set Specific Code input for plugin: NVIC
2023-05-09 12:30:19,651 [INFO] BlockDiagram:2759 - set Specific Code input for plugin: TIM1_8
2023-05-09 12:30:19,651 [INFO] BlockDiagram:2759 - set Specific Code input for plugin: GPIO
2023-05-09 12:30:19,653 [INFO] BlockDiagram:2759 - set Specific Code input for plugin: RCC
2023-05-09 12:30:19,654 [INFO] CodeGenerator:793 - code generatio: config db path: D:\ST\STM32CubeIDE_1.12.1\STM32CubeIDE\plugins\com.st.stm32cube.common.mx_6.8.1.202304191431\\db\
2023-05-09 12:30:20,196 [INFO] CodeEngine:255 - oldGeneratedFile, E:\stm32cubeide\timernormal\MXTmpFiles\license.tmp_save
2023-05-09 12:30:20,310 [INFO] CodeEngine:279 - Generated code: E:\stm32cubeide\timernormal\MXTmpFiles\license.tmp
2023-05-09 12:30:20,476 [INFO] CodeEngine:255 - oldGeneratedFile, E:\stm32cubeide\timernormal\MXTmpFiles\gpio.tmp_save
2023-05-09 12:30:20,565 [INFO] CodeEngine:279 - Generated code: E:\stm32cubeide\timernormal\MXTmpFiles\gpio.tmp
2023-05-09 12:30:20,844 [INFO] CodeEngine:255 - oldGeneratedFile, E:\stm32cubeide\timernormal\Core\Src\stm32f4xx_it.c_save
2023-05-09 12:30:21,386 [INFO] CodeEngine:279 - Generated code: E:\stm32cubeide\timernormal\Core\Src\stm32f4xx_it.c
2023-05-09 12:30:21,404 [INFO] CodeEngine:255 - oldGeneratedFile, E:\stm32cubeide\timernormal\Core\Inc\stm32f4xx_it.h_save
2023-05-09 12:30:21,558 [INFO] CodeEngine:279 - Generated code: E:\stm32cubeide\timernormal\Core\Inc\stm32f4xx_it.h
2023-05-09 12:30:21,746 [INFO] CodeEngine:255 - oldGeneratedFile, E:\stm32cubeide\timernormal\Core\Src\stm32f4xx_hal_msp.c_save
2023-05-09 12:30:21,991 [INFO] CodeEngine:279 - Generated code: E:\stm32cubeide\timernormal\Core\Src\stm32f4xx_hal_msp.c
2023-05-09 12:30:22,037 [INFO] CodeEngine:255 - oldGeneratedFile, E:\stm32cubeide\timernormal\MXTmpFiles\system.tmp_save
2023-05-09 12:30:22,146 [INFO] CodeEngine:279 - Generated code: E:\stm32cubeide\timernormal\MXTmpFiles\system.tmp
2023-05-09 12:30:22,198 [INFO] CodeEngine:311 - oldGeneratedFile, E:\stm32cubeide\timernormal\Core\Inc\stm32f4xx_hal_conf.h_save
2023-05-09 12:30:22,335 [INFO] CodeEngine:335 - Generated code: E:\stm32cubeide\timernormal\Core\Inc\stm32f4xx_hal_conf.h
2023-05-09 12:30:22,376 [WARN] IPConfigManager:3431 - IP not found : TIM
2023-05-09 12:30:22,376 [WARN] CodeGenerator:3754 - IP not found : null
2023-05-09 12:30:22,465 [INFO] CodeEngine:255 - oldGeneratedFile, E:\stm32cubeide\timernormal\Core\Inc\main.h_save
2023-05-09 12:30:22,608 [INFO] CodeEngine:279 - Generated code: E:\stm32cubeide\timernormal\Core\Inc\main.h
2023-05-09 12:30:22,659 [INFO] CodeEngine:255 - oldGeneratedFile, E:\stm32cubeide\timernormal\Core\Src\main.c_save
2023-05-09 12:30:22,894 [INFO] CodeEngine:279 - Generated code: E:\stm32cubeide\timernormal\Core\Src\main.c
2023-05-09 12:30:24,317 [INFO] ProjectBuilder:2996 - Time for Copy HAL[1] : 260mS.
2023-05-09 12:30:24,319 [INFO] ProjectBuilder:4304 - Project Generator version: 3.19.2
2023-05-09 12:30:24,667 [INFO] ConfigFileManager:1483 - The Die is : DIE431
2023-05-09 12:30:27,949 [INFO] ProjectBuilder:4505 - Time for Generating toolchain IDE Files: 3630mS.
2023-05-09 12:30:27,956 [INFO] ProjectBuilder:2867 - Time for Copy CMSIS : 7mS.
2023-05-09 12:30:27,956 [INFO] ProjectBuilder:2867 - Time for Copy CMSIS : 0mS.
