2023-05-08 06:48:44,054 [INFO] Activator:176 - 


2023-05-08 06:48:44,070 [INFO] Activator:177 - !SESSION log4j initialized
2023-05-08 06:48:51,319 [INFO] LogOutputStream:77 - [STDOUT_REDIRECT] 
2023-05-08 06:49:18,427 [ERROR] LogOutputStream:75 - [STDERR_REDIRECT] SLF4J: Failed to load class "org.slf4j.impl.StaticLoggerBinder".
2023-05-08 06:49:18,427 [ERROR] LogOutputStream:75 - [STDERR_REDIRECT] SLF4J: Defaulting to no-operation (NOP) logger implementation
2023-05-08 06:49:18,427 [ERROR] LogOutputStream:75 - [STDERR_REDIRECT] SLF4J: See http://www.slf4j.org/codes.html#StaticLoggerBinder for further details.
2023-05-08 06:49:18,953 [INFO] ApplicationProperties:184 - Using Application install path: D:\ST\STM32CubeIDE_1.12.1\STM32CubeIDE\plugins\com.st.stm32cube.common.mx_6.8.1.202304191431
2023-05-08 06:49:19,048 [INFO] DbMcusXml:78 - Set database path to: D:\ST\STM32CubeIDE_1.12.1\STM32CubeIDE\plugins\com.st.stm32cube.common.mx_6.8.1.202304191431\\db\/mcu/
2023-05-08 06:49:19,048 [INFO] ApiDb:274 - Set plugin database path to: D:\ST\STM32CubeIDE_1.12.1\STM32CubeIDE\plugins\com.st.stm32cube.common.mx_6.8.1.202304191431\\db\/plugins/boardmanager/
2023-05-08 06:49:19,048 [WARN] ApiDb:259 - Overriding images path with different value:  => D:\ST\STM32CubeIDE_1.12.1\STM32CubeIDE\plugins\com.st.stm32cube.common.mx_6.8.1.202304191431\\db\/plugins/mcufinder/images/
2023-05-08 06:49:19,084 [INFO] ApiDb:250 - Set database path to: C:\Users\DELL\.stmcufinder\plugins\mcufinder//mcu/
2023-05-08 06:49:19,084 [INFO] DbMcusAds:125 - Set database path to: C:\Users\DELL\.stmcufinder\plugins\mcufinder//mcu/
2023-05-08 06:49:19,095 [INFO] CrossReferenceDbSqlite:203 - Set database path to: C:\Users\DELL\.stmcufinder\plugins\mcufinder//mcu/cs/
2023-05-08 06:49:19,394 [INFO] RulesReader:64 - Compatibility file has been processed (293 Rules)
2023-05-08 06:49:19,583 [INFO] DbMcusXml:78 - Set database path to: D:\ST\STM32CubeIDE_1.12.1\STM32CubeIDE\plugins\com.st.stm32cube.common.mx_6.8.1.202304191431\\db\/mcu/
2023-05-08 06:49:19,593 [INFO] ApiDb:274 - Set plugin database path to: D:\ST\STM32CubeIDE_1.12.1\STM32CubeIDE\plugins\com.st.stm32cube.common.mx_6.8.1.202304191431\\db\/plugins/boardmanager/
2023-05-08 06:49:19,593 [INFO] ApiDb:261 - Set plugin images path to: D:\ST\STM32CubeIDE_1.12.1\STM32CubeIDE\plugins\com.st.stm32cube.common.mx_6.8.1.202304191431\\db\/plugins/mcufinder/images/
2023-05-08 06:49:19,593 [WARN] DbFile:41 - Overriding database path with different value: C:\Users\DELL\.stmcufinder\plugins\mcufinder/ => C:\Users\DELL\.stmcufinder\plugins\mcufinder
2023-05-08 06:49:19,593 [INFO] ApiDb:250 - Set database path to: C:\Users\DELL\.stmcufinder\plugins\mcufinder//mcu/
2023-05-08 06:49:19,593 [WARN] DbFile:41 - Overriding database path with different value: C:\Users\DELL\.stmcufinder\plugins\mcufinder/ => C:\Users\DELL\.stmcufinder\plugins\mcufinder
2023-05-08 06:49:19,593 [INFO] DbMcusAds:125 - Set database path to: C:\Users\DELL\.stmcufinder\plugins\mcufinder//mcu/
2023-05-08 06:49:19,593 [WARN] DbFile:41 - Overriding database path with different value: C:\Users\DELL\.stmcufinder\plugins\mcufinder/ => C:\Users\DELL\.stmcufinder\plugins\mcufinder
2023-05-08 06:49:19,593 [WARN] DbFile:41 - Overriding database path with different value: C:\Users\DELL\.stmcufinder\plugins\mcufinder/ => C:\Users\DELL\.stmcufinder\plugins\mcufinder
2023-05-08 06:49:19,593 [INFO] CrossReferenceDbSqlite:203 - Set database path to: C:\Users\DELL\.stmcufinder\plugins\mcufinder//mcu/cs/
2023-05-08 06:49:19,741 [INFO] MainPanel:253 - HeapMemory: 268435456
2023-05-08 06:49:20,022 [INFO] DbMcusXml:78 - Set database path to: D:\ST\STM32CubeIDE_1.12.1\STM32CubeIDE\plugins\com.st.stm32cube.common.mx_6.8.1.202304191431\\db\/mcu/
2023-05-08 06:49:20,022 [INFO] ApiDb:274 - Set plugin database path to: D:\ST\STM32CubeIDE_1.12.1\STM32CubeIDE\plugins\com.st.stm32cube.common.mx_6.8.1.202304191431\\db\/plugins/boardmanager/
2023-05-08 06:49:20,022 [INFO] ApiDb:261 - Set plugin images path to: D:\ST\STM32CubeIDE_1.12.1\STM32CubeIDE\plugins\com.st.stm32cube.common.mx_6.8.1.202304191431\\db\/plugins/mcufinder/images/
2023-05-08 06:49:20,038 [WARN] DbFile:41 - Overriding database path with different value: C:\Users\DELL\.stmcufinder\plugins\mcufinder/ => C:\Users\DELL\.stmcufinder\plugins\mcufinder
2023-05-08 06:49:20,038 [INFO] ApiDb:250 - Set database path to: C:\Users\DELL\.stmcufinder\plugins\mcufinder//mcu/
2023-05-08 06:49:20,038 [WARN] DbFile:41 - Overriding database path with different value: C:\Users\DELL\.stmcufinder\plugins\mcufinder/ => C:\Users\DELL\.stmcufinder\plugins\mcufinder
2023-05-08 06:49:20,038 [INFO] DbMcusAds:125 - Set database path to: C:\Users\DELL\.stmcufinder\plugins\mcufinder//mcu/
2023-05-08 06:49:20,038 [WARN] DbFile:41 - Overriding database path with different value: C:\Users\DELL\.stmcufinder\plugins\mcufinder/ => C:\Users\DELL\.stmcufinder\plugins\mcufinder
2023-05-08 06:49:20,038 [WARN] DbFile:41 - Overriding database path with different value: C:\Users\DELL\.stmcufinder\plugins\mcufinder/ => C:\Users\DELL\.stmcufinder\plugins\mcufinder
2023-05-08 06:49:20,038 [INFO] CrossReferenceDbSqlite:203 - Set database path to: C:\Users\DELL\.stmcufinder\plugins\mcufinder//mcu/cs/
2023-05-08 06:49:20,070 [INFO] ApplicationProperties:184 - Using Application install path: D:\ST\STM32CubeIDE_1.12.1\STM32CubeIDE\plugins\com.st.stm32cube.common.mx_6.8.1.202304191431
2023-05-08 06:49:20,070 [INFO] PluginManage:196 - Search for loadable plugins [exclusion list=, ]
2023-05-08 06:49:20,070 [INFO] PluginManage:310 - Check plugin analytics
2023-05-08 06:49:20,383 [INFO] AnalyticsPlugin:253 - Accepted Software Licenses: STM32CubeMX.6.8.1
2023-05-08 06:49:20,383 [INFO] AnalyticsPlugin:255 - Accepted CMSIS Pack Licenses: 
2023-05-08 06:49:20,383 [INFO] AnalyticsPlugin:257 - Accepted Firmware Licenses: 
2023-05-08 06:49:20,419 [INFO] PluginManage:359 - Loaded plugin analytics (category:tool,tabindex:-1)
2023-05-08 06:49:20,419 [INFO] PluginManage:310 - Check plugin cadmodel
2023-05-08 06:49:20,540 [INFO] CADModel:105 - Init CAD model plugin
2023-05-08 06:49:20,540 [INFO] PluginManage:359 - Loaded plugin cadmodel (category:power,tabindex:5)
2023-05-08 06:49:20,540 [INFO] PluginManage:310 - Check plugin clock
2023-05-08 06:49:20,838 [INFO] PluginManage:359 - Loaded plugin clock (category:base,tabindex:2)
2023-05-08 06:49:20,838 [INFO] PluginManage:310 - Check plugin ddr
2023-05-08 06:49:20,854 [INFO] PluginManage:359 - Loaded plugin ddr (category:tool,tabindex:6)
2023-05-08 06:49:20,854 [INFO] PluginManage:310 - Check plugin filemanager
2023-05-08 06:49:21,245 [INFO] PluginManage:359 - Loaded plugin filemanager (category:base,tabindex:10)
2023-05-08 06:49:21,245 [INFO] PluginManage:310 - Check plugin ipmanager
2023-05-08 06:49:21,261 [INFO] PluginManage:359 - Loaded plugin ipmanager (category:base,tabindex:5)
2023-05-08 06:49:21,261 [INFO] PluginManage:310 - Check plugin lpbam
2023-05-08 06:49:21,277 [INFO] PluginManage:359 - Loaded plugin lpbam (category:base,tabindex:0)
2023-05-08 06:49:21,277 [INFO] PluginManage:310 - Check plugin pinoutandconfiguration
2023-05-08 06:49:21,308 [INFO] PluginManage:359 - Loaded plugin pinoutandconfiguration (category:base,tabindex:1)
2023-05-08 06:49:21,308 [INFO] PluginManage:310 - Check plugin pinoutconfig
2023-05-08 06:49:21,606 [WARN] SupportedApi:132 - Cannot load RTOS API schema: s4s-elt-must-match.1: The content of 'definitions' must match (annotation?, (simpleType | complexType)?, (unique | key | keyref)*)). A problem was found starting at: attribute.
2023-05-08 06:49:21,841 [INFO] PluginManage:359 - Loaded plugin pinoutconfig (category:base,tabindex:0)
2023-05-08 06:49:21,841 [INFO] PluginManage:310 - Check plugin power
2023-05-08 06:49:21,919 [INFO] PluginManage:359 - Loaded plugin power (category:power,tabindex:4)
2023-05-08 06:49:21,919 [INFO] PluginManage:310 - Check plugin projectmanager
2023-05-08 06:49:21,950 [INFO] PluginManage:359 - Loaded plugin projectmanager (category:projectmanager,tabindex:3)
2023-05-08 06:49:21,950 [INFO] PluginManage:310 - Check plugin thirdparty
2023-05-08 06:49:22,342 [INFO] PluginManage:359 - Loaded plugin thirdparty (category:base,tabindex:-1)
2023-05-08 06:49:22,342 [WARN] IntegrityCheckThread:84 - waiting for thirdparty lock release [integrity check]
2023-05-08 06:49:22,342 [INFO] IntegrityCheckThread:86 - entering critical section [integrity check]
2023-05-08 06:49:22,342 [INFO] PluginManage:310 - Check plugin tools
2023-05-08 06:49:22,342 [INFO] ThirdPartyUpdaterWithRetryManager:70 - Updater plugin not ready yet. [1/15]
2023-05-08 06:49:22,342 [INFO] PluginManage:359 - Loaded plugin tools (category:base,tabindex:7)
2023-05-08 06:49:22,342 [INFO] PluginManage:310 - Check plugin tutovideos
2023-05-08 06:49:22,859 [INFO] PluginManage:359 - Loaded plugin tutovideos (category:base,tabindex:-1)
2023-05-08 06:49:22,859 [INFO] PluginManage:310 - Check plugin updater
2023-05-08 06:49:22,906 [INFO] PluginManage:359 - Loaded plugin updater (category:base,tabindex:12)
2023-05-08 06:49:22,906 [INFO] PluginManage:283 - PluginManage : Loaded plugins [15]
2023-05-08 06:49:23,507 [INFO] PinOutPanel:1499 - setPackage(No Configuration,No Configuration)
2023-05-08 06:49:23,665 [INFO] CADModel:165 - CPN selected for project level
2023-05-08 06:49:23,665 [INFO] CADModel:114 - Register for checkConnection events
2023-05-08 06:49:23,775 [INFO] IPUIPlugin:80 - create IPUIPlugin
2023-05-08 06:49:23,775 [INFO] PluginManager:220 - loadIPPluginJar : add adc
2023-05-08 06:49:23,790 [INFO] IPUIPlugin:80 - create IPUIPlugin
2023-05-08 06:49:23,790 [INFO] PluginManager:220 - loadIPPluginJar : add aes
2023-05-08 06:49:23,838 [INFO] IPUIPlugin:80 - create IPUIPlugin
2023-05-08 06:49:23,838 [INFO] PluginManager:220 - loadIPPluginJar : add can
2023-05-08 06:49:23,838 [INFO] IPUIPlugin:80 - create IPUIPlugin
2023-05-08 06:49:23,838 [INFO] PluginManager:220 - loadIPPluginJar : add comp
2023-05-08 06:49:23,869 [INFO] IPUIPlugin:80 - create IPUIPlugin
2023-05-08 06:49:23,869 [INFO] PluginManager:220 - loadIPPluginJar : add cryp
2023-05-08 06:49:23,900 [INFO] IPUIPlugin:80 - create IPUIPlugin
2023-05-08 06:49:23,900 [INFO] PluginManager:220 - loadIPPluginJar : add dfsdm
2023-05-08 06:49:23,947 [INFO] IPUIPlugin:80 - create IPUIPlugin
2023-05-08 06:49:23,947 [INFO] PluginManager:220 - loadIPPluginJar : add dma
2023-05-08 06:49:23,995 [INFO] IPUIPlugin:80 - create IPUIPlugin
2023-05-08 06:49:23,995 [INFO] PluginManager:220 - loadIPPluginJar : add dma3
2023-05-08 06:49:24,013 [INFO] IPUIPlugin:80 - create IPUIPlugin
2023-05-08 06:49:24,013 [INFO] PluginManager:220 - loadIPPluginJar : add fatfs
2023-05-08 06:49:24,049 [INFO] IPUIPlugin:80 - create IPUIPlugin
2023-05-08 06:49:24,049 [INFO] PluginManager:220 - loadIPPluginJar : add fmc
2023-05-08 06:49:24,073 [INFO] IPUIPlugin:80 - create IPUIPlugin
2023-05-08 06:49:24,073 [INFO] PluginManager:220 - loadIPPluginJar : add freertos
2023-05-08 06:49:24,088 [INFO] IPUIPlugin:80 - create IPUIPlugin
2023-05-08 06:49:24,088 [INFO] PluginManager:220 - loadIPPluginJar : add genericplugin
2023-05-08 06:49:24,088 [INFO] IPUIPlugin:80 - create IPUIPlugin
2023-05-08 06:49:24,104 [INFO] PluginManager:220 - loadIPPluginJar : add gfxmmu
2023-05-08 06:49:24,104 [INFO] IPUIPlugin:80 - create IPUIPlugin
2023-05-08 06:49:24,104 [INFO] PluginManager:220 - loadIPPluginJar : add gic
2023-05-08 06:49:24,120 [INFO] IPUIPlugin:80 - create IPUIPlugin
2023-05-08 06:49:24,120 [INFO] PluginManager:220 - loadIPPluginJar : add gpio
2023-05-08 06:49:24,166 [INFO] IPUIPlugin:80 - create IPUIPlugin
2023-05-08 06:49:24,166 [INFO] PluginManager:220 - loadIPPluginJar : add gtzc
2023-05-08 06:49:24,183 [INFO] IPUIPlugin:80 - create IPUIPlugin
2023-05-08 06:49:24,183 [INFO] PluginManager:220 - loadIPPluginJar : add hash
2023-05-08 06:49:24,198 [INFO] IPUIPlugin:80 - create IPUIPlugin
2023-05-08 06:49:24,198 [INFO] PluginManager:220 - loadIPPluginJar : add i2c
2023-05-08 06:49:24,214 [INFO] IPUIPlugin:80 - create IPUIPlugin
2023-05-08 06:49:24,214 [INFO] PluginManager:220 - loadIPPluginJar : add i2s
2023-05-08 06:49:24,214 [INFO] IPUIPlugin:80 - create IPUIPlugin
2023-05-08 06:49:24,229 [INFO] PluginManager:220 - loadIPPluginJar : add i3c
2023-05-08 06:49:24,229 [INFO] IPUIPlugin:80 - create IPUIPlugin
2023-05-08 06:49:24,229 [INFO] PluginManager:220 - loadIPPluginJar : add ipddr
2023-05-08 06:49:24,261 [INFO] IPUIPlugin:80 - create IPUIPlugin
2023-05-08 06:49:24,261 [INFO] PluginManager:220 - loadIPPluginJar : add linkedlist
2023-05-08 06:49:24,276 [INFO] IPUIPlugin:80 - create IPUIPlugin
2023-05-08 06:49:24,276 [INFO] PluginManager:220 - loadIPPluginJar : add lorawan
2023-05-08 06:49:24,276 [INFO] IPUIPlugin:80 - create IPUIPlugin
2023-05-08 06:49:24,276 [INFO] PluginManager:220 - loadIPPluginJar : add ltdc
2023-05-08 06:49:24,323 [INFO] IPUIPlugin:80 - create IPUIPlugin
2023-05-08 06:49:24,323 [INFO] PluginManager:220 - loadIPPluginJar : add mdma
2023-05-08 06:49:24,354 [INFO] IPUIPlugin:80 - create IPUIPlugin
2023-05-08 06:49:24,354 [INFO] PluginManager:220 - loadIPPluginJar : add nvic
2023-05-08 06:49:24,370 [INFO] IPUIPlugin:80 - create IPUIPlugin
2023-05-08 06:49:24,370 [INFO] PluginManager:220 - loadIPPluginJar : add opamp
2023-05-08 06:49:24,386 [INFO] IPUIPlugin:80 - create IPUIPlugin
2023-05-08 06:49:24,386 [INFO] PluginManager:220 - loadIPPluginJar : add openamp
2023-05-08 06:49:24,386 [INFO] IPUIPlugin:80 - create IPUIPlugin
2023-05-08 06:49:24,386 [INFO] PluginManager:220 - loadIPPluginJar : add pdm2pcm
2023-05-08 06:49:24,449 [INFO] IPUIPlugin:80 - create IPUIPlugin
2023-05-08 06:49:24,449 [INFO] PluginManager:220 - loadIPPluginJar : add plateformsettings
2023-05-08 06:49:24,465 [INFO] IPUIPlugin:80 - create IPUIPlugin
2023-05-08 06:49:24,465 [INFO] PluginManager:220 - loadIPPluginJar : add quadspi
2023-05-08 06:49:24,496 [INFO] IPUIPlugin:80 - create IPUIPlugin
2023-05-08 06:49:24,496 [INFO] PluginManager:220 - loadIPPluginJar : add resmgrutility
2023-05-08 06:49:24,512 [INFO] IPUIPlugin:80 - create IPUIPlugin
2023-05-08 06:49:24,512 [INFO] PluginManager:220 - loadIPPluginJar : add sai
2023-05-08 06:49:24,527 [INFO] IPUIPlugin:80 - create IPUIPlugin
2023-05-08 06:49:24,527 [INFO] PluginManager:220 - loadIPPluginJar : add spi
2023-05-08 06:49:24,543 [INFO] IPUIPlugin:80 - create IPUIPlugin
2023-05-08 06:49:24,543 [INFO] PluginManager:220 - loadIPPluginJar : add stm32_wpan
2023-05-08 06:49:24,543 [INFO] IPUIPlugin:80 - create IPUIPlugin
2023-05-08 06:49:24,543 [INFO] PluginManager:220 - loadIPPluginJar : add tim
2023-05-08 06:49:24,576 [INFO] IPUIPlugin:80 - create IPUIPlugin
2023-05-08 06:49:24,576 [INFO] PluginManager:220 - loadIPPluginJar : add touchsensing
2023-05-08 06:49:24,590 [INFO] IPUIPlugin:80 - create IPUIPlugin
2023-05-08 06:49:24,590 [INFO] PluginManager:220 - loadIPPluginJar : add tracer_emb
2023-05-08 06:49:24,590 [INFO] IPUIPlugin:80 - create IPUIPlugin
2023-05-08 06:49:24,590 [INFO] PluginManager:220 - loadIPPluginJar : add ts
2023-05-08 06:49:24,606 [INFO] IPUIPlugin:80 - create IPUIPlugin
2023-05-08 06:49:24,606 [INFO] PluginManager:220 - loadIPPluginJar : add tsc
2023-05-08 06:49:24,606 [INFO] IPUIPlugin:80 - create IPUIPlugin
2023-05-08 06:49:24,606 [INFO] PluginManager:220 - loadIPPluginJar : add ucpd
2023-05-08 06:49:24,621 [INFO] IPUIPlugin:80 - create IPUIPlugin
2023-05-08 06:49:24,621 [INFO] PluginManager:220 - loadIPPluginJar : add usart
2023-05-08 06:49:24,653 [INFO] IPUIPlugin:80 - create IPUIPlugin
2023-05-08 06:49:24,653 [INFO] PluginManager:220 - loadIPPluginJar : add usbx
2023-05-08 06:49:24,846 [INFO] CADModel:165 - CPN selected for project level
2023-05-08 06:49:24,846 [INFO] CADModel:114 - Register for checkConnection events
2023-05-08 06:49:24,846 [FATAL] Updater:308 - Updater called before beeing initialized
2023-05-08 06:49:24,846 [ERROR] CADModel:125 - Updater not yet initialized, retry later 
2023-05-08 06:49:25,193 [INFO] CADModel:165 - CPN selected for project level
2023-05-08 06:49:25,193 [INFO] CADModel:114 - Register for checkConnection events
2023-05-08 06:49:25,193 [FATAL] Updater:308 - Updater called before beeing initialized
2023-05-08 06:49:25,193 [ERROR] CADModel:125 - Updater not yet initialized, retry later 
2023-05-08 06:49:25,209 [FATAL] Updater:308 - Updater called before beeing initialized
2023-05-08 06:49:25,350 [INFO] ThirdPartyUpdaterWithRetryManager:70 - Updater plugin not ready yet. [2/15]
2023-05-08 06:49:25,366 [FATAL] Updater:308 - Updater called before beeing initialized
2023-05-08 06:49:25,366 [INFO] DbMcusAds:53 - JSON generation date=Tue Mar 07 14:20:54 IST 2023 (1678179054945)
2023-05-08 06:49:25,366 [FATAL] Updater:308 - Updater called before beeing initialized
2023-05-08 06:49:25,632 [WARN] DetailPanel:346 - Failed to get advertising image, set to default
2023-05-08 06:49:25,742 [FATAL] Updater:308 - Updater called before beeing initialized
2023-05-08 06:49:25,742 [FATAL] Updater:308 - Updater called before beeing initialized
2023-05-08 06:49:25,742 [FATAL] Updater:308 - Updater called before beeing initialized
2023-05-08 06:49:25,758 [WARN] DetailPanel:346 - Failed to get advertising image, set to default
2023-05-08 06:49:25,758 [FATAL] Updater:308 - Updater called before beeing initialized
2023-05-08 06:49:25,836 [ERROR] Updater:1120 - MainUpdater not yet initialized. External WinMGr cannot be set.
2023-05-08 06:49:25,868 [INFO] Updater:1056 - Updater Version found : 6.8.1
2023-05-08 06:49:25,883 [INFO] ApplicationProperties:184 - Using Application install path: D:\ST\STM32CubeIDE_1.12.1\STM32CubeIDE\plugins\com.st.stm32cube.common.mx_6.8.1.202304191431
2023-05-08 06:49:26,056 [INFO] MainUpdater:2854 - connection check result : 10
2023-05-08 06:49:26,056 [INFO] MainUpdater:3548 - Updater definition file requires update
2023-05-08 06:49:26,056 [INFO] MainUpdater:283 - Updater Check For Update Now.
2023-05-08 06:49:26,056 [INFO] MicroXplorer:498 - Change Database Version : DB.6.0.81
2023-05-08 06:49:26,078 [INFO] ServerAccessManage:473 - Download File updaters.zip
2023-05-08 06:49:26,151 [INFO] FileExtend:240 - Unzip File : updaters.zip
2023-05-08 06:49:26,151 [INFO] FileExtend:255 - Standard Zip Deflate
2023-05-08 06:49:26,624 [INFO] ServerAccessManage:473 - Download File PacksControlFlags.xml
2023-05-08 06:49:26,687 [INFO] ServerAccessManage:473 - Download File cubemx.pidx
2023-05-08 06:49:27,017 [INFO] LoadServerUpdatesThread:373 - End of LoadServerUpdate Thread
2023-05-08 06:49:27,301 [INFO] CheckServerUpdateThread:120 - End of CheckServer Thread
2023-05-08 06:49:27,333 [INFO] MainUpdater:2854 - connection check result : 10
2023-05-08 06:49:28,958 [WARN] PackLoader:240 - Cannot read IP mode file for STMicroelectronics.X-CUBE-GNSS1.6.0.0
2023-05-08 06:49:29,055 [WARN] PackLoader:240 - Cannot read IP mode file for STMicroelectronics.X-CUBE-AZRTOS-F4.1.1.0
2023-05-08 06:49:29,178 [INFO] ApiDb:581 - Connected to CubeFinder SQLite database (C:\Users\DELL\.stmcufinder\plugins\mcufinder\mcu\cube-finder-db.db)
2023-05-08 06:49:29,178 [WARN] PackLoader:240 - Cannot read IP mode file for STMicroelectronics.X-CUBE-SMBUS.2.1.0
2023-05-08 06:49:29,357 [WARN] PackLoader:240 - Cannot read IP mode file for wolfSSL.I-CUBE-wolfSSL.5.6.0
2023-05-08 06:49:29,400 [INFO] ApiDb:668 - CubeFinder database Data Model version=2.1
2023-05-08 06:49:29,400 [INFO] ApiDb:669 - CubeFinder database Configuration version=3.0.35
2023-05-08 06:49:29,400 [INFO] ApiDb:670 - CubeFinder database generation date=2023-04-03 (1680511692)
2023-05-08 06:49:29,400 [INFO] ApiDb:671 - CubeFinder database FW Pack versions=[FP-ATR-ASTRA1_V2.0.0, STM32Cube_FW_C0_V1.0.1, STM32Cube_FW_F0_V1.11.4, STM32Cube_FW_F3_V1.11.4, STM32Cube_FW_F4_V1.27.1, STM32Cube_FW_F7_V1.17.0, STM32Cube_FW_G0_V1.6.1, STM32Cube_FW_G4_V1.5.1, STM32Cube_FW_H5_V0.5.1, STM32Cube_FW_H5_V1.0.0, STM32Cube_FW_H7_V1.11.0, STM32Cube_FW_L0_V1.12.2, STM32Cube_FW_L5_V1.5.0, STM32Cube_FW_U5_V1.2.0, STM32Cube_FW_WBA_V1.0.0, STM32Cube_FW_WBA_V1.0.0RC1, STM32Cube_FW_WBA_V1.0.0RC3, STM32Cube_FW_WB_V1.15.0RC1, STM32Cube_FW_WB_V1.16.0, STM32Cube_FW_WB_V1.16.0RC2, STM32Cube_FW_WL_V1.3.0, X-CUBE-ALGOBUILD_V1.3.0, X-CUBE-ALS_V1.0.1, X-CUBE-AZRTOS-F4_V1.1.0, X-CUBE-AZRTOS-F7_V1.1.0, X-CUBE-AZRTOS-G0_V1.1.0, X-CUBE-AZRTOS-G4_V1.0.0, X-CUBE-AZRTOS-H7_V3.0.0, X-CUBE-AZRTOS-L4_V1.0.0, X-CUBE-AZRTOS-L5_V1.1.0, X-CUBE-AZRTOS-WB_V1.1.0, X-CUBE-AZRTOS-WL_V1.0.0, X-CUBE-BLE1_V6.2.4, X-CUBE-BLE2_V3.3.0, X-CUBE-BLEMGR_V1.3.0, X-CUBE-EEPRMA1_V4.1.0, X-CUBE-FREERTOS_V1.0.1, X-CUBE-GNSS1_V6.0.0, X-CUBE-MEMS1_V9.1.0, X-CUBE-MEMS1_V9.4.0, X-CUBE-MEMS1_V9.5.0, X-CUBE-NFC4_V3.0.0, X-CUBE-NFC7_V1.0.0, X-CUBE-SFXS2LP1_V4.0.0, X-CUBE-SUBG2_V5.0.0]
2023-05-08 06:49:29,449 [WARN] PackLoader:240 - Cannot read IP mode file for STMicroelectronics.X-CUBE-AZRTOS-F7.1.1.0
2023-05-08 06:49:29,700 [WARN] PackLoader:240 - Cannot read IP mode file for STMicroelectronics.X-CUBE-MEMS1.9.6.0
2023-05-08 06:49:29,716 [INFO] DbBoardsSqlite:226 - include board P-NUCLEO-WB55-NUCLEO as a kit item of type 'Nucleo-64'
2023-05-08 06:49:29,716 [INFO] DbBoardsSqlite:226 - include board P-NUCLEO-WB55-USBDONGLE as a kit item of type 'Nucleo USB Dongle'
2023-05-08 06:49:29,716 [INFO] DbBoardsSqlite:226 - include board STEVAL-IDP005V1 as a kit item of type 'Evaluation Board'
2023-05-08 06:49:29,716 [INFO] DbBoardsSqlite:226 - include board STEVAL-IDP005V2 as a kit item of type 'Evaluation Board'
2023-05-08 06:49:30,334 [ERROR] RealEvaluatedCondition:428 - Found unsupported composite condition: CLASS='Data Exchange' GROUP='STM32_MetaDataManager'
2023-05-08 06:49:30,334 [ERROR] RealEvaluatedCondition:428 - Found unsupported composite condition: CLASS='Data Exchange' GROUP='STM32_MetaDataManager'
2023-05-08 06:49:30,334 [WARN] PackLoader:240 - Cannot read IP mode file for STMicroelectronics.FP-SNS-MOTENV1.4.3.0
2023-05-08 06:49:30,458 [INFO] ApiDb:240 - Found 297 in-development CPN: [B-G473E-ZEST1S, B-WB1M-WPAN1, B-WL5M-SUBG1, NUCLEO-C031C6, NUCLEO-H503RB, NUCLEO-H563ZI, NUCLEO-U545RE-Q, NUCLEO-U5A5ZJ-Q, NUCLEO-WBA52CG, STEVAL-PROTEUS1, STEVAL-STWINBX1, STM320518-EVAL, STM32C0116-DK, STM32C011D6Y3TR, STM32C011D6Y6TR, STM32C011F4P3, STM32C011F4P6, STM32C011F4U3, STM32C011F4U6TR, STM32C011F6P3, STM32C011F6P6, STM32C011F6U3, STM32C011F6U6TR, STM32C011J4M3, STM32C011J4M6, STM32C011J6M3, STM32C011J6M6, STM32C0316-DK, STM32C031C4T3, STM32C031C4T6, STM32C031C4U3, STM32C031C4U6, STM32C031C6T3, STM32C031C6T6, STM32C031C6U3, STM32C031C6U6, STM32C031F4P3, STM32C031F4P6, STM32C031F6P3, STM32C031F6P6, STM32C031G4U3, STM32C031G4U6, STM32C031G6U3, STM32C031G6U6, STM32C031K4T3, STM32C031K4T6, STM32C031K4U3, STM32C031K4U6, STM32C031K6T3, STM32C031K6T6, STM32C031K6U3, STM32C031K6U6, STM32G071K8TXN, STM32G071K8UXN, STM32G081GBU6N, STM32G081KBT6N, STM32G081KBUXN, STM32G0B1CCT6N, STM32G0B1KCT6, STM32G0B1NEY6TR, STM32G0B1RCT6N, STM32G0C1CCT6, STM32G0C1CCT6N, STM32G0C1CCU6N, STM32G0C1CET6N, STM32G0C1CEU6N, STM32G0C1KCT6, STM32G0C1NEY6TR, STM32G0C1RCI6N, STM32G0C1RCT6N, STM32G0C1REI6N, STM32G0C1RET6N, STM32G0C1VCI6, STM32G0C1VEI6, STM32G471CCT6, STM32G471CCU6, STM32G471CET3, STM32G471CET6, STM32G471CEU3, STM32G471CEU6, STM32G471MCT6, STM32G471MET3, STM32G471MET6, STM32G471MEY6TR, STM32G471QCT6, STM32G471QET3, STM32G471RCT6, STM32G471RET3, STM32G471RET6, STM32G471VCH6, STM32G471VCI6, STM32G471VCT6, STM32G471VEH3, STM32G471VEH6, STM32G471VEI3, STM32G471VEI6, STM32G471VET3, STM32G471VET6, STM32G474CCT6, STM32H503CBT6, STM32H503CBU6, STM32H503EBY6TR, STM32H503KBU6, STM32H503RBT6, STM32H562AGI6, STM32H562AII6, STM32H562IGK6, STM32H562IGT6, STM32H562IIK6, STM32H562IIT6, STM32H562RGT6, STM32H562RGV6, STM32H562RIT6, STM32H562RIV6, STM32H562VGT6, STM32H562VIT6, STM32H562ZGT6, STM32H562ZIT6, STM32H563AGI6, STM32H563AII3Q, STM32H563AII6, STM32H563IGK6, STM32H563IGT6, STM32H563IIK3Q, STM32H563IIK6, STM32H563IIT3Q, STM32H563IIT6, STM32H563MIY3QTR, STM32H563RGT6, STM32H563RGV6, STM32H563RIT6, STM32H563RIV6, STM32H563VGT6, STM32H563VIT3Q, STM32H563VIT6, STM32H563ZGT6, STM32H563ZIT3Q, STM32H563ZIT6, STM32H573AII3Q, STM32H573AII6, STM32H573I-DK, STM32H573IIK3Q, STM32H573IIK6, STM32H573IIT3Q, STM32H573IIT6, STM32H573MIY3QTR, STM32H573RIT6, STM32H573RIV6, STM32H573VIT3Q, STM32H573VIT6, STM32H573ZIT3Q, STM32H573ZIT6, STM32L4R5QGI6STR, STM32MP131AAE3, STM32MP131AAF3, STM32MP131AAG3, STM32MP131CAE3, STM32MP131CAF3, STM32MP131CAG3, STM32MP131DAE7, STM32MP131DAF7, STM32MP131DAG7, STM32MP131FAE7, STM32MP131FAF7, STM32MP131FAG7, STM32MP133AAE3, STM32MP133AAF3, STM32MP133AAG3, STM32MP133CAE3, STM32MP133CAF3, STM32MP133CAG3, STM32MP133DAE7, STM32MP133DAF7, STM32MP133DAG7, STM32MP133FAE7, STM32MP133FAF7, STM32MP133FAG7, STM32MP135AAE3, STM32MP135AAF3, STM32MP135AAG3, STM32MP135CAE3, STM32MP135CAF3, STM32MP135CAG3, STM32MP135DAE7, STM32MP135DAF7, STM32MP135DAG7, STM32MP135F-DK, STM32MP135FAE7, STM32MP135FAF7, STM32MP135FAF7T, STM32MP135FAF7U, STM32MP135FAG7, STM32U535CBT6, STM32U535CBT6Q, STM32U535CBU6, STM32U535CBU6Q, STM32U535CCT6, STM32U535CCT6Q, STM32U535CCU6, STM32U535CCU6Q, STM32U535CET6, STM32U535CET6Q, STM32U535CEU6, STM32U535CEU6Q, STM32U535JEY6QTR, STM32U535NCY6QTR, STM32U535NEY6QTR, STM32U535RBI6, STM32U535RBI6Q, STM32U535RBT6, STM32U535RBT6Q, STM32U535RCI6, STM32U535RCI6Q, STM32U535RCT6, STM32U535RCT6Q, STM32U535REI6, STM32U535REI6Q, STM32U535RET6, STM32U535RET6Q, STM32U535VCI6, STM32U535VCI6Q, STM32U535VCT6, STM32U535VCT6Q, STM32U535VEI6, STM32U535VEI6Q, STM32U535VET6, STM32U535VET6Q, STM32U545CET6, STM32U545CET6Q, STM32U545CEU6, STM32U545CEU6Q, STM32U545JEY6QTR, STM32U545NEY6QTR, STM32U545REI6, STM32U545REI6Q, STM32U545RET6, STM32U545RET6Q, STM32U545VEI6, STM32U545VEI6Q, STM32U545VET6, STM32U545VET6Q, STM32U595AIH6, STM32U595AIH6Q, STM32U595AJH6, STM32U595AJH6Q, STM32U595QII6, STM32U595QII6Q, STM32U595QJI6, STM32U595QJI6Q, STM32U595RIT6, STM32U595RIT6Q, STM32U595RJT6, STM32U595RJT6Q, STM32U595VIT6, STM32U595VIT6Q, STM32U595VJT6, STM32U595VJT6Q, STM32U595ZIT6, STM32U595ZIT6Q, STM32U595ZIY6QTR, STM32U595ZJT6, STM32U595ZJT6Q, STM32U595ZJY6QTR, STM32U599BJY6QTR, STM32U599NIH6Q, STM32U599NJH6Q, STM32U599VIT6Q, STM32U599VJT6, STM32U599VJT6Q, STM32U599ZIT6Q, STM32U599ZIY6QTR, STM32U599ZJT6Q, STM32U599ZJY6QTR, STM32U5A5AJH6, STM32U5A5AJH6Q, STM32U5A5QJI6, STM32U5A5QJI6Q, STM32U5A5RJT6, STM32U5A5RJT6Q, STM32U5A5VJT6, STM32U5A5VJT6Q, STM32U5A5ZJT6, STM32U5A5ZJT6Q, STM32U5A5ZJY6QTR, STM32U5A9BJY6QTR, STM32U5A9J-DK, STM32U5A9NJH6Q, STM32U5A9VJT6Q, STM32U5A9ZJT6Q, STM32U5A9ZJY6QTR, STM32WB1MMCH6, STM32WBA52CEU6, STM32WBA52CEU6T, STM32WBA52CGU6, STM32WBA52CGU6T, STM32WL5MOCH6, STM32WL5MOCH6TR]
2023-05-08 06:49:30,509 [WARN] PackLoader:240 - Cannot read IP mode file for STMicroelectronics.FP-SNS-FLIGHT1.5.0.0
2023-05-08 06:49:30,537 [WARN] PackLoader:240 - Cannot read IP mode file for STMicroelectronics.X-CUBE-BLE1.6.2.4
2023-05-08 06:49:30,574 [WARN] PackLoader:240 - Cannot read IP mode file for emotas.I-CUBE-CANOPEN.1.1.3
2023-05-08 06:49:30,616 [WARN] PackLoader:240 - Cannot read IP mode file for STMicroelectronics.X-CUBE-BLEMGR.2.0.0
2023-05-08 06:49:30,679 [WARN] ConditionMgr:438 - getConditionDescription Invalid condition id : UX DEVICE CLASS RTOS Condition cause : null
2023-05-08 06:49:30,695 [WARN] ConditionMgr:438 - getConditionDescription Invalid condition id : UX DEVICE CLASS RTOS Condition cause : null
2023-05-08 06:49:30,730 [WARN] PackLoader:240 - Cannot read IP mode file for STMicroelectronics.X-CUBE-AZRTOS-H7.3.1.0
2023-05-08 06:49:30,730 [WARN] ConditionMgr:1039 - genDependencies : Invalid condition id : UX DEVICE CLASS RTOS Condition cause : null
2023-05-08 06:49:30,730 [WARN] ConditionMgr:1039 - genDependencies : Invalid condition id : UX DEVICE CLASS RTOS Condition cause : null
2023-05-08 06:49:30,730 [WARN] ConditionMgr:1039 - genDependencies : Invalid condition id : UX DEVICE CLASS RTOS Condition cause : null
2023-05-08 06:49:30,730 [WARN] ConditionMgr:1039 - genDependencies : Invalid condition id : UX DEVICE CLASS RTOS Condition cause : null
2023-05-08 06:49:30,730 [WARN] ConditionMgr:1039 - genDependencies : Invalid condition id : UX DEVICE CLASS RTOS Condition cause : null
2023-05-08 06:49:30,789 [WARN] PackLoader:240 - Cannot read IP mode file for STMicroelectronics.X-CUBE-DISPLAY.3.0.0
2023-05-08 06:49:30,836 [WARN] PackLoader:240 - Cannot read IP mode file for STMicroelectronics.X-CUBE-NFC7.1.0.0
2023-05-08 06:49:30,883 [WARN] PackLoader:240 - Cannot read IP mode file for STMicroelectronics.X-CUBE-EEPRMA1.4.1.0
2023-05-08 06:49:30,899 [WARN] PackLoader:240 - Cannot read IP mode file for WES.I-CUBE-Cesium.1.3.0
2023-05-08 06:49:30,915 [INFO] BoardInfo:880 - No configuration file found for board P-NUCLEO-WB55
2023-05-08 06:49:30,915 [INFO] DbBoards:157 - Kit is not supported: P-NUCLEO-WB55
2023-05-08 06:49:30,925 [INFO] BoardInfo:880 - No configuration file found for board STEVAL-BFA001V1B
2023-05-08 06:49:30,925 [INFO] DbBoards:157 - Kit is not supported: STEVAL-BFA001V1B
2023-05-08 06:49:30,925 [INFO] BoardInfo:880 - No configuration file found for board STEVAL-BFA001V2B
2023-05-08 06:49:30,925 [INFO] DbBoards:157 - Kit is not supported: STEVAL-BFA001V2B
2023-05-08 06:49:30,954 [WARN] PackLoader:240 - Cannot read IP mode file for STMicroelectronics.X-CUBE-SFXS2LP1.4.0.0
2023-05-08 06:49:31,088 [WARN] PackLoader:240 - Cannot read IP mode file for STMicroelectronics.X-CUBE-BLE2.3.3.0
2023-05-08 06:49:31,106 [WARN] PackLoader:240 - Cannot read IP mode file for STMicroelectronics.X-CUBE-ISPU.1.1.0
2023-05-08 06:49:31,160 [INFO] DbBoards:161 - Found 187 boards, 184 are supported
2023-05-08 06:49:31,173 [INFO] ApiDb:668 - CubeFinder database Data Model version=2.1
2023-05-08 06:49:31,173 [INFO] ApiDb:669 - CubeFinder database Configuration version=3.0.35
2023-05-08 06:49:31,173 [INFO] ApiDb:670 - CubeFinder database generation date=2023-04-03 (1680511692)
2023-05-08 06:49:31,173 [INFO] ApiDb:671 - CubeFinder database FW Pack versions=[FP-ATR-ASTRA1_V2.0.0, STM32Cube_FW_C0_V1.0.1, STM32Cube_FW_F0_V1.11.4, STM32Cube_FW_F3_V1.11.4, STM32Cube_FW_F4_V1.27.1, STM32Cube_FW_F7_V1.17.0, STM32Cube_FW_G0_V1.6.1, STM32Cube_FW_G4_V1.5.1, STM32Cube_FW_H5_V0.5.1, STM32Cube_FW_H5_V1.0.0, STM32Cube_FW_H7_V1.11.0, STM32Cube_FW_L0_V1.12.2, STM32Cube_FW_L5_V1.5.0, STM32Cube_FW_U5_V1.2.0, STM32Cube_FW_WBA_V1.0.0, STM32Cube_FW_WBA_V1.0.0RC1, STM32Cube_FW_WBA_V1.0.0RC3, STM32Cube_FW_WB_V1.15.0RC1, STM32Cube_FW_WB_V1.16.0, STM32Cube_FW_WB_V1.16.0RC2, STM32Cube_FW_WL_V1.3.0, X-CUBE-ALGOBUILD_V1.3.0, X-CUBE-ALS_V1.0.1, X-CUBE-AZRTOS-F4_V1.1.0, X-CUBE-AZRTOS-F7_V1.1.0, X-CUBE-AZRTOS-G0_V1.1.0, X-CUBE-AZRTOS-G4_V1.0.0, X-CUBE-AZRTOS-H7_V3.0.0, X-CUBE-AZRTOS-L4_V1.0.0, X-CUBE-AZRTOS-L5_V1.1.0, X-CUBE-AZRTOS-WB_V1.1.0, X-CUBE-AZRTOS-WL_V1.0.0, X-CUBE-BLE1_V6.2.4, X-CUBE-BLE2_V3.3.0, X-CUBE-BLEMGR_V1.3.0, X-CUBE-EEPRMA1_V4.1.0, X-CUBE-FREERTOS_V1.0.1, X-CUBE-GNSS1_V6.0.0, X-CUBE-MEMS1_V9.1.0, X-CUBE-MEMS1_V9.4.0, X-CUBE-MEMS1_V9.5.0, X-CUBE-NFC4_V3.0.0, X-CUBE-NFC7_V1.0.0, X-CUBE-SFXS2LP1_V4.0.0, X-CUBE-SUBG2_V5.0.0]
2023-05-08 06:49:31,173 [WARN] PackLoader:240 - Cannot read IP mode file for STMicroelectronics.X-CUBE-AI.8.0.0
2023-05-08 06:49:31,199 [WARN] PackLoader:240 - Cannot read IP mode file for STMicroelectronics.X-CUBE-FREERTOS.1.0.1
2023-05-08 06:49:31,277 [WARN] PackLoader:240 - Cannot read IP mode file for STMicroelectronics.X-CUBE-TOUCHGFX.4.21.3
2023-05-08 06:49:31,314 [WARN] PackLoader:240 - Cannot read IP mode file for STMicroelectronics.X-CUBE-ALGOBUILD.1.3.0
2023-05-08 06:49:31,435 [WARN] PackLoader:240 - Cannot read IP mode file for STMicroelectronics.X-CUBE-AZRTOS-L5.1.1.0
2023-05-08 06:49:31,529 [WARN] PackLoader:240 - Cannot read IP mode file for STMicroelectronics.X-CUBE-AZRTOS-G0.1.1.0
2023-05-08 06:49:31,592 [WARN] PackLoader:240 - Cannot read IP mode file for STMicroelectronics.X-CUBE-SUBG2.5.0.0
2023-05-08 06:49:31,654 [WARN] PackLoader:240 - Cannot read IP mode file for STMicroelectronics.X-CUBE-NFC4.3.0.0
2023-05-08 06:49:31,752 [WARN] PackLoader:240 - Cannot read IP mode file for STMicroelectronics.X-CUBE-AZRTOS-G4.2.0.0
2023-05-08 06:49:31,813 [WARN] PackLoader:240 - Cannot read IP mode file for STMicroelectronics.X-CUBE-TOF1.3.3.0
2023-05-08 06:49:31,939 [WARN] PackLoader:240 - Cannot read IP mode file for STMicroelectronics.FP-ATR-SIGFOX1.3.2.0
2023-05-08 06:49:32,017 [WARN] PackLoader:240 - Cannot read IP mode file for STMicroelectronics.X-CUBE-AZRTOS-L4.1.0.0
2023-05-08 06:49:32,048 [WARN] PackLoader:240 - Cannot read IP mode file for STMicroelectronics.X-CUBE-AZRTOS-WL.1.0.0
2023-05-08 06:49:32,080 [WARN] PackLoader:240 - Cannot read IP mode file for STMicroelectronics.X-CUBE-ALS.1.0.1
2023-05-08 06:49:32,127 [WARN] PackLoader:240 - Cannot read IP mode file for STMicroelectronics.X-CUBE-AZRTOS-WB.1.1.0
2023-05-08 06:49:32,205 [WARN] PackLoader:240 - Cannot read IP mode file for SEGGER.I-CUBE-embOS.1.3.1
2023-05-08 06:49:32,284 [WARN] PackLoader:240 - Cannot read IP mode file for STMicroelectronics.FP-ATR-ASTRA1.2.0.0
2023-05-08 06:49:32,300 [INFO] ThirdParty:978 - Integrity check success = true
2023-05-08 06:49:32,300 [INFO] IntegrityCheckThread:100 - exiting critical section [integrity check]
2023-05-08 06:49:32,300 [INFO] IntegrityCheckThread:103 - End integrity checks thread
2023-05-08 06:49:33,988 [INFO] ApiDb:240 - Found 297 in-development CPN: [B-G473E-ZEST1S, B-WB1M-WPAN1, B-WL5M-SUBG1, NUCLEO-C031C6, NUCLEO-H503RB, NUCLEO-H563ZI, NUCLEO-U545RE-Q, NUCLEO-U5A5ZJ-Q, NUCLEO-WBA52CG, STEVAL-PROTEUS1, STEVAL-STWINBX1, STM320518-EVAL, STM32C0116-DK, STM32C011D6Y3TR, STM32C011D6Y6TR, STM32C011F4P3, STM32C011F4P6, STM32C011F4U3, STM32C011F4U6TR, STM32C011F6P3, STM32C011F6P6, STM32C011F6U3, STM32C011F6U6TR, STM32C011J4M3, STM32C011J4M6, STM32C011J6M3, STM32C011J6M6, STM32C0316-DK, STM32C031C4T3, STM32C031C4T6, STM32C031C4U3, STM32C031C4U6, STM32C031C6T3, STM32C031C6T6, STM32C031C6U3, STM32C031C6U6, STM32C031F4P3, STM32C031F4P6, STM32C031F6P3, STM32C031F6P6, STM32C031G4U3, STM32C031G4U6, STM32C031G6U3, STM32C031G6U6, STM32C031K4T3, STM32C031K4T6, STM32C031K4U3, STM32C031K4U6, STM32C031K6T3, STM32C031K6T6, STM32C031K6U3, STM32C031K6U6, STM32G071K8TXN, STM32G071K8UXN, STM32G081GBU6N, STM32G081KBT6N, STM32G081KBUXN, STM32G0B1CCT6N, STM32G0B1KCT6, STM32G0B1NEY6TR, STM32G0B1RCT6N, STM32G0C1CCT6, STM32G0C1CCT6N, STM32G0C1CCU6N, STM32G0C1CET6N, STM32G0C1CEU6N, STM32G0C1KCT6, STM32G0C1NEY6TR, STM32G0C1RCI6N, STM32G0C1RCT6N, STM32G0C1REI6N, STM32G0C1RET6N, STM32G0C1VCI6, STM32G0C1VEI6, STM32G471CCT6, STM32G471CCU6, STM32G471CET3, STM32G471CET6, STM32G471CEU3, STM32G471CEU6, STM32G471MCT6, STM32G471MET3, STM32G471MET6, STM32G471MEY6TR, STM32G471QCT6, STM32G471QET3, STM32G471RCT6, STM32G471RET3, STM32G471RET6, STM32G471VCH6, STM32G471VCI6, STM32G471VCT6, STM32G471VEH3, STM32G471VEH6, STM32G471VEI3, STM32G471VEI6, STM32G471VET3, STM32G471VET6, STM32G474CCT6, STM32H503CBT6, STM32H503CBU6, STM32H503EBY6TR, STM32H503KBU6, STM32H503RBT6, STM32H562AGI6, STM32H562AII6, STM32H562IGK6, STM32H562IGT6, STM32H562IIK6, STM32H562IIT6, STM32H562RGT6, STM32H562RGV6, STM32H562RIT6, STM32H562RIV6, STM32H562VGT6, STM32H562VIT6, STM32H562ZGT6, STM32H562ZIT6, STM32H563AGI6, STM32H563AII3Q, STM32H563AII6, STM32H563IGK6, STM32H563IGT6, STM32H563IIK3Q, STM32H563IIK6, STM32H563IIT3Q, STM32H563IIT6, STM32H563MIY3QTR, STM32H563RGT6, STM32H563RGV6, STM32H563RIT6, STM32H563RIV6, STM32H563VGT6, STM32H563VIT3Q, STM32H563VIT6, STM32H563ZGT6, STM32H563ZIT3Q, STM32H563ZIT6, STM32H573AII3Q, STM32H573AII6, STM32H573I-DK, STM32H573IIK3Q, STM32H573IIK6, STM32H573IIT3Q, STM32H573IIT6, STM32H573MIY3QTR, STM32H573RIT6, STM32H573RIV6, STM32H573VIT3Q, STM32H573VIT6, STM32H573ZIT3Q, STM32H573ZIT6, STM32L4R5QGI6STR, STM32MP131AAE3, STM32MP131AAF3, STM32MP131AAG3, STM32MP131CAE3, STM32MP131CAF3, STM32MP131CAG3, STM32MP131DAE7, STM32MP131DAF7, STM32MP131DAG7, STM32MP131FAE7, STM32MP131FAF7, STM32MP131FAG7, STM32MP133AAE3, STM32MP133AAF3, STM32MP133AAG3, STM32MP133CAE3, STM32MP133CAF3, STM32MP133CAG3, STM32MP133DAE7, STM32MP133DAF7, STM32MP133DAG7, STM32MP133FAE7, STM32MP133FAF7, STM32MP133FAG7, STM32MP135AAE3, STM32MP135AAF3, STM32MP135AAG3, STM32MP135CAE3, STM32MP135CAF3, STM32MP135CAG3, STM32MP135DAE7, STM32MP135DAF7, STM32MP135DAG7, STM32MP135F-DK, STM32MP135FAE7, STM32MP135FAF7, STM32MP135FAF7T, STM32MP135FAF7U, STM32MP135FAG7, STM32U535CBT6, STM32U535CBT6Q, STM32U535CBU6, STM32U535CBU6Q, STM32U535CCT6, STM32U535CCT6Q, STM32U535CCU6, STM32U535CCU6Q, STM32U535CET6, STM32U535CET6Q, STM32U535CEU6, STM32U535CEU6Q, STM32U535JEY6QTR, STM32U535NCY6QTR, STM32U535NEY6QTR, STM32U535RBI6, STM32U535RBI6Q, STM32U535RBT6, STM32U535RBT6Q, STM32U535RCI6, STM32U535RCI6Q, STM32U535RCT6, STM32U535RCT6Q, STM32U535REI6, STM32U535REI6Q, STM32U535RET6, STM32U535RET6Q, STM32U535VCI6, STM32U535VCI6Q, STM32U535VCT6, STM32U535VCT6Q, STM32U535VEI6, STM32U535VEI6Q, STM32U535VET6, STM32U535VET6Q, STM32U545CET6, STM32U545CET6Q, STM32U545CEU6, STM32U545CEU6Q, STM32U545JEY6QTR, STM32U545NEY6QTR, STM32U545REI6, STM32U545REI6Q, STM32U545RET6, STM32U545RET6Q, STM32U545VEI6, STM32U545VEI6Q, STM32U545VET6, STM32U545VET6Q, STM32U595AIH6, STM32U595AIH6Q, STM32U595AJH6, STM32U595AJH6Q, STM32U595QII6, STM32U595QII6Q, STM32U595QJI6, STM32U595QJI6Q, STM32U595RIT6, STM32U595RIT6Q, STM32U595RJT6, STM32U595RJT6Q, STM32U595VIT6, STM32U595VIT6Q, STM32U595VJT6, STM32U595VJT6Q, STM32U595ZIT6, STM32U595ZIT6Q, STM32U595ZIY6QTR, STM32U595ZJT6, STM32U595ZJT6Q, STM32U595ZJY6QTR, STM32U599BJY6QTR, STM32U599NIH6Q, STM32U599NJH6Q, STM32U599VIT6Q, STM32U599VJT6, STM32U599VJT6Q, STM32U599ZIT6Q, STM32U599ZIY6QTR, STM32U599ZJT6Q, STM32U599ZJY6QTR, STM32U5A5AJH6, STM32U5A5AJH6Q, STM32U5A5QJI6, STM32U5A5QJI6Q, STM32U5A5RJT6, STM32U5A5RJT6Q, STM32U5A5VJT6, STM32U5A5VJT6Q, STM32U5A5ZJT6, STM32U5A5ZJT6Q, STM32U5A5ZJY6QTR, STM32U5A9BJY6QTR, STM32U5A9J-DK, STM32U5A9NJH6Q, STM32U5A9VJT6Q, STM32U5A9ZJT6Q, STM32U5A9ZJY6QTR, STM32WB1MMCH6, STM32WBA52CEU6, STM32WBA52CEU6T, STM32WBA52CGU6, STM32WBA52CGU6T, STM32WL5MOCH6, STM32WL5MOCH6TR]
2023-05-08 06:49:34,004 [INFO] DbMcus:216 - Found 3775 MCUs, 3775 are supported
2023-05-08 06:49:34,006 [INFO] ApiDb:414 - User favorites file not found: C:\Users\DELL/.stm32cubeide/favorites.mcus.txt
2023-05-08 06:49:34,006 [INFO] DbMcus:222 - Set 0 / 0 favorites MCUs
2023-05-08 06:49:35,120 [INFO] ApiDb:414 - User favorites file not found: C:\Users\DELL/.stm32cubeide/favorites.boards.txt
2023-05-08 06:49:35,120 [INFO] DbBoards:190 - Set 0 / 0 favorites Boards
2023-05-08 06:49:35,120 [INFO] McuFinderGlobals:66 - Set McuFinderConnectedMode to true
2023-05-08 06:49:35,136 [INFO] MultiScanPanel:200 - Auto-refresh data requested => check proxy status ongoing
2023-05-08 06:49:35,173 [INFO] FinderPluginLoader:95 - Searching for filters in installed packs
2023-05-08 06:49:38,045 [INFO] LoadUrlFilesThread:185 - End of LoadServerUrlFiles without Thread
2023-05-08 06:49:38,084 [INFO] DetailPanel:341 - Set advertising image to C:/Users/DELL/STM32Cube/Repository/\en.prom-stm32h5-mcu-finder.jpg
2023-05-08 06:50:46,460 [INFO] MainUpdater:2854 - connection check result : 10
2023-05-08 06:50:46,460 [INFO] MainUpdater:2854 - connection check result : 10
2023-05-08 06:50:46,570 [INFO] MicroXplorer:468 - Change Database Path : 
2023-05-08 06:50:46,586 [INFO] MicroXplorer:498 - Change Database Version : DB.6.0.81
2023-05-08 06:50:46,586 [WARN] ThirdParty:871 - waiting for thirdparty lock release [close project]
2023-05-08 06:50:46,586 [INFO] ThirdParty:873 - entering critical section [close project]
2023-05-08 06:50:46,586 [INFO] ThirdParty:883 - exiting critical section [close project]
2023-05-08 06:50:46,594 [INFO] PinOutPanel:1499 - setPackage(No Configuration,No Configuration)
2023-05-08 06:50:46,618 [INFO] UtilMem:75 - Begin LoadConfig() Used Memory: 438693488 Bytes (505413632)
2023-05-08 06:50:46,618 [INFO] MicroXplorer:468 - Change Database Path : 
2023-05-08 06:50:46,618 [INFO] MicroXplorer:498 - Change Database Version : DB.6.0.81
2023-05-08 06:50:46,618 [INFO] OpenFileManager:308 - Change cursor
2023-05-08 06:50:46,903 [INFO] Mcu:1937 - Initializing MCU STM32F411RETx STM32F411RETx 
2023-05-08 06:50:46,903 [INFO] Mcu:1950 - No CPN specified => set CPN to STM32F411RET6
2023-05-08 06:50:50,317 [INFO] Context:659 - Trying to add GPIOservice into a context  which must be forbidden
2023-05-08 06:50:51,214 [INFO] ImportTextPane:194 - (OptionalMessage_ERROR) Unable to find key (Mcu.ThirdPartyNb) in loaded IOC file
2023-05-08 06:50:51,214 [INFO] ImportTextPane:194 - (OptionalMessage_ERROR) Unable to find key (Mcu.PinsNb) in loaded IOC file
2023-05-08 06:50:51,214 [INFO] ImportTextPane:194 - (OptionalMessage_ERROR) Unable to find key (Mcu.IPNb) in loaded IOC file
2023-05-08 06:50:51,547 [INFO] RtosManager:555 - Registered RTOS mode: class=CMSIS, group=RTOS, mode=CMSIS_V1, owner=FREERTOS
2023-05-08 06:50:51,547 [INFO] RtosManager:555 - Registered RTOS mode: class=CMSIS, group=RTOS2, mode=CMSIS_V2, owner=FREERTOS
2023-05-08 06:50:51,547 [INFO] RtosManager:555 - Registered RTOS mode: class=RTOS, group=Core, mode=CMSIS_V1, owner=FREERTOS
2023-05-08 06:50:51,547 [INFO] RtosManager:555 - Registered RTOS mode: class=RTOS, group=Core, mode=CMSIS_V2, owner=FREERTOS
2023-05-08 06:50:51,547 [WARN] ModelIntegratedComponent:184 - Missing modes for component STMicroelectronics:FreeRTOS:0.0.1:STMicroelectronics:RTOS:FreeRTOS:Core:::10.2.0:
2023-05-08 06:50:51,560 [WARN] ModelIntegratedComponent:182 - Modes not found for component STMicroelectronics:USB_HOST:1.0.0:STMicroelectronics:USB::USB Host:Audio HS::1.0:USB_HOST_1_0_RESTRICTED_HS
2023-05-08 06:50:51,560 [WARN] ModelIntegratedComponent:188 - Modes not found for component STMicroelectronics:USB_HOST:1.0.0:STMicroelectronics:USB::USB Host:Audio HS::1.0:USB_HOST_1_0_RESTRICTED_HS
2023-05-08 06:50:51,564 [WARN] ModelIntegratedComponent:182 - Modes not found for component STMicroelectronics:USB_HOST:1.0.0:STMicroelectronics:USB::USB Host:CDC HS::1.0:USB_HOST_1_0_RESTRICTED_HS
2023-05-08 06:50:51,564 [WARN] ModelIntegratedComponent:188 - Modes not found for component STMicroelectronics:USB_HOST:1.0.0:STMicroelectronics:USB::USB Host:CDC HS::1.0:USB_HOST_1_0_RESTRICTED_HS
2023-05-08 06:50:51,564 [WARN] ModelIntegratedComponent:182 - Modes not found for component STMicroelectronics:USB_HOST:1.0.0:STMicroelectronics:USB::USB Host:MSC HS::1.0:USB_HOST_1_0_RESTRICTED_HS
2023-05-08 06:50:51,564 [WARN] ModelIntegratedComponent:188 - Modes not found for component STMicroelectronics:USB_HOST:1.0.0:STMicroelectronics:USB::USB Host:MSC HS::1.0:USB_HOST_1_0_RESTRICTED_HS
2023-05-08 06:50:51,564 [WARN] ModelIntegratedComponent:182 - Modes not found for component STMicroelectronics:USB_HOST:1.0.0:STMicroelectronics:USB::USB Host:HID HS::1.0:USB_HOST_1_0_RESTRICTED_HS
2023-05-08 06:50:51,564 [WARN] ModelIntegratedComponent:188 - Modes not found for component STMicroelectronics:USB_HOST:1.0.0:STMicroelectronics:USB::USB Host:HID HS::1.0:USB_HOST_1_0_RESTRICTED_HS
2023-05-08 06:50:51,564 [WARN] ModelIntegratedComponent:182 - Modes not found for component STMicroelectronics:USB_HOST:1.0.0:STMicroelectronics:USB::USB Host:MTP HS::1.0:USB_HOST_1_0_RESTRICTED_HS
2023-05-08 06:50:51,564 [WARN] ModelIntegratedComponent:188 - Modes not found for component STMicroelectronics:USB_HOST:1.0.0:STMicroelectronics:USB::USB Host:MTP HS::1.0:USB_HOST_1_0_RESTRICTED_HS
2023-05-08 06:50:51,576 [WARN] ModelIntegratedComponent:63 - No mode defined for component null
2023-05-08 06:50:51,576 [WARN] ModelIntegratedComponent:63 - No mode defined for component null
2023-05-08 06:50:51,576 [WARN] ModelIntegratedComponent:63 - No mode defined for component null
2023-05-08 06:50:51,576 [WARN] ModelIntegratedComponent:63 - No mode defined for component null
2023-05-08 06:50:51,576 [WARN] ModelIntegratedComponent:63 - No mode defined for component null
2023-05-08 06:50:51,576 [WARN] ModelIntegratedComponent:63 - No mode defined for component null
2023-05-08 06:50:51,576 [WARN] ModelIntegratedComponent:63 - No mode defined for component null
2023-05-08 06:50:51,576 [WARN] ModelIntegratedComponent:63 - No mode defined for component null
2023-05-08 06:50:51,576 [WARN] ModelIntegratedComponent:63 - No mode defined for component null
2023-05-08 06:50:51,576 [WARN] ModelIntegratedComponent:63 - No mode defined for component null
2023-05-08 06:50:51,576 [WARN] ModelIntegratedComponent:63 - No mode defined for component null
2023-05-08 06:50:51,576 [WARN] ModelIntegratedComponent:63 - No mode defined for component null
2023-05-08 06:50:51,576 [WARN] ModelIntegratedComponent:63 - No mode defined for component null
2023-05-08 06:50:51,576 [WARN] ModelIntegratedComponent:63 - No mode defined for component null
2023-05-08 06:50:51,576 [WARN] ModelIntegratedComponent:63 - No mode defined for component null
2023-05-08 06:50:51,576 [WARN] ModelIntegratedComponent:63 - No mode defined for component null
2023-05-08 06:50:51,576 [WARN] ModelIntegratedComponent:63 - No mode defined for component null
2023-05-08 06:50:51,576 [WARN] ModelIntegratedComponent:63 - No mode defined for component null
2023-05-08 06:50:51,576 [WARN] ModelIntegratedComponent:63 - No mode defined for component null
2023-05-08 06:50:51,576 [WARN] ModelIntegratedComponent:63 - No mode defined for component null
2023-05-08 06:50:51,576 [WARN] ModelIntegratedComponent:63 - No mode defined for component null
2023-05-08 06:50:51,576 [WARN] ModelIntegratedComponent:63 - No mode defined for component null
2023-05-08 06:50:51,576 [WARN] ModelIntegratedComponent:63 - No mode defined for component null
2023-05-08 06:50:51,576 [WARN] ModelIntegratedComponent:63 - No mode defined for component null
2023-05-08 06:50:51,576 [WARN] ModelIntegratedComponent:63 - No mode defined for component null
2023-05-08 06:50:51,576 [WARN] ModelIntegratedComponent:63 - No mode defined for component null
2023-05-08 06:50:51,576 [WARN] ModelIntegratedComponent:63 - No mode defined for component null
2023-05-08 06:50:51,576 [WARN] ModelIntegratedComponent:63 - No mode defined for component null
2023-05-08 06:50:51,576 [WARN] ModelIntegratedComponent:63 - No mode defined for component null
2023-05-08 06:50:51,576 [WARN] ModelIntegratedComponent:63 - No mode defined for component null
2023-05-08 06:50:51,576 [WARN] ModelIntegratedComponent:63 - No mode defined for component null
2023-05-08 06:50:51,576 [WARN] ModelIntegratedComponent:63 - No mode defined for component null
2023-05-08 06:50:51,576 [WARN] ModelIntegratedComponent:63 - No mode defined for component null
2023-05-08 06:50:51,592 [WARN] ModelIntegratedComponent:182 - Modes not found for component STMicroelectronics:USB_DEVICE:1.0.0:STMicroelectronics:USB::USB Device:Audio HS::1.0:USB_DEVICE_1_0_RESTRICTED_HS
2023-05-08 06:50:51,592 [WARN] ModelIntegratedComponent:188 - Modes not found for component STMicroelectronics:USB_DEVICE:1.0.0:STMicroelectronics:USB::USB Device:Audio HS::1.0:USB_DEVICE_1_0_RESTRICTED_HS
2023-05-08 06:50:51,592 [WARN] ModelIntegratedComponent:182 - Modes not found for component STMicroelectronics:USB_DEVICE:1.0.0:STMicroelectronics:USB::USB Device:CDC HS::1.0:USB_DEVICE_1_0_RESTRICTED_HS
2023-05-08 06:50:51,592 [WARN] ModelIntegratedComponent:188 - Modes not found for component STMicroelectronics:USB_DEVICE:1.0.0:STMicroelectronics:USB::USB Device:CDC HS::1.0:USB_DEVICE_1_0_RESTRICTED_HS
2023-05-08 06:50:51,592 [WARN] ModelIntegratedComponent:182 - Modes not found for component STMicroelectronics:USB_DEVICE:1.0.0:STMicroelectronics:USB::USB Device:DFU HS::1.0:USB_DEVICE_1_0_RESTRICTED_HS
2023-05-08 06:50:51,592 [WARN] ModelIntegratedComponent:188 - Modes not found for component STMicroelectronics:USB_DEVICE:1.0.0:STMicroelectronics:USB::USB Device:DFU HS::1.0:USB_DEVICE_1_0_RESTRICTED_HS
2023-05-08 06:50:51,592 [WARN] ModelIntegratedComponent:182 - Modes not found for component STMicroelectronics:USB_DEVICE:1.0.0:STMicroelectronics:USB::USB Device:HID HS::1.0:USB_DEVICE_1_0_RESTRICTED_HS
2023-05-08 06:50:51,592 [WARN] ModelIntegratedComponent:188 - Modes not found for component STMicroelectronics:USB_DEVICE:1.0.0:STMicroelectronics:USB::USB Device:HID HS::1.0:USB_DEVICE_1_0_RESTRICTED_HS
2023-05-08 06:50:51,592 [WARN] ModelIntegratedComponent:182 - Modes not found for component STMicroelectronics:USB_DEVICE:1.0.0:STMicroelectronics:USB::USB Device:Custom HID HS::1.0:USB_DEVICE_1_0_RESTRICTED_HS
2023-05-08 06:50:51,592 [WARN] ModelIntegratedComponent:188 - Modes not found for component STMicroelectronics:USB_DEVICE:1.0.0:STMicroelectronics:USB::USB Device:Custom HID HS::1.0:USB_DEVICE_1_0_RESTRICTED_HS
2023-05-08 06:50:51,592 [WARN] ModelIntegratedComponent:182 - Modes not found for component STMicroelectronics:USB_DEVICE:1.0.0:STMicroelectronics:USB::USB Device:MSC HS::1.0:USB_DEVICE_1_0_RESTRICTED_HS
2023-05-08 06:50:51,599 [WARN] ModelIntegratedComponent:188 - Modes not found for component STMicroelectronics:USB_DEVICE:1.0.0:STMicroelectronics:USB::USB Device:MSC HS::1.0:USB_DEVICE_1_0_RESTRICTED_HS
2023-05-08 06:50:51,609 [INFO] ThirdPartyModel:298 - Start build external matchings
2023-05-08 06:50:52,016 [INFO] ThirdPartyModel:316 - End build external matchings
2023-05-08 06:50:52,727 [INFO] UtilMem:75 - End LoadConfig() Used Memory: 482997072 Bytes (638582784)
2023-05-08 06:50:52,853 [WARN] ThirdParty:833 - waiting for thirdparty lock release [change project]
2023-05-08 06:50:52,853 [INFO] ThirdParty:835 - entering critical section [change project]
2023-05-08 06:50:52,853 [INFO] ThirdParty:1030 - CMSIS Pack Vendor :STMicroelectronics X-CUBE-ISPU 1.1.0
2023-05-08 06:50:52,853 [INFO] ThirdParty:1030 - CMSIS Pack Vendor :STMicroelectronics X-CUBE-GNSS1 6.0.0
2023-05-08 06:50:52,853 [INFO] ThirdParty:1030 - CMSIS Pack Vendor :STMicroelectronics USB_HOST 2.0.0
2023-05-08 06:50:52,853 [INFO] ThirdParty:1030 - CMSIS Pack Vendor :STMicroelectronics X-CUBE-AZRTOS-F4 1.1.0
2023-05-08 06:50:52,853 [INFO] ThirdParty:1030 - CMSIS Pack Vendor :STMicroelectronics LIBJPEG 8.0.0
2023-05-08 06:50:52,853 [INFO] ThirdParty:1030 - CMSIS Pack Vendor :STMicroelectronics X-CUBE-SMBUS 2.1.0
2023-05-08 06:50:52,853 [INFO] ThirdParty:1030 - CMSIS Pack Vendor :wolfSSL I-CUBE-wolfSSL 5.6.0
2023-05-08 06:50:52,853 [INFO] ThirdParty:1030 - CMSIS Pack Vendor :STMicroelectronics USB_DEVICE 3.0.0
2023-05-08 06:50:52,853 [INFO] ThirdParty:1030 - CMSIS Pack Vendor :STMicroelectronics X-CUBE-AI 8.0.0
2023-05-08 06:50:52,853 [INFO] ThirdParty:1030 - CMSIS Pack Vendor :STMicroelectronics X-CUBE-FREERTOS 1.0.1
2023-05-08 06:50:52,853 [INFO] ThirdParty:1030 - CMSIS Pack Vendor :STMicroelectronics X-CUBE-TOUCHGFX 4.21.3
2023-05-08 06:50:52,853 [INFO] ThirdParty:1030 - CMSIS Pack Vendor :STMicroelectronics X-CUBE-AZRTOS-F7 1.1.0
2023-05-08 06:50:52,853 [INFO] ThirdParty:1030 - CMSIS Pack Vendor :STMicroelectronics USB_DEVICE 2.0.0
2023-05-08 06:50:52,853 [INFO] ThirdParty:1030 - CMSIS Pack Vendor :STMicroelectronics X-CUBE-MEMS1 9.6.0
2023-05-08 06:50:52,853 [INFO] ThirdParty:1030 - CMSIS Pack Vendor :STMicroelectronics FP-SNS-MOTENV1 4.3.0
2023-05-08 06:50:52,853 [INFO] ThirdParty:1030 - CMSIS Pack Vendor :STMicroelectronics FP-SNS-FLIGHT1 5.0.0
2023-05-08 06:50:52,853 [INFO] ThirdParty:1030 - CMSIS Pack Vendor :STMicroelectronics X-CUBE-ALGOBUILD 1.3.0
2023-05-08 06:50:52,853 [INFO] ThirdParty:1030 - CMSIS Pack Vendor :STMicroelectronics X-CUBE-BLE1 6.2.4
2023-05-08 06:50:52,853 [INFO] ThirdParty:1030 - CMSIS Pack Vendor :STMicroelectronics X-CUBE-AZRTOS-L5 1.1.0
2023-05-08 06:50:52,853 [INFO] ThirdParty:1030 - CMSIS Pack Vendor :STMicroelectronics FreeRTOS 0.0.1
2023-05-08 06:50:52,853 [INFO] ThirdParty:1030 - CMSIS Pack Vendor :emotas I-CUBE-CANOPEN 1.1.3
2023-05-08 06:50:52,853 [INFO] ThirdParty:1030 - CMSIS Pack Vendor :STMicroelectronics X-CUBE-AZRTOS-G0 1.1.0
2023-05-08 06:50:52,853 [INFO] ThirdParty:1030 - CMSIS Pack Vendor :STMicroelectronics X-CUBE-BLEMGR 2.0.0
2023-05-08 06:50:52,853 [INFO] ThirdParty:1030 - CMSIS Pack Vendor :STMicroelectronics X-CUBE-SUBG2 5.0.0
2023-05-08 06:50:52,853 [INFO] ThirdParty:1030 - CMSIS Pack Vendor :STMicroelectronics X-CUBE-NFC4 3.0.0
2023-05-08 06:50:52,853 [INFO] ThirdParty:1030 - CMSIS Pack Vendor :STMicroelectronics STM32_WPAN 1.0.0
2023-05-08 06:50:52,853 [INFO] ThirdParty:1030 - CMSIS Pack Vendor :STMicroelectronics lwIP 2.0.3
2023-05-08 06:50:52,853 [INFO] ThirdParty:1030 - CMSIS Pack Vendor :STMicroelectronics USB_HOST 1.0.0
2023-05-08 06:50:52,853 [INFO] ThirdParty:1030 - CMSIS Pack Vendor :STMicroelectronics X-CUBE-AZRTOS-G4 2.0.0
2023-05-08 06:50:52,853 [INFO] ThirdParty:1030 - CMSIS Pack Vendor :STMicroelectronics PDM2PCM 3.1.0
2023-05-08 06:50:52,869 [INFO] ThirdParty:1030 - CMSIS Pack Vendor :STMicroelectronics X-CUBE-AZRTOS-H7 3.1.0
2023-05-08 06:50:52,869 [INFO] ThirdParty:1030 - CMSIS Pack Vendor :STMicroelectronics X-CUBE-TOF1 3.3.0
2023-05-08 06:50:52,869 [INFO] ThirdParty:1030 - CMSIS Pack Vendor :STMicroelectronics PDM2PCM 3.3.0
2023-05-08 06:50:52,869 [INFO] ThirdParty:1030 - CMSIS Pack Vendor :STMicroelectronics X-CUBE-DISPLAY 3.0.0
2023-05-08 06:50:52,869 [INFO] ThirdParty:1030 - CMSIS Pack Vendor :STMicroelectronics FP-ATR-SIGFOX1 3.2.0
2023-05-08 06:50:52,869 [INFO] ThirdParty:1030 - CMSIS Pack Vendor :STMicroelectronics X-CUBE-AZRTOS-L4 1.0.0
2023-05-08 06:50:52,869 [INFO] ThirdParty:1030 - CMSIS Pack Vendor :STMicroelectronics HAL Drivers 0.0.0
2023-05-08 06:50:52,869 [INFO] ThirdParty:1030 - CMSIS Pack Vendor :STMicroelectronics MBEDTLS 2.16.2
2023-05-08 06:50:52,869 [INFO] ThirdParty:1030 - CMSIS Pack Vendor :STMicroelectronics MBEDTLS 2.14.1
2023-05-08 06:50:52,869 [INFO] ThirdParty:1030 - CMSIS Pack Vendor :STMicroelectronics X-CUBE-NFC7 1.0.0
2023-05-08 06:50:52,869 [INFO] ThirdParty:1030 - CMSIS Pack Vendor :STMicroelectronics X-CUBE-AZRTOS-WL 1.0.0
2023-05-08 06:50:52,869 [INFO] ThirdParty:1030 - CMSIS Pack Vendor :STMicroelectronics X-CUBE-EEPRMA1 4.1.0
2023-05-08 06:50:52,869 [INFO] ThirdParty:1030 - CMSIS Pack Vendor :STMicroelectronics X-CUBE-ALS 1.0.1
2023-05-08 06:50:52,869 [INFO] ThirdParty:1030 - CMSIS Pack Vendor :STMicroelectronics ThreadX 1.0.0
2023-05-08 06:50:52,869 [INFO] ThirdParty:1030 - CMSIS Pack Vendor :STMicroelectronics X-CUBE-AZRTOS-WB 1.1.0
2023-05-08 06:50:52,869 [INFO] ThirdParty:1030 - CMSIS Pack Vendor :SEGGER I-CUBE-embOS 1.3.1
2023-05-08 06:50:52,869 [INFO] ThirdParty:1030 - CMSIS Pack Vendor :STMicroelectronics USB_DEVICE 1.0.0
2023-05-08 06:50:52,869 [INFO] ThirdParty:1030 - CMSIS Pack Vendor :STMicroelectronics ThreadX 0.0.2
2023-05-08 06:50:52,869 [INFO] ThirdParty:1030 - CMSIS Pack Vendor :WES I-CUBE-Cesium 1.3.0
2023-05-08 06:50:52,869 [INFO] ThirdParty:1030 - CMSIS Pack Vendor :STMicroelectronics FP-ATR-ASTRA1 2.0.0
2023-05-08 06:50:52,869 [INFO] ThirdParty:1030 - CMSIS Pack Vendor :STMicroelectronics lwIP 2.1.2
2023-05-08 06:50:52,869 [INFO] ThirdParty:1030 - CMSIS Pack Vendor :STMicroelectronics X-CUBE-SFXS2LP1 4.0.0
2023-05-08 06:50:52,869 [INFO] ThirdParty:1030 - CMSIS Pack Vendor :STMicroelectronics X-CUBE-BLE2 3.3.0
2023-05-08 06:50:52,869 [INFO] ThirdParty:1030 - CMSIS Pack Vendor :STMicroelectronics PDM2PCM 3.2.0
2023-05-08 06:50:52,869 [INFO] ThirdParty:841 - exiting critical section [change project]
2023-05-08 06:50:53,687 [INFO] PinOutPanel:1499 - setPackage(No Configuration,No Configuration)
2023-05-08 06:50:53,687 [INFO] PinOutPanel:1499 - setPackage(STM32F411RETx,LQFP64)
2023-05-08 06:50:55,620 [INFO] UtilMem:75 - Before build in PCC Used Memory: 535179264 Bytes (638582784)
2023-05-08 06:50:58,020 [INFO] UtilMem:75 - After build in PCC Used Memory: 485827048 Bytes (638582784)
2023-05-08 06:50:58,083 [INFO] IPUIPlugin:80 - create IPUIPlugin
2023-05-08 06:50:58,083 [INFO] IPUIPlugin:80 - create IPUIPlugin
2023-05-08 06:50:58,083 [INFO] IPUIPlugin:80 - create IPUIPlugin
2023-05-08 06:50:58,083 [INFO] IPUIPlugin:80 - create IPUIPlugin
2023-05-08 06:50:58,083 [INFO] IPUIPlugin:80 - create IPUIPlugin
2023-05-08 06:50:58,083 [INFO] IPUIPlugin:80 - create IPUIPlugin
2023-05-08 06:50:58,083 [INFO] IPUIPlugin:80 - create IPUIPlugin
2023-05-08 06:50:58,083 [INFO] IPUIPlugin:80 - create IPUIPlugin
2023-05-08 06:50:58,083 [INFO] IPUIPlugin:80 - create IPUIPlugin
2023-05-08 06:50:58,083 [INFO] IPUIPlugin:80 - create IPUIPlugin
2023-05-08 06:50:58,083 [INFO] IPUIPlugin:80 - create IPUIPlugin
2023-05-08 06:50:58,083 [INFO] IPUIPlugin:80 - create IPUIPlugin
2023-05-08 06:50:58,083 [INFO] IPUIPlugin:80 - create IPUIPlugin
2023-05-08 06:50:58,083 [INFO] IPUIPlugin:80 - create IPUIPlugin
2023-05-08 06:50:58,083 [INFO] IPUIPlugin:80 - create IPUIPlugin
2023-05-08 06:50:58,083 [INFO] IPUIPlugin:80 - create IPUIPlugin
2023-05-08 06:50:58,083 [INFO] IPUIPlugin:80 - create IPUIPlugin
2023-05-08 06:50:58,083 [INFO] IPUIPlugin:80 - create IPUIPlugin
2023-05-08 06:50:58,083 [INFO] IPUIPlugin:80 - create IPUIPlugin
2023-05-08 06:50:58,083 [INFO] IPUIPlugin:80 - create IPUIPlugin
2023-05-08 06:50:58,083 [INFO] IPUIPlugin:80 - create IPUIPlugin
2023-05-08 06:50:58,083 [INFO] IPUIPlugin:80 - create IPUIPlugin
2023-05-08 06:50:58,083 [INFO] IPUIPlugin:80 - create IPUIPlugin
2023-05-08 06:50:58,083 [INFO] IPUIPlugin:80 - create IPUIPlugin
2023-05-08 06:50:58,083 [INFO] IPUIPlugin:80 - create IPUIPlugin
2023-05-08 06:50:58,083 [INFO] IPUIPlugin:80 - create IPUIPlugin
2023-05-08 06:50:58,083 [INFO] IPUIPlugin:80 - create IPUIPlugin
2023-05-08 06:50:58,083 [INFO] IPUIPlugin:80 - create IPUIPlugin
2023-05-08 06:50:58,083 [INFO] IPUIPlugin:80 - create IPUIPlugin
2023-05-08 06:50:58,083 [INFO] IPUIPlugin:80 - create IPUIPlugin
2023-05-08 06:50:58,083 [INFO] IPUIPlugin:80 - create IPUIPlugin
2023-05-08 06:50:58,083 [INFO] IPUIPlugin:80 - create IPUIPlugin
2023-05-08 06:50:58,083 [INFO] IPUIPlugin:80 - create IPUIPlugin
2023-05-08 06:50:58,083 [INFO] IPUIPlugin:80 - create IPUIPlugin
2023-05-08 06:50:58,083 [INFO] IPUIPlugin:80 - create IPUIPlugin
2023-05-08 06:50:58,083 [INFO] IPUIPlugin:80 - create IPUIPlugin
2023-05-08 06:50:58,083 [INFO] IPUIPlugin:80 - create IPUIPlugin
2023-05-08 06:50:58,083 [INFO] IPUIPlugin:80 - create IPUIPlugin
2023-05-08 06:50:58,099 [INFO] IPUIPlugin:80 - create IPUIPlugin
2023-05-08 06:50:58,099 [INFO] IPUIPlugin:80 - create IPUIPlugin
2023-05-08 06:50:58,099 [INFO] IPUIPlugin:80 - create IPUIPlugin
2023-05-08 06:50:58,099 [INFO] IPUIPlugin:80 - create IPUIPlugin
2023-05-08 06:50:58,099 [INFO] IPUIPlugin:80 - create IPUIPlugin
2023-05-08 06:50:58,240 [INFO] ApiDbMcu:507 - Load IP Config File for PDM2PCM
2023-05-08 06:50:58,584 [INFO] CADModel:165 - CPN selected for project levelSTM32F411RET6
2023-05-08 06:50:58,584 [INFO] CADModel:114 - Register for checkConnection events
2023-05-08 06:50:58,663 [INFO] OpenFileManager:328 - Restore cursor
2023-05-08 06:51:00,108 [INFO] UtilMem:75 - End SaveConfig() Used Memory: 548666112 Bytes (638582784)
2023-05-08 06:51:02,033 [INFO] ServerAccessManage:473 - Download File stm32cube_fw_f4_v1270.zip
2023-05-08 06:51:34,931 [INFO] AnalyticsPlugin:368 - Accepted License(s): [FW.F4.1.27.0]
2023-05-08 06:51:34,931 [INFO] FileExtend:240 - Unzip File : stm32cube_fw_f4_v1270.zip
2023-05-08 06:51:34,931 [INFO] FileExtend:255 - Standard Zip Deflate
2023-05-08 06:54:34,384 [INFO] ServerAccessManage:473 - Download File stm32cube_fw_f4_v1271.zip
2023-05-08 06:54:38,720 [INFO] FileExtend:240 - Unzip File : stm32cube_fw_f4_v1271.zip
2023-05-08 06:54:38,720 [INFO] FileExtend:255 - Standard Zip Deflate
2023-05-08 06:54:40,358 [INFO] LoadServerPackagesThread:196 - End of LoadServerPackages Thread
2023-05-08 06:54:40,516 [INFO] ThirdPartyModel:298 - Start build external matchings
2023-05-08 06:54:40,521 [INFO] UtilMem:75 - End SaveConfig() Used Memory: 719851384 Bytes (1073741824)
2023-05-08 06:54:41,406 [INFO] ThirdPartyModel:316 - End build external matchings
2023-05-08 06:54:41,439 [INFO] CheckServerUpdateThread:120 - End of CheckServer Thread
2023-05-08 06:54:42,244 [INFO] BlockDiagram:2759 - set Specific Code input for plugin: NVIC
2023-05-08 06:54:42,244 [INFO] BlockDiagram:2759 - set Specific Code input for plugin: RCC
2023-05-08 06:54:42,244 [INFO] CodeGenerator:793 - code generatio: config db path: D:\ST\STM32CubeIDE_1.12.1\STM32CubeIDE\plugins\com.st.stm32cube.common.mx_6.8.1.202304191431\\db\
2023-05-08 06:54:43,081 [INFO] CodeEngine:255 - oldGeneratedFile, E:\stm32cubeide\NEW\MXTmpFiles\license.tmp_save
2023-05-08 06:54:44,110 [INFO] CodeEngine:279 - Generated code: E:\stm32cubeide\NEW\MXTmpFiles\license.tmp
2023-05-08 06:54:44,172 [INFO] CodeEngine:255 - oldGeneratedFile, E:\stm32cubeide\NEW\Core\Src\stm32f4xx_it.c_save
2023-05-08 06:54:44,535 [INFO] CodeEngine:279 - Generated code: E:\stm32cubeide\NEW\Core\Src\stm32f4xx_it.c
2023-05-08 06:54:44,567 [INFO] CodeEngine:255 - oldGeneratedFile, E:\stm32cubeide\NEW\Core\Inc\stm32f4xx_it.h_save
2023-05-08 06:54:44,883 [INFO] CodeEngine:279 - Generated code: E:\stm32cubeide\NEW\Core\Inc\stm32f4xx_it.h
2023-05-08 06:54:45,170 [INFO] CodeEngine:255 - oldGeneratedFile, E:\stm32cubeide\NEW\Core\Src\stm32f4xx_hal_msp.c_save
2023-05-08 06:54:45,491 [INFO] CodeEngine:279 - Generated code: E:\stm32cubeide\NEW\Core\Src\stm32f4xx_hal_msp.c
2023-05-08 06:54:45,549 [INFO] CodeEngine:255 - oldGeneratedFile, E:\stm32cubeide\NEW\MXTmpFiles\system.tmp_save
2023-05-08 06:54:45,739 [INFO] CodeEngine:279 - Generated code: E:\stm32cubeide\NEW\MXTmpFiles\system.tmp
2023-05-08 06:54:45,804 [INFO] CodeEngine:311 - oldGeneratedFile, E:\stm32cubeide\NEW\Core\Inc\stm32f4xx_hal_conf.h_save
2023-05-08 06:54:46,025 [INFO] CodeEngine:335 - Generated code: E:\stm32cubeide\NEW\Core\Inc\stm32f4xx_hal_conf.h
2023-05-08 06:54:46,190 [INFO] CodeEngine:255 - oldGeneratedFile, E:\stm32cubeide\NEW\Core\Inc\main.h_save
2023-05-08 06:54:46,467 [INFO] CodeEngine:279 - Generated code: E:\stm32cubeide\NEW\Core\Inc\main.h
2023-05-08 06:54:46,467 [INFO] CodeEngine:255 - oldGeneratedFile, E:\stm32cubeide\NEW\Core\Src\main.c_save
2023-05-08 06:54:46,804 [INFO] CodeEngine:279 - Generated code: E:\stm32cubeide\NEW\Core\Src\main.c
2023-05-08 06:54:47,976 [INFO] ProjectBuilder:2996 - Time for Copy HAL[1] : 189mS.
2023-05-08 06:54:48,097 [INFO] ProjectBuilder:4304 - Project Generator version: 3.19.2
2023-05-08 06:54:48,648 [INFO] ConfigFileManager:1483 - The Die is : DIE431
2023-05-08 06:54:48,761 [INFO] ApiDbMcu:507 - Load IP Config File for FATFS
2023-05-08 06:54:48,789 [INFO] ApiDbMcu:507 - Load IP Config File for FREERTOS
2023-05-08 06:54:48,806 [INFO] ApiDbMcu:507 - Load IP Config File for LIBJPEG
2023-05-08 06:54:48,836 [INFO] ApiDbMcu:507 - Load IP Config File for MBEDTLS
2023-05-08 06:54:48,868 [INFO] ApiDbMcu:507 - Load IP Config File for USB_DEVICE
2023-05-08 06:54:48,899 [INFO] ApiDbMcu:507 - Load IP Config File for USB_HOST
2023-05-08 06:54:50,861 [INFO] LogOutputStream:77 - [STDOUT_REDIRECT] 
2023-05-08 06:55:00,935 [INFO] ProjectBuilder:4505 - Time for Generating toolchain IDE Files: 12832mS.
2023-05-08 06:55:00,935 [INFO] ProjectBuilder:2867 - Time for Copy CMSIS : 0mS.
2023-05-08 06:55:00,935 [INFO] ProjectBuilder:2867 - Time for Copy CMSIS : 0mS.
2023-05-08 06:55:02,085 [INFO] McuFinderGlobals:66 - Set McuFinderConnectedMode to true
2023-05-08 06:55:02,095 [INFO] ApiDb:448 - Save user favorites file C:\Users\DELL/.stm32cubeide/favorites.mcus.txt: 0 item(s)
2023-05-08 06:55:02,101 [INFO] ApiDb:452 - User favorites MCUs=[]
2023-05-08 07:12:45,463 [INFO] MainUpdater:2854 - connection check result : 10
2023-05-08 07:12:45,587 [INFO] McuFinderGlobals:66 - Set McuFinderConnectedMode to true
2023-05-08 07:12:45,631 [INFO] MultiScanPanel:200 - Auto-refresh data requested => check proxy status ongoing
2023-05-08 07:12:45,631 [INFO] FinderPluginLoader:95 - Searching for filters in installed packs
2023-05-08 07:12:46,653 [INFO] LoadUrlFilesThread:185 - End of LoadServerUrlFiles without Thread
2023-05-08 07:12:46,653 [INFO] DetailPanel:341 - Set advertising image to C:/Users/DELL/STM32Cube/Repository/\en.prom-stm32h5-mcu-finder.jpg
2023-05-08 07:13:15,855 [INFO] McuFinderGlobals:66 - Set McuFinderConnectedMode to true
2023-05-08 07:13:16,088 [INFO] ApiDb:448 - Save user favorites file C:\Users\DELL/.stm32cubeide/favorites.mcus.txt: 0 item(s)
2023-05-08 07:13:16,088 [INFO] ApiDb:452 - User favorites MCUs=[]
2023-05-08 07:13:23,209 [INFO] MainUpdater:2854 - connection check result : 10
2023-05-08 07:13:23,336 [INFO] McuFinderGlobals:66 - Set McuFinderConnectedMode to true
2023-05-08 07:13:23,336 [INFO] MultiScanPanel:200 - Auto-refresh data requested => check proxy status ongoing
2023-05-08 07:13:23,336 [INFO] FinderPluginLoader:95 - Searching for filters in installed packs
2023-05-08 07:13:24,140 [INFO] LoadUrlFilesThread:185 - End of LoadServerUrlFiles without Thread
2023-05-08 07:13:24,140 [INFO] DetailPanel:341 - Set advertising image to C:/Users/DELL/STM32Cube/Repository/\en.prom-stm32h5-mcu-finder.jpg
2023-05-08 07:14:32,275 [INFO] McuResultTable:1387 - Mark MCU STM32F411RET6 as favorite
2023-05-08 07:14:48,711 [INFO] MultiScanPanel:200 - Auto-refresh data requested => check proxy status ongoing
2023-05-08 07:14:48,869 [INFO] LoadUrlFilesThread:185 - End of LoadServerUrlFiles without Thread
2023-05-08 07:14:48,869 [INFO] DetailPanel:341 - Set advertising image to C:/Users/DELL/STM32Cube/Repository/\en.prom-stm32h5-mcu-finder.jpg
2023-05-08 07:15:16,659 [INFO] MainUpdater:2854 - connection check result : 10
2023-05-08 07:15:16,659 [INFO] MainUpdater:2854 - connection check result : 10
2023-05-08 07:15:16,979 [INFO] MicroXplorer:468 - Change Database Path : 
2023-05-08 07:15:16,979 [INFO] MicroXplorer:498 - Change Database Version : DB.6.0.81
2023-05-08 07:15:17,026 [WARN] ThirdParty:871 - waiting for thirdparty lock release [close project]
2023-05-08 07:15:17,026 [INFO] ThirdParty:873 - entering critical section [close project]
2023-05-08 07:15:17,026 [INFO] ThirdParty:883 - exiting critical section [close project]
2023-05-08 07:15:17,026 [INFO] PinOutPanel:1499 - setPackage(No Configuration,No Configuration)
2023-05-08 07:15:17,080 [WARN] IpParametersView:150 - Warning: This peripheral hasn't parameters
2023-05-08 07:15:17,115 [WARN] MainPanel:257 - <html><b><center>Warning: This peripheral has no parameters to be configured<br></b></html>
2023-05-08 07:15:17,162 [INFO] UtilMem:75 - Begin LoadConfig() Used Memory: 281350536 Bytes (671088640)
2023-05-08 07:15:17,168 [INFO] MicroXplorer:468 - Change Database Path : 
2023-05-08 07:15:17,168 [INFO] MicroXplorer:498 - Change Database Version : DB.6.0.81
2023-05-08 07:15:17,168 [INFO] OpenFileManager:308 - Change cursor
2023-05-08 07:15:17,209 [INFO] RulesReader:64 - Compatibility file has been processed (293 Rules)
2023-05-08 07:15:17,241 [INFO] Mcu:1937 - Initializing MCU STM32F411RETx STM32F411RETx 
2023-05-08 07:15:17,241 [INFO] Mcu:1950 - No CPN specified => set CPN to STM32F411RET6
2023-05-08 07:15:18,885 [INFO] Context:659 - Trying to add GPIOservice into a context  which must be forbidden
2023-05-08 07:15:19,201 [INFO] ImportTextPane:194 - (OptionalMessage_ERROR) Unable to find key (Mcu.ThirdPartyNb) in loaded IOC file
2023-05-08 07:15:19,201 [INFO] ImportTextPane:194 - (OptionalMessage_ERROR) Unable to find key (Mcu.PinsNb) in loaded IOC file
2023-05-08 07:15:19,201 [INFO] ImportTextPane:194 - (OptionalMessage_ERROR) Unable to find key (Mcu.IPNb) in loaded IOC file
2023-05-08 07:15:19,342 [INFO] RtosManager:555 - Registered RTOS mode: class=CMSIS, group=RTOS, mode=CMSIS_V1, owner=FREERTOS
2023-05-08 07:15:19,342 [INFO] RtosManager:555 - Registered RTOS mode: class=CMSIS, group=RTOS2, mode=CMSIS_V2, owner=FREERTOS
2023-05-08 07:15:19,342 [INFO] RtosManager:555 - Registered RTOS mode: class=RTOS, group=Core, mode=CMSIS_V1, owner=FREERTOS
2023-05-08 07:15:19,342 [INFO] RtosManager:555 - Registered RTOS mode: class=RTOS, group=Core, mode=CMSIS_V2, owner=FREERTOS
2023-05-08 07:15:19,342 [WARN] ModelIntegratedComponent:184 - Missing modes for component STMicroelectronics:FreeRTOS:0.0.1:STMicroelectronics:RTOS:FreeRTOS:Core:::10.2.0:
2023-05-08 07:15:19,342 [WARN] ModelIntegratedComponent:182 - Modes not found for component STMicroelectronics:USB_HOST:1.0.0:STMicroelectronics:USB::USB Host:Audio HS::1.0:USB_HOST_1_0_RESTRICTED_HS
2023-05-08 07:15:19,342 [WARN] ModelIntegratedComponent:188 - Modes not found for component STMicroelectronics:USB_HOST:1.0.0:STMicroelectronics:USB::USB Host:Audio HS::1.0:USB_HOST_1_0_RESTRICTED_HS
2023-05-08 07:15:19,342 [WARN] ModelIntegratedComponent:182 - Modes not found for component STMicroelectronics:USB_HOST:1.0.0:STMicroelectronics:USB::USB Host:CDC HS::1.0:USB_HOST_1_0_RESTRICTED_HS
2023-05-08 07:15:19,342 [WARN] ModelIntegratedComponent:188 - Modes not found for component STMicroelectronics:USB_HOST:1.0.0:STMicroelectronics:USB::USB Host:CDC HS::1.0:USB_HOST_1_0_RESTRICTED_HS
2023-05-08 07:15:19,342 [WARN] ModelIntegratedComponent:182 - Modes not found for component STMicroelectronics:USB_HOST:1.0.0:STMicroelectronics:USB::USB Host:MSC HS::1.0:USB_HOST_1_0_RESTRICTED_HS
2023-05-08 07:15:19,342 [WARN] ModelIntegratedComponent:188 - Modes not found for component STMicroelectronics:USB_HOST:1.0.0:STMicroelectronics:USB::USB Host:MSC HS::1.0:USB_HOST_1_0_RESTRICTED_HS
2023-05-08 07:15:19,342 [WARN] ModelIntegratedComponent:182 - Modes not found for component STMicroelectronics:USB_HOST:1.0.0:STMicroelectronics:USB::USB Host:HID HS::1.0:USB_HOST_1_0_RESTRICTED_HS
2023-05-08 07:15:19,342 [WARN] ModelIntegratedComponent:188 - Modes not found for component STMicroelectronics:USB_HOST:1.0.0:STMicroelectronics:USB::USB Host:HID HS::1.0:USB_HOST_1_0_RESTRICTED_HS
2023-05-08 07:15:19,342 [WARN] ModelIntegratedComponent:182 - Modes not found for component STMicroelectronics:USB_HOST:1.0.0:STMicroelectronics:USB::USB Host:MTP HS::1.0:USB_HOST_1_0_RESTRICTED_HS
2023-05-08 07:15:19,342 [WARN] ModelIntegratedComponent:188 - Modes not found for component STMicroelectronics:USB_HOST:1.0.0:STMicroelectronics:USB::USB Host:MTP HS::1.0:USB_HOST_1_0_RESTRICTED_HS
2023-05-08 07:15:19,358 [WARN] ModelIntegratedComponent:63 - No mode defined for component null
2023-05-08 07:15:19,358 [WARN] ModelIntegratedComponent:63 - No mode defined for component null
2023-05-08 07:15:19,358 [WARN] ModelIntegratedComponent:63 - No mode defined for component null
2023-05-08 07:15:19,358 [WARN] ModelIntegratedComponent:63 - No mode defined for component null
2023-05-08 07:15:19,358 [WARN] ModelIntegratedComponent:63 - No mode defined for component null
2023-05-08 07:15:19,358 [WARN] ModelIntegratedComponent:63 - No mode defined for component null
2023-05-08 07:15:19,358 [WARN] ModelIntegratedComponent:63 - No mode defined for component null
2023-05-08 07:15:19,358 [WARN] ModelIntegratedComponent:63 - No mode defined for component null
2023-05-08 07:15:19,358 [WARN] ModelIntegratedComponent:63 - No mode defined for component null
2023-05-08 07:15:19,358 [WARN] ModelIntegratedComponent:63 - No mode defined for component null
2023-05-08 07:15:19,358 [WARN] ModelIntegratedComponent:63 - No mode defined for component null
2023-05-08 07:15:19,358 [WARN] ModelIntegratedComponent:63 - No mode defined for component null
2023-05-08 07:15:19,358 [WARN] ModelIntegratedComponent:63 - No mode defined for component null
2023-05-08 07:15:19,358 [WARN] ModelIntegratedComponent:63 - No mode defined for component null
2023-05-08 07:15:19,358 [WARN] ModelIntegratedComponent:63 - No mode defined for component null
2023-05-08 07:15:19,358 [WARN] ModelIntegratedComponent:63 - No mode defined for component null
2023-05-08 07:15:19,358 [WARN] ModelIntegratedComponent:63 - No mode defined for component null
2023-05-08 07:15:19,358 [WARN] ModelIntegratedComponent:63 - No mode defined for component null
2023-05-08 07:15:19,358 [WARN] ModelIntegratedComponent:63 - No mode defined for component null
2023-05-08 07:15:19,358 [WARN] ModelIntegratedComponent:63 - No mode defined for component null
2023-05-08 07:15:19,358 [WARN] ModelIntegratedComponent:63 - No mode defined for component null
2023-05-08 07:15:19,358 [WARN] ModelIntegratedComponent:63 - No mode defined for component null
2023-05-08 07:15:19,358 [WARN] ModelIntegratedComponent:63 - No mode defined for component null
2023-05-08 07:15:19,358 [WARN] ModelIntegratedComponent:63 - No mode defined for component null
2023-05-08 07:15:19,358 [WARN] ModelIntegratedComponent:63 - No mode defined for component null
2023-05-08 07:15:19,358 [WARN] ModelIntegratedComponent:63 - No mode defined for component null
2023-05-08 07:15:19,358 [WARN] ModelIntegratedComponent:63 - No mode defined for component null
2023-05-08 07:15:19,358 [WARN] ModelIntegratedComponent:63 - No mode defined for component null
2023-05-08 07:15:19,358 [WARN] ModelIntegratedComponent:63 - No mode defined for component null
2023-05-08 07:15:19,358 [WARN] ModelIntegratedComponent:63 - No mode defined for component null
2023-05-08 07:15:19,358 [WARN] ModelIntegratedComponent:63 - No mode defined for component null
2023-05-08 07:15:19,358 [WARN] ModelIntegratedComponent:63 - No mode defined for component null
2023-05-08 07:15:19,358 [WARN] ModelIntegratedComponent:63 - No mode defined for component null
2023-05-08 07:15:19,374 [WARN] ModelIntegratedComponent:182 - Modes not found for component STMicroelectronics:USB_DEVICE:1.0.0:STMicroelectronics:USB::USB Device:Audio HS::1.0:USB_DEVICE_1_0_RESTRICTED_HS
2023-05-08 07:15:19,374 [WARN] ModelIntegratedComponent:188 - Modes not found for component STMicroelectronics:USB_DEVICE:1.0.0:STMicroelectronics:USB::USB Device:Audio HS::1.0:USB_DEVICE_1_0_RESTRICTED_HS
2023-05-08 07:15:19,374 [WARN] ModelIntegratedComponent:182 - Modes not found for component STMicroelectronics:USB_DEVICE:1.0.0:STMicroelectronics:USB::USB Device:CDC HS::1.0:USB_DEVICE_1_0_RESTRICTED_HS
2023-05-08 07:15:19,374 [WARN] ModelIntegratedComponent:188 - Modes not found for component STMicroelectronics:USB_DEVICE:1.0.0:STMicroelectronics:USB::USB Device:CDC HS::1.0:USB_DEVICE_1_0_RESTRICTED_HS
2023-05-08 07:15:19,374 [WARN] ModelIntegratedComponent:182 - Modes not found for component STMicroelectronics:USB_DEVICE:1.0.0:STMicroelectronics:USB::USB Device:DFU HS::1.0:USB_DEVICE_1_0_RESTRICTED_HS
2023-05-08 07:15:19,374 [WARN] ModelIntegratedComponent:188 - Modes not found for component STMicroelectronics:USB_DEVICE:1.0.0:STMicroelectronics:USB::USB Device:DFU HS::1.0:USB_DEVICE_1_0_RESTRICTED_HS
2023-05-08 07:15:19,374 [WARN] ModelIntegratedComponent:182 - Modes not found for component STMicroelectronics:USB_DEVICE:1.0.0:STMicroelectronics:USB::USB Device:HID HS::1.0:USB_DEVICE_1_0_RESTRICTED_HS
2023-05-08 07:15:19,374 [WARN] ModelIntegratedComponent:188 - Modes not found for component STMicroelectronics:USB_DEVICE:1.0.0:STMicroelectronics:USB::USB Device:HID HS::1.0:USB_DEVICE_1_0_RESTRICTED_HS
2023-05-08 07:15:19,374 [WARN] ModelIntegratedComponent:182 - Modes not found for component STMicroelectronics:USB_DEVICE:1.0.0:STMicroelectronics:USB::USB Device:Custom HID HS::1.0:USB_DEVICE_1_0_RESTRICTED_HS
2023-05-08 07:15:19,374 [WARN] ModelIntegratedComponent:188 - Modes not found for component STMicroelectronics:USB_DEVICE:1.0.0:STMicroelectronics:USB::USB Device:Custom HID HS::1.0:USB_DEVICE_1_0_RESTRICTED_HS
2023-05-08 07:15:19,374 [WARN] ModelIntegratedComponent:182 - Modes not found for component STMicroelectronics:USB_DEVICE:1.0.0:STMicroelectronics:USB::USB Device:MSC HS::1.0:USB_DEVICE_1_0_RESTRICTED_HS
2023-05-08 07:15:19,374 [WARN] ModelIntegratedComponent:188 - Modes not found for component STMicroelectronics:USB_DEVICE:1.0.0:STMicroelectronics:USB::USB Device:MSC HS::1.0:USB_DEVICE_1_0_RESTRICTED_HS
2023-05-08 07:15:19,384 [INFO] ThirdPartyModel:298 - Start build external matchings
2023-05-08 07:15:19,820 [INFO] ThirdPartyModel:316 - End build external matchings
2023-05-08 07:15:20,298 [INFO] UtilMem:75 - End LoadConfig() Used Memory: 240835176 Bytes (671088640)
2023-05-08 07:15:20,322 [WARN] ThirdParty:833 - waiting for thirdparty lock release [change project]
2023-05-08 07:15:20,322 [INFO] ThirdParty:835 - entering critical section [change project]
2023-05-08 07:15:20,322 [INFO] ThirdParty:1030 - CMSIS Pack Vendor :STMicroelectronics X-CUBE-ISPU 1.1.0
2023-05-08 07:15:20,322 [INFO] ThirdParty:1030 - CMSIS Pack Vendor :STMicroelectronics X-CUBE-GNSS1 6.0.0
2023-05-08 07:15:20,322 [INFO] ThirdParty:1030 - CMSIS Pack Vendor :STMicroelectronics USB_HOST 2.0.0
2023-05-08 07:15:20,322 [INFO] ThirdParty:1030 - CMSIS Pack Vendor :STMicroelectronics X-CUBE-AZRTOS-F4 1.1.0
2023-05-08 07:15:20,322 [INFO] ThirdParty:1030 - CMSIS Pack Vendor :STMicroelectronics LIBJPEG 8.0.0
2023-05-08 07:15:20,322 [INFO] ThirdParty:1030 - CMSIS Pack Vendor :STMicroelectronics X-CUBE-SMBUS 2.1.0
2023-05-08 07:15:20,322 [INFO] ThirdParty:1030 - CMSIS Pack Vendor :wolfSSL I-CUBE-wolfSSL 5.6.0
2023-05-08 07:15:20,322 [INFO] ThirdParty:1030 - CMSIS Pack Vendor :STMicroelectronics USB_DEVICE 3.0.0
2023-05-08 07:15:20,322 [INFO] ThirdParty:1030 - CMSIS Pack Vendor :STMicroelectronics X-CUBE-AI 8.0.0
2023-05-08 07:15:20,322 [INFO] ThirdParty:1030 - CMSIS Pack Vendor :STMicroelectronics X-CUBE-FREERTOS 1.0.1
2023-05-08 07:15:20,322 [INFO] ThirdParty:1030 - CMSIS Pack Vendor :STMicroelectronics X-CUBE-TOUCHGFX 4.21.3
2023-05-08 07:15:20,322 [INFO] ThirdParty:1030 - CMSIS Pack Vendor :STMicroelectronics X-CUBE-AZRTOS-F7 1.1.0
2023-05-08 07:15:20,322 [INFO] ThirdParty:1030 - CMSIS Pack Vendor :STMicroelectronics USB_DEVICE 2.0.0
2023-05-08 07:15:20,322 [INFO] ThirdParty:1030 - CMSIS Pack Vendor :STMicroelectronics X-CUBE-MEMS1 9.6.0
2023-05-08 07:15:20,322 [INFO] ThirdParty:1030 - CMSIS Pack Vendor :STMicroelectronics FP-SNS-MOTENV1 4.3.0
2023-05-08 07:15:20,322 [INFO] ThirdParty:1030 - CMSIS Pack Vendor :STMicroelectronics FP-SNS-FLIGHT1 5.0.0
2023-05-08 07:15:20,322 [INFO] ThirdParty:1030 - CMSIS Pack Vendor :STMicroelectronics X-CUBE-ALGOBUILD 1.3.0
2023-05-08 07:15:20,322 [INFO] ThirdParty:1030 - CMSIS Pack Vendor :STMicroelectronics X-CUBE-BLE1 6.2.4
2023-05-08 07:15:20,322 [INFO] ThirdParty:1030 - CMSIS Pack Vendor :STMicroelectronics X-CUBE-AZRTOS-L5 1.1.0
2023-05-08 07:15:20,322 [INFO] ThirdParty:1030 - CMSIS Pack Vendor :STMicroelectronics FreeRTOS 0.0.1
2023-05-08 07:15:20,322 [INFO] ThirdParty:1030 - CMSIS Pack Vendor :emotas I-CUBE-CANOPEN 1.1.3
2023-05-08 07:15:20,322 [INFO] ThirdParty:1030 - CMSIS Pack Vendor :STMicroelectronics X-CUBE-AZRTOS-G0 1.1.0
2023-05-08 07:15:20,322 [INFO] ThirdParty:1030 - CMSIS Pack Vendor :STMicroelectronics X-CUBE-BLEMGR 2.0.0
2023-05-08 07:15:20,322 [INFO] ThirdParty:1030 - CMSIS Pack Vendor :STMicroelectronics X-CUBE-SUBG2 5.0.0
2023-05-08 07:15:20,322 [INFO] ThirdParty:1030 - CMSIS Pack Vendor :STMicroelectronics X-CUBE-NFC4 3.0.0
2023-05-08 07:15:20,322 [INFO] ThirdParty:1030 - CMSIS Pack Vendor :STMicroelectronics STM32_WPAN 1.0.0
2023-05-08 07:15:20,322 [INFO] ThirdParty:1030 - CMSIS Pack Vendor :STMicroelectronics lwIP 2.0.3
2023-05-08 07:15:20,322 [INFO] ThirdParty:1030 - CMSIS Pack Vendor :STMicroelectronics USB_HOST 1.0.0
2023-05-08 07:15:20,322 [INFO] ThirdParty:1030 - CMSIS Pack Vendor :STMicroelectronics X-CUBE-AZRTOS-G4 2.0.0
2023-05-08 07:15:20,322 [INFO] ThirdParty:1030 - CMSIS Pack Vendor :STMicroelectronics PDM2PCM 3.1.0
2023-05-08 07:15:20,322 [INFO] ThirdParty:1030 - CMSIS Pack Vendor :STMicroelectronics X-CUBE-AZRTOS-H7 3.1.0
2023-05-08 07:15:20,322 [INFO] ThirdParty:1030 - CMSIS Pack Vendor :STMicroelectronics X-CUBE-TOF1 3.3.0
2023-05-08 07:15:20,322 [INFO] ThirdParty:1030 - CMSIS Pack Vendor :STMicroelectronics PDM2PCM 3.3.0
2023-05-08 07:15:20,322 [INFO] ThirdParty:1030 - CMSIS Pack Vendor :STMicroelectronics X-CUBE-DISPLAY 3.0.0
2023-05-08 07:15:20,322 [INFO] ThirdParty:1030 - CMSIS Pack Vendor :STMicroelectronics FP-ATR-SIGFOX1 3.2.0
2023-05-08 07:15:20,322 [INFO] ThirdParty:1030 - CMSIS Pack Vendor :STMicroelectronics X-CUBE-AZRTOS-L4 1.0.0
2023-05-08 07:15:20,322 [INFO] ThirdParty:1030 - CMSIS Pack Vendor :STMicroelectronics HAL Drivers 0.0.0
2023-05-08 07:15:20,322 [INFO] ThirdParty:1030 - CMSIS Pack Vendor :STMicroelectronics MBEDTLS 2.16.2
2023-05-08 07:15:20,322 [INFO] ThirdParty:1030 - CMSIS Pack Vendor :STMicroelectronics MBEDTLS 2.14.1
2023-05-08 07:15:20,322 [INFO] ThirdParty:1030 - CMSIS Pack Vendor :STMicroelectronics X-CUBE-NFC7 1.0.0
2023-05-08 07:15:20,322 [INFO] ThirdParty:1030 - CMSIS Pack Vendor :STMicroelectronics X-CUBE-AZRTOS-WL 1.0.0
2023-05-08 07:15:20,322 [INFO] ThirdParty:1030 - CMSIS Pack Vendor :STMicroelectronics X-CUBE-EEPRMA1 4.1.0
2023-05-08 07:15:20,322 [INFO] ThirdParty:1030 - CMSIS Pack Vendor :STMicroelectronics X-CUBE-ALS 1.0.1
2023-05-08 07:15:20,322 [INFO] ThirdParty:1030 - CMSIS Pack Vendor :STMicroelectronics ThreadX 1.0.0
2023-05-08 07:15:20,322 [INFO] ThirdParty:1030 - CMSIS Pack Vendor :STMicroelectronics X-CUBE-AZRTOS-WB 1.1.0
2023-05-08 07:15:20,322 [INFO] ThirdParty:1030 - CMSIS Pack Vendor :SEGGER I-CUBE-embOS 1.3.1
2023-05-08 07:15:20,322 [INFO] ThirdParty:1030 - CMSIS Pack Vendor :STMicroelectronics USB_DEVICE 1.0.0
2023-05-08 07:15:20,322 [INFO] ThirdParty:1030 - CMSIS Pack Vendor :STMicroelectronics ThreadX 0.0.2
2023-05-08 07:15:20,322 [INFO] ThirdParty:1030 - CMSIS Pack Vendor :WES I-CUBE-Cesium 1.3.0
2023-05-08 07:15:20,322 [INFO] ThirdParty:1030 - CMSIS Pack Vendor :STMicroelectronics FP-ATR-ASTRA1 2.0.0
2023-05-08 07:15:20,322 [INFO] ThirdParty:1030 - CMSIS Pack Vendor :STMicroelectronics lwIP 2.1.2
2023-05-08 07:15:20,322 [INFO] ThirdParty:1030 - CMSIS Pack Vendor :STMicroelectronics X-CUBE-SFXS2LP1 4.0.0
2023-05-08 07:15:20,322 [INFO] ThirdParty:1030 - CMSIS Pack Vendor :STMicroelectronics X-CUBE-BLE2 3.3.0
2023-05-08 07:15:20,322 [INFO] ThirdParty:1030 - CMSIS Pack Vendor :STMicroelectronics PDM2PCM 3.2.0
2023-05-08 07:15:20,338 [INFO] ThirdParty:841 - exiting critical section [change project]
2023-05-08 07:15:20,622 [INFO] PinOutPanel:1499 - setPackage(No Configuration,No Configuration)
2023-05-08 07:15:20,622 [INFO] PinOutPanel:1499 - setPackage(STM32F411RETx,LQFP64)
2023-05-08 07:15:21,017 [INFO] UtilMem:75 - Before build in PCC Used Memory: 400888200 Bytes (671088640)
2023-05-08 07:15:21,412 [INFO] UtilMem:75 - After build in PCC Used Memory: 443879816 Bytes (671088640)
2023-05-08 07:15:21,427 [INFO] IPUIPlugin:80 - create IPUIPlugin
2023-05-08 07:15:21,427 [INFO] IPUIPlugin:80 - create IPUIPlugin
2023-05-08 07:15:21,427 [INFO] IPUIPlugin:80 - create IPUIPlugin
2023-05-08 07:15:21,427 [INFO] IPUIPlugin:80 - create IPUIPlugin
2023-05-08 07:15:21,427 [INFO] IPUIPlugin:80 - create IPUIPlugin
2023-05-08 07:15:21,427 [INFO] IPUIPlugin:80 - create IPUIPlugin
2023-05-08 07:15:21,427 [INFO] IPUIPlugin:80 - create IPUIPlugin
2023-05-08 07:15:21,427 [INFO] IPUIPlugin:80 - create IPUIPlugin
2023-05-08 07:15:21,427 [INFO] IPUIPlugin:80 - create IPUIPlugin
2023-05-08 07:15:21,427 [INFO] IPUIPlugin:80 - create IPUIPlugin
2023-05-08 07:15:21,427 [INFO] IPUIPlugin:80 - create IPUIPlugin
2023-05-08 07:15:21,427 [INFO] IPUIPlugin:80 - create IPUIPlugin
2023-05-08 07:15:21,427 [INFO] IPUIPlugin:80 - create IPUIPlugin
2023-05-08 07:15:21,427 [INFO] IPUIPlugin:80 - create IPUIPlugin
2023-05-08 07:15:21,427 [INFO] IPUIPlugin:80 - create IPUIPlugin
2023-05-08 07:15:21,427 [INFO] IPUIPlugin:80 - create IPUIPlugin
2023-05-08 07:15:21,427 [INFO] IPUIPlugin:80 - create IPUIPlugin
2023-05-08 07:15:21,427 [INFO] IPUIPlugin:80 - create IPUIPlugin
2023-05-08 07:15:21,427 [INFO] IPUIPlugin:80 - create IPUIPlugin
2023-05-08 07:15:21,427 [INFO] IPUIPlugin:80 - create IPUIPlugin
2023-05-08 07:15:21,427 [INFO] IPUIPlugin:80 - create IPUIPlugin
2023-05-08 07:15:21,427 [INFO] IPUIPlugin:80 - create IPUIPlugin
2023-05-08 07:15:21,427 [INFO] IPUIPlugin:80 - create IPUIPlugin
2023-05-08 07:15:21,427 [INFO] IPUIPlugin:80 - create IPUIPlugin
2023-05-08 07:15:21,427 [INFO] IPUIPlugin:80 - create IPUIPlugin
2023-05-08 07:15:21,441 [INFO] IPUIPlugin:80 - create IPUIPlugin
2023-05-08 07:15:21,441 [INFO] IPUIPlugin:80 - create IPUIPlugin
2023-05-08 07:15:21,441 [INFO] IPUIPlugin:80 - create IPUIPlugin
2023-05-08 07:15:21,441 [INFO] IPUIPlugin:80 - create IPUIPlugin
2023-05-08 07:15:21,441 [INFO] IPUIPlugin:80 - create IPUIPlugin
2023-05-08 07:15:21,441 [INFO] IPUIPlugin:80 - create IPUIPlugin
2023-05-08 07:15:21,441 [INFO] IPUIPlugin:80 - create IPUIPlugin
2023-05-08 07:15:21,441 [INFO] IPUIPlugin:80 - create IPUIPlugin
2023-05-08 07:15:21,441 [INFO] IPUIPlugin:80 - create IPUIPlugin
2023-05-08 07:15:21,441 [INFO] IPUIPlugin:80 - create IPUIPlugin
2023-05-08 07:15:21,441 [INFO] IPUIPlugin:80 - create IPUIPlugin
2023-05-08 07:15:21,443 [INFO] IPUIPlugin:80 - create IPUIPlugin
2023-05-08 07:15:21,443 [INFO] IPUIPlugin:80 - create IPUIPlugin
2023-05-08 07:15:21,443 [INFO] IPUIPlugin:80 - create IPUIPlugin
2023-05-08 07:15:21,443 [INFO] IPUIPlugin:80 - create IPUIPlugin
2023-05-08 07:15:21,443 [INFO] IPUIPlugin:80 - create IPUIPlugin
2023-05-08 07:15:21,443 [INFO] IPUIPlugin:80 - create IPUIPlugin
2023-05-08 07:15:21,443 [INFO] IPUIPlugin:80 - create IPUIPlugin
2023-05-08 07:15:21,459 [INFO] ApiDbMcu:507 - Load IP Config File for PDM2PCM
2023-05-08 07:15:21,490 [INFO] CADModel:165 - CPN selected for project levelSTM32F411RET6
2023-05-08 07:15:21,490 [INFO] CADModel:114 - Register for checkConnection events
2023-05-08 07:15:21,553 [INFO] OpenFileManager:328 - Restore cursor
2023-05-08 07:15:21,942 [INFO] UtilMem:75 - End SaveConfig() Used Memory: 512563592 Bytes (671088640)
2023-05-08 07:15:22,075 [INFO] UtilMem:75 - End SaveConfig() Used Memory: 528814472 Bytes (671088640)
2023-05-08 07:15:22,454 [INFO] BlockDiagram:2759 - set Specific Code input for plugin: NVIC
2023-05-08 07:15:22,454 [INFO] BlockDiagram:2759 - set Specific Code input for plugin: RCC
2023-05-08 07:15:22,454 [INFO] CodeGenerator:793 - code generatio: config db path: D:\ST\STM32CubeIDE_1.12.1\STM32CubeIDE\plugins\com.st.stm32cube.common.mx_6.8.1.202304191431\\db\
2023-05-08 07:15:22,652 [INFO] CodeEngine:255 - oldGeneratedFile, E:\stm32cubeide\HIII\MXTmpFiles\license.tmp_save
2023-05-08 07:15:22,849 [INFO] CodeEngine:279 - Generated code: E:\stm32cubeide\HIII\MXTmpFiles\license.tmp
2023-05-08 07:15:22,898 [INFO] CodeEngine:255 - oldGeneratedFile, E:\stm32cubeide\HIII\Core\Src\stm32f4xx_it.c_save
2023-05-08 07:15:23,258 [INFO] CodeEngine:279 - Generated code: E:\stm32cubeide\HIII\Core\Src\stm32f4xx_it.c
2023-05-08 07:15:23,290 [INFO] CodeEngine:255 - oldGeneratedFile, E:\stm32cubeide\HIII\Core\Inc\stm32f4xx_it.h_save
2023-05-08 07:15:23,387 [INFO] CodeEngine:279 - Generated code: E:\stm32cubeide\HIII\Core\Inc\stm32f4xx_it.h
2023-05-08 07:15:23,501 [INFO] CodeEngine:255 - oldGeneratedFile, E:\stm32cubeide\HIII\Core\Src\stm32f4xx_hal_msp.c_save
2023-05-08 07:15:23,671 [INFO] CodeEngine:279 - Generated code: E:\stm32cubeide\HIII\Core\Src\stm32f4xx_hal_msp.c
2023-05-08 07:15:23,696 [INFO] CodeEngine:255 - oldGeneratedFile, E:\stm32cubeide\HIII\MXTmpFiles\system.tmp_save
2023-05-08 07:15:23,798 [INFO] CodeEngine:279 - Generated code: E:\stm32cubeide\HIII\MXTmpFiles\system.tmp
2023-05-08 07:15:23,819 [INFO] CodeEngine:311 - oldGeneratedFile, E:\stm32cubeide\HIII\Core\Inc\stm32f4xx_hal_conf.h_save
2023-05-08 07:15:23,971 [INFO] CodeEngine:335 - Generated code: E:\stm32cubeide\HIII\Core\Inc\stm32f4xx_hal_conf.h
2023-05-08 07:15:24,049 [INFO] CodeEngine:255 - oldGeneratedFile, E:\stm32cubeide\HIII\Core\Inc\main.h_save
2023-05-08 07:15:24,219 [INFO] CodeEngine:279 - Generated code: E:\stm32cubeide\HIII\Core\Inc\main.h
2023-05-08 07:15:24,225 [INFO] CodeEngine:255 - oldGeneratedFile, E:\stm32cubeide\HIII\Core\Src\main.c_save
2023-05-08 07:15:24,474 [INFO] CodeEngine:279 - Generated code: E:\stm32cubeide\HIII\Core\Src\main.c
2023-05-08 07:15:25,195 [INFO] ProjectBuilder:2996 - Time for Copy HAL[1] : 188mS.
2023-05-08 07:15:25,197 [INFO] ProjectBuilder:4304 - Project Generator version: 3.19.2
2023-05-08 07:15:25,731 [INFO] ConfigFileManager:1483 - The Die is : DIE431
2023-05-08 07:15:25,763 [INFO] ApiDbMcu:507 - Load IP Config File for FATFS
2023-05-08 07:15:25,779 [INFO] ApiDbMcu:507 - Load IP Config File for FREERTOS
2023-05-08 07:15:25,796 [INFO] ApiDbMcu:507 - Load IP Config File for LIBJPEG
2023-05-08 07:15:25,811 [INFO] ApiDbMcu:507 - Load IP Config File for MBEDTLS
2023-05-08 07:15:25,826 [INFO] ApiDbMcu:507 - Load IP Config File for USB_DEVICE
2023-05-08 07:15:25,845 [INFO] ApiDbMcu:507 - Load IP Config File for USB_HOST
2023-05-08 07:15:32,637 [INFO] ProjectBuilder:4505 - Time for Generating toolchain IDE Files: 7440mS.
2023-05-08 07:15:32,637 [INFO] ProjectBuilder:2867 - Time for Copy CMSIS : 0mS.
2023-05-08 07:15:32,637 [INFO] ProjectBuilder:2867 - Time for Copy CMSIS : 0mS.
2023-05-08 07:15:33,485 [INFO] McuFinderGlobals:66 - Set McuFinderConnectedMode to true
2023-05-08 07:15:33,485 [INFO] ApiDb:448 - Save user favorites file C:\Users\DELL/.stm32cubeide/favorites.mcus.txt: 1 item(s)
2023-05-08 07:15:33,485 [INFO] ApiDb:452 - User favorites MCUs=[STM32F411RET6]
2023-05-08 07:15:33,485 [INFO] ApiDb:448 - Save user favorites file C:\Users\DELL/.stm32cubeide/favorites.boards.txt: 0 item(s)
2023-05-08 07:15:33,485 [INFO] ApiDb:452 - User favorites Boards=[]
2023-05-08 07:29:17,566 [INFO] UtilMem:75 - End SaveConfig() Used Memory: 646926728 Bytes (723517440)
2023-05-08 07:51:50,884 [INFO] MainUpdater:2854 - connection check result : 10
2023-05-08 07:51:51,010 [INFO] McuFinderGlobals:66 - Set McuFinderConnectedMode to true
2023-05-08 07:51:51,010 [INFO] MultiScanPanel:200 - Auto-refresh data requested => check proxy status ongoing
2023-05-08 07:51:51,010 [INFO] FinderPluginLoader:95 - Searching for filters in installed packs
2023-05-08 07:51:52,724 [INFO] LoadUrlFilesThread:185 - End of LoadServerUrlFiles without Thread
2023-05-08 07:51:52,724 [INFO] DetailPanel:341 - Set advertising image to C:/Users/DELL/STM32Cube/Repository/\en.prom-stm32h5-mcu-finder.jpg
2023-05-08 07:52:07,437 [INFO] McuFinderGlobals:66 - Set McuFinderConnectedMode to true
2023-05-08 07:52:07,658 [INFO] ApiDb:448 - Save user favorites file C:\Users\DELL/.stm32cubeide/favorites.mcus.txt: 1 item(s)
2023-05-08 07:52:07,658 [INFO] ApiDb:452 - User favorites MCUs=[STM32F411RET6]
2023-05-08 09:46:45,665 [INFO] MainUpdater:2854 - connection check result : 10
2023-05-08 09:46:46,154 [INFO] McuFinderGlobals:66 - Set McuFinderConnectedMode to true
2023-05-08 09:46:46,202 [INFO] MultiScanPanel:200 - Auto-refresh data requested => check proxy status ongoing
2023-05-08 09:46:46,202 [INFO] FinderPluginLoader:95 - Searching for filters in installed packs
2023-05-08 09:46:47,516 [INFO] LoadUrlFilesThread:185 - End of LoadServerUrlFiles without Thread
2023-05-08 09:46:47,516 [INFO] DetailPanel:341 - Set advertising image to C:/Users/DELL/STM32Cube/Repository/\en.prom-stm32h5-mcu-finder.jpg
2023-05-08 09:46:59,236 [INFO] McuFinderGlobals:66 - Set McuFinderConnectedMode to true
2023-05-08 09:46:59,503 [INFO] ApiDb:448 - Save user favorites file C:\Users\DELL/.stm32cubeide/favorites.mcus.txt: 1 item(s)
2023-05-08 09:46:59,504 [INFO] ApiDb:452 - User favorites MCUs=[STM32F411RET6]
2023-05-08 09:47:01,115 [ERROR] LogOutputStream:75 - [STDERR_REDIRECT] Exception in thread "AWT-EventQueue-0" java.lang.NullPointerException
2023-05-08 09:47:01,130 [ERROR] LogOutputStream:75 - [STDERR_REDIRECT] 	at com.st.stm32cube.common.mx.targetselector.TargetSelectorAdapter$7.run(TargetSelectorAdapter.java:353)
2023-05-08 09:47:01,131 [ERROR] LogOutputStream:75 - [STDERR_REDIRECT] 	at com.st.stm32cube.common.mx.oss.core.awtswtbridge.AwtEnvironment$2.run(AwtEnvironment.java:166)
2023-05-08 09:47:01,131 [ERROR] LogOutputStream:75 - [STDERR_REDIRECT] 	at java.desktop/java.awt.event.InvocationEvent.dispatch(InvocationEvent.java:313)
2023-05-08 09:47:01,131 [ERROR] LogOutputStream:75 - [STDERR_REDIRECT] 	at java.desktop/java.awt.EventQueue.dispatchEventImpl(EventQueue.java:770)
2023-05-08 09:47:01,131 [ERROR] LogOutputStream:75 - [STDERR_REDIRECT] 	at java.desktop/java.awt.EventQueue$4.run(EventQueue.java:721)
2023-05-08 09:47:01,147 [ERROR] LogOutputStream:75 - [STDERR_REDIRECT] 	at java.desktop/java.awt.EventQueue$4.run(EventQueue.java:715)
2023-05-08 09:47:01,149 [ERROR] LogOutputStream:75 - [STDERR_REDIRECT] 	at java.base/java.security.AccessController.doPrivileged(Native Method)
2023-05-08 09:47:01,156 [ERROR] LogOutputStream:75 - [STDERR_REDIRECT] 	at java.base/java.security.ProtectionDomain$JavaSecurityAccessImpl.doIntersectionPrivilege(ProtectionDomain.java:85)
2023-05-08 09:47:01,160 [ERROR] LogOutputStream:75 - [STDERR_REDIRECT] 	at java.desktop/java.awt.EventQueue.dispatchEvent(EventQueue.java:740)
2023-05-08 09:47:01,162 [ERROR] LogOutputStream:75 - [STDERR_REDIRECT] 	at java.desktop/java.awt.EventDispatchThread.pumpOneEventForFilters(EventDispatchThread.java:203)
2023-05-08 09:47:01,162 [ERROR] LogOutputStream:75 - [STDERR_REDIRECT] 	at java.desktop/java.awt.EventDispatchThread.pumpEventsForFilter(EventDispatchThread.java:124)
2023-05-08 09:47:01,162 [ERROR] LogOutputStream:75 - [STDERR_REDIRECT] 	at java.desktop/java.awt.EventDispatchThread.pumpEventsForHierarchy(EventDispatchThread.java:113)
2023-05-08 09:47:01,180 [ERROR] LogOutputStream:75 - [STDERR_REDIRECT] 	at java.desktop/java.awt.EventDispatchThread.pumpEvents(EventDispatchThread.java:109)
2023-05-08 09:47:01,180 [ERROR] LogOutputStream:75 - [STDERR_REDIRECT] 	at java.desktop/java.awt.EventDispatchThread.pumpEvents(EventDispatchThread.java:101)
2023-05-08 09:47:01,180 [ERROR] LogOutputStream:75 - [STDERR_REDIRECT] 	at java.desktop/java.awt.EventDispatchThread.run(EventDispatchThread.java:90)
