2023-08-25 09:10:42,808 [INFO] Activator:176 - 


2023-08-25 09:10:42,892 [INFO] Activator:177 - !SESSION log4j initialized
2023-08-25 09:10:58,539 [INFO] LogOutputStream:77 - [STDOUT_REDIRECT] 
2023-08-25 09:12:05,426 [ERROR] LogOutputStream:75 - [STDERR_REDIRECT] SLF4J: Failed to load class "org.slf4j.impl.StaticLoggerBinder".
2023-08-25 09:12:05,428 [ERROR] LogOutputStream:75 - [STDERR_REDIRECT] SLF4J: Defaulting to no-operation (NOP) logger implementation
2023-08-25 09:12:05,432 [ERROR] LogOutputStream:75 - [STDERR_REDIRECT] SLF4J: See http://www.slf4j.org/codes.html#StaticLoggerBinder for further details.
2023-08-25 09:32:14,371 [INFO] ApplicationProperties:184 - Using Application install path: D:\ST\STM32CubeIDE_1.12.1\STM32CubeIDE\plugins\com.st.stm32cube.common.mx_6.8.1.202304191431
2023-08-25 09:32:14,459 [INFO] DbMcusXml:78 - Set database path to: D:\ST\STM32CubeIDE_1.12.1\STM32CubeIDE\plugins\com.st.stm32cube.common.mx_6.8.1.202304191431\\db\/mcu/
2023-08-25 09:32:14,460 [INFO] ApiDb:274 - Set plugin database path to: D:\ST\STM32CubeIDE_1.12.1\STM32CubeIDE\plugins\com.st.stm32cube.common.mx_6.8.1.202304191431\\db\/plugins/boardmanager/
2023-08-25 09:32:14,463 [WARN] ApiDb:259 - Overriding images path with different value:  => D:\ST\STM32CubeIDE_1.12.1\STM32CubeIDE\plugins\com.st.stm32cube.common.mx_6.8.1.202304191431\\db\/plugins/mcufinder/images/
2023-08-25 09:32:14,563 [INFO] ApiDb:250 - Set database path to: C:\Users\DELL\.stmcufinder\plugins\mcufinder//mcu/
2023-08-25 09:32:14,567 [INFO] DbMcusAds:125 - Set database path to: C:\Users\DELL\.stmcufinder\plugins\mcufinder//mcu/
2023-08-25 09:32:14,596 [INFO] CrossReferenceDbSqlite:203 - Set database path to: C:\Users\DELL\.stmcufinder\plugins\mcufinder//mcu/cs/
2023-08-25 09:32:14,936 [INFO] RulesReader:64 - Compatibility file has been processed (293 Rules)
2023-08-25 09:32:15,216 [INFO] DbMcusXml:78 - Set database path to: D:\ST\STM32CubeIDE_1.12.1\STM32CubeIDE\plugins\com.st.stm32cube.common.mx_6.8.1.202304191431\\db\/mcu/
2023-08-25 09:32:15,216 [INFO] ApiDb:274 - Set plugin database path to: D:\ST\STM32CubeIDE_1.12.1\STM32CubeIDE\plugins\com.st.stm32cube.common.mx_6.8.1.202304191431\\db\/plugins/boardmanager/
2023-08-25 09:32:15,217 [INFO] ApiDb:261 - Set plugin images path to: D:\ST\STM32CubeIDE_1.12.1\STM32CubeIDE\plugins\com.st.stm32cube.common.mx_6.8.1.202304191431\\db\/plugins/mcufinder/images/
2023-08-25 09:32:15,217 [WARN] DbFile:41 - Overriding database path with different value: C:\Users\DELL\.stmcufinder\plugins\mcufinder/ => C:\Users\DELL\.stmcufinder\plugins\mcufinder
2023-08-25 09:32:15,217 [INFO] ApiDb:250 - Set database path to: C:\Users\DELL\.stmcufinder\plugins\mcufinder//mcu/
2023-08-25 09:32:15,217 [WARN] DbFile:41 - Overriding database path with different value: C:\Users\DELL\.stmcufinder\plugins\mcufinder/ => C:\Users\DELL\.stmcufinder\plugins\mcufinder
2023-08-25 09:32:15,218 [INFO] DbMcusAds:125 - Set database path to: C:\Users\DELL\.stmcufinder\plugins\mcufinder//mcu/
2023-08-25 09:32:15,218 [WARN] DbFile:41 - Overriding database path with different value: C:\Users\DELL\.stmcufinder\plugins\mcufinder/ => C:\Users\DELL\.stmcufinder\plugins\mcufinder
2023-08-25 09:32:15,218 [WARN] DbFile:41 - Overriding database path with different value: C:\Users\DELL\.stmcufinder\plugins\mcufinder/ => C:\Users\DELL\.stmcufinder\plugins\mcufinder
2023-08-25 09:32:15,218 [INFO] CrossReferenceDbSqlite:203 - Set database path to: C:\Users\DELL\.stmcufinder\plugins\mcufinder//mcu/cs/
2023-08-25 09:32:15,384 [INFO] MainPanel:253 - HeapMemory: 526385152
2023-08-25 09:32:15,642 [INFO] DbMcusXml:78 - Set database path to: D:\ST\STM32CubeIDE_1.12.1\STM32CubeIDE\plugins\com.st.stm32cube.common.mx_6.8.1.202304191431\\db\/mcu/
2023-08-25 09:32:15,643 [INFO] ApiDb:274 - Set plugin database path to: D:\ST\STM32CubeIDE_1.12.1\STM32CubeIDE\plugins\com.st.stm32cube.common.mx_6.8.1.202304191431\\db\/plugins/boardmanager/
2023-08-25 09:32:15,643 [INFO] ApiDb:261 - Set plugin images path to: D:\ST\STM32CubeIDE_1.12.1\STM32CubeIDE\plugins\com.st.stm32cube.common.mx_6.8.1.202304191431\\db\/plugins/mcufinder/images/
2023-08-25 09:32:15,644 [WARN] DbFile:41 - Overriding database path with different value: C:\Users\DELL\.stmcufinder\plugins\mcufinder/ => C:\Users\DELL\.stmcufinder\plugins\mcufinder
2023-08-25 09:32:15,645 [INFO] ApiDb:250 - Set database path to: C:\Users\DELL\.stmcufinder\plugins\mcufinder//mcu/
2023-08-25 09:32:15,645 [WARN] DbFile:41 - Overriding database path with different value: C:\Users\DELL\.stmcufinder\plugins\mcufinder/ => C:\Users\DELL\.stmcufinder\plugins\mcufinder
2023-08-25 09:32:15,645 [INFO] DbMcusAds:125 - Set database path to: C:\Users\DELL\.stmcufinder\plugins\mcufinder//mcu/
2023-08-25 09:32:15,645 [WARN] DbFile:41 - Overriding database path with different value: C:\Users\DELL\.stmcufinder\plugins\mcufinder/ => C:\Users\DELL\.stmcufinder\plugins\mcufinder
2023-08-25 09:32:15,645 [WARN] DbFile:41 - Overriding database path with different value: C:\Users\DELL\.stmcufinder\plugins\mcufinder/ => C:\Users\DELL\.stmcufinder\plugins\mcufinder
2023-08-25 09:32:15,645 [INFO] CrossReferenceDbSqlite:203 - Set database path to: C:\Users\DELL\.stmcufinder\plugins\mcufinder//mcu/cs/
2023-08-25 09:32:15,686 [INFO] ApplicationProperties:184 - Using Application install path: D:\ST\STM32CubeIDE_1.12.1\STM32CubeIDE\plugins\com.st.stm32cube.common.mx_6.8.1.202304191431
2023-08-25 09:32:15,689 [INFO] PluginManage:196 - Search for loadable plugins [exclusion list=, ]
2023-08-25 09:32:15,694 [INFO] PluginManage:310 - Check plugin analytics
2023-08-25 09:32:16,026 [INFO] AnalyticsPlugin:253 - Accepted Software Licenses: STM32CubeMX.6.8.1
2023-08-25 09:32:16,027 [INFO] AnalyticsPlugin:255 - Accepted CMSIS Pack Licenses: 
2023-08-25 09:32:16,028 [INFO] AnalyticsPlugin:257 - Accepted Firmware Licenses: FW.F4.1.27.0
2023-08-25 09:32:16,048 [INFO] PluginManage:359 - Loaded plugin analytics (category:tool,tabindex:-1)
2023-08-25 09:32:16,049 [INFO] PluginManage:310 - Check plugin cadmodel
2023-08-25 09:32:16,112 [INFO] CADModel:105 - Init CAD model plugin
2023-08-25 09:32:16,112 [INFO] PluginManage:359 - Loaded plugin cadmodel (category:power,tabindex:5)
2023-08-25 09:32:16,112 [INFO] PluginManage:310 - Check plugin clock
2023-08-25 09:32:16,151 [INFO] PluginManage:359 - Loaded plugin clock (category:base,tabindex:2)
2023-08-25 09:32:16,152 [INFO] PluginManage:310 - Check plugin ddr
2023-08-25 09:32:16,170 [INFO] PluginManage:359 - Loaded plugin ddr (category:tool,tabindex:6)
2023-08-25 09:32:16,170 [INFO] PluginManage:310 - Check plugin filemanager
2023-08-25 09:32:16,601 [INFO] PluginManage:359 - Loaded plugin filemanager (category:base,tabindex:10)
2023-08-25 09:32:16,601 [INFO] PluginManage:310 - Check plugin ipmanager
2023-08-25 09:32:16,623 [INFO] PluginManage:359 - Loaded plugin ipmanager (category:base,tabindex:5)
2023-08-25 09:32:16,623 [INFO] PluginManage:310 - Check plugin lpbam
2023-08-25 09:32:16,666 [INFO] PluginManage:359 - Loaded plugin lpbam (category:base,tabindex:0)
2023-08-25 09:32:16,666 [INFO] PluginManage:310 - Check plugin pinoutandconfiguration
2023-08-25 09:32:16,710 [INFO] PluginManage:359 - Loaded plugin pinoutandconfiguration (category:base,tabindex:1)
2023-08-25 09:32:16,710 [INFO] PluginManage:310 - Check plugin pinoutconfig
2023-08-25 09:32:17,068 [WARN] SupportedApi:132 - Cannot load RTOS API schema: s4s-elt-must-match.1: The content of 'definitions' must match (annotation?, (simpleType | complexType)?, (unique | key | keyref)*)). A problem was found starting at: attribute.
2023-08-25 09:32:17,315 [INFO] PluginManage:359 - Loaded plugin pinoutconfig (category:base,tabindex:0)
2023-08-25 09:32:17,316 [INFO] PluginManage:310 - Check plugin power
2023-08-25 09:32:17,374 [INFO] PluginManage:359 - Loaded plugin power (category:power,tabindex:4)
2023-08-25 09:32:17,374 [INFO] PluginManage:310 - Check plugin projectmanager
2023-08-25 09:32:17,419 [INFO] PluginManage:359 - Loaded plugin projectmanager (category:projectmanager,tabindex:3)
2023-08-25 09:32:17,419 [INFO] PluginManage:310 - Check plugin thirdparty
2023-08-25 09:32:17,874 [INFO] PluginManage:359 - Loaded plugin thirdparty (category:base,tabindex:-1)
2023-08-25 09:32:17,874 [WARN] IntegrityCheckThread:84 - waiting for thirdparty lock release [integrity check]
2023-08-25 09:32:17,874 [INFO] PluginManage:310 - Check plugin tools
2023-08-25 09:32:17,875 [INFO] IntegrityCheckThread:86 - entering critical section [integrity check]
2023-08-25 09:32:17,877 [INFO] ThirdPartyUpdaterWithRetryManager:70 - Updater plugin not ready yet. [1/15]
2023-08-25 09:32:17,889 [INFO] PluginManage:359 - Loaded plugin tools (category:base,tabindex:7)
2023-08-25 09:32:17,890 [INFO] PluginManage:310 - Check plugin tutovideos
2023-08-25 09:32:18,390 [INFO] PluginManage:359 - Loaded plugin tutovideos (category:base,tabindex:-1)
2023-08-25 09:32:18,391 [INFO] PluginManage:310 - Check plugin updater
2023-08-25 09:32:18,453 [INFO] PluginManage:359 - Loaded plugin updater (category:base,tabindex:12)
2023-08-25 09:32:18,454 [INFO] PluginManage:283 - PluginManage : Loaded plugins [15]
2023-08-25 09:32:19,048 [INFO] PinOutPanel:1499 - setPackage(No Configuration,No Configuration)
2023-08-25 09:32:19,235 [INFO] CADModel:165 - CPN selected for project level
2023-08-25 09:32:19,235 [INFO] CADModel:114 - Register for checkConnection events
2023-08-25 09:32:19,358 [INFO] IPUIPlugin:80 - create IPUIPlugin
2023-08-25 09:32:19,359 [INFO] PluginManager:220 - loadIPPluginJar : add adc
2023-08-25 09:32:19,379 [INFO] IPUIPlugin:80 - create IPUIPlugin
2023-08-25 09:32:19,379 [INFO] PluginManager:220 - loadIPPluginJar : add aes
2023-08-25 09:32:19,397 [INFO] IPUIPlugin:80 - create IPUIPlugin
2023-08-25 09:32:19,398 [INFO] PluginManager:220 - loadIPPluginJar : add can
2023-08-25 09:32:19,415 [INFO] IPUIPlugin:80 - create IPUIPlugin
2023-08-25 09:32:19,416 [INFO] PluginManager:220 - loadIPPluginJar : add comp
2023-08-25 09:32:19,429 [INFO] IPUIPlugin:80 - create IPUIPlugin
2023-08-25 09:32:19,429 [INFO] PluginManager:220 - loadIPPluginJar : add cryp
2023-08-25 09:32:19,445 [INFO] IPUIPlugin:80 - create IPUIPlugin
2023-08-25 09:32:19,445 [INFO] PluginManager:220 - loadIPPluginJar : add dfsdm
2023-08-25 09:32:19,476 [INFO] IPUIPlugin:80 - create IPUIPlugin
2023-08-25 09:32:19,478 [INFO] PluginManager:220 - loadIPPluginJar : add dma
2023-08-25 09:32:19,500 [INFO] IPUIPlugin:80 - create IPUIPlugin
2023-08-25 09:32:19,500 [INFO] PluginManager:220 - loadIPPluginJar : add dma3
2023-08-25 09:32:19,509 [INFO] IPUIPlugin:80 - create IPUIPlugin
2023-08-25 09:32:19,510 [INFO] PluginManager:220 - loadIPPluginJar : add fatfs
2023-08-25 09:32:19,535 [INFO] IPUIPlugin:80 - create IPUIPlugin
2023-08-25 09:32:19,535 [INFO] PluginManager:220 - loadIPPluginJar : add fmc
2023-08-25 09:32:19,572 [INFO] IPUIPlugin:80 - create IPUIPlugin
2023-08-25 09:32:19,573 [INFO] PluginManager:220 - loadIPPluginJar : add freertos
2023-08-25 09:32:19,584 [INFO] IPUIPlugin:80 - create IPUIPlugin
2023-08-25 09:32:19,584 [INFO] PluginManager:220 - loadIPPluginJar : add genericplugin
2023-08-25 09:32:19,600 [INFO] IPUIPlugin:80 - create IPUIPlugin
2023-08-25 09:32:19,600 [INFO] PluginManager:220 - loadIPPluginJar : add gfxmmu
2023-08-25 09:32:19,623 [INFO] IPUIPlugin:80 - create IPUIPlugin
2023-08-25 09:32:19,623 [INFO] PluginManager:220 - loadIPPluginJar : add gic
2023-08-25 09:32:19,651 [INFO] IPUIPlugin:80 - create IPUIPlugin
2023-08-25 09:32:19,651 [INFO] PluginManager:220 - loadIPPluginJar : add gpio
2023-08-25 09:32:19,670 [INFO] IPUIPlugin:80 - create IPUIPlugin
2023-08-25 09:32:19,670 [INFO] PluginManager:220 - loadIPPluginJar : add gtzc
2023-08-25 09:32:19,693 [INFO] IPUIPlugin:80 - create IPUIPlugin
2023-08-25 09:32:19,694 [INFO] PluginManager:220 - loadIPPluginJar : add hash
2023-08-25 09:32:19,717 [INFO] IPUIPlugin:80 - create IPUIPlugin
2023-08-25 09:32:19,717 [INFO] PluginManager:220 - loadIPPluginJar : add i2c
2023-08-25 09:32:19,729 [INFO] IPUIPlugin:80 - create IPUIPlugin
2023-08-25 09:32:19,729 [INFO] PluginManager:220 - loadIPPluginJar : add i2s
2023-08-25 09:32:19,752 [INFO] IPUIPlugin:80 - create IPUIPlugin
2023-08-25 09:32:19,752 [INFO] PluginManager:220 - loadIPPluginJar : add i3c
2023-08-25 09:32:19,768 [INFO] IPUIPlugin:80 - create IPUIPlugin
2023-08-25 09:32:19,769 [INFO] PluginManager:220 - loadIPPluginJar : add ipddr
2023-08-25 09:32:19,802 [INFO] IPUIPlugin:80 - create IPUIPlugin
2023-08-25 09:32:19,802 [INFO] PluginManager:220 - loadIPPluginJar : add linkedlist
2023-08-25 09:32:19,807 [INFO] IPUIPlugin:80 - create IPUIPlugin
2023-08-25 09:32:19,807 [INFO] PluginManager:220 - loadIPPluginJar : add lorawan
2023-08-25 09:32:19,837 [INFO] IPUIPlugin:80 - create IPUIPlugin
2023-08-25 09:32:19,837 [INFO] PluginManager:220 - loadIPPluginJar : add ltdc
2023-08-25 09:32:19,875 [INFO] IPUIPlugin:80 - create IPUIPlugin
2023-08-25 09:32:19,875 [INFO] PluginManager:220 - loadIPPluginJar : add mdma
2023-08-25 09:32:19,890 [INFO] IPUIPlugin:80 - create IPUIPlugin
2023-08-25 09:32:19,890 [INFO] PluginManager:220 - loadIPPluginJar : add nvic
2023-08-25 09:32:19,905 [INFO] IPUIPlugin:80 - create IPUIPlugin
2023-08-25 09:32:19,905 [INFO] PluginManager:220 - loadIPPluginJar : add opamp
2023-08-25 09:32:19,927 [INFO] IPUIPlugin:80 - create IPUIPlugin
2023-08-25 09:32:19,927 [INFO] PluginManager:220 - loadIPPluginJar : add openamp
2023-08-25 09:32:19,932 [INFO] IPUIPlugin:80 - create IPUIPlugin
2023-08-25 09:32:19,933 [INFO] PluginManager:220 - loadIPPluginJar : add pdm2pcm
2023-08-25 09:32:19,942 [INFO] IPUIPlugin:80 - create IPUIPlugin
2023-08-25 09:32:19,946 [INFO] PluginManager:220 - loadIPPluginJar : add plateformsettings
2023-08-25 09:32:19,955 [INFO] IPUIPlugin:80 - create IPUIPlugin
2023-08-25 09:32:19,956 [INFO] PluginManager:220 - loadIPPluginJar : add quadspi
2023-08-25 09:32:19,989 [INFO] IPUIPlugin:80 - create IPUIPlugin
2023-08-25 09:32:19,989 [INFO] PluginManager:220 - loadIPPluginJar : add resmgrutility
2023-08-25 09:32:20,009 [INFO] IPUIPlugin:80 - create IPUIPlugin
2023-08-25 09:32:20,009 [INFO] PluginManager:220 - loadIPPluginJar : add sai
2023-08-25 09:32:20,027 [INFO] IPUIPlugin:80 - create IPUIPlugin
2023-08-25 09:32:20,028 [INFO] PluginManager:220 - loadIPPluginJar : add spi
2023-08-25 09:32:20,050 [INFO] IPUIPlugin:80 - create IPUIPlugin
2023-08-25 09:32:20,051 [INFO] PluginManager:220 - loadIPPluginJar : add stm32_wpan
2023-08-25 09:32:20,066 [INFO] IPUIPlugin:80 - create IPUIPlugin
2023-08-25 09:32:20,067 [INFO] PluginManager:220 - loadIPPluginJar : add tim
2023-08-25 09:32:20,091 [INFO] IPUIPlugin:80 - create IPUIPlugin
2023-08-25 09:32:20,092 [INFO] PluginManager:220 - loadIPPluginJar : add touchsensing
2023-08-25 09:32:20,100 [INFO] IPUIPlugin:80 - create IPUIPlugin
2023-08-25 09:32:20,100 [INFO] PluginManager:220 - loadIPPluginJar : add tracer_emb
2023-08-25 09:32:20,105 [INFO] IPUIPlugin:80 - create IPUIPlugin
2023-08-25 09:32:20,105 [INFO] PluginManager:220 - loadIPPluginJar : add ts
2023-08-25 09:32:20,109 [INFO] IPUIPlugin:80 - create IPUIPlugin
2023-08-25 09:32:20,109 [INFO] PluginManager:220 - loadIPPluginJar : add tsc
2023-08-25 09:32:20,111 [INFO] IPUIPlugin:80 - create IPUIPlugin
2023-08-25 09:32:20,112 [INFO] PluginManager:220 - loadIPPluginJar : add ucpd
2023-08-25 09:32:20,129 [INFO] IPUIPlugin:80 - create IPUIPlugin
2023-08-25 09:32:20,130 [INFO] PluginManager:220 - loadIPPluginJar : add usart
2023-08-25 09:32:20,149 [INFO] IPUIPlugin:80 - create IPUIPlugin
2023-08-25 09:32:20,150 [INFO] PluginManager:220 - loadIPPluginJar : add usbx
2023-08-25 09:32:20,324 [INFO] CADModel:165 - CPN selected for project level
2023-08-25 09:32:20,324 [INFO] CADModel:114 - Register for checkConnection events
2023-08-25 09:32:20,325 [FATAL] Updater:308 - Updater called before beeing initialized
2023-08-25 09:32:20,326 [ERROR] CADModel:125 - Updater not yet initialized, retry later 
2023-08-25 09:32:20,692 [INFO] CADModel:165 - CPN selected for project level
2023-08-25 09:32:20,692 [INFO] CADModel:114 - Register for checkConnection events
2023-08-25 09:32:20,692 [FATAL] Updater:308 - Updater called before beeing initialized
2023-08-25 09:32:20,692 [ERROR] CADModel:125 - Updater not yet initialized, retry later 
2023-08-25 09:32:20,700 [FATAL] Updater:308 - Updater called before beeing initialized
2023-08-25 09:32:20,882 [INFO] ThirdPartyUpdaterWithRetryManager:70 - Updater plugin not ready yet. [2/15]
2023-08-25 09:32:20,889 [FATAL] Updater:308 - Updater called before beeing initialized
2023-08-25 09:32:20,899 [INFO] DbMcusAds:53 - JSON generation date=Tue Mar 07 14:20:55 IST 2023 (1678179055114)
2023-08-25 09:32:20,899 [FATAL] Updater:308 - Updater called before beeing initialized
2023-08-25 09:32:21,033 [WARN] DetailPanel:346 - Failed to get advertising image, set to default
2023-08-25 09:32:21,179 [FATAL] Updater:308 - Updater called before beeing initialized
2023-08-25 09:32:21,183 [FATAL] Updater:308 - Updater called before beeing initialized
2023-08-25 09:32:21,183 [FATAL] Updater:308 - Updater called before beeing initialized
2023-08-25 09:32:21,183 [WARN] DetailPanel:346 - Failed to get advertising image, set to default
2023-08-25 09:32:21,184 [FATAL] Updater:308 - Updater called before beeing initialized
2023-08-25 09:32:21,317 [ERROR] Updater:1120 - MainUpdater not yet initialized. External WinMGr cannot be set.
2023-08-25 09:32:21,335 [INFO] Updater:1056 - Updater Version found : 6.8.1
2023-08-25 09:32:21,366 [INFO] ApplicationProperties:184 - Using Application install path: D:\ST\STM32CubeIDE_1.12.1\STM32CubeIDE\plugins\com.st.stm32cube.common.mx_6.8.1.202304191431
2023-08-25 09:32:21,553 [INFO] MainUpdater:2854 - connection check result : 10
2023-08-25 09:32:21,554 [INFO] MainUpdater:3548 - Updater definition file requires update
2023-08-25 09:32:21,556 [INFO] MainUpdater:283 - Updater Check For Update Now.
2023-08-25 09:32:21,557 [INFO] MicroXplorer:498 - Change Database Version : DB.6.0.81
2023-08-25 09:32:22,721 [INFO] ServerAccessManage:473 - Download File updaters.zip
2023-08-25 09:32:22,857 [INFO] FileExtend:240 - Unzip File : updaters.zip
2023-08-25 09:32:22,857 [INFO] FileExtend:255 - Standard Zip Deflate
2023-08-25 09:32:23,377 [INFO] ServerAccessManage:473 - Download File PacksControlFlags.xml
2023-08-25 09:32:23,480 [INFO] ServerAccessManage:473 - Download File cubemx.pidx
2023-08-25 09:32:23,893 [WARN] MainUpdater:1187 - Updater busy. Cannot search thirdparties
2023-08-25 09:32:23,894 [INFO] ThirdPartyUpdaterWithRetryManager:96 - Updater plugin is busy. [1/15]
2023-08-25 09:32:24,728 [INFO] ServerAccessManage:473 - Download File STMicroelectronics.X-CUBE-FREERTOS.pdsc
2023-08-25 09:32:26,907 [WARN] MainUpdater:1187 - Updater busy. Cannot search thirdparties
2023-08-25 09:32:26,907 [INFO] ThirdPartyUpdaterWithRetryManager:96 - Updater plugin is busy. [2/15]
2023-08-25 09:32:27,190 [ERROR] ServerAccessManage:1096 - Problem, Http access forbiden
2023-08-25 09:32:27,191 [ERROR] ServerAccessManage:651 - Problem, Http access forbiden : RoweBots.I-CUBE-UNISONRTOS.pdsc.
2023-08-25 09:32:27,459 [WARN] PackLoader:240 - Cannot read IP mode file for STMicroelectronics.X-CUBE-FREERTOS.1.1.0
2023-08-25 09:32:27,462 [INFO] PopulateThirdPartyThread:66 - Ending populate Thread
2023-08-25 09:32:27,473 [INFO] ThirdParty:1030 - CMSIS Pack Vendor :STMicroelectronics X-CUBE-FREERTOS 1.1.0
2023-08-25 09:32:27,474 [INFO] LoadServerUpdatesThread:373 - End of LoadServerUpdate Thread
2023-08-25 09:32:27,535 [INFO] CheckServerUpdateThread:120 - End of CheckServer Thread
2023-08-25 09:32:27,717 [INFO] MainUpdater:2854 - connection check result : 10
2023-08-25 09:32:28,845 [INFO] ApiDb:581 - Connected to CubeFinder SQLite database (C:\Users\DELL\.stmcufinder\plugins\mcufinder\mcu\cube-finder-db.db)
2023-08-25 09:32:28,977 [INFO] ApiDb:668 - CubeFinder database Data Model version=2.1
2023-08-25 09:32:28,977 [INFO] ApiDb:669 - CubeFinder database Configuration version=3.0.37
2023-08-25 09:32:28,978 [INFO] ApiDb:670 - CubeFinder database generation date=2023-08-09 (1691586011)
2023-08-25 09:32:28,979 [INFO] ApiDb:671 - CubeFinder database FW Pack versions=[FP-ATR-ASTRA1_V2.0.0, FP-SNS-FLIGHT1_V5.0.1, FP-SNS-FLIGHT1_V5.0.2, FP-SNS-MOTENV1_V4.3.1, FP-SNS-MOTENV1_V4.3.2, STM32Cube_FW_C0_V1.1.0, STM32Cube_FW_F4_V1.27.1, STM32Cube_FW_F7_V1.17.0, STM32Cube_FW_G0_V1.6.1, STM32Cube_FW_G4_V1.5.1, STM32Cube_FW_H5_V0.5.1, STM32Cube_FW_H5_V1.1.0, STM32Cube_FW_H7_V1.11.0, STM32Cube_FW_L0_V1.12.2, STM32Cube_FW_L5_V1.5.0, STM32Cube_FW_U5_V1.3.0, STM32Cube_FW_U5_V1.3.0RC4, STM32Cube_FW_WBA_V1.0.0RC1, STM32Cube_FW_WBA_V1.1.0, STM32Cube_FW_WBA_V1.1.0RC1, STM32Cube_FW_WB_V1.15.0RC1, STM32Cube_FW_WB_V1.16.0, STM32Cube_FW_WB_V1.16.0RC2, STM32Cube_FW_WB_V1.17.0, STM32Cube_FW_WL_V1.3.0, X-CUBE-ALGOBUILD_V1.3.0, X-CUBE-ALS_V1.0.1, X-CUBE-AZRTOS-F4_V1.1.0, X-CUBE-AZRTOS-F7_V1.1.0, X-CUBE-AZRTOS-G0_V1.1.0, X-CUBE-AZRTOS-G4_V2.0.0, X-CUBE-AZRTOS-H7_V3.1.0, X-CUBE-AZRTOS-L4_V1.0.0, X-CUBE-AZRTOS-L4_V2.0.0, X-CUBE-AZRTOS-L5_V1.1.0, X-CUBE-AZRTOS-WB_V1.1.0, X-CUBE-AZRTOS-WL_V2.0.0, X-CUBE-BLE1_V7.0.0, X-CUBE-BLE2_V3.3.0, X-CUBE-BLEMGR_V2.0.0, X-CUBE-EEPRMA1_V4.1.0, X-CUBE-FREERTOS_V1.1.0, X-CUBE-GNSS1_V6.0.0, X-CUBE-MEMS1_V9.1.0, X-CUBE-MEMS1_V9.4.0, X-CUBE-MEMS1_V9.6.0, X-CUBE-NFC4_V3.0.0, X-CUBE-NFC7_V1.0.0, X-CUBE-SFXS2LP1_V4.0.0, X-CUBE-SUBG2_V5.0.0, X-CUBE-TOF1_V3.3.1]
2023-08-25 09:32:29,195 [INFO] DbBoardsSqlite:226 - include board P-NUCLEO-WB55-NUCLEO as a kit item of type 'Nucleo-64'
2023-08-25 09:32:29,196 [INFO] DbBoardsSqlite:226 - include board P-NUCLEO-WB55-USBDONGLE as a kit item of type 'Nucleo USB Dongle'
2023-08-25 09:32:29,198 [INFO] DbBoardsSqlite:226 - include board STEVAL-IDP005V1 as a kit item of type 'Evaluation Board'
2023-08-25 09:32:29,199 [INFO] DbBoardsSqlite:226 - include board STEVAL-IDP005V2 as a kit item of type 'Evaluation Board'
2023-08-25 09:32:29,790 [INFO] ApiDb:240 - Found 297 in-development CPN: [B-G473E-ZEST1S, B-WB1M-WPAN1, B-WL5M-SUBG1, NUCLEO-C031C6, NUCLEO-H503RB, NUCLEO-H563ZI, NUCLEO-U545RE-Q, NUCLEO-U5A5ZJ-Q, NUCLEO-WBA52CG, STEVAL-PROTEUS1, STEVAL-STWINBX1, STM320518-EVAL, STM32C0116-DK, STM32C011D6Y3TR, STM32C011D6Y6TR, STM32C011F4P3, STM32C011F4P6, STM32C011F4U3, STM32C011F4U6TR, STM32C011F6P3, STM32C011F6P6, STM32C011F6U3, STM32C011F6U6TR, STM32C011J4M3, STM32C011J4M6, STM32C011J6M3, STM32C011J6M6, STM32C0316-DK, STM32C031C4T3, STM32C031C4T6, STM32C031C4U3, STM32C031C4U6, STM32C031C6T3, STM32C031C6T6, STM32C031C6U3, STM32C031C6U6, STM32C031F4P3, STM32C031F4P6, STM32C031F6P3, STM32C031F6P6, STM32C031G4U3, STM32C031G4U6, STM32C031G6U3, STM32C031G6U6, STM32C031K4T3, STM32C031K4T6, STM32C031K4U3, STM32C031K4U6, STM32C031K6T3, STM32C031K6T6, STM32C031K6U3, STM32C031K6U6, STM32G071K8TXN, STM32G071K8UXN, STM32G081GBU6N, STM32G081KBT6N, STM32G081KBUXN, STM32G0B1CCT6N, STM32G0B1KCT6, STM32G0B1NEY6TR, STM32G0B1RCT6N, STM32G0C1CCT6, STM32G0C1CCT6N, STM32G0C1CCU6N, STM32G0C1CET6N, STM32G0C1CEU6N, STM32G0C1KCT6, STM32G0C1NEY6TR, STM32G0C1RCI6N, STM32G0C1RCT6N, STM32G0C1REI6N, STM32G0C1RET6N, STM32G0C1VCI6, STM32G0C1VEI6, STM32G471CCT6, STM32G471CCU6, STM32G471CET3, STM32G471CET6, STM32G471CEU3, STM32G471CEU6, STM32G471MCT6, STM32G471MET3, STM32G471MET6, STM32G471MEY6TR, STM32G471QCT6, STM32G471QET3, STM32G471RCT6, STM32G471RET3, STM32G471RET6, STM32G471VCH6, STM32G471VCI6, STM32G471VCT6, STM32G471VEH3, STM32G471VEH6, STM32G471VEI3, STM32G471VEI6, STM32G471VET3, STM32G471VET6, STM32G474CCT6, STM32H503CBT6, STM32H503CBU6, STM32H503EBY6TR, STM32H503KBU6, STM32H503RBT6, STM32H562AGI6, STM32H562AII6, STM32H562IGK6, STM32H562IGT6, STM32H562IIK6, STM32H562IIT6, STM32H562RGT6, STM32H562RGV6, STM32H562RIT6, STM32H562RIV6, STM32H562VGT6, STM32H562VIT6, STM32H562ZGT6, STM32H562ZIT6, STM32H563AGI6, STM32H563AII3Q, STM32H563AII6, STM32H563IGK6, STM32H563IGT6, STM32H563IIK3Q, STM32H563IIK6, STM32H563IIT3Q, STM32H563IIT6, STM32H563MIY3QTR, STM32H563RGT6, STM32H563RGV6, STM32H563RIT6, STM32H563RIV6, STM32H563VGT6, STM32H563VIT3Q, STM32H563VIT6, STM32H563ZGT6, STM32H563ZIT3Q, STM32H563ZIT6, STM32H573AII3Q, STM32H573AII6, STM32H573I-DK, STM32H573IIK3Q, STM32H573IIK6, STM32H573IIT3Q, STM32H573IIT6, STM32H573MIY3QTR, STM32H573RIT6, STM32H573RIV6, STM32H573VIT3Q, STM32H573VIT6, STM32H573ZIT3Q, STM32H573ZIT6, STM32L4R5QGI6STR, STM32MP131AAE3, STM32MP131AAF3, STM32MP131AAG3, STM32MP131CAE3, STM32MP131CAF3, STM32MP131CAG3, STM32MP131DAE7, STM32MP131DAF7, STM32MP131DAG7, STM32MP131FAE7, STM32MP131FAF7, STM32MP131FAG7, STM32MP133AAE3, STM32MP133AAF3, STM32MP133AAG3, STM32MP133CAE3, STM32MP133CAF3, STM32MP133CAG3, STM32MP133DAE7, STM32MP133DAF7, STM32MP133DAG7, STM32MP133FAE7, STM32MP133FAF7, STM32MP133FAG7, STM32MP135AAE3, STM32MP135AAF3, STM32MP135AAG3, STM32MP135CAE3, STM32MP135CAF3, STM32MP135CAG3, STM32MP135DAE7, STM32MP135DAF7, STM32MP135DAG7, STM32MP135F-DK, STM32MP135FAE7, STM32MP135FAF7, STM32MP135FAF7T, STM32MP135FAF7U, STM32MP135FAG7, STM32U535CBT6, STM32U535CBT6Q, STM32U535CBU6, STM32U535CBU6Q, STM32U535CCT6, STM32U535CCT6Q, STM32U535CCU6, STM32U535CCU6Q, STM32U535CET6, STM32U535CET6Q, STM32U535CEU6, STM32U535CEU6Q, STM32U535JEY6QTR, STM32U535NCY6QTR, STM32U535NEY6QTR, STM32U535RBI6, STM32U535RBI6Q, STM32U535RBT6, STM32U535RBT6Q, STM32U535RCI6, STM32U535RCI6Q, STM32U535RCT6, STM32U535RCT6Q, STM32U535REI6, STM32U535REI6Q, STM32U535RET6, STM32U535RET6Q, STM32U535VCI6, STM32U535VCI6Q, STM32U535VCT6, STM32U535VCT6Q, STM32U535VEI6, STM32U535VEI6Q, STM32U535VET6, STM32U535VET6Q, STM32U545CET6, STM32U545CET6Q, STM32U545CEU6, STM32U545CEU6Q, STM32U545JEY6QTR, STM32U545NEY6QTR, STM32U545REI6, STM32U545REI6Q, STM32U545RET6, STM32U545RET6Q, STM32U545VEI6, STM32U545VEI6Q, STM32U545VET6, STM32U545VET6Q, STM32U595AIH6, STM32U595AIH6Q, STM32U595AJH6, STM32U595AJH6Q, STM32U595QII6, STM32U595QII6Q, STM32U595QJI6, STM32U595QJI6Q, STM32U595RIT6, STM32U595RIT6Q, STM32U595RJT6, STM32U595RJT6Q, STM32U595VIT6, STM32U595VIT6Q, STM32U595VJT6, STM32U595VJT6Q, STM32U595ZIT6, STM32U595ZIT6Q, STM32U595ZIY6QTR, STM32U595ZJT6, STM32U595ZJT6Q, STM32U595ZJY6QTR, STM32U599BJY6QTR, STM32U599NIH6Q, STM32U599NJH6Q, STM32U599VIT6Q, STM32U599VJT6, STM32U599VJT6Q, STM32U599ZIT6Q, STM32U599ZIY6QTR, STM32U599ZJT6Q, STM32U599ZJY6QTR, STM32U5A5AJH6, STM32U5A5AJH6Q, STM32U5A5QJI6, STM32U5A5QJI6Q, STM32U5A5RJT6, STM32U5A5RJT6Q, STM32U5A5VJT6, STM32U5A5VJT6Q, STM32U5A5ZJT6, STM32U5A5ZJT6Q, STM32U5A5ZJY6QTR, STM32U5A9BJY6QTR, STM32U5A9J-DK, STM32U5A9NJH6Q, STM32U5A9VJT6Q, STM32U5A9ZJT6Q, STM32U5A9ZJY6QTR, STM32WB1MMCH6, STM32WBA52CEU6, STM32WBA52CEU6T, STM32WBA52CGU6, STM32WBA52CGU6T, STM32WL5MOCH6, STM32WL5MOCH6TR]
2023-08-25 09:32:29,798 [INFO] ApiDb:668 - CubeFinder database Data Model version=2.1
2023-08-25 09:32:29,798 [INFO] ApiDb:669 - CubeFinder database Configuration version=3.0.37
2023-08-25 09:32:29,798 [INFO] ApiDb:670 - CubeFinder database generation date=2023-08-09 (1691586011)
2023-08-25 09:32:29,799 [INFO] ApiDb:671 - CubeFinder database FW Pack versions=[FP-ATR-ASTRA1_V2.0.0, FP-SNS-FLIGHT1_V5.0.1, FP-SNS-FLIGHT1_V5.0.2, FP-SNS-MOTENV1_V4.3.1, FP-SNS-MOTENV1_V4.3.2, STM32Cube_FW_C0_V1.1.0, STM32Cube_FW_F4_V1.27.1, STM32Cube_FW_F7_V1.17.0, STM32Cube_FW_G0_V1.6.1, STM32Cube_FW_G4_V1.5.1, STM32Cube_FW_H5_V0.5.1, STM32Cube_FW_H5_V1.1.0, STM32Cube_FW_H7_V1.11.0, STM32Cube_FW_L0_V1.12.2, STM32Cube_FW_L5_V1.5.0, STM32Cube_FW_U5_V1.3.0, STM32Cube_FW_U5_V1.3.0RC4, STM32Cube_FW_WBA_V1.0.0RC1, STM32Cube_FW_WBA_V1.1.0, STM32Cube_FW_WBA_V1.1.0RC1, STM32Cube_FW_WB_V1.15.0RC1, STM32Cube_FW_WB_V1.16.0, STM32Cube_FW_WB_V1.16.0RC2, STM32Cube_FW_WB_V1.17.0, STM32Cube_FW_WL_V1.3.0, X-CUBE-ALGOBUILD_V1.3.0, X-CUBE-ALS_V1.0.1, X-CUBE-AZRTOS-F4_V1.1.0, X-CUBE-AZRTOS-F7_V1.1.0, X-CUBE-AZRTOS-G0_V1.1.0, X-CUBE-AZRTOS-G4_V2.0.0, X-CUBE-AZRTOS-H7_V3.1.0, X-CUBE-AZRTOS-L4_V1.0.0, X-CUBE-AZRTOS-L4_V2.0.0, X-CUBE-AZRTOS-L5_V1.1.0, X-CUBE-AZRTOS-WB_V1.1.0, X-CUBE-AZRTOS-WL_V2.0.0, X-CUBE-BLE1_V7.0.0, X-CUBE-BLE2_V3.3.0, X-CUBE-BLEMGR_V2.0.0, X-CUBE-EEPRMA1_V4.1.0, X-CUBE-FREERTOS_V1.1.0, X-CUBE-GNSS1_V6.0.0, X-CUBE-MEMS1_V9.1.0, X-CUBE-MEMS1_V9.4.0, X-CUBE-MEMS1_V9.6.0, X-CUBE-NFC4_V3.0.0, X-CUBE-NFC7_V1.0.0, X-CUBE-SFXS2LP1_V4.0.0, X-CUBE-SUBG2_V5.0.0, X-CUBE-TOF1_V3.3.1]
2023-08-25 09:32:30,254 [WARN] PackLoader:240 - Cannot read IP mode file for STMicroelectronics.X-CUBE-SMBUS.2.1.0
2023-08-25 09:32:30,349 [WARN] PackLoader:240 - Cannot read IP mode file for STMicroelectronics.X-CUBE-AZRTOS-F7.1.1.0
2023-08-25 09:32:30,381 [ERROR] RealEvaluatedCondition:428 - Found unsupported composite condition: CLASS='Data Exchange' GROUP='STM32_MetaDataManager'
2023-08-25 09:32:30,385 [ERROR] RealEvaluatedCondition:428 - Found unsupported composite condition: CLASS='Data Exchange' GROUP='STM32_MetaDataManager'
2023-08-25 09:32:30,406 [WARN] PackLoader:240 - Cannot read IP mode file for STMicroelectronics.FP-SNS-MOTENV1.4.3.0
2023-08-25 09:32:30,445 [WARN] PackLoader:240 - Cannot read IP mode file for STMicroelectronics.FP-SNS-MOTENV1.4.3.2
2023-08-25 09:32:30,455 [WARN] PackLoader:240 - Cannot read IP mode file for STMicroelectronics.FP-SNS-FLIGHT1.5.0.0
2023-08-25 09:32:30,466 [WARN] PackLoader:240 - Cannot read IP mode file for STMicroelectronics.FP-SNS-FLIGHT1.5.0.1
2023-08-25 09:32:30,480 [WARN] PackLoader:240 - Cannot read IP mode file for STMicroelectronics.X-CUBE-BLE1.6.2.4
2023-08-25 09:32:30,486 [WARN] PackLoader:240 - Cannot read IP mode file for STMicroelectronics.FP-SNS-FLIGHT1.5.0.2
2023-08-25 09:32:30,503 [WARN] PackLoader:240 - Cannot read IP mode file for STMicroelectronics.X-CUBE-DISPLAY.3.0.0
2023-08-25 09:32:30,518 [WARN] PackLoader:240 - Cannot read IP mode file for STMicroelectronics.X-CUBE-BLE1.7.0.0
2023-08-25 09:32:30,526 [WARN] PackLoader:240 - Cannot read IP mode file for STMicroelectronics.X-CUBE-TOUCHGFX.4.22.0
2023-08-25 09:32:30,550 [INFO] LogOutputStream:77 - [STDOUT_REDIRECT] 1 : Invalid condition id : UX_CORESTACK_Condition cause : null
2023-08-25 09:32:30,551 [INFO] LogOutputStream:77 - [STDOUT_REDIRECT] 1 : Invalid condition id : UX_CORESTACK_Condition cause : null
2023-08-25 09:32:30,555 [INFO] LogOutputStream:77 - [STDOUT_REDIRECT] 1 : Invalid condition id : UX_CORESTACK_Condition cause : null
2023-08-25 09:32:30,557 [INFO] LogOutputStream:77 - [STDOUT_REDIRECT] 1 : Invalid condition id : UX_CORESTACK_Condition cause : null
2023-08-25 09:32:30,565 [INFO] LogOutputStream:77 - [STDOUT_REDIRECT] 1 : Invalid condition id : UX_CORESTACK_Condition cause : null
2023-08-25 09:32:30,572 [WARN] PackLoader:240 - Cannot read IP mode file for STMicroelectronics.X-CUBE-AZRTOS-WL.2.0.0
2023-08-25 09:32:30,602 [WARN] PackLoader:240 - Cannot read IP mode file for WES.I-CUBE-Cesium.1.3.0
2023-08-25 09:32:30,618 [WARN] PackLoader:240 - Cannot read IP mode file for STMicroelectronics.X-CUBE-BLE2.3.3.0
2023-08-25 09:32:30,629 [WARN] PackLoader:240 - Cannot read IP mode file for STMicroelectronics.X-CUBE-TOUCHGFX.4.21.3
2023-08-25 09:32:30,642 [WARN] PackLoader:240 - Cannot read IP mode file for STMicroelectronics.X-CUBE-ALGOBUILD.1.3.0
2023-08-25 09:32:30,696 [WARN] PackLoader:240 - Cannot read IP mode file for STMicroelectronics.X-CUBE-AZRTOS-G0.1.1.0
2023-08-25 09:32:30,722 [WARN] PackLoader:240 - Cannot read IP mode file for STMicroelectronics.X-CUBE-NFC4.3.0.0
2023-08-25 09:32:30,731 [WARN] PackLoader:240 - Cannot read IP mode file for STMicroelectronics.FP-ATR-SIGFOX1.3.2.0
2023-08-25 09:32:30,793 [WARN] PackLoader:240 - Cannot read IP mode file for SEGGER.I-CUBE-embOS.1.3.1
2023-08-25 09:32:30,879 [WARN] PackLoader:240 - Cannot read IP mode file for STMicroelectronics.X-CUBE-GNSS1.6.0.0
2023-08-25 09:32:30,915 [WARN] PackLoader:240 - Cannot read IP mode file for STMicroelectronics.X-CUBE-AZRTOS-F4.1.1.0
2023-08-25 09:32:30,956 [WARN] PackLoader:240 - Cannot read IP mode file for wolfSSL.I-CUBE-wolfSSL.5.6.0
2023-08-25 09:32:30,989 [WARN] PackLoader:240 - Cannot read IP mode file for STMicroelectronics.X-CUBE-AZRTOS-L5.2.0.0
2023-08-25 09:32:31,154 [WARN] PackLoader:240 - Cannot read IP mode file for STMicroelectronics.X-CUBE-MEMS1.9.6.0
2023-08-25 09:32:31,846 [WARN] PackLoader:240 - Cannot read IP mode file for emotas.I-CUBE-CANOPEN.1.1.3
2023-08-25 09:32:31,859 [WARN] PackLoader:240 - Cannot read IP mode file for STMicroelectronics.X-CUBE-BLEMGR.2.0.0
2023-08-25 09:32:31,951 [WARN] ConditionMgr:438 - getConditionDescription Invalid condition id : UX DEVICE CLASS RTOS Condition cause : null
2023-08-25 09:32:31,952 [WARN] ConditionMgr:438 - getConditionDescription Invalid condition id : UX DEVICE CLASS RTOS Condition cause : null
2023-08-25 09:32:31,957 [WARN] PackLoader:240 - Cannot read IP mode file for STMicroelectronics.X-CUBE-AZRTOS-H7.3.1.0
2023-08-25 09:32:31,961 [WARN] ConditionMgr:1039 - genDependencies : Invalid condition id : UX DEVICE CLASS RTOS Condition cause : null
2023-08-25 09:32:31,964 [WARN] ConditionMgr:1039 - genDependencies : Invalid condition id : UX DEVICE CLASS RTOS Condition cause : null
2023-08-25 09:32:31,966 [WARN] ConditionMgr:1039 - genDependencies : Invalid condition id : UX DEVICE CLASS RTOS Condition cause : null
2023-08-25 09:32:31,967 [WARN] ConditionMgr:1039 - genDependencies : Invalid condition id : UX DEVICE CLASS RTOS Condition cause : null
2023-08-25 09:32:31,967 [WARN] ConditionMgr:1039 - genDependencies : Invalid condition id : UX DEVICE CLASS RTOS Condition cause : null
2023-08-25 09:32:32,067 [WARN] PackLoader:240 - Cannot read IP mode file for STMicroelectronics.X-CUBE-NFC7.1.0.1
2023-08-25 09:32:32,085 [WARN] PackLoader:240 - Cannot read IP mode file for STMicroelectronics.X-CUBE-NFC7.1.0.0
2023-08-25 09:32:32,111 [WARN] PackLoader:240 - Cannot read IP mode file for STMicroelectronics.X-CUBE-EEPRMA1.4.1.0
2023-08-25 09:32:32,123 [WARN] PackLoader:240 - Cannot read IP mode file for STMicroelectronics.X-CUBE-AI.8.1.0
2023-08-25 09:32:32,160 [WARN] ConditionMgr:438 - getConditionDescription Invalid condition id : LAN8742 Phy interface Condition cause : null
2023-08-25 09:32:32,161 [WARN] PackLoader:240 - Cannot read IP mode file for STMicroelectronics.X-CUBE-AZRTOS-L4.2.0.0
2023-08-25 09:32:32,162 [WARN] ConditionMgr:1039 - genDependencies : Invalid condition id : LAN8742 Phy interface Condition cause : null
2023-08-25 09:32:32,163 [WARN] ConditionMgr:1039 - genDependencies : Invalid condition id : LAN8742 Phy interface Condition cause : null
2023-08-25 09:32:32,164 [WARN] ConditionMgr:1039 - genDependencies : Invalid condition id : LAN8742 Phy interface Condition cause : null
2023-08-25 09:32:32,182 [WARN] PackLoader:240 - Cannot read IP mode file for STMicroelectronics.X-CUBE-SFXS2LP1.4.0.0
2023-08-25 09:32:32,220 [WARN] PackLoader:240 - Cannot read IP mode file for STMicroelectronics.X-CUBE-ISPU.1.1.0
2023-08-25 09:32:32,353 [WARN] PackLoader:240 - Cannot read IP mode file for STMicroelectronics.X-CUBE-AI.8.0.0
2023-08-25 09:32:32,388 [WARN] ConditionMgr:438 - getConditionDescription Invalid condition id : UX DEVICE CLASS RTOS Condition cause : null
2023-08-25 09:32:32,389 [WARN] ConditionMgr:438 - getConditionDescription Invalid condition id : UX DEVICE CLASS RTOS Condition cause : null
2023-08-25 09:32:32,392 [WARN] PackLoader:240 - Cannot read IP mode file for STMicroelectronics.X-CUBE-AZRTOS-WB.2.0.0
2023-08-25 09:32:32,393 [WARN] ConditionMgr:1039 - genDependencies : Invalid condition id : UX DEVICE CLASS RTOS Condition cause : null
2023-08-25 09:32:32,394 [WARN] ConditionMgr:1039 - genDependencies : Invalid condition id : UX DEVICE CLASS RTOS Condition cause : null
2023-08-25 09:32:32,394 [WARN] ConditionMgr:1039 - genDependencies : Invalid condition id : UX DEVICE CLASS RTOS Condition cause : null
2023-08-25 09:32:32,395 [WARN] ConditionMgr:1039 - genDependencies : Invalid condition id : UX DEVICE CLASS RTOS Condition cause : null
2023-08-25 09:32:32,395 [WARN] ConditionMgr:1039 - genDependencies : Invalid condition id : UX DEVICE CLASS RTOS Condition cause : null
2023-08-25 09:32:32,425 [WARN] PackLoader:240 - Cannot read IP mode file for STMicroelectronics.X-CUBE-FREERTOS.1.0.1
2023-08-25 09:32:32,452 [WARN] PackLoader:240 - Cannot read IP mode file for STMicroelectronics.X-CUBE-AZRTOS-L5.1.1.0
2023-08-25 09:32:32,482 [WARN] PackLoader:240 - Cannot read IP mode file for STMicroelectronics.X-CUBE-AI.8.0.1
2023-08-25 09:32:32,499 [WARN] PackLoader:240 - Cannot read IP mode file for STMicroelectronics.X-CUBE-SUBG2.5.0.0
2023-08-25 09:32:32,524 [WARN] PackLoader:240 - Cannot read IP mode file for STMicroelectronics.X-CUBE-TOF1.3.3.1
2023-08-25 09:32:32,678 [WARN] PackLoader:240 - Cannot read IP mode file for STMicroelectronics.X-CUBE-AZRTOS-G4.2.0.0
2023-08-25 09:32:32,759 [WARN] PackLoader:240 - Cannot read IP mode file for STMicroelectronics.X-CUBE-TOF1.3.3.0
2023-08-25 09:32:32,799 [WARN] PackLoader:240 - Cannot read IP mode file for STMicroelectronics.X-CUBE-AZRTOS-L4.1.0.0
2023-08-25 09:32:32,808 [WARN] PackLoader:240 - Cannot read IP mode file for STMicroelectronics.X-CUBE-FREERTOS.1.1.0
2023-08-25 09:32:32,824 [WARN] PackLoader:240 - Cannot read IP mode file for STMicroelectronics.X-CUBE-AZRTOS-WL.1.0.0
2023-08-25 09:32:32,834 [WARN] PackLoader:240 - Cannot read IP mode file for portGmbH.I-Cube-SoM-uGOAL.1.1.0
2023-08-25 09:32:32,859 [WARN] PackLoader:240 - Cannot read IP mode file for STMicroelectronics.X-CUBE-ALS.1.0.1
2023-08-25 09:32:32,883 [WARN] PackLoader:240 - Cannot read IP mode file for STMicroelectronics.X-CUBE-AZRTOS-WB.1.1.0
2023-08-25 09:32:32,891 [WARN] PackLoader:240 - Cannot read IP mode file for STMicroelectronics.FP-ATR-ASTRA1.2.0.0
2023-08-25 09:32:32,893 [INFO] ThirdParty:978 - Integrity check success = true
2023-08-25 09:32:32,893 [INFO] IntegrityCheckThread:100 - exiting critical section [integrity check]
2023-08-25 09:32:32,894 [INFO] IntegrityCheckThread:103 - End integrity checks thread
2023-08-25 09:32:34,465 [INFO] ApiDb:240 - Found 297 in-development CPN: [B-G473E-ZEST1S, B-WB1M-WPAN1, B-WL5M-SUBG1, NUCLEO-C031C6, NUCLEO-H503RB, NUCLEO-H563ZI, NUCLEO-U545RE-Q, NUCLEO-U5A5ZJ-Q, NUCLEO-WBA52CG, STEVAL-PROTEUS1, STEVAL-STWINBX1, STM320518-EVAL, STM32C0116-DK, STM32C011D6Y3TR, STM32C011D6Y6TR, STM32C011F4P3, STM32C011F4P6, STM32C011F4U3, STM32C011F4U6TR, STM32C011F6P3, STM32C011F6P6, STM32C011F6U3, STM32C011F6U6TR, STM32C011J4M3, STM32C011J4M6, STM32C011J6M3, STM32C011J6M6, STM32C0316-DK, STM32C031C4T3, STM32C031C4T6, STM32C031C4U3, STM32C031C4U6, STM32C031C6T3, STM32C031C6T6, STM32C031C6U3, STM32C031C6U6, STM32C031F4P3, STM32C031F4P6, STM32C031F6P3, STM32C031F6P6, STM32C031G4U3, STM32C031G4U6, STM32C031G6U3, STM32C031G6U6, STM32C031K4T3, STM32C031K4T6, STM32C031K4U3, STM32C031K4U6, STM32C031K6T3, STM32C031K6T6, STM32C031K6U3, STM32C031K6U6, STM32G071K8TXN, STM32G071K8UXN, STM32G081GBU6N, STM32G081KBT6N, STM32G081KBUXN, STM32G0B1CCT6N, STM32G0B1KCT6, STM32G0B1NEY6TR, STM32G0B1RCT6N, STM32G0C1CCT6, STM32G0C1CCT6N, STM32G0C1CCU6N, STM32G0C1CET6N, STM32G0C1CEU6N, STM32G0C1KCT6, STM32G0C1NEY6TR, STM32G0C1RCI6N, STM32G0C1RCT6N, STM32G0C1REI6N, STM32G0C1RET6N, STM32G0C1VCI6, STM32G0C1VEI6, STM32G471CCT6, STM32G471CCU6, STM32G471CET3, STM32G471CET6, STM32G471CEU3, STM32G471CEU6, STM32G471MCT6, STM32G471MET3, STM32G471MET6, STM32G471MEY6TR, STM32G471QCT6, STM32G471QET3, STM32G471RCT6, STM32G471RET3, STM32G471RET6, STM32G471VCH6, STM32G471VCI6, STM32G471VCT6, STM32G471VEH3, STM32G471VEH6, STM32G471VEI3, STM32G471VEI6, STM32G471VET3, STM32G471VET6, STM32G474CCT6, STM32H503CBT6, STM32H503CBU6, STM32H503EBY6TR, STM32H503KBU6, STM32H503RBT6, STM32H562AGI6, STM32H562AII6, STM32H562IGK6, STM32H562IGT6, STM32H562IIK6, STM32H562IIT6, STM32H562RGT6, STM32H562RGV6, STM32H562RIT6, STM32H562RIV6, STM32H562VGT6, STM32H562VIT6, STM32H562ZGT6, STM32H562ZIT6, STM32H563AGI6, STM32H563AII3Q, STM32H563AII6, STM32H563IGK6, STM32H563IGT6, STM32H563IIK3Q, STM32H563IIK6, STM32H563IIT3Q, STM32H563IIT6, STM32H563MIY3QTR, STM32H563RGT6, STM32H563RGV6, STM32H563RIT6, STM32H563RIV6, STM32H563VGT6, STM32H563VIT3Q, STM32H563VIT6, STM32H563ZGT6, STM32H563ZIT3Q, STM32H563ZIT6, STM32H573AII3Q, STM32H573AII6, STM32H573I-DK, STM32H573IIK3Q, STM32H573IIK6, STM32H573IIT3Q, STM32H573IIT6, STM32H573MIY3QTR, STM32H573RIT6, STM32H573RIV6, STM32H573VIT3Q, STM32H573VIT6, STM32H573ZIT3Q, STM32H573ZIT6, STM32L4R5QGI6STR, STM32MP131AAE3, STM32MP131AAF3, STM32MP131AAG3, STM32MP131CAE3, STM32MP131CAF3, STM32MP131CAG3, STM32MP131DAE7, STM32MP131DAF7, STM32MP131DAG7, STM32MP131FAE7, STM32MP131FAF7, STM32MP131FAG7, STM32MP133AAE3, STM32MP133AAF3, STM32MP133AAG3, STM32MP133CAE3, STM32MP133CAF3, STM32MP133CAG3, STM32MP133DAE7, STM32MP133DAF7, STM32MP133DAG7, STM32MP133FAE7, STM32MP133FAF7, STM32MP133FAG7, STM32MP135AAE3, STM32MP135AAF3, STM32MP135AAG3, STM32MP135CAE3, STM32MP135CAF3, STM32MP135CAG3, STM32MP135DAE7, STM32MP135DAF7, STM32MP135DAG7, STM32MP135F-DK, STM32MP135FAE7, STM32MP135FAF7, STM32MP135FAF7T, STM32MP135FAF7U, STM32MP135FAG7, STM32U535CBT6, STM32U535CBT6Q, STM32U535CBU6, STM32U535CBU6Q, STM32U535CCT6, STM32U535CCT6Q, STM32U535CCU6, STM32U535CCU6Q, STM32U535CET6, STM32U535CET6Q, STM32U535CEU6, STM32U535CEU6Q, STM32U535JEY6QTR, STM32U535NCY6QTR, STM32U535NEY6QTR, STM32U535RBI6, STM32U535RBI6Q, STM32U535RBT6, STM32U535RBT6Q, STM32U535RCI6, STM32U535RCI6Q, STM32U535RCT6, STM32U535RCT6Q, STM32U535REI6, STM32U535REI6Q, STM32U535RET6, STM32U535RET6Q, STM32U535VCI6, STM32U535VCI6Q, STM32U535VCT6, STM32U535VCT6Q, STM32U535VEI6, STM32U535VEI6Q, STM32U535VET6, STM32U535VET6Q, STM32U545CET6, STM32U545CET6Q, STM32U545CEU6, STM32U545CEU6Q, STM32U545JEY6QTR, STM32U545NEY6QTR, STM32U545REI6, STM32U545REI6Q, STM32U545RET6, STM32U545RET6Q, STM32U545VEI6, STM32U545VEI6Q, STM32U545VET6, STM32U545VET6Q, STM32U595AIH6, STM32U595AIH6Q, STM32U595AJH6, STM32U595AJH6Q, STM32U595QII6, STM32U595QII6Q, STM32U595QJI6, STM32U595QJI6Q, STM32U595RIT6, STM32U595RIT6Q, STM32U595RJT6, STM32U595RJT6Q, STM32U595VIT6, STM32U595VIT6Q, STM32U595VJT6, STM32U595VJT6Q, STM32U595ZIT6, STM32U595ZIT6Q, STM32U595ZIY6QTR, STM32U595ZJT6, STM32U595ZJT6Q, STM32U595ZJY6QTR, STM32U599BJY6QTR, STM32U599NIH6Q, STM32U599NJH6Q, STM32U599VIT6Q, STM32U599VJT6, STM32U599VJT6Q, STM32U599ZIT6Q, STM32U599ZIY6QTR, STM32U599ZJT6Q, STM32U599ZJY6QTR, STM32U5A5AJH6, STM32U5A5AJH6Q, STM32U5A5QJI6, STM32U5A5QJI6Q, STM32U5A5RJT6, STM32U5A5RJT6Q, STM32U5A5VJT6, STM32U5A5VJT6Q, STM32U5A5ZJT6, STM32U5A5ZJT6Q, STM32U5A5ZJY6QTR, STM32U5A9BJY6QTR, STM32U5A9J-DK, STM32U5A9NJH6Q, STM32U5A9VJT6Q, STM32U5A9ZJT6Q, STM32U5A9ZJY6QTR, STM32WB1MMCH6, STM32WBA52CEU6, STM32WBA52CEU6T, STM32WBA52CGU6, STM32WBA52CGU6T, STM32WL5MOCH6, STM32WL5MOCH6TR]
2023-08-25 09:32:34,469 [INFO] DbMcus:216 - Found 3825 MCUs, 3825 are supported
2023-08-25 09:32:34,474 [INFO] ApiDb:423 - Load user favorites file C:\Users\DELL/.stm32cubeide/favorites.mcus.txt: 1 item(s)
2023-08-25 09:32:34,475 [INFO] ApiDb:427 - User favorites MCUs=[STM32F411RET6]
2023-08-25 09:32:34,475 [INFO] DbMcus:222 - Set 1 / 1 favorites MCUs
2023-08-25 09:32:35,474 [INFO] BoardInfo:880 - No configuration file found for board P-NUCLEO-WB55
2023-08-25 09:32:35,475 [INFO] DbBoards:157 - Kit is not supported: P-NUCLEO-WB55
2023-08-25 09:32:35,480 [INFO] BoardInfo:880 - No configuration file found for board STEVAL-BFA001V1B
2023-08-25 09:32:35,481 [INFO] DbBoards:157 - Kit is not supported: STEVAL-BFA001V1B
2023-08-25 09:32:35,482 [INFO] BoardInfo:880 - No configuration file found for board STEVAL-BFA001V2B
2023-08-25 09:32:35,482 [INFO] DbBoards:157 - Kit is not supported: STEVAL-BFA001V2B
2023-08-25 09:32:35,488 [INFO] BoardInfo:880 - No configuration file found for board STEVAL-SMARTAG2
2023-08-25 09:32:35,488 [INFO] DbBoards:157 - Board is not supported: STEVAL-SMARTAG2
2023-08-25 09:32:35,593 [INFO] DbBoards:161 - Found 188 boards, 184 are supported
2023-08-25 09:32:35,597 [INFO] ApiDb:423 - Load user favorites file C:\Users\DELL/.stm32cubeide/favorites.boards.txt: 1 item(s)
2023-08-25 09:32:35,597 [INFO] ApiDb:427 - User favorites Boards=[NUCLEO-L476RG]
2023-08-25 09:32:35,598 [INFO] DbBoards:190 - Set 1 / 1 favorites Boards
2023-08-25 09:32:35,598 [INFO] McuFinderGlobals:66 - Set McuFinderConnectedMode to true
2023-08-25 09:32:35,609 [INFO] MultiScanPanel:200 - Auto-refresh data requested => check proxy status ongoing
2023-08-25 09:32:35,628 [INFO] FinderPluginLoader:95 - Searching for filters in installed packs
2023-08-25 09:32:38,059 [INFO] LoadUrlFilesThread:185 - End of LoadServerUrlFiles without Thread
2023-08-25 09:32:38,105 [INFO] DetailPanel:341 - Set advertising image to C:/Users/DELL/STM32Cube/Repository/\en.prom-stm32h5-mcu-finder.jpg
2023-08-25 09:34:17,317 [INFO] MainUpdater:2854 - connection check result : 10
2023-08-25 09:34:17,317 [INFO] MainUpdater:2854 - connection check result : 10
2023-08-25 09:34:17,406 [INFO] MicroXplorer:468 - Change Database Path : 
2023-08-25 09:34:17,410 [INFO] MicroXplorer:498 - Change Database Version : DB.6.0.81
2023-08-25 09:34:17,426 [WARN] ThirdParty:871 - waiting for thirdparty lock release [close project]
2023-08-25 09:34:17,432 [INFO] ThirdParty:873 - entering critical section [close project]
2023-08-25 09:34:17,434 [INFO] ThirdParty:883 - exiting critical section [close project]
2023-08-25 09:34:17,444 [INFO] PinOutPanel:1499 - setPackage(No Configuration,No Configuration)
2023-08-25 09:34:17,458 [INFO] UtilMem:75 - Begin LoadConfig() Used Memory: 523628768 Bytes (723517440)
2023-08-25 09:34:17,469 [INFO] MicroXplorer:468 - Change Database Path : 
2023-08-25 09:34:17,469 [INFO] MicroXplorer:498 - Change Database Version : DB.6.0.81
2023-08-25 09:34:17,469 [INFO] OpenFileManager:308 - Change cursor
2023-08-25 09:34:17,973 [INFO] Mcu:1937 - Initializing MCU STM32L476RETx STM32L476RETx 
2023-08-25 09:34:17,975 [INFO] Mcu:1950 - No CPN specified => set CPN to STM32L476RET6
2023-08-25 09:34:23,864 [INFO] Context:659 - Trying to add GPIOservice into a context  which must be forbidden
2023-08-25 09:34:25,096 [INFO] ImportTextPane:194 - (OptionalMessage_ERROR) Unable to find key (Mcu.ThirdPartyNb) in loaded IOC file
2023-08-25 09:34:25,097 [INFO] ImportTextPane:194 - (OptionalMessage_ERROR) Unable to find key (Mcu.PinsNb) in loaded IOC file
2023-08-25 09:34:25,097 [INFO] ImportTextPane:194 - (OptionalMessage_ERROR) Unable to find key (Mcu.IPNb) in loaded IOC file
2023-08-25 09:34:25,759 [INFO] RtosManager:555 - Registered RTOS mode: class=CMSIS, group=RTOS, mode=CMSIS_V1, owner=FREERTOS
2023-08-25 09:34:25,759 [INFO] RtosManager:555 - Registered RTOS mode: class=CMSIS, group=RTOS2, mode=CMSIS_V2, owner=FREERTOS
2023-08-25 09:34:25,760 [INFO] RtosManager:555 - Registered RTOS mode: class=RTOS, group=Core, mode=CMSIS_V1, owner=FREERTOS
2023-08-25 09:34:25,761 [INFO] RtosManager:555 - Registered RTOS mode: class=RTOS, group=Core, mode=CMSIS_V2, owner=FREERTOS
2023-08-25 09:34:25,762 [WARN] ModelIntegratedComponent:184 - Missing modes for component STMicroelectronics:FreeRTOS:0.0.1:STMicroelectronics:RTOS:FreeRTOS:Core:::10.2.0:
2023-08-25 09:34:25,790 [WARN] ModelIntegratedComponent:63 - No mode defined for component null
2023-08-25 09:34:25,791 [WARN] ModelIntegratedComponent:63 - No mode defined for component null
2023-08-25 09:34:25,791 [WARN] ModelIntegratedComponent:63 - No mode defined for component null
2023-08-25 09:34:25,791 [WARN] ModelIntegratedComponent:63 - No mode defined for component null
2023-08-25 09:34:25,791 [WARN] ModelIntegratedComponent:63 - No mode defined for component null
2023-08-25 09:34:25,791 [WARN] ModelIntegratedComponent:63 - No mode defined for component null
2023-08-25 09:34:25,791 [WARN] ModelIntegratedComponent:63 - No mode defined for component null
2023-08-25 09:34:25,791 [WARN] ModelIntegratedComponent:63 - No mode defined for component null
2023-08-25 09:34:25,791 [WARN] ModelIntegratedComponent:63 - No mode defined for component null
2023-08-25 09:34:25,792 [WARN] ModelIntegratedComponent:63 - No mode defined for component null
2023-08-25 09:34:25,792 [WARN] ModelIntegratedComponent:63 - No mode defined for component null
2023-08-25 09:34:25,792 [WARN] ModelIntegratedComponent:63 - No mode defined for component null
2023-08-25 09:34:25,792 [WARN] ModelIntegratedComponent:63 - No mode defined for component null
2023-08-25 09:34:25,792 [WARN] ModelIntegratedComponent:63 - No mode defined for component null
2023-08-25 09:34:25,792 [WARN] ModelIntegratedComponent:63 - No mode defined for component null
2023-08-25 09:34:25,792 [WARN] ModelIntegratedComponent:63 - No mode defined for component null
2023-08-25 09:34:25,792 [WARN] ModelIntegratedComponent:63 - No mode defined for component null
2023-08-25 09:34:25,793 [WARN] ModelIntegratedComponent:63 - No mode defined for component null
2023-08-25 09:34:25,793 [WARN] ModelIntegratedComponent:63 - No mode defined for component null
2023-08-25 09:34:25,793 [WARN] ModelIntegratedComponent:63 - No mode defined for component null
2023-08-25 09:34:25,793 [WARN] ModelIntegratedComponent:63 - No mode defined for component null
2023-08-25 09:34:25,793 [WARN] ModelIntegratedComponent:63 - No mode defined for component null
2023-08-25 09:34:25,794 [WARN] ModelIntegratedComponent:63 - No mode defined for component null
2023-08-25 09:34:25,794 [WARN] ModelIntegratedComponent:63 - No mode defined for component null
2023-08-25 09:34:25,794 [WARN] ModelIntegratedComponent:63 - No mode defined for component null
2023-08-25 09:34:25,794 [WARN] ModelIntegratedComponent:63 - No mode defined for component null
2023-08-25 09:34:25,794 [WARN] ModelIntegratedComponent:63 - No mode defined for component null
2023-08-25 09:34:25,794 [WARN] ModelIntegratedComponent:63 - No mode defined for component null
2023-08-25 09:34:25,794 [WARN] ModelIntegratedComponent:63 - No mode defined for component null
2023-08-25 09:34:25,794 [WARN] ModelIntegratedComponent:63 - No mode defined for component null
2023-08-25 09:34:25,795 [WARN] ModelIntegratedComponent:63 - No mode defined for component null
2023-08-25 09:34:25,795 [WARN] ModelIntegratedComponent:63 - No mode defined for component null
2023-08-25 09:34:25,795 [WARN] ModelIntegratedComponent:63 - No mode defined for component null
2023-08-25 09:34:25,846 [INFO] ThirdPartyModel:298 - Start build external matchings
2023-08-25 09:34:26,465 [INFO] ThirdPartyModel:316 - End build external matchings
2023-08-25 09:34:27,790 [INFO] UtilMem:75 - End LoadConfig() Used Memory: 547395880 Bytes (723517440)
2023-08-25 09:34:27,880 [WARN] ThirdParty:833 - waiting for thirdparty lock release [change project]
2023-08-25 09:34:27,880 [INFO] ThirdParty:835 - entering critical section [change project]
2023-08-25 09:34:27,880 [INFO] ThirdParty:1030 - CMSIS Pack Vendor :STMicroelectronics X-CUBE-ISPU 1.1.0
2023-08-25 09:34:27,880 [INFO] ThirdParty:1030 - CMSIS Pack Vendor :STMicroelectronics X-CUBE-GNSS1 6.0.0
2023-08-25 09:34:27,881 [INFO] ThirdParty:1030 - CMSIS Pack Vendor :STMicroelectronics USB_HOST 2.0.0
2023-08-25 09:34:27,881 [INFO] ThirdParty:1030 - CMSIS Pack Vendor :STMicroelectronics X-CUBE-AZRTOS-F4 1.1.0
2023-08-25 09:34:27,881 [INFO] ThirdParty:1030 - CMSIS Pack Vendor :STMicroelectronics LIBJPEG 8.0.0
2023-08-25 09:34:27,881 [INFO] ThirdParty:1030 - CMSIS Pack Vendor :STMicroelectronics X-CUBE-SMBUS 2.1.0
2023-08-25 09:34:27,881 [INFO] ThirdParty:1030 - CMSIS Pack Vendor :wolfSSL I-CUBE-wolfSSL 5.6.0
2023-08-25 09:34:27,881 [INFO] ThirdParty:1030 - CMSIS Pack Vendor :STMicroelectronics USB_DEVICE 3.0.0
2023-08-25 09:34:27,881 [INFO] ThirdParty:1030 - CMSIS Pack Vendor :STMicroelectronics X-CUBE-AI 8.0.0
2023-08-25 09:34:27,881 [INFO] ThirdParty:1030 - CMSIS Pack Vendor :STMicroelectronics X-CUBE-AZRTOS-WB 2.0.0
2023-08-25 09:34:27,881 [INFO] ThirdParty:1030 - CMSIS Pack Vendor :STMicroelectronics X-CUBE-FREERTOS 1.0.1
2023-08-25 09:34:27,882 [INFO] ThirdParty:1030 - CMSIS Pack Vendor :STMicroelectronics X-CUBE-TOUCHGFX 4.21.3
2023-08-25 09:34:27,883 [INFO] ThirdParty:1030 - CMSIS Pack Vendor :STMicroelectronics X-CUBE-AZRTOS-F7 1.1.0
2023-08-25 09:34:27,883 [INFO] ThirdParty:1030 - CMSIS Pack Vendor :STMicroelectronics X-CUBE-AZRTOS-L5 2.0.0
2023-08-25 09:34:27,883 [INFO] ThirdParty:1030 - CMSIS Pack Vendor :STMicroelectronics USB_DEVICE 2.0.0
2023-08-25 09:34:27,884 [INFO] ThirdParty:1030 - CMSIS Pack Vendor :STMicroelectronics X-CUBE-MEMS1 9.6.0
2023-08-25 09:34:27,884 [INFO] ThirdParty:1030 - CMSIS Pack Vendor :STMicroelectronics FP-SNS-MOTENV1 4.3.0
2023-08-25 09:34:27,885 [INFO] ThirdParty:1030 - CMSIS Pack Vendor :STMicroelectronics FP-SNS-MOTENV1 4.3.2
2023-08-25 09:34:27,885 [INFO] ThirdParty:1030 - CMSIS Pack Vendor :STMicroelectronics FP-SNS-FLIGHT1 5.0.0
2023-08-25 09:34:27,885 [INFO] ThirdParty:1030 - CMSIS Pack Vendor :STMicroelectronics FP-SNS-FLIGHT1 5.0.1
2023-08-25 09:34:27,885 [INFO] ThirdParty:1030 - CMSIS Pack Vendor :STMicroelectronics X-CUBE-ALGOBUILD 1.3.0
2023-08-25 09:34:27,885 [INFO] ThirdParty:1030 - CMSIS Pack Vendor :STMicroelectronics X-CUBE-BLE1 6.2.4
2023-08-25 09:34:27,885 [INFO] ThirdParty:1030 - CMSIS Pack Vendor :STMicroelectronics X-CUBE-AZRTOS-L5 1.1.0
2023-08-25 09:34:27,885 [INFO] ThirdParty:1030 - CMSIS Pack Vendor :STMicroelectronics FreeRTOS 0.0.1
2023-08-25 09:34:27,885 [INFO] ThirdParty:1030 - CMSIS Pack Vendor :STMicroelectronics X-CUBE-AZRTOS-G0 1.1.0
2023-08-25 09:34:27,885 [INFO] ThirdParty:1030 - CMSIS Pack Vendor :emotas I-CUBE-CANOPEN 1.1.3
2023-08-25 09:34:27,885 [INFO] ThirdParty:1030 - CMSIS Pack Vendor :STMicroelectronics X-CUBE-BLEMGR 2.0.0
2023-08-25 09:34:27,885 [INFO] ThirdParty:1030 - CMSIS Pack Vendor :STMicroelectronics X-CUBE-AI 8.0.1
2023-08-25 09:34:27,885 [INFO] ThirdParty:1030 - CMSIS Pack Vendor :STMicroelectronics X-CUBE-NFC4 3.0.0
2023-08-25 09:34:27,885 [INFO] ThirdParty:1030 - CMSIS Pack Vendor :STMicroelectronics X-CUBE-SUBG2 5.0.0
2023-08-25 09:34:27,885 [INFO] ThirdParty:1030 - CMSIS Pack Vendor :STMicroelectronics STM32_WPAN 1.0.0
2023-08-25 09:34:27,885 [INFO] ThirdParty:1030 - CMSIS Pack Vendor :STMicroelectronics lwIP 2.0.3
2023-08-25 09:34:27,885 [INFO] ThirdParty:1030 - CMSIS Pack Vendor :STMicroelectronics FP-SNS-FLIGHT1 5.0.2
2023-08-25 09:34:27,886 [INFO] ThirdParty:1030 - CMSIS Pack Vendor :STMicroelectronics USB_HOST 1.0.0
2023-08-25 09:34:27,887 [INFO] ThirdParty:1030 - CMSIS Pack Vendor :STMicroelectronics X-CUBE-TOF1 3.3.1
2023-08-25 09:34:27,887 [INFO] ThirdParty:1030 - CMSIS Pack Vendor :STMicroelectronics X-CUBE-AZRTOS-G4 2.0.0
2023-08-25 09:34:27,887 [INFO] ThirdParty:1030 - CMSIS Pack Vendor :STMicroelectronics PDM2PCM 3.1.0
2023-08-25 09:34:27,887 [INFO] ThirdParty:1030 - CMSIS Pack Vendor :STMicroelectronics X-CUBE-AZRTOS-H7 3.1.0
2023-08-25 09:34:27,887 [INFO] ThirdParty:1030 - CMSIS Pack Vendor :STMicroelectronics X-CUBE-TOF1 3.3.0
2023-08-25 09:34:27,887 [INFO] ThirdParty:1030 - CMSIS Pack Vendor :STMicroelectronics PDM2PCM 3.3.0
2023-08-25 09:34:27,887 [INFO] ThirdParty:1030 - CMSIS Pack Vendor :STMicroelectronics X-CUBE-DISPLAY 3.0.0
2023-08-25 09:34:27,887 [INFO] ThirdParty:1030 - CMSIS Pack Vendor :STMicroelectronics X-CUBE-BLE1 7.0.0
2023-08-25 09:34:27,887 [INFO] ThirdParty:1030 - CMSIS Pack Vendor :STMicroelectronics FP-ATR-SIGFOX1 3.2.0
2023-08-25 09:34:27,888 [INFO] ThirdParty:1030 - CMSIS Pack Vendor :STMicroelectronics X-CUBE-AZRTOS-L4 1.0.0
2023-08-25 09:34:27,888 [INFO] ThirdParty:1030 - CMSIS Pack Vendor :STMicroelectronics HAL Drivers 0.0.0
2023-08-25 09:34:27,888 [INFO] ThirdParty:1030 - CMSIS Pack Vendor :STMicroelectronics MBEDTLS 2.16.2
2023-08-25 09:34:27,888 [INFO] ThirdParty:1030 - CMSIS Pack Vendor :STMicroelectronics X-CUBE-FREERTOS 1.1.0
2023-08-25 09:34:27,888 [INFO] ThirdParty:1030 - CMSIS Pack Vendor :STMicroelectronics X-CUBE-TOUCHGFX 4.22.0
2023-08-25 09:34:27,888 [INFO] ThirdParty:1030 - CMSIS Pack Vendor :STMicroelectronics X-CUBE-NFC7 1.0.1
2023-08-25 09:34:27,888 [INFO] ThirdParty:1030 - CMSIS Pack Vendor :STMicroelectronics MBEDTLS 2.14.1
2023-08-25 09:34:27,888 [INFO] ThirdParty:1030 - CMSIS Pack Vendor :STMicroelectronics X-CUBE-NFC7 1.0.0
2023-08-25 09:34:27,888 [INFO] ThirdParty:1030 - CMSIS Pack Vendor :STMicroelectronics X-CUBE-AZRTOS-WL 1.0.0
2023-08-25 09:34:27,888 [INFO] ThirdParty:1030 - CMSIS Pack Vendor :STMicroelectronics X-CUBE-EEPRMA1 4.1.0
2023-08-25 09:34:27,888 [INFO] ThirdParty:1030 - CMSIS Pack Vendor :portGmbH I-Cube-SoM-uGOAL 1.1.0
2023-08-25 09:34:27,889 [INFO] ThirdParty:1030 - CMSIS Pack Vendor :STMicroelectronics X-CUBE-ALS 1.0.1
2023-08-25 09:34:27,889 [INFO] ThirdParty:1030 - CMSIS Pack Vendor :STMicroelectronics ThreadX 1.0.0
2023-08-25 09:34:27,889 [INFO] ThirdParty:1030 - CMSIS Pack Vendor :STMicroelectronics X-CUBE-AZRTOS-WB 1.1.0
2023-08-25 09:34:27,889 [INFO] ThirdParty:1030 - CMSIS Pack Vendor :STMicroelectronics X-CUBE-AZRTOS-WL 2.0.0
2023-08-25 09:34:27,889 [INFO] ThirdParty:1030 - CMSIS Pack Vendor :SEGGER I-CUBE-embOS 1.3.1
2023-08-25 09:34:27,889 [INFO] ThirdParty:1030 - CMSIS Pack Vendor :STMicroelectronics USB_DEVICE 1.0.0
2023-08-25 09:34:27,889 [INFO] ThirdParty:1030 - CMSIS Pack Vendor :STMicroelectronics X-CUBE-AI 8.1.0
2023-08-25 09:34:27,889 [INFO] ThirdParty:1030 - CMSIS Pack Vendor :STMicroelectronics X-CUBE-AZRTOS-L4 2.0.0
2023-08-25 09:34:27,889 [INFO] ThirdParty:1030 - CMSIS Pack Vendor :STMicroelectronics ThreadX 0.0.2
2023-08-25 09:34:27,889 [INFO] ThirdParty:1030 - CMSIS Pack Vendor :WES I-CUBE-Cesium 1.3.0
2023-08-25 09:34:27,889 [INFO] ThirdParty:1030 - CMSIS Pack Vendor :STMicroelectronics FP-ATR-ASTRA1 2.0.0
2023-08-25 09:34:27,889 [INFO] ThirdParty:1030 - CMSIS Pack Vendor :STMicroelectronics lwIP 2.1.2
2023-08-25 09:34:27,889 [INFO] ThirdParty:1030 - CMSIS Pack Vendor :STMicroelectronics X-CUBE-SFXS2LP1 4.0.0
2023-08-25 09:34:27,889 [INFO] ThirdParty:1030 - CMSIS Pack Vendor :STMicroelectronics X-CUBE-BLE2 3.3.0
2023-08-25 09:34:27,889 [INFO] ThirdParty:1030 - CMSIS Pack Vendor :STMicroelectronics PDM2PCM 3.2.0
2023-08-25 09:34:27,889 [INFO] ThirdParty:841 - exiting critical section [change project]
2023-08-25 09:34:29,374 [INFO] PinOutPanel:1499 - setPackage(No Configuration,No Configuration)
2023-08-25 09:34:29,376 [INFO] PinOutPanel:1499 - setPackage(STM32L476RETx,LQFP64)
2023-08-25 09:34:32,170 [INFO] UtilMem:75 - Before build in PCC Used Memory: 635651312 Bytes (723517440)
2023-08-25 09:34:35,344 [INFO] UtilMem:75 - After build in PCC Used Memory: 608315152 Bytes (723517440)
2023-08-25 09:34:35,433 [INFO] IPUIPlugin:80 - create IPUIPlugin
2023-08-25 09:34:35,433 [INFO] IPUIPlugin:80 - create IPUIPlugin
2023-08-25 09:34:35,433 [INFO] IPUIPlugin:80 - create IPUIPlugin
2023-08-25 09:34:35,433 [INFO] IPUIPlugin:80 - create IPUIPlugin
2023-08-25 09:34:35,433 [INFO] IPUIPlugin:80 - create IPUIPlugin
2023-08-25 09:34:35,433 [INFO] IPUIPlugin:80 - create IPUIPlugin
2023-08-25 09:34:35,434 [INFO] IPUIPlugin:80 - create IPUIPlugin
2023-08-25 09:34:35,434 [INFO] IPUIPlugin:80 - create IPUIPlugin
2023-08-25 09:34:35,434 [INFO] IPUIPlugin:80 - create IPUIPlugin
2023-08-25 09:34:35,434 [INFO] IPUIPlugin:80 - create IPUIPlugin
2023-08-25 09:34:35,434 [INFO] IPUIPlugin:80 - create IPUIPlugin
2023-08-25 09:34:35,435 [INFO] IPUIPlugin:80 - create IPUIPlugin
2023-08-25 09:34:35,436 [INFO] IPUIPlugin:80 - create IPUIPlugin
2023-08-25 09:34:35,436 [INFO] IPUIPlugin:80 - create IPUIPlugin
2023-08-25 09:34:35,437 [INFO] IPUIPlugin:80 - create IPUIPlugin
2023-08-25 09:34:35,437 [INFO] IPUIPlugin:80 - create IPUIPlugin
2023-08-25 09:34:35,437 [INFO] IPUIPlugin:80 - create IPUIPlugin
2023-08-25 09:34:35,440 [INFO] IPUIPlugin:80 - create IPUIPlugin
2023-08-25 09:34:35,440 [INFO] IPUIPlugin:80 - create IPUIPlugin
2023-08-25 09:34:35,440 [INFO] IPUIPlugin:80 - create IPUIPlugin
2023-08-25 09:34:35,441 [INFO] IPUIPlugin:80 - create IPUIPlugin
2023-08-25 09:34:35,441 [INFO] IPUIPlugin:80 - create IPUIPlugin
2023-08-25 09:34:35,441 [INFO] IPUIPlugin:80 - create IPUIPlugin
2023-08-25 09:34:35,442 [INFO] IPUIPlugin:80 - create IPUIPlugin
2023-08-25 09:34:35,446 [INFO] IPUIPlugin:80 - create IPUIPlugin
2023-08-25 09:34:35,446 [INFO] IPUIPlugin:80 - create IPUIPlugin
2023-08-25 09:34:35,447 [INFO] IPUIPlugin:80 - create IPUIPlugin
2023-08-25 09:34:35,448 [INFO] IPUIPlugin:80 - create IPUIPlugin
2023-08-25 09:34:35,448 [INFO] IPUIPlugin:80 - create IPUIPlugin
2023-08-25 09:34:35,448 [INFO] IPUIPlugin:80 - create IPUIPlugin
2023-08-25 09:34:35,449 [INFO] IPUIPlugin:80 - create IPUIPlugin
2023-08-25 09:34:35,449 [INFO] IPUIPlugin:80 - create IPUIPlugin
2023-08-25 09:34:35,450 [INFO] IPUIPlugin:80 - create IPUIPlugin
2023-08-25 09:34:35,450 [INFO] IPUIPlugin:80 - create IPUIPlugin
2023-08-25 09:34:35,450 [INFO] IPUIPlugin:80 - create IPUIPlugin
2023-08-25 09:34:35,450 [INFO] IPUIPlugin:80 - create IPUIPlugin
2023-08-25 09:34:35,451 [INFO] IPUIPlugin:80 - create IPUIPlugin
2023-08-25 09:34:35,451 [INFO] IPUIPlugin:80 - create IPUIPlugin
2023-08-25 09:34:35,451 [INFO] IPUIPlugin:80 - create IPUIPlugin
2023-08-25 09:34:35,452 [INFO] IPUIPlugin:80 - create IPUIPlugin
2023-08-25 09:34:35,452 [INFO] IPUIPlugin:80 - create IPUIPlugin
2023-08-25 09:34:35,452 [INFO] IPUIPlugin:80 - create IPUIPlugin
2023-08-25 09:34:35,452 [INFO] IPUIPlugin:80 - create IPUIPlugin
2023-08-25 09:34:35,453 [INFO] IPUIPlugin:80 - create IPUIPlugin
2023-08-25 09:34:35,454 [INFO] IPUIPlugin:80 - create IPUIPlugin
2023-08-25 09:34:35,454 [INFO] IPUIPlugin:80 - create IPUIPlugin
2023-08-25 09:34:35,454 [INFO] IPUIPlugin:80 - create IPUIPlugin
2023-08-25 09:34:35,455 [INFO] IPUIPlugin:80 - create IPUIPlugin
2023-08-25 09:34:35,455 [INFO] IPUIPlugin:80 - create IPUIPlugin
2023-08-25 09:34:35,456 [INFO] IPUIPlugin:80 - create IPUIPlugin
2023-08-25 09:34:35,456 [INFO] IPUIPlugin:80 - create IPUIPlugin
2023-08-25 09:34:35,457 [INFO] IPUIPlugin:80 - create IPUIPlugin
2023-08-25 09:34:35,457 [INFO] IPUIPlugin:80 - create IPUIPlugin
2023-08-25 09:34:35,458 [INFO] IPUIPlugin:80 - create IPUIPlugin
2023-08-25 09:34:35,458 [INFO] IPUIPlugin:80 - create IPUIPlugin
2023-08-25 09:34:35,459 [INFO] IPUIPlugin:80 - create IPUIPlugin
2023-08-25 09:34:35,460 [INFO] IPUIPlugin:80 - create IPUIPlugin
2023-08-25 09:34:35,486 [INFO] IPUIPlugin:80 - create IPUIPlugin
2023-08-25 09:34:35,487 [INFO] IPUIPlugin:80 - create IPUIPlugin
2023-08-25 09:34:36,016 [INFO] CADModel:165 - CPN selected for project levelSTM32L476RET6
2023-08-25 09:34:36,016 [INFO] CADModel:114 - Register for checkConnection events
2023-08-25 09:34:36,080 [INFO] OpenFileManager:328 - Restore cursor
2023-08-25 09:34:38,523 [INFO] UtilMem:75 - End SaveConfig() Used Memory: 588755792 Bytes (723517440)
2023-08-25 09:34:39,009 [INFO] UtilMem:75 - End SaveConfig() Used Memory: 612873040 Bytes (723517440)
2023-08-25 09:34:41,856 [INFO] BlockDiagram:2759 - set Specific Code input for plugin: RCC
2023-08-25 09:34:41,857 [INFO] BlockDiagram:2759 - set Specific Code input for plugin: NVIC
2023-08-25 09:34:41,859 [INFO] CodeGenerator:793 - code generatio: config db path: D:\ST\STM32CubeIDE_1.12.1\STM32CubeIDE\plugins\com.st.stm32cube.common.mx_6.8.1.202304191431\\db\
2023-08-25 09:34:42,618 [INFO] CodeEngine:255 - oldGeneratedFile, E:\stm32cubeide\ext_intt\MXTmpFiles\license.tmp_save
2023-08-25 09:34:43,591 [INFO] CodeEngine:279 - Generated code: E:\stm32cubeide\ext_intt\MXTmpFiles\license.tmp
2023-08-25 09:34:43,687 [INFO] CodeEngine:255 - oldGeneratedFile, E:\stm32cubeide\ext_intt\Core\Src\stm32l4xx_it.c_save
2023-08-25 09:34:44,029 [INFO] CodeEngine:279 - Generated code: E:\stm32cubeide\ext_intt\Core\Src\stm32l4xx_it.c
2023-08-25 09:34:44,075 [INFO] CodeEngine:255 - oldGeneratedFile, E:\stm32cubeide\ext_intt\Core\Inc\stm32l4xx_it.h_save
2023-08-25 09:34:44,409 [INFO] CodeEngine:279 - Generated code: E:\stm32cubeide\ext_intt\Core\Inc\stm32l4xx_it.h
2023-08-25 09:34:44,931 [INFO] CodeEngine:255 - oldGeneratedFile, E:\stm32cubeide\ext_intt\Core\Src\stm32l4xx_hal_msp.c_save
2023-08-25 09:34:45,451 [INFO] CodeEngine:279 - Generated code: E:\stm32cubeide\ext_intt\Core\Src\stm32l4xx_hal_msp.c
2023-08-25 09:34:45,514 [INFO] CodeEngine:255 - oldGeneratedFile, E:\stm32cubeide\ext_intt\MXTmpFiles\system.tmp_save
2023-08-25 09:34:45,790 [INFO] CodeEngine:279 - Generated code: E:\stm32cubeide\ext_intt\MXTmpFiles\system.tmp
2023-08-25 09:34:45,855 [INFO] CodeEngine:311 - oldGeneratedFile, E:\stm32cubeide\ext_intt\Core\Inc\stm32l4xx_hal_conf.h_save
2023-08-25 09:34:46,139 [INFO] CodeEngine:335 - Generated code: E:\stm32cubeide\ext_intt\Core\Inc\stm32l4xx_hal_conf.h
2023-08-25 09:34:46,319 [INFO] CodeEngine:255 - oldGeneratedFile, E:\stm32cubeide\ext_intt\Core\Inc\main.h_save
2023-08-25 09:34:46,582 [INFO] CodeEngine:279 - Generated code: E:\stm32cubeide\ext_intt\Core\Inc\main.h
2023-08-25 09:34:46,618 [INFO] CodeEngine:255 - oldGeneratedFile, E:\stm32cubeide\ext_intt\Core\Src\main.c_save
2023-08-25 09:34:46,951 [INFO] CodeEngine:279 - Generated code: E:\stm32cubeide\ext_intt\Core\Src\main.c
2023-08-25 09:34:48,387 [INFO] ProjectBuilder:2996 - Time for Copy HAL[1] : 433mS.
2023-08-25 09:34:48,412 [INFO] ProjectBuilder:4304 - Project Generator version: 3.19.2
2023-08-25 09:34:49,190 [INFO] ConfigFileManager:1483 - The Die is : DIE415
2023-08-25 09:34:49,277 [INFO] ApiDbMcu:507 - Load IP Config File for FATFS
2023-08-25 09:34:49,331 [INFO] ApiDbMcu:507 - Load IP Config File for FREERTOS
2023-08-25 09:34:49,376 [INFO] ApiDbMcu:507 - Load IP Config File for TOUCHSENSING
2023-08-25 09:34:49,439 [INFO] ApiDbMcu:507 - Load IP Config File for USB_DEVICE
2023-08-25 09:34:49,466 [INFO] ApiDbMcu:507 - Load IP Config File for USB_HOST
2023-08-25 09:34:52,389 [INFO] LogOutputStream:77 - [STDOUT_REDIRECT] 
2023-08-25 09:35:00,582 [INFO] ProjectBuilder:4505 - Time for Generating toolchain IDE Files: 12170mS.
2023-08-25 09:35:00,584 [INFO] ProjectBuilder:2867 - Time for Copy CMSIS : 0mS.
2023-08-25 09:35:00,585 [INFO] ProjectBuilder:2867 - Time for Copy CMSIS : 0mS.
2023-08-25 09:35:03,414 [INFO] McuFinderGlobals:66 - Set McuFinderConnectedMode to true
2023-08-25 09:35:03,417 [INFO] ApiDb:448 - Save user favorites file C:\Users\DELL/.stm32cubeide/favorites.mcus.txt: 1 item(s)
2023-08-25 09:35:03,418 [INFO] ApiDb:452 - User favorites MCUs=[STM32F411RET6]
2023-08-25 09:38:03,700 [INFO] Gpio:273 - dependency for GPIO []
2023-08-25 09:38:06,636 [INFO] NvicIntPanel:101 - NVIC parent = com.st.microxplorer.plugins.ip.nvic.MultiNvicIntPanel[,2,27,350x472,layout=javax.swing.BoxLayout,alignmentX=0.0,alignmentY=0.0,border=,flags=9,maximumSize=,minimumSize=,preferredSize=]
2023-08-25 09:38:07,920 [INFO] Gpio:273 - dependency for GPIO []
2023-08-25 09:38:56,865 [INFO] Gpio:273 - dependency for GPIO []
2023-08-25 09:42:08,938 [INFO] UtilMem:75 - End SaveConfig() Used Memory: 736525432 Bytes (1073741824)
2023-08-25 09:42:11,366 [INFO] UtilMem:75 - End SaveConfig() Used Memory: 768298432 Bytes (1073741824)
2023-08-25 09:42:11,795 [INFO] UtilMem:75 - End SaveConfig() Used Memory: 803457600 Bytes (1073741824)
2023-08-25 09:42:12,514 [INFO] BlockDiagram:2759 - set Specific Code input for plugin: RCC
2023-08-25 09:42:12,515 [INFO] BlockDiagram:2759 - set Specific Code input for plugin: NVIC
2023-08-25 09:42:12,515 [INFO] BlockDiagram:2759 - set Specific Code input for plugin: GPIO
2023-08-25 09:42:12,516 [INFO] CodeGenerator:793 - code generatio: config db path: D:\ST\STM32CubeIDE_1.12.1\STM32CubeIDE\plugins\com.st.stm32cube.common.mx_6.8.1.202304191431\\db\
2023-08-25 09:42:12,878 [INFO] CodeEngine:255 - oldGeneratedFile, E:\stm32cubeide\ext_intt\MXTmpFiles\license.tmp_save
2023-08-25 09:42:13,167 [INFO] CodeEngine:279 - Generated code: E:\stm32cubeide\ext_intt\MXTmpFiles\license.tmp
2023-08-25 09:42:13,414 [INFO] CodeEngine:255 - oldGeneratedFile, E:\stm32cubeide\ext_intt\MXTmpFiles\gpio.tmp_save
2023-08-25 09:42:13,791 [INFO] CodeEngine:279 - Generated code: E:\stm32cubeide\ext_intt\MXTmpFiles\gpio.tmp
2023-08-25 09:42:13,884 [INFO] CodeEngine:255 - oldGeneratedFile, E:\stm32cubeide\ext_intt\Core\Src\stm32l4xx_it.c_save
2023-08-25 09:42:14,341 [INFO] CodeEngine:279 - Generated code: E:\stm32cubeide\ext_intt\Core\Src\stm32l4xx_it.c
2023-08-25 09:42:14,350 [INFO] CodeEngine:255 - oldGeneratedFile, E:\stm32cubeide\ext_intt\Core\Inc\stm32l4xx_it.h_save
2023-08-25 09:42:14,510 [INFO] CodeEngine:279 - Generated code: E:\stm32cubeide\ext_intt\Core\Inc\stm32l4xx_it.h
2023-08-25 09:42:14,572 [INFO] CodeEngine:255 - oldGeneratedFile, E:\stm32cubeide\ext_intt\Core\Src\stm32l4xx_hal_msp.c_save
2023-08-25 09:42:14,696 [INFO] CodeEngine:279 - Generated code: E:\stm32cubeide\ext_intt\Core\Src\stm32l4xx_hal_msp.c
2023-08-25 09:42:14,718 [INFO] CodeEngine:255 - oldGeneratedFile, E:\stm32cubeide\ext_intt\MXTmpFiles\system.tmp_save
2023-08-25 09:42:14,783 [INFO] CodeEngine:279 - Generated code: E:\stm32cubeide\ext_intt\MXTmpFiles\system.tmp
2023-08-25 09:42:14,825 [INFO] CodeEngine:311 - oldGeneratedFile, E:\stm32cubeide\ext_intt\Core\Inc\stm32l4xx_hal_conf.h_save
2023-08-25 09:42:15,016 [INFO] CodeEngine:335 - Generated code: E:\stm32cubeide\ext_intt\Core\Inc\stm32l4xx_hal_conf.h
2023-08-25 09:42:15,122 [INFO] CodeEngine:255 - oldGeneratedFile, E:\stm32cubeide\ext_intt\Core\Inc\main.h_save
2023-08-25 09:42:15,219 [INFO] CodeEngine:279 - Generated code: E:\stm32cubeide\ext_intt\Core\Inc\main.h
2023-08-25 09:42:15,259 [INFO] CodeEngine:255 - oldGeneratedFile, E:\stm32cubeide\ext_intt\Core\Src\main.c_save
2023-08-25 09:42:15,441 [INFO] CodeEngine:279 - Generated code: E:\stm32cubeide\ext_intt\Core\Src\main.c
2023-08-25 09:42:16,343 [INFO] ProjectBuilder:2996 - Time for Copy HAL[1] : 261mS.
2023-08-25 09:42:16,350 [INFO] ProjectBuilder:4304 - Project Generator version: 3.19.2
2023-08-25 09:42:16,856 [INFO] ConfigFileManager:1483 - The Die is : DIE415
2023-08-25 09:42:20,690 [INFO] ProjectBuilder:4505 - Time for Generating toolchain IDE Files: 4340mS.
2023-08-25 09:42:20,691 [INFO] ProjectBuilder:2867 - Time for Copy CMSIS : 1mS.
2023-08-25 09:42:20,694 [INFO] ProjectBuilder:2867 - Time for Copy CMSIS : 0mS.
2023-08-25 09:55:01,380 [INFO] MainUpdater:2854 - connection check result : 10
2023-08-25 09:55:01,689 [INFO] McuFinderGlobals:66 - Set McuFinderConnectedMode to true
2023-08-25 09:55:01,707 [INFO] MultiScanPanel:200 - Auto-refresh data requested => check proxy status ongoing
2023-08-25 09:55:01,709 [INFO] FinderPluginLoader:95 - Searching for filters in installed packs
2023-08-25 09:55:04,113 [INFO] LoadUrlFilesThread:185 - End of LoadServerUrlFiles without Thread
2023-08-25 09:55:04,113 [INFO] DetailPanel:341 - Set advertising image to C:/Users/DELL/STM32Cube/Repository/\en.prom-stm32h5-mcu-finder.jpg
2023-08-25 09:55:43,310 [INFO] MainUpdater:2854 - connection check result : 10
2023-08-25 09:55:43,310 [INFO] MainUpdater:2854 - connection check result : 10
2023-08-25 09:55:43,803 [INFO] MicroXplorer:468 - Change Database Path : 
2023-08-25 09:55:43,804 [INFO] MicroXplorer:498 - Change Database Version : DB.6.0.81
2023-08-25 09:55:43,921 [WARN] ThirdParty:871 - waiting for thirdparty lock release [close project]
2023-08-25 09:55:43,921 [INFO] ThirdParty:873 - entering critical section [close project]
2023-08-25 09:55:43,922 [INFO] ThirdParty:883 - exiting critical section [close project]
2023-08-25 09:55:43,936 [INFO] PinOutPanel:1499 - setPackage(No Configuration,No Configuration)
2023-08-25 09:55:43,962 [INFO] UtilMem:75 - Begin LoadConfig() Used Memory: 623029288 Bytes (1073741824)
2023-08-25 09:55:43,967 [INFO] MicroXplorer:468 - Change Database Path : 
2023-08-25 09:55:43,968 [INFO] MicroXplorer:498 - Change Database Version : DB.6.0.81
2023-08-25 09:55:43,968 [INFO] OpenFileManager:308 - Change cursor
2023-08-25 09:55:44,027 [INFO] RulesReader:64 - Compatibility file has been processed (293 Rules)
2023-08-25 09:55:44,088 [INFO] Mcu:1937 - Initializing MCU STM32L476RGTx STM32L476RGTx 
2023-08-25 09:55:44,092 [INFO] Mcu:1950 - No CPN specified => set CPN to STM32L476RGT3
2023-08-25 09:55:50,801 [INFO] Context:659 - Trying to add GPIOservice into a context  which must be forbidden
2023-08-25 09:55:52,104 [INFO] ImportTextPane:194 - (OptionalMessage_ERROR) Unable to find key (Mcu.ThirdPartyNb) in loaded IOC file
2023-08-25 09:55:52,104 [INFO] ImportTextPane:194 - (OptionalMessage_ERROR) Unable to find key (Mcu.PinsNb) in loaded IOC file
2023-08-25 09:55:52,104 [INFO] ImportTextPane:194 - (OptionalMessage_ERROR) Unable to find key (Mcu.IPNb) in loaded IOC file
2023-08-25 09:55:52,627 [INFO] RtosManager:555 - Registered RTOS mode: class=CMSIS, group=RTOS, mode=CMSIS_V1, owner=FREERTOS
2023-08-25 09:55:52,627 [INFO] RtosManager:555 - Registered RTOS mode: class=CMSIS, group=RTOS2, mode=CMSIS_V2, owner=FREERTOS
2023-08-25 09:55:52,628 [INFO] RtosManager:555 - Registered RTOS mode: class=RTOS, group=Core, mode=CMSIS_V1, owner=FREERTOS
2023-08-25 09:55:52,628 [INFO] RtosManager:555 - Registered RTOS mode: class=RTOS, group=Core, mode=CMSIS_V2, owner=FREERTOS
2023-08-25 09:55:52,628 [WARN] ModelIntegratedComponent:184 - Missing modes for component STMicroelectronics:FreeRTOS:0.0.1:STMicroelectronics:RTOS:FreeRTOS:Core:::10.2.0:
2023-08-25 09:55:52,722 [WARN] ModelIntegratedComponent:63 - No mode defined for component null
2023-08-25 09:55:52,723 [WARN] ModelIntegratedComponent:63 - No mode defined for component null
2023-08-25 09:55:52,723 [WARN] ModelIntegratedComponent:63 - No mode defined for component null
2023-08-25 09:55:52,723 [WARN] ModelIntegratedComponent:63 - No mode defined for component null
2023-08-25 09:55:52,723 [WARN] ModelIntegratedComponent:63 - No mode defined for component null
2023-08-25 09:55:52,723 [WARN] ModelIntegratedComponent:63 - No mode defined for component null
2023-08-25 09:55:52,723 [WARN] ModelIntegratedComponent:63 - No mode defined for component null
2023-08-25 09:55:52,723 [WARN] ModelIntegratedComponent:63 - No mode defined for component null
2023-08-25 09:55:52,723 [WARN] ModelIntegratedComponent:63 - No mode defined for component null
2023-08-25 09:55:52,723 [WARN] ModelIntegratedComponent:63 - No mode defined for component null
2023-08-25 09:55:52,723 [WARN] ModelIntegratedComponent:63 - No mode defined for component null
2023-08-25 09:55:52,723 [WARN] ModelIntegratedComponent:63 - No mode defined for component null
2023-08-25 09:55:52,723 [WARN] ModelIntegratedComponent:63 - No mode defined for component null
2023-08-25 09:55:52,724 [WARN] ModelIntegratedComponent:63 - No mode defined for component null
2023-08-25 09:55:52,724 [WARN] ModelIntegratedComponent:63 - No mode defined for component null
2023-08-25 09:55:52,724 [WARN] ModelIntegratedComponent:63 - No mode defined for component null
2023-08-25 09:55:52,724 [WARN] ModelIntegratedComponent:63 - No mode defined for component null
2023-08-25 09:55:52,724 [WARN] ModelIntegratedComponent:63 - No mode defined for component null
2023-08-25 09:55:52,724 [WARN] ModelIntegratedComponent:63 - No mode defined for component null
2023-08-25 09:55:52,724 [WARN] ModelIntegratedComponent:63 - No mode defined for component null
2023-08-25 09:55:52,724 [WARN] ModelIntegratedComponent:63 - No mode defined for component null
2023-08-25 09:55:52,724 [WARN] ModelIntegratedComponent:63 - No mode defined for component null
2023-08-25 09:55:52,724 [WARN] ModelIntegratedComponent:63 - No mode defined for component null
2023-08-25 09:55:52,725 [WARN] ModelIntegratedComponent:63 - No mode defined for component null
2023-08-25 09:55:52,725 [WARN] ModelIntegratedComponent:63 - No mode defined for component null
2023-08-25 09:55:52,725 [WARN] ModelIntegratedComponent:63 - No mode defined for component null
2023-08-25 09:55:52,725 [WARN] ModelIntegratedComponent:63 - No mode defined for component null
2023-08-25 09:55:52,725 [WARN] ModelIntegratedComponent:63 - No mode defined for component null
2023-08-25 09:55:52,725 [WARN] ModelIntegratedComponent:63 - No mode defined for component null
2023-08-25 09:55:52,725 [WARN] ModelIntegratedComponent:63 - No mode defined for component null
2023-08-25 09:55:52,726 [WARN] ModelIntegratedComponent:63 - No mode defined for component null
2023-08-25 09:55:52,727 [WARN] ModelIntegratedComponent:63 - No mode defined for component null
2023-08-25 09:55:52,727 [WARN] ModelIntegratedComponent:63 - No mode defined for component null
2023-08-25 09:55:52,751 [INFO] ThirdPartyModel:298 - Start build external matchings
2023-08-25 09:55:53,915 [INFO] ThirdPartyModel:316 - End build external matchings
2023-08-25 09:55:54,757 [INFO] UtilMem:75 - End LoadConfig() Used Memory: 652258440 Bytes (1073741824)
2023-08-25 09:55:55,150 [WARN] ThirdParty:833 - waiting for thirdparty lock release [change project]
2023-08-25 09:55:55,150 [INFO] ThirdParty:835 - entering critical section [change project]
2023-08-25 09:55:55,150 [INFO] ThirdParty:1030 - CMSIS Pack Vendor :STMicroelectronics X-CUBE-ISPU 1.1.0
2023-08-25 09:55:55,151 [INFO] ThirdParty:1030 - CMSIS Pack Vendor :STMicroelectronics X-CUBE-GNSS1 6.0.0
2023-08-25 09:55:55,151 [INFO] ThirdParty:1030 - CMSIS Pack Vendor :STMicroelectronics USB_HOST 2.0.0
2023-08-25 09:55:55,151 [INFO] ThirdParty:1030 - CMSIS Pack Vendor :STMicroelectronics X-CUBE-AZRTOS-F4 1.1.0
2023-08-25 09:55:55,151 [INFO] ThirdParty:1030 - CMSIS Pack Vendor :STMicroelectronics LIBJPEG 8.0.0
2023-08-25 09:55:55,151 [INFO] ThirdParty:1030 - CMSIS Pack Vendor :STMicroelectronics X-CUBE-SMBUS 2.1.0
2023-08-25 09:55:55,151 [INFO] ThirdParty:1030 - CMSIS Pack Vendor :wolfSSL I-CUBE-wolfSSL 5.6.0
2023-08-25 09:55:55,151 [INFO] ThirdParty:1030 - CMSIS Pack Vendor :STMicroelectronics USB_DEVICE 3.0.0
2023-08-25 09:55:55,151 [INFO] ThirdParty:1030 - CMSIS Pack Vendor :STMicroelectronics X-CUBE-AI 8.0.0
2023-08-25 09:55:55,151 [INFO] ThirdParty:1030 - CMSIS Pack Vendor :STMicroelectronics X-CUBE-AZRTOS-WB 2.0.0
2023-08-25 09:55:55,151 [INFO] ThirdParty:1030 - CMSIS Pack Vendor :STMicroelectronics X-CUBE-FREERTOS 1.0.1
2023-08-25 09:55:55,151 [INFO] ThirdParty:1030 - CMSIS Pack Vendor :STMicroelectronics X-CUBE-TOUCHGFX 4.21.3
2023-08-25 09:55:55,151 [INFO] ThirdParty:1030 - CMSIS Pack Vendor :STMicroelectronics X-CUBE-AZRTOS-F7 1.1.0
2023-08-25 09:55:55,151 [INFO] ThirdParty:1030 - CMSIS Pack Vendor :STMicroelectronics X-CUBE-AZRTOS-L5 2.0.0
2023-08-25 09:55:55,151 [INFO] ThirdParty:1030 - CMSIS Pack Vendor :STMicroelectronics USB_DEVICE 2.0.0
2023-08-25 09:55:55,151 [INFO] ThirdParty:1030 - CMSIS Pack Vendor :STMicroelectronics X-CUBE-MEMS1 9.6.0
2023-08-25 09:55:55,152 [INFO] ThirdParty:1030 - CMSIS Pack Vendor :STMicroelectronics FP-SNS-MOTENV1 4.3.0
2023-08-25 09:55:55,152 [INFO] ThirdParty:1030 - CMSIS Pack Vendor :STMicroelectronics FP-SNS-MOTENV1 4.3.2
2023-08-25 09:55:55,152 [INFO] ThirdParty:1030 - CMSIS Pack Vendor :STMicroelectronics FP-SNS-FLIGHT1 5.0.0
2023-08-25 09:55:55,152 [INFO] ThirdParty:1030 - CMSIS Pack Vendor :STMicroelectronics FP-SNS-FLIGHT1 5.0.1
2023-08-25 09:55:55,152 [INFO] ThirdParty:1030 - CMSIS Pack Vendor :STMicroelectronics X-CUBE-ALGOBUILD 1.3.0
2023-08-25 09:55:55,152 [INFO] ThirdParty:1030 - CMSIS Pack Vendor :STMicroelectronics X-CUBE-BLE1 6.2.4
2023-08-25 09:55:55,152 [INFO] ThirdParty:1030 - CMSIS Pack Vendor :STMicroelectronics X-CUBE-AZRTOS-L5 1.1.0
2023-08-25 09:55:55,152 [INFO] ThirdParty:1030 - CMSIS Pack Vendor :STMicroelectronics FreeRTOS 0.0.1
2023-08-25 09:55:55,152 [INFO] ThirdParty:1030 - CMSIS Pack Vendor :STMicroelectronics X-CUBE-AZRTOS-G0 1.1.0
2023-08-25 09:55:55,152 [INFO] ThirdParty:1030 - CMSIS Pack Vendor :emotas I-CUBE-CANOPEN 1.1.3
2023-08-25 09:55:55,152 [INFO] ThirdParty:1030 - CMSIS Pack Vendor :STMicroelectronics X-CUBE-BLEMGR 2.0.0
2023-08-25 09:55:55,152 [INFO] ThirdParty:1030 - CMSIS Pack Vendor :STMicroelectronics X-CUBE-AI 8.0.1
2023-08-25 09:55:55,152 [INFO] ThirdParty:1030 - CMSIS Pack Vendor :STMicroelectronics X-CUBE-NFC4 3.0.0
2023-08-25 09:55:55,152 [INFO] ThirdParty:1030 - CMSIS Pack Vendor :STMicroelectronics X-CUBE-SUBG2 5.0.0
2023-08-25 09:55:55,152 [INFO] ThirdParty:1030 - CMSIS Pack Vendor :STMicroelectronics STM32_WPAN 1.0.0
2023-08-25 09:55:55,152 [INFO] ThirdParty:1030 - CMSIS Pack Vendor :STMicroelectronics lwIP 2.0.3
2023-08-25 09:55:55,152 [INFO] ThirdParty:1030 - CMSIS Pack Vendor :STMicroelectronics FP-SNS-FLIGHT1 5.0.2
2023-08-25 09:55:55,152 [INFO] ThirdParty:1030 - CMSIS Pack Vendor :STMicroelectronics USB_HOST 1.0.0
2023-08-25 09:55:55,152 [INFO] ThirdParty:1030 - CMSIS Pack Vendor :STMicroelectronics X-CUBE-TOF1 3.3.1
2023-08-25 09:55:55,153 [INFO] ThirdParty:1030 - CMSIS Pack Vendor :STMicroelectronics X-CUBE-AZRTOS-G4 2.0.0
2023-08-25 09:55:55,153 [INFO] ThirdParty:1030 - CMSIS Pack Vendor :STMicroelectronics PDM2PCM 3.1.0
2023-08-25 09:55:55,153 [INFO] ThirdParty:1030 - CMSIS Pack Vendor :STMicroelectronics X-CUBE-AZRTOS-H7 3.1.0
2023-08-25 09:55:55,153 [INFO] ThirdParty:1030 - CMSIS Pack Vendor :STMicroelectronics X-CUBE-TOF1 3.3.0
2023-08-25 09:55:55,153 [INFO] ThirdParty:1030 - CMSIS Pack Vendor :STMicroelectronics PDM2PCM 3.3.0
2023-08-25 09:55:55,153 [INFO] ThirdParty:1030 - CMSIS Pack Vendor :STMicroelectronics X-CUBE-DISPLAY 3.0.0
2023-08-25 09:55:55,153 [INFO] ThirdParty:1030 - CMSIS Pack Vendor :STMicroelectronics X-CUBE-BLE1 7.0.0
2023-08-25 09:55:55,153 [INFO] ThirdParty:1030 - CMSIS Pack Vendor :STMicroelectronics FP-ATR-SIGFOX1 3.2.0
2023-08-25 09:55:55,153 [INFO] ThirdParty:1030 - CMSIS Pack Vendor :STMicroelectronics X-CUBE-AZRTOS-L4 1.0.0
2023-08-25 09:55:55,153 [INFO] ThirdParty:1030 - CMSIS Pack Vendor :STMicroelectronics HAL Drivers 0.0.0
2023-08-25 09:55:55,153 [INFO] ThirdParty:1030 - CMSIS Pack Vendor :STMicroelectronics MBEDTLS 2.16.2
2023-08-25 09:55:55,153 [INFO] ThirdParty:1030 - CMSIS Pack Vendor :STMicroelectronics X-CUBE-FREERTOS 1.1.0
2023-08-25 09:55:55,153 [INFO] ThirdParty:1030 - CMSIS Pack Vendor :STMicroelectronics X-CUBE-TOUCHGFX 4.22.0
2023-08-25 09:55:55,153 [INFO] ThirdParty:1030 - CMSIS Pack Vendor :STMicroelectronics X-CUBE-NFC7 1.0.1
2023-08-25 09:55:55,153 [INFO] ThirdParty:1030 - CMSIS Pack Vendor :STMicroelectronics MBEDTLS 2.14.1
2023-08-25 09:55:55,153 [INFO] ThirdParty:1030 - CMSIS Pack Vendor :STMicroelectronics X-CUBE-NFC7 1.0.0
2023-08-25 09:55:55,154 [INFO] ThirdParty:1030 - CMSIS Pack Vendor :STMicroelectronics X-CUBE-AZRTOS-WL 1.0.0
2023-08-25 09:55:55,154 [INFO] ThirdParty:1030 - CMSIS Pack Vendor :STMicroelectronics X-CUBE-EEPRMA1 4.1.0
2023-08-25 09:55:55,154 [INFO] ThirdParty:1030 - CMSIS Pack Vendor :portGmbH I-Cube-SoM-uGOAL 1.1.0
2023-08-25 09:55:55,154 [INFO] ThirdParty:1030 - CMSIS Pack Vendor :STMicroelectronics X-CUBE-ALS 1.0.1
2023-08-25 09:55:55,154 [INFO] ThirdParty:1030 - CMSIS Pack Vendor :STMicroelectronics ThreadX 1.0.0
2023-08-25 09:55:55,154 [INFO] ThirdParty:1030 - CMSIS Pack Vendor :STMicroelectronics X-CUBE-AZRTOS-WB 1.1.0
2023-08-25 09:55:55,154 [INFO] ThirdParty:1030 - CMSIS Pack Vendor :STMicroelectronics X-CUBE-AZRTOS-WL 2.0.0
2023-08-25 09:55:55,154 [INFO] ThirdParty:1030 - CMSIS Pack Vendor :SEGGER I-CUBE-embOS 1.3.1
2023-08-25 09:55:55,154 [INFO] ThirdParty:1030 - CMSIS Pack Vendor :STMicroelectronics USB_DEVICE 1.0.0
2023-08-25 09:55:55,154 [INFO] ThirdParty:1030 - CMSIS Pack Vendor :STMicroelectronics X-CUBE-AI 8.1.0
2023-08-25 09:55:55,154 [INFO] ThirdParty:1030 - CMSIS Pack Vendor :STMicroelectronics X-CUBE-AZRTOS-L4 2.0.0
2023-08-25 09:55:55,154 [INFO] ThirdParty:1030 - CMSIS Pack Vendor :STMicroelectronics ThreadX 0.0.2
2023-08-25 09:55:55,154 [INFO] ThirdParty:1030 - CMSIS Pack Vendor :WES I-CUBE-Cesium 1.3.0
2023-08-25 09:55:55,154 [INFO] ThirdParty:1030 - CMSIS Pack Vendor :STMicroelectronics FP-ATR-ASTRA1 2.0.0
2023-08-25 09:55:55,154 [INFO] ThirdParty:1030 - CMSIS Pack Vendor :STMicroelectronics lwIP 2.1.2
2023-08-25 09:55:55,154 [INFO] ThirdParty:1030 - CMSIS Pack Vendor :STMicroelectronics X-CUBE-SFXS2LP1 4.0.0
2023-08-25 09:55:55,154 [INFO] ThirdParty:1030 - CMSIS Pack Vendor :STMicroelectronics X-CUBE-BLE2 3.3.0
2023-08-25 09:55:55,155 [INFO] ThirdParty:1030 - CMSIS Pack Vendor :STMicroelectronics PDM2PCM 3.2.0
2023-08-25 09:55:55,155 [INFO] ThirdParty:841 - exiting critical section [change project]
2023-08-25 09:55:56,192 [INFO] PinOutPanel:1499 - setPackage(No Configuration,No Configuration)
2023-08-25 09:55:56,195 [INFO] PinOutPanel:1499 - setPackage(STM32L476RGTx,LQFP64)
2023-08-25 09:55:56,893 [INFO] UtilMem:75 - Before build in PCC Used Memory: 878752488 Bytes (1073741824)
2023-08-25 09:55:57,532 [INFO] UtilMem:75 - After build in PCC Used Memory: 628034296 Bytes (1073741824)
2023-08-25 09:55:57,572 [INFO] IPUIPlugin:80 - create IPUIPlugin
2023-08-25 09:55:57,573 [INFO] IPUIPlugin:80 - create IPUIPlugin
2023-08-25 09:55:57,573 [INFO] IPUIPlugin:80 - create IPUIPlugin
2023-08-25 09:55:57,573 [INFO] IPUIPlugin:80 - create IPUIPlugin
2023-08-25 09:55:57,574 [INFO] IPUIPlugin:80 - create IPUIPlugin
2023-08-25 09:55:57,574 [INFO] IPUIPlugin:80 - create IPUIPlugin
2023-08-25 09:55:57,574 [INFO] IPUIPlugin:80 - create IPUIPlugin
2023-08-25 09:55:57,574 [INFO] IPUIPlugin:80 - create IPUIPlugin
2023-08-25 09:55:57,576 [INFO] IPUIPlugin:80 - create IPUIPlugin
2023-08-25 09:55:57,576 [INFO] IPUIPlugin:80 - create IPUIPlugin
2023-08-25 09:55:57,576 [INFO] IPUIPlugin:80 - create IPUIPlugin
2023-08-25 09:55:57,576 [INFO] IPUIPlugin:80 - create IPUIPlugin
2023-08-25 09:55:57,576 [INFO] IPUIPlugin:80 - create IPUIPlugin
2023-08-25 09:55:57,576 [INFO] IPUIPlugin:80 - create IPUIPlugin
2023-08-25 09:55:57,576 [INFO] IPUIPlugin:80 - create IPUIPlugin
2023-08-25 09:55:57,577 [INFO] IPUIPlugin:80 - create IPUIPlugin
2023-08-25 09:55:57,629 [INFO] IPUIPlugin:80 - create IPUIPlugin
2023-08-25 09:55:57,629 [INFO] IPUIPlugin:80 - create IPUIPlugin
2023-08-25 09:55:57,630 [INFO] IPUIPlugin:80 - create IPUIPlugin
2023-08-25 09:55:57,630 [INFO] IPUIPlugin:80 - create IPUIPlugin
2023-08-25 09:55:57,631 [INFO] IPUIPlugin:80 - create IPUIPlugin
2023-08-25 09:55:57,631 [INFO] IPUIPlugin:80 - create IPUIPlugin
2023-08-25 09:55:57,632 [INFO] IPUIPlugin:80 - create IPUIPlugin
2023-08-25 09:55:57,632 [INFO] IPUIPlugin:80 - create IPUIPlugin
2023-08-25 09:55:57,633 [INFO] IPUIPlugin:80 - create IPUIPlugin
2023-08-25 09:55:57,633 [INFO] IPUIPlugin:80 - create IPUIPlugin
2023-08-25 09:55:57,634 [INFO] IPUIPlugin:80 - create IPUIPlugin
2023-08-25 09:55:57,634 [INFO] IPUIPlugin:80 - create IPUIPlugin
2023-08-25 09:55:57,634 [INFO] IPUIPlugin:80 - create IPUIPlugin
2023-08-25 09:55:57,635 [INFO] IPUIPlugin:80 - create IPUIPlugin
2023-08-25 09:55:57,636 [INFO] IPUIPlugin:80 - create IPUIPlugin
2023-08-25 09:55:57,636 [INFO] IPUIPlugin:80 - create IPUIPlugin
2023-08-25 09:55:57,637 [INFO] IPUIPlugin:80 - create IPUIPlugin
2023-08-25 09:55:57,637 [INFO] IPUIPlugin:80 - create IPUIPlugin
2023-08-25 09:55:57,638 [INFO] IPUIPlugin:80 - create IPUIPlugin
2023-08-25 09:55:57,638 [INFO] IPUIPlugin:80 - create IPUIPlugin
2023-08-25 09:55:57,639 [INFO] IPUIPlugin:80 - create IPUIPlugin
2023-08-25 09:55:57,640 [INFO] IPUIPlugin:80 - create IPUIPlugin
2023-08-25 09:55:57,640 [INFO] IPUIPlugin:80 - create IPUIPlugin
2023-08-25 09:55:57,641 [INFO] IPUIPlugin:80 - create IPUIPlugin
2023-08-25 09:55:57,641 [INFO] IPUIPlugin:80 - create IPUIPlugin
2023-08-25 09:55:57,642 [INFO] IPUIPlugin:80 - create IPUIPlugin
2023-08-25 09:55:57,642 [INFO] IPUIPlugin:80 - create IPUIPlugin
2023-08-25 09:55:57,643 [INFO] IPUIPlugin:80 - create IPUIPlugin
2023-08-25 09:55:57,643 [INFO] IPUIPlugin:80 - create IPUIPlugin
2023-08-25 09:55:57,644 [INFO] IPUIPlugin:80 - create IPUIPlugin
2023-08-25 09:55:57,645 [INFO] IPUIPlugin:80 - create IPUIPlugin
2023-08-25 09:55:57,646 [INFO] IPUIPlugin:80 - create IPUIPlugin
2023-08-25 09:55:57,647 [INFO] IPUIPlugin:80 - create IPUIPlugin
2023-08-25 09:55:57,647 [INFO] IPUIPlugin:80 - create IPUIPlugin
2023-08-25 09:55:57,648 [INFO] IPUIPlugin:80 - create IPUIPlugin
2023-08-25 09:55:57,648 [INFO] IPUIPlugin:80 - create IPUIPlugin
2023-08-25 09:55:57,649 [INFO] IPUIPlugin:80 - create IPUIPlugin
2023-08-25 09:55:57,650 [INFO] IPUIPlugin:80 - create IPUIPlugin
2023-08-25 09:55:57,650 [INFO] IPUIPlugin:80 - create IPUIPlugin
2023-08-25 09:55:57,651 [INFO] IPUIPlugin:80 - create IPUIPlugin
2023-08-25 09:55:57,651 [INFO] IPUIPlugin:80 - create IPUIPlugin
2023-08-25 09:55:57,653 [INFO] IPUIPlugin:80 - create IPUIPlugin
2023-08-25 09:55:57,656 [INFO] IPUIPlugin:80 - create IPUIPlugin
2023-08-25 09:55:57,693 [INFO] CADModel:165 - CPN selected for project levelSTM32L476RGT3
2023-08-25 09:55:57,693 [INFO] CADModel:114 - Register for checkConnection events
2023-08-25 09:55:57,758 [INFO] OpenFileManager:328 - Restore cursor
2023-08-25 09:55:58,505 [INFO] UtilMem:75 - End SaveConfig() Used Memory: 694950080 Bytes (1073741824)
2023-08-25 09:55:58,805 [INFO] UtilMem:75 - End SaveConfig() Used Memory: 720150176 Bytes (1073741824)
2023-08-25 09:55:59,343 [INFO] BlockDiagram:2759 - set Specific Code input for plugin: RCC
2023-08-25 09:55:59,343 [INFO] BlockDiagram:2759 - set Specific Code input for plugin: NVIC
2023-08-25 09:55:59,345 [INFO] CodeGenerator:793 - code generatio: config db path: D:\ST\STM32CubeIDE_1.12.1\STM32CubeIDE\plugins\com.st.stm32cube.common.mx_6.8.1.202304191431\\db\
2023-08-25 09:55:59,888 [INFO] CodeEngine:255 - oldGeneratedFile, E:\stm32cubeide\INTERRUPTOPP\MXTmpFiles\license.tmp_save
2023-08-25 09:56:00,456 [INFO] CodeEngine:279 - Generated code: E:\stm32cubeide\INTERRUPTOPP\MXTmpFiles\license.tmp
2023-08-25 09:56:00,539 [INFO] CodeEngine:255 - oldGeneratedFile, E:\stm32cubeide\INTERRUPTOPP\Core\Src\stm32l4xx_it.c_save
2023-08-25 09:56:01,085 [INFO] CodeEngine:279 - Generated code: E:\stm32cubeide\INTERRUPTOPP\Core\Src\stm32l4xx_it.c
2023-08-25 09:56:01,091 [INFO] CodeEngine:255 - oldGeneratedFile, E:\stm32cubeide\INTERRUPTOPP\Core\Inc\stm32l4xx_it.h_save
2023-08-25 09:56:01,223 [INFO] CodeEngine:279 - Generated code: E:\stm32cubeide\INTERRUPTOPP\Core\Inc\stm32l4xx_it.h
2023-08-25 09:56:01,382 [INFO] CodeEngine:255 - oldGeneratedFile, E:\stm32cubeide\INTERRUPTOPP\Core\Src\stm32l4xx_hal_msp.c_save
2023-08-25 09:56:01,640 [INFO] CodeEngine:279 - Generated code: E:\stm32cubeide\INTERRUPTOPP\Core\Src\stm32l4xx_hal_msp.c
2023-08-25 09:56:01,669 [INFO] CodeEngine:255 - oldGeneratedFile, E:\stm32cubeide\INTERRUPTOPP\MXTmpFiles\system.tmp_save
2023-08-25 09:56:01,821 [INFO] CodeEngine:279 - Generated code: E:\stm32cubeide\INTERRUPTOPP\MXTmpFiles\system.tmp
2023-08-25 09:56:01,873 [INFO] CodeEngine:311 - oldGeneratedFile, E:\stm32cubeide\INTERRUPTOPP\Core\Inc\stm32l4xx_hal_conf.h_save
2023-08-25 09:56:02,182 [INFO] CodeEngine:335 - Generated code: E:\stm32cubeide\INTERRUPTOPP\Core\Inc\stm32l4xx_hal_conf.h
2023-08-25 09:56:02,327 [INFO] CodeEngine:255 - oldGeneratedFile, E:\stm32cubeide\INTERRUPTOPP\Core\Inc\main.h_save
2023-08-25 09:56:02,673 [INFO] CodeEngine:279 - Generated code: E:\stm32cubeide\INTERRUPTOPP\Core\Inc\main.h
2023-08-25 09:56:02,715 [INFO] CodeEngine:255 - oldGeneratedFile, E:\stm32cubeide\INTERRUPTOPP\Core\Src\main.c_save
2023-08-25 09:56:03,053 [INFO] CodeEngine:279 - Generated code: E:\stm32cubeide\INTERRUPTOPP\Core\Src\main.c
2023-08-25 09:56:04,332 [INFO] ProjectBuilder:2996 - Time for Copy HAL[1] : 398mS.
2023-08-25 09:56:04,340 [INFO] ProjectBuilder:4304 - Project Generator version: 3.19.2
2023-08-25 09:56:05,092 [INFO] ConfigFileManager:1483 - The Die is : DIE415
2023-08-25 09:56:05,151 [INFO] ApiDbMcu:507 - Load IP Config File for FATFS
2023-08-25 09:56:05,168 [INFO] ApiDbMcu:507 - Load IP Config File for FREERTOS
2023-08-25 09:56:05,207 [INFO] ApiDbMcu:507 - Load IP Config File for TOUCHSENSING
2023-08-25 09:56:05,299 [INFO] ApiDbMcu:507 - Load IP Config File for USB_DEVICE
2023-08-25 09:56:05,332 [INFO] ApiDbMcu:507 - Load IP Config File for USB_HOST
2023-08-25 09:56:15,457 [INFO] ProjectBuilder:4505 - Time for Generating toolchain IDE Files: 11117mS.
2023-08-25 09:56:15,458 [INFO] ProjectBuilder:2867 - Time for Copy CMSIS : 1mS.
2023-08-25 09:56:15,461 [INFO] ProjectBuilder:2867 - Time for Copy CMSIS : 0mS.
2023-08-25 09:56:18,297 [INFO] McuFinderGlobals:66 - Set McuFinderConnectedMode to true
2023-08-25 09:56:18,300 [INFO] ApiDb:448 - Save user favorites file C:\Users\DELL/.stm32cubeide/favorites.mcus.txt: 1 item(s)
2023-08-25 09:56:18,301 [INFO] ApiDb:452 - User favorites MCUs=[STM32F411RET6]
2023-08-25 09:57:30,387 [INFO] Gpio:273 - dependency for GPIO []
2023-08-25 09:57:51,040 [INFO] NvicIntPanel:101 - NVIC parent = com.st.microxplorer.plugins.ip.nvic.MultiNvicIntPanel[,2,27,707x472,layout=javax.swing.BoxLayout,alignmentX=0.0,alignmentY=0.0,border=,flags=9,maximumSize=,minimumSize=,preferredSize=]
2023-08-25 09:57:54,402 [INFO] Gpio:273 - dependency for GPIO []
2023-08-25 09:58:09,008 [INFO] Gpio:273 - dependency for GPIO []
2023-08-25 09:58:13,494 [INFO] Gpio:273 - dependency for GPIO []
2023-08-25 09:58:24,003 [INFO] UtilMem:75 - End SaveConfig() Used Memory: 689713376 Bytes (1073741824)
2023-08-25 09:58:28,200 [INFO] UtilMem:75 - End SaveConfig() Used Memory: 995217944 Bytes (1073741824)
2023-08-25 09:58:28,753 [INFO] BlockDiagram:2759 - set Specific Code input for plugin: RCC
2023-08-25 09:58:28,754 [INFO] BlockDiagram:2759 - set Specific Code input for plugin: NVIC
2023-08-25 09:58:28,754 [INFO] BlockDiagram:2759 - set Specific Code input for plugin: GPIO
2023-08-25 09:58:28,757 [INFO] CodeGenerator:793 - code generatio: config db path: D:\ST\STM32CubeIDE_1.12.1\STM32CubeIDE\plugins\com.st.stm32cube.common.mx_6.8.1.202304191431\\db\
2023-08-25 09:58:29,192 [INFO] CodeEngine:255 - oldGeneratedFile, E:\stm32cubeide\INTERRUPTOPP\MXTmpFiles\license.tmp_save
2023-08-25 09:58:29,577 [INFO] CodeEngine:279 - Generated code: E:\stm32cubeide\INTERRUPTOPP\MXTmpFiles\license.tmp
2023-08-25 09:58:29,736 [INFO] CodeEngine:255 - oldGeneratedFile, E:\stm32cubeide\INTERRUPTOPP\MXTmpFiles\gpio.tmp_save
2023-08-25 09:58:29,985 [INFO] CodeEngine:279 - Generated code: E:\stm32cubeide\INTERRUPTOPP\MXTmpFiles\gpio.tmp
2023-08-25 09:58:30,193 [INFO] CodeEngine:255 - oldGeneratedFile, E:\stm32cubeide\INTERRUPTOPP\Core\Src\stm32l4xx_it.c_save
2023-08-25 09:58:30,700 [INFO] CodeEngine:279 - Generated code: E:\stm32cubeide\INTERRUPTOPP\Core\Src\stm32l4xx_it.c
2023-08-25 09:58:30,744 [INFO] CodeEngine:255 - oldGeneratedFile, E:\stm32cubeide\INTERRUPTOPP\Core\Inc\stm32l4xx_it.h_save
2023-08-25 09:58:30,870 [INFO] CodeEngine:279 - Generated code: E:\stm32cubeide\INTERRUPTOPP\Core\Inc\stm32l4xx_it.h
2023-08-25 09:58:30,942 [INFO] CodeEngine:255 - oldGeneratedFile, E:\stm32cubeide\INTERRUPTOPP\Core\Src\stm32l4xx_hal_msp.c_save
2023-08-25 09:58:31,183 [INFO] CodeEngine:279 - Generated code: E:\stm32cubeide\INTERRUPTOPP\Core\Src\stm32l4xx_hal_msp.c
2023-08-25 09:58:31,208 [INFO] CodeEngine:255 - oldGeneratedFile, E:\stm32cubeide\INTERRUPTOPP\MXTmpFiles\system.tmp_save
2023-08-25 09:58:31,360 [INFO] CodeEngine:279 - Generated code: E:\stm32cubeide\INTERRUPTOPP\MXTmpFiles\system.tmp
2023-08-25 09:58:31,595 [INFO] CodeEngine:311 - oldGeneratedFile, E:\stm32cubeide\INTERRUPTOPP\Core\Inc\stm32l4xx_hal_conf.h_save
2023-08-25 09:58:31,946 [INFO] CodeEngine:335 - Generated code: E:\stm32cubeide\INTERRUPTOPP\Core\Inc\stm32l4xx_hal_conf.h
2023-08-25 09:58:32,268 [INFO] CodeEngine:255 - oldGeneratedFile, E:\stm32cubeide\INTERRUPTOPP\Core\Inc\main.h_save
2023-08-25 09:58:32,409 [INFO] CodeEngine:279 - Generated code: E:\stm32cubeide\INTERRUPTOPP\Core\Inc\main.h
2023-08-25 09:58:32,455 [INFO] CodeEngine:255 - oldGeneratedFile, E:\stm32cubeide\INTERRUPTOPP\Core\Src\main.c_save
2023-08-25 09:58:32,678 [INFO] CodeEngine:279 - Generated code: E:\stm32cubeide\INTERRUPTOPP\Core\Src\main.c
2023-08-25 09:58:33,758 [INFO] ProjectBuilder:2996 - Time for Copy HAL[1] : 333mS.
2023-08-25 09:58:33,763 [INFO] ProjectBuilder:4304 - Project Generator version: 3.19.2
2023-08-25 09:58:34,657 [INFO] ConfigFileManager:1483 - The Die is : DIE415
2023-08-25 09:58:38,228 [INFO] ProjectBuilder:4505 - Time for Generating toolchain IDE Files: 4465mS.
2023-08-25 09:58:38,229 [INFO] ProjectBuilder:2867 - Time for Copy CMSIS : 0mS.
2023-08-25 09:58:38,232 [INFO] ProjectBuilder:2867 - Time for Copy CMSIS : 1mS.
2023-08-25 12:00:06,402 [INFO] Activator:176 - 


2023-08-25 12:00:06,402 [INFO] Activator:177 - !SESSION log4j initialized
2023-08-25 12:00:22,584 [INFO] LogOutputStream:77 - [STDOUT_REDIRECT] 
2023-08-25 12:01:32,807 [ERROR] LogOutputStream:75 - [STDERR_REDIRECT] SLF4J: Failed to load class "org.slf4j.impl.StaticLoggerBinder".
2023-08-25 12:01:32,807 [ERROR] LogOutputStream:75 - [STDERR_REDIRECT] SLF4J: Defaulting to no-operation (NOP) logger implementation
2023-08-25 12:01:32,821 [ERROR] LogOutputStream:75 - [STDERR_REDIRECT] SLF4J: See http://www.slf4j.org/codes.html#StaticLoggerBinder for further details.
2023-08-25 19:13:37,545 [ERROR] LogOutputStream:75 - [STDERR_REDIRECT] Exception in thread "SWV client thread" java.lang.NullPointerException
2023-08-25 19:13:37,602 [ERROR] LogOutputStream:75 - [STDERR_REDIRECT] 	at com.st.stm32cube.ide.mcu.debug.swv.core.SWVPlugin.debugTrace(SWVPlugin.java:85)
2023-08-25 19:13:37,605 [ERROR] LogOutputStream:75 - [STDERR_REDIRECT] 	at com.st.stm32cube.ide.mcu.debug.swv.core.SWVClient.TRACE(SWVClient.java:768)
2023-08-25 19:13:37,606 [ERROR] LogOutputStream:75 - [STDERR_REDIRECT] 	at com.st.stm32cube.ide.mcu.debug.swv.core.SWVClient.readByte(SWVClient.java:296)
2023-08-25 19:13:37,608 [ERROR] LogOutputStream:75 - [STDERR_REDIRECT] 	at com.st.stm32cube.ide.mcu.debug.swv.core.SWVClient.getNextByte(SWVClient.java:277)
2023-08-25 19:13:37,610 [ERROR] LogOutputStream:75 - [STDERR_REDIRECT] 	at com.st.stm32cube.ide.mcu.debug.swv.core.SWVClient.run(SWVClient.java:313)
