2023-07-19 07:00:07,598 [INFO] Activator:176 - 


2023-07-19 07:00:07,614 [INFO] Activator:177 - !SESSION log4j initialized
2023-07-19 07:00:23,752 [INFO] LogOutputStream:77 - [STDOUT_REDIRECT] 
2023-07-19 07:00:52,322 [ERROR] LogOutputStream:75 - [STDERR_REDIRECT] SLF4J: Failed to load class "org.slf4j.impl.StaticLoggerBinder".
2023-07-19 07:00:52,322 [ERROR] LogOutputStream:75 - [STDERR_REDIRECT] SLF4J: Defaulting to no-operation (NOP) logger implementation
2023-07-19 07:00:52,329 [ERROR] LogOutputStream:75 - [STDERR_REDIRECT] SLF4J: See http://www.slf4j.org/codes.html#StaticLoggerBinder for further details.
2023-07-19 07:29:00,164 [INFO] ApplicationProperties:184 - Using Application install path: D:\ST\STM32CubeIDE_1.12.1\STM32CubeIDE\plugins\com.st.stm32cube.common.mx_6.8.1.202304191431
2023-07-19 07:29:00,242 [INFO] DbMcusXml:78 - Set database path to: D:\ST\STM32CubeIDE_1.12.1\STM32CubeIDE\plugins\com.st.stm32cube.common.mx_6.8.1.202304191431\\db\/mcu/
2023-07-19 07:29:00,242 [INFO] ApiDb:274 - Set plugin database path to: D:\ST\STM32CubeIDE_1.12.1\STM32CubeIDE\plugins\com.st.stm32cube.common.mx_6.8.1.202304191431\\db\/plugins/boardmanager/
2023-07-19 07:29:00,242 [WARN] ApiDb:259 - Overriding images path with different value:  => D:\ST\STM32CubeIDE_1.12.1\STM32CubeIDE\plugins\com.st.stm32cube.common.mx_6.8.1.202304191431\\db\/plugins/mcufinder/images/
2023-07-19 07:29:00,416 [INFO] ApiDb:250 - Set database path to: C:\Users\DELL\.stmcufinder\plugins\mcufinder//mcu/
2023-07-19 07:29:00,416 [INFO] DbMcusAds:125 - Set database path to: C:\Users\DELL\.stmcufinder\plugins\mcufinder//mcu/
2023-07-19 07:29:00,478 [INFO] CrossReferenceDbSqlite:203 - Set database path to: C:\Users\DELL\.stmcufinder\plugins\mcufinder//mcu/cs/
2023-07-19 07:29:00,903 [INFO] RulesReader:64 - Compatibility file has been processed (293 Rules)
2023-07-19 07:29:01,262 [INFO] DbMcusXml:78 - Set database path to: D:\ST\STM32CubeIDE_1.12.1\STM32CubeIDE\plugins\com.st.stm32cube.common.mx_6.8.1.202304191431\\db\/mcu/
2023-07-19 07:29:01,264 [INFO] ApiDb:274 - Set plugin database path to: D:\ST\STM32CubeIDE_1.12.1\STM32CubeIDE\plugins\com.st.stm32cube.common.mx_6.8.1.202304191431\\db\/plugins/boardmanager/
2023-07-19 07:29:01,264 [INFO] ApiDb:261 - Set plugin images path to: D:\ST\STM32CubeIDE_1.12.1\STM32CubeIDE\plugins\com.st.stm32cube.common.mx_6.8.1.202304191431\\db\/plugins/mcufinder/images/
2023-07-19 07:29:01,264 [WARN] DbFile:41 - Overriding database path with different value: C:\Users\DELL\.stmcufinder\plugins\mcufinder/ => C:\Users\DELL\.stmcufinder\plugins\mcufinder
2023-07-19 07:29:01,264 [INFO] ApiDb:250 - Set database path to: C:\Users\DELL\.stmcufinder\plugins\mcufinder//mcu/
2023-07-19 07:29:01,264 [WARN] DbFile:41 - Overriding database path with different value: C:\Users\DELL\.stmcufinder\plugins\mcufinder/ => C:\Users\DELL\.stmcufinder\plugins\mcufinder
2023-07-19 07:29:01,264 [INFO] DbMcusAds:125 - Set database path to: C:\Users\DELL\.stmcufinder\plugins\mcufinder//mcu/
2023-07-19 07:29:01,264 [WARN] DbFile:41 - Overriding database path with different value: C:\Users\DELL\.stmcufinder\plugins\mcufinder/ => C:\Users\DELL\.stmcufinder\plugins\mcufinder
2023-07-19 07:29:01,265 [WARN] DbFile:41 - Overriding database path with different value: C:\Users\DELL\.stmcufinder\plugins\mcufinder/ => C:\Users\DELL\.stmcufinder\plugins\mcufinder
2023-07-19 07:29:01,265 [INFO] CrossReferenceDbSqlite:203 - Set database path to: C:\Users\DELL\.stmcufinder\plugins\mcufinder//mcu/cs/
2023-07-19 07:29:01,454 [INFO] MainPanel:253 - HeapMemory: 527433728
2023-07-19 07:29:01,742 [INFO] DbMcusXml:78 - Set database path to: D:\ST\STM32CubeIDE_1.12.1\STM32CubeIDE\plugins\com.st.stm32cube.common.mx_6.8.1.202304191431\\db\/mcu/
2023-07-19 07:29:01,742 [INFO] ApiDb:274 - Set plugin database path to: D:\ST\STM32CubeIDE_1.12.1\STM32CubeIDE\plugins\com.st.stm32cube.common.mx_6.8.1.202304191431\\db\/plugins/boardmanager/
2023-07-19 07:29:01,742 [INFO] ApiDb:261 - Set plugin images path to: D:\ST\STM32CubeIDE_1.12.1\STM32CubeIDE\plugins\com.st.stm32cube.common.mx_6.8.1.202304191431\\db\/plugins/mcufinder/images/
2023-07-19 07:29:01,742 [WARN] DbFile:41 - Overriding database path with different value: C:\Users\DELL\.stmcufinder\plugins\mcufinder/ => C:\Users\DELL\.stmcufinder\plugins\mcufinder
2023-07-19 07:29:01,742 [INFO] ApiDb:250 - Set database path to: C:\Users\DELL\.stmcufinder\plugins\mcufinder//mcu/
2023-07-19 07:29:01,742 [WARN] DbFile:41 - Overriding database path with different value: C:\Users\DELL\.stmcufinder\plugins\mcufinder/ => C:\Users\DELL\.stmcufinder\plugins\mcufinder
2023-07-19 07:29:01,742 [INFO] DbMcusAds:125 - Set database path to: C:\Users\DELL\.stmcufinder\plugins\mcufinder//mcu/
2023-07-19 07:29:01,742 [WARN] DbFile:41 - Overriding database path with different value: C:\Users\DELL\.stmcufinder\plugins\mcufinder/ => C:\Users\DELL\.stmcufinder\plugins\mcufinder
2023-07-19 07:29:01,742 [WARN] DbFile:41 - Overriding database path with different value: C:\Users\DELL\.stmcufinder\plugins\mcufinder/ => C:\Users\DELL\.stmcufinder\plugins\mcufinder
2023-07-19 07:29:01,742 [INFO] CrossReferenceDbSqlite:203 - Set database path to: C:\Users\DELL\.stmcufinder\plugins\mcufinder//mcu/cs/
2023-07-19 07:29:01,769 [INFO] ApplicationProperties:184 - Using Application install path: D:\ST\STM32CubeIDE_1.12.1\STM32CubeIDE\plugins\com.st.stm32cube.common.mx_6.8.1.202304191431
2023-07-19 07:29:01,769 [INFO] PluginManage:196 - Search for loadable plugins [exclusion list=, ]
2023-07-19 07:29:01,769 [INFO] PluginManage:310 - Check plugin analytics
2023-07-19 07:29:02,069 [INFO] AnalyticsPlugin:253 - Accepted Software Licenses: STM32CubeMX.6.8.1
2023-07-19 07:29:02,069 [INFO] AnalyticsPlugin:255 - Accepted CMSIS Pack Licenses: 
2023-07-19 07:29:02,069 [INFO] AnalyticsPlugin:257 - Accepted Firmware Licenses: FW.F4.1.27.0
2023-07-19 07:29:02,092 [INFO] PluginManage:359 - Loaded plugin analytics (category:tool,tabindex:-1)
2023-07-19 07:29:02,093 [INFO] PluginManage:310 - Check plugin cadmodel
2023-07-19 07:29:02,133 [INFO] CADModel:105 - Init CAD model plugin
2023-07-19 07:29:02,133 [INFO] PluginManage:359 - Loaded plugin cadmodel (category:power,tabindex:5)
2023-07-19 07:29:02,148 [INFO] PluginManage:310 - Check plugin clock
2023-07-19 07:29:02,195 [INFO] PluginManage:359 - Loaded plugin clock (category:base,tabindex:2)
2023-07-19 07:29:02,195 [INFO] PluginManage:310 - Check plugin ddr
2023-07-19 07:29:02,233 [INFO] PluginManage:359 - Loaded plugin ddr (category:tool,tabindex:6)
2023-07-19 07:29:02,233 [INFO] PluginManage:310 - Check plugin filemanager
2023-07-19 07:29:02,605 [INFO] PluginManage:359 - Loaded plugin filemanager (category:base,tabindex:10)
2023-07-19 07:29:02,605 [INFO] PluginManage:310 - Check plugin ipmanager
2023-07-19 07:29:02,637 [INFO] PluginManage:359 - Loaded plugin ipmanager (category:base,tabindex:5)
2023-07-19 07:29:02,637 [INFO] PluginManage:310 - Check plugin lpbam
2023-07-19 07:29:02,668 [INFO] PluginManage:359 - Loaded plugin lpbam (category:base,tabindex:0)
2023-07-19 07:29:02,668 [INFO] PluginManage:310 - Check plugin pinoutandconfiguration
2023-07-19 07:29:02,700 [INFO] PluginManage:359 - Loaded plugin pinoutandconfiguration (category:base,tabindex:1)
2023-07-19 07:29:02,700 [INFO] PluginManage:310 - Check plugin pinoutconfig
2023-07-19 07:29:03,124 [WARN] SupportedApi:132 - Cannot load RTOS API schema: s4s-elt-must-match.1: The content of 'definitions' must match (annotation?, (simpleType | complexType)?, (unique | key | keyref)*)). A problem was found starting at: attribute.
2023-07-19 07:29:03,492 [INFO] PluginManage:359 - Loaded plugin pinoutconfig (category:base,tabindex:0)
2023-07-19 07:29:03,492 [INFO] PluginManage:310 - Check plugin power
2023-07-19 07:29:03,570 [INFO] PluginManage:359 - Loaded plugin power (category:power,tabindex:4)
2023-07-19 07:29:03,570 [INFO] PluginManage:310 - Check plugin projectmanager
2023-07-19 07:29:03,611 [INFO] PluginManage:359 - Loaded plugin projectmanager (category:projectmanager,tabindex:3)
2023-07-19 07:29:03,611 [INFO] PluginManage:310 - Check plugin thirdparty
2023-07-19 07:29:04,105 [INFO] PluginManage:359 - Loaded plugin thirdparty (category:base,tabindex:-1)
2023-07-19 07:29:04,105 [WARN] IntegrityCheckThread:84 - waiting for thirdparty lock release [integrity check]
2023-07-19 07:29:04,105 [INFO] IntegrityCheckThread:86 - entering critical section [integrity check]
2023-07-19 07:29:04,105 [INFO] PluginManage:310 - Check plugin tools
2023-07-19 07:29:04,105 [INFO] ThirdPartyUpdaterWithRetryManager:70 - Updater plugin not ready yet. [1/15]
2023-07-19 07:29:04,154 [INFO] PluginManage:359 - Loaded plugin tools (category:base,tabindex:7)
2023-07-19 07:29:04,154 [INFO] PluginManage:310 - Check plugin tutovideos
2023-07-19 07:29:04,584 [INFO] PluginManage:359 - Loaded plugin tutovideos (category:base,tabindex:-1)
2023-07-19 07:29:04,584 [INFO] PluginManage:310 - Check plugin updater
2023-07-19 07:29:04,626 [INFO] PluginManage:359 - Loaded plugin updater (category:base,tabindex:12)
2023-07-19 07:29:04,626 [INFO] PluginManage:283 - PluginManage : Loaded plugins [15]
2023-07-19 07:29:05,188 [INFO] PinOutPanel:1499 - setPackage(No Configuration,No Configuration)
2023-07-19 07:29:05,315 [INFO] CADModel:165 - CPN selected for project level
2023-07-19 07:29:05,315 [INFO] CADModel:114 - Register for checkConnection events
2023-07-19 07:29:05,409 [INFO] IPUIPlugin:80 - create IPUIPlugin
2023-07-19 07:29:05,409 [INFO] PluginManager:220 - loadIPPluginJar : add adc
2023-07-19 07:29:05,456 [INFO] IPUIPlugin:80 - create IPUIPlugin
2023-07-19 07:29:05,456 [INFO] PluginManager:220 - loadIPPluginJar : add aes
2023-07-19 07:29:05,519 [INFO] IPUIPlugin:80 - create IPUIPlugin
2023-07-19 07:29:05,519 [INFO] PluginManager:220 - loadIPPluginJar : add can
2023-07-19 07:29:05,550 [INFO] IPUIPlugin:80 - create IPUIPlugin
2023-07-19 07:29:05,550 [INFO] PluginManager:220 - loadIPPluginJar : add comp
2023-07-19 07:29:05,613 [INFO] IPUIPlugin:80 - create IPUIPlugin
2023-07-19 07:29:05,613 [INFO] PluginManager:220 - loadIPPluginJar : add cryp
2023-07-19 07:29:05,645 [INFO] IPUIPlugin:80 - create IPUIPlugin
2023-07-19 07:29:05,645 [INFO] PluginManager:220 - loadIPPluginJar : add dfsdm
2023-07-19 07:29:05,678 [INFO] IPUIPlugin:80 - create IPUIPlugin
2023-07-19 07:29:05,678 [INFO] PluginManager:220 - loadIPPluginJar : add dma
2023-07-19 07:29:05,881 [INFO] IPUIPlugin:80 - create IPUIPlugin
2023-07-19 07:29:05,881 [INFO] PluginManager:220 - loadIPPluginJar : add dma3
2023-07-19 07:29:05,912 [INFO] IPUIPlugin:80 - create IPUIPlugin
2023-07-19 07:29:05,912 [INFO] PluginManager:220 - loadIPPluginJar : add fatfs
2023-07-19 07:29:05,975 [INFO] IPUIPlugin:80 - create IPUIPlugin
2023-07-19 07:29:05,975 [INFO] PluginManager:220 - loadIPPluginJar : add fmc
2023-07-19 07:29:06,007 [INFO] IPUIPlugin:80 - create IPUIPlugin
2023-07-19 07:29:06,007 [INFO] PluginManager:220 - loadIPPluginJar : add freertos
2023-07-19 07:29:06,039 [INFO] IPUIPlugin:80 - create IPUIPlugin
2023-07-19 07:29:06,039 [INFO] PluginManager:220 - loadIPPluginJar : add genericplugin
2023-07-19 07:29:06,164 [INFO] IPUIPlugin:80 - create IPUIPlugin
2023-07-19 07:29:06,164 [INFO] PluginManager:220 - loadIPPluginJar : add gfxmmu
2023-07-19 07:29:06,306 [INFO] IPUIPlugin:80 - create IPUIPlugin
2023-07-19 07:29:06,306 [INFO] PluginManager:220 - loadIPPluginJar : add gic
2023-07-19 07:29:06,353 [INFO] IPUIPlugin:80 - create IPUIPlugin
2023-07-19 07:29:06,353 [INFO] PluginManager:220 - loadIPPluginJar : add gpio
2023-07-19 07:29:06,464 [INFO] IPUIPlugin:80 - create IPUIPlugin
2023-07-19 07:29:06,464 [INFO] PluginManager:220 - loadIPPluginJar : add gtzc
2023-07-19 07:29:06,495 [INFO] IPUIPlugin:80 - create IPUIPlugin
2023-07-19 07:29:06,495 [INFO] PluginManager:220 - loadIPPluginJar : add hash
2023-07-19 07:29:06,574 [INFO] IPUIPlugin:80 - create IPUIPlugin
2023-07-19 07:29:06,574 [INFO] PluginManager:220 - loadIPPluginJar : add i2c
2023-07-19 07:29:06,639 [INFO] IPUIPlugin:80 - create IPUIPlugin
2023-07-19 07:29:06,639 [INFO] PluginManager:220 - loadIPPluginJar : add i2s
2023-07-19 07:29:06,699 [INFO] IPUIPlugin:80 - create IPUIPlugin
2023-07-19 07:29:06,699 [INFO] PluginManager:220 - loadIPPluginJar : add i3c
2023-07-19 07:29:06,826 [INFO] IPUIPlugin:80 - create IPUIPlugin
2023-07-19 07:29:06,826 [INFO] PluginManager:220 - loadIPPluginJar : add ipddr
2023-07-19 07:29:06,939 [INFO] IPUIPlugin:80 - create IPUIPlugin
2023-07-19 07:29:06,939 [INFO] PluginManager:220 - loadIPPluginJar : add linkedlist
2023-07-19 07:29:06,967 [INFO] IPUIPlugin:80 - create IPUIPlugin
2023-07-19 07:29:06,967 [INFO] PluginManager:220 - loadIPPluginJar : add lorawan
2023-07-19 07:29:07,014 [INFO] IPUIPlugin:80 - create IPUIPlugin
2023-07-19 07:29:07,014 [INFO] PluginManager:220 - loadIPPluginJar : add ltdc
2023-07-19 07:29:07,039 [INFO] IPUIPlugin:80 - create IPUIPlugin
2023-07-19 07:29:07,039 [INFO] PluginManager:220 - loadIPPluginJar : add mdma
2023-07-19 07:29:07,047 [INFO] IPUIPlugin:80 - create IPUIPlugin
2023-07-19 07:29:07,047 [INFO] PluginManager:220 - loadIPPluginJar : add nvic
2023-07-19 07:29:07,093 [INFO] IPUIPlugin:80 - create IPUIPlugin
2023-07-19 07:29:07,093 [INFO] PluginManager:220 - loadIPPluginJar : add opamp
2023-07-19 07:29:07,109 [INFO] ThirdPartyUpdaterWithRetryManager:70 - Updater plugin not ready yet. [2/15]
2023-07-19 07:29:07,188 [INFO] IPUIPlugin:80 - create IPUIPlugin
2023-07-19 07:29:07,188 [INFO] PluginManager:220 - loadIPPluginJar : add openamp
2023-07-19 07:29:07,250 [INFO] IPUIPlugin:80 - create IPUIPlugin
2023-07-19 07:29:07,250 [INFO] PluginManager:220 - loadIPPluginJar : add pdm2pcm
2023-07-19 07:29:07,266 [INFO] IPUIPlugin:80 - create IPUIPlugin
2023-07-19 07:29:07,266 [INFO] PluginManager:220 - loadIPPluginJar : add plateformsettings
2023-07-19 07:29:07,298 [INFO] IPUIPlugin:80 - create IPUIPlugin
2023-07-19 07:29:07,298 [INFO] PluginManager:220 - loadIPPluginJar : add quadspi
2023-07-19 07:29:07,329 [INFO] IPUIPlugin:80 - create IPUIPlugin
2023-07-19 07:29:07,329 [INFO] PluginManager:220 - loadIPPluginJar : add resmgrutility
2023-07-19 07:29:07,392 [INFO] IPUIPlugin:80 - create IPUIPlugin
2023-07-19 07:29:07,392 [INFO] PluginManager:220 - loadIPPluginJar : add sai
2023-07-19 07:29:07,440 [INFO] IPUIPlugin:80 - create IPUIPlugin
2023-07-19 07:29:07,440 [INFO] PluginManager:220 - loadIPPluginJar : add spi
2023-07-19 07:29:07,517 [INFO] IPUIPlugin:80 - create IPUIPlugin
2023-07-19 07:29:07,517 [INFO] PluginManager:220 - loadIPPluginJar : add stm32_wpan
2023-07-19 07:29:07,549 [INFO] IPUIPlugin:80 - create IPUIPlugin
2023-07-19 07:29:07,549 [INFO] PluginManager:220 - loadIPPluginJar : add tim
2023-07-19 07:29:07,612 [INFO] IPUIPlugin:80 - create IPUIPlugin
2023-07-19 07:29:07,612 [INFO] PluginManager:220 - loadIPPluginJar : add touchsensing
2023-07-19 07:29:07,643 [INFO] IPUIPlugin:80 - create IPUIPlugin
2023-07-19 07:29:07,643 [INFO] PluginManager:220 - loadIPPluginJar : add tracer_emb
2023-07-19 07:29:07,659 [INFO] IPUIPlugin:80 - create IPUIPlugin
2023-07-19 07:29:07,659 [INFO] PluginManager:220 - loadIPPluginJar : add ts
2023-07-19 07:29:07,691 [INFO] IPUIPlugin:80 - create IPUIPlugin
2023-07-19 07:29:07,691 [INFO] PluginManager:220 - loadIPPluginJar : add tsc
2023-07-19 07:29:07,706 [INFO] IPUIPlugin:80 - create IPUIPlugin
2023-07-19 07:29:07,706 [INFO] PluginManager:220 - loadIPPluginJar : add ucpd
2023-07-19 07:29:07,769 [INFO] IPUIPlugin:80 - create IPUIPlugin
2023-07-19 07:29:07,769 [INFO] PluginManager:220 - loadIPPluginJar : add usart
2023-07-19 07:29:07,816 [INFO] IPUIPlugin:80 - create IPUIPlugin
2023-07-19 07:29:07,816 [INFO] PluginManager:220 - loadIPPluginJar : add usbx
2023-07-19 07:29:07,985 [INFO] CADModel:165 - CPN selected for project level
2023-07-19 07:29:07,985 [INFO] CADModel:114 - Register for checkConnection events
2023-07-19 07:29:07,985 [FATAL] Updater:308 - Updater called before beeing initialized
2023-07-19 07:29:07,985 [ERROR] CADModel:125 - Updater not yet initialized, retry later 
2023-07-19 07:29:08,303 [INFO] CADModel:165 - CPN selected for project level
2023-07-19 07:29:08,303 [INFO] CADModel:114 - Register for checkConnection events
2023-07-19 07:29:08,303 [FATAL] Updater:308 - Updater called before beeing initialized
2023-07-19 07:29:08,303 [ERROR] CADModel:125 - Updater not yet initialized, retry later 
2023-07-19 07:29:08,319 [FATAL] Updater:308 - Updater called before beeing initialized
2023-07-19 07:29:08,578 [FATAL] Updater:308 - Updater called before beeing initialized
2023-07-19 07:29:08,587 [INFO] DbMcusAds:53 - JSON generation date=Tue Mar 07 14:20:54 IST 2023 (1678179054945)
2023-07-19 07:29:08,587 [FATAL] Updater:308 - Updater called before beeing initialized
2023-07-19 07:29:08,823 [WARN] DetailPanel:346 - Failed to get advertising image, set to default
2023-07-19 07:29:08,985 [FATAL] Updater:308 - Updater called before beeing initialized
2023-07-19 07:29:08,991 [FATAL] Updater:308 - Updater called before beeing initialized
2023-07-19 07:29:08,991 [FATAL] Updater:308 - Updater called before beeing initialized
2023-07-19 07:29:08,991 [WARN] DetailPanel:346 - Failed to get advertising image, set to default
2023-07-19 07:29:08,991 [FATAL] Updater:308 - Updater called before beeing initialized
2023-07-19 07:29:09,142 [ERROR] Updater:1120 - MainUpdater not yet initialized. External WinMGr cannot be set.
2023-07-19 07:29:09,186 [INFO] Updater:1056 - Updater Version found : 6.8.1
2023-07-19 07:29:09,217 [INFO] ApplicationProperties:184 - Using Application install path: D:\ST\STM32CubeIDE_1.12.1\STM32CubeIDE\plugins\com.st.stm32cube.common.mx_6.8.1.202304191431
2023-07-19 07:29:09,408 [INFO] MainUpdater:2854 - connection check result : 10
2023-07-19 07:29:09,408 [INFO] MainUpdater:3548 - Updater definition file requires update
2023-07-19 07:29:09,408 [INFO] MainUpdater:283 - Updater Check For Update Now.
2023-07-19 07:29:09,408 [INFO] MicroXplorer:498 - Change Database Version : DB.6.0.81
2023-07-19 07:29:09,618 [INFO] ServerAccessManage:473 - Download File updaters.zip
2023-07-19 07:29:09,742 [INFO] FileExtend:240 - Unzip File : updaters.zip
2023-07-19 07:29:09,742 [INFO] FileExtend:255 - Standard Zip Deflate
2023-07-19 07:29:10,119 [WARN] MainUpdater:1187 - Updater busy. Cannot search thirdparties
2023-07-19 07:29:10,119 [INFO] ThirdPartyUpdaterWithRetryManager:96 - Updater plugin is busy. [1/15]
2023-07-19 07:29:10,403 [INFO] ServerAccessManage:473 - Download File PacksControlFlags.xml
2023-07-19 07:29:10,562 [INFO] ServerAccessManage:473 - Download File cubemx.pidx
2023-07-19 07:29:11,335 [INFO] ServerAccessManage:473 - Download File STMicroelectronics.FP-SNS-FLIGHT1.pdsc
2023-07-19 07:29:12,773 [INFO] ServerAccessManage:473 - Download File STMicroelectronics.X-CUBE-TOF1.pdsc
2023-07-19 07:29:13,119 [WARN] MainUpdater:1187 - Updater busy. Cannot search thirdparties
2023-07-19 07:29:13,119 [INFO] ThirdPartyUpdaterWithRetryManager:96 - Updater plugin is busy. [2/15]
2023-07-19 07:29:13,503 [ERROR] ServerAccessManage:1089 - Problem, file not found on Server
2023-07-19 07:29:15,706 [ERROR] ServerAccessManage:1096 - Problem, Http access forbiden
2023-07-19 07:29:15,707 [ERROR] ServerAccessManage:651 - Problem, Http access forbiden : RoweBots.I-CUBE-UNISONRTOS.pdsc.
2023-07-19 07:29:16,083 [WARN] PackLoader:240 - Cannot read IP mode file for STMicroelectronics.FP-SNS-FLIGHT1.5.0.1
2023-07-19 07:29:16,132 [WARN] MainUpdater:1187 - Updater busy. Cannot search thirdparties
2023-07-19 07:29:16,132 [INFO] ThirdPartyUpdaterWithRetryManager:96 - Updater plugin is busy. [3/15]
2023-07-19 07:29:16,133 [WARN] PackLoader:240 - Cannot read IP mode file for STMicroelectronics.X-CUBE-TOF1.3.3.1
2023-07-19 07:29:16,168 [INFO] PopulateThirdPartyThread:66 - Ending populate Thread
2023-07-19 07:29:16,182 [INFO] ThirdParty:1030 - CMSIS Pack Vendor :STMicroelectronics FP-SNS-FLIGHT1 5.0.1
2023-07-19 07:29:16,182 [INFO] ThirdParty:1030 - CMSIS Pack Vendor :STMicroelectronics X-CUBE-TOF1 3.3.1
2023-07-19 07:29:16,182 [INFO] LoadServerUpdatesThread:373 - End of LoadServerUpdate Thread
2023-07-19 07:29:16,436 [INFO] CheckServerUpdateThread:120 - End of CheckServer Thread
2023-07-19 07:29:16,595 [INFO] MainUpdater:2854 - connection check result : 10
2023-07-19 07:29:16,787 [INFO] McuFinderGlobals:66 - Set McuFinderConnectedMode to true
2023-07-19 07:29:17,145 [INFO] ServerAccessManage:473 - Download File mcusAds.json._tmp_
2023-07-19 07:29:17,303 [INFO] LoadUrlFilesThread:156 - End of LoadUrlFiles Thread
2023-07-19 07:29:17,444 [INFO] ServerAccessManage:473 - Download File cube-finder-db.zip
2023-07-19 07:29:19,047 [INFO] FileExtend:240 - Unzip File : cube-finder-db.zip
2023-07-19 07:29:19,047 [INFO] FileExtend:255 - Standard Zip Deflate
2023-07-19 07:29:19,158 [WARN] MainUpdater:1187 - Updater busy. Cannot search thirdparties
2023-07-19 07:29:19,158 [INFO] ThirdPartyUpdaterWithRetryManager:96 - Updater plugin is busy. [4/15]
2023-07-19 07:29:20,219 [INFO] LoadUrlFilesThread:156 - End of LoadUrlFiles Thread
2023-07-19 07:29:21,179 [INFO] ServerAccessManage:473 - Download File crdb.zip
2023-07-19 07:29:22,171 [WARN] MainUpdater:1187 - Updater busy. Cannot search thirdparties
2023-07-19 07:29:22,171 [INFO] ThirdPartyUpdaterWithRetryManager:96 - Updater plugin is busy. [5/15]
2023-07-19 07:29:22,192 [INFO] FileExtend:240 - Unzip File : crdb.zip
2023-07-19 07:29:22,193 [INFO] FileExtend:255 - Standard Zip Deflate
2023-07-19 07:29:22,490 [INFO] LoadUrlFilesThread:156 - End of LoadUrlFiles Thread
2023-07-19 07:29:22,588 [INFO] ServerAccessManage:473 - Download File tutoVideoDB.zip
2023-07-19 07:29:22,588 [INFO] FileExtend:240 - Unzip File : tutoVideoDB.zip
2023-07-19 07:29:22,588 [INFO] FileExtend:255 - Standard Zip Deflate
2023-07-19 07:29:22,769 [INFO] LoadUrlFilesThread:156 - End of LoadUrlFiles Thread
2023-07-19 07:29:22,780 [WARN] DbFile:41 - Overriding database path with different value: C:\Users\DELL\.stmcufinder\plugins\mcufinder/ => C:\Users\DELL\.stmcufinder\plugins\mcufinder
2023-07-19 07:29:22,890 [INFO] ServerAccessManage:473 - Download File api_config.json
2023-07-19 07:29:23,011 [INFO] LoadUrlFilesThread:156 - End of LoadUrlFiles Thread
2023-07-19 07:29:23,017 [INFO] DbMcusAds:53 - JSON generation date=Tue Mar 07 14:20:55 IST 2023 (1678179055114)
2023-07-19 07:29:23,096 [INFO] LoadUrlFilesThread:185 - End of LoadServerUrlFiles without Thread
2023-07-19 07:29:23,096 [INFO] TargetSelectorAdapter:259 - Refresh data is successful
2023-07-19 07:29:23,338 [INFO] ApiDb:581 - Connected to CubeFinder SQLite database (C:\Users\DELL\.stmcufinder\plugins\mcufinder\mcu\cube-finder-db.db)
2023-07-19 07:29:23,429 [INFO] ApiDb:668 - CubeFinder database Data Model version=2.1
2023-07-19 07:29:23,429 [INFO] ApiDb:669 - CubeFinder database Configuration version=3.0.37
2023-07-19 07:29:23,445 [INFO] ApiDb:670 - CubeFinder database generation date=2023-06-26 (1687786131)
2023-07-19 07:29:23,445 [INFO] ApiDb:671 - CubeFinder database FW Pack versions=[FP-ATR-ASTRA1_V2.0.0, FP-SNS-FLIGHT1_V5.0.1, FP-SNS-MOTENV1_V4.3.1, STM32Cube_FW_C0_V1.1.0, STM32Cube_FW_F4_V1.27.1, STM32Cube_FW_F7_V1.17.0, STM32Cube_FW_G0_V1.6.1, STM32Cube_FW_G4_V1.5.1, STM32Cube_FW_H5_V0.5.1, STM32Cube_FW_H5_V1.1.0, STM32Cube_FW_H7_V1.11.0, STM32Cube_FW_L0_V1.12.2, STM32Cube_FW_L5_V1.5.0, STM32Cube_FW_U5_V1.3.0, STM32Cube_FW_U5_V1.3.0RC4, STM32Cube_FW_WBA_V1.0.0RC1, STM32Cube_FW_WBA_V1.1.0, STM32Cube_FW_WBA_V1.1.0RC1, STM32Cube_FW_WB_V1.15.0RC1, STM32Cube_FW_WB_V1.16.0, STM32Cube_FW_WB_V1.16.0RC2, STM32Cube_FW_WB_V1.17.0, STM32Cube_FW_WL_V1.3.0, X-CUBE-ALGOBUILD_V1.3.0, X-CUBE-ALS_V1.0.1, X-CUBE-AZRTOS-F4_V1.1.0, X-CUBE-AZRTOS-F7_V1.1.0, X-CUBE-AZRTOS-G0_V1.1.0, X-CUBE-AZRTOS-G4_V2.0.0, X-CUBE-AZRTOS-H7_V3.1.0, X-CUBE-AZRTOS-L4_V1.0.0, X-CUBE-AZRTOS-L4_V2.0.0, X-CUBE-AZRTOS-L5_V1.1.0, X-CUBE-AZRTOS-WB_V1.1.0, X-CUBE-AZRTOS-WL_V2.0.0, X-CUBE-BLE1_V6.2.4, X-CUBE-BLE2_V3.3.0, X-CUBE-BLEMGR_V2.0.0, X-CUBE-EEPRMA1_V4.1.0, X-CUBE-FREERTOS_V1.0.1, X-CUBE-GNSS1_V6.0.0, X-CUBE-MEMS1_V9.1.0, X-CUBE-MEMS1_V9.4.0, X-CUBE-MEMS1_V9.6.0, X-CUBE-NFC4_V3.0.0, X-CUBE-NFC7_V1.0.0, X-CUBE-SFXS2LP1_V4.0.0, X-CUBE-SUBG2_V5.0.0]
2023-07-19 07:29:25,570 [WARN] PackLoader:240 - Cannot read IP mode file for STMicroelectronics.X-CUBE-SMBUS.2.1.0
2023-07-19 07:29:25,633 [WARN] PackLoader:240 - Cannot read IP mode file for STMicroelectronics.X-CUBE-AZRTOS-F7.1.1.0
2023-07-19 07:29:25,670 [ERROR] RealEvaluatedCondition:428 - Found unsupported composite condition: CLASS='Data Exchange' GROUP='STM32_MetaDataManager'
2023-07-19 07:29:25,670 [ERROR] RealEvaluatedCondition:428 - Found unsupported composite condition: CLASS='Data Exchange' GROUP='STM32_MetaDataManager'
2023-07-19 07:29:25,670 [WARN] PackLoader:240 - Cannot read IP mode file for STMicroelectronics.FP-SNS-MOTENV1.4.3.0
2023-07-19 07:29:25,696 [WARN] PackLoader:240 - Cannot read IP mode file for STMicroelectronics.FP-SNS-MOTENV1.4.3.2
2023-07-19 07:29:25,808 [WARN] PackLoader:240 - Cannot read IP mode file for STMicroelectronics.FP-SNS-FLIGHT1.5.0.0
2023-07-19 07:29:25,808 [WARN] PackLoader:240 - Cannot read IP mode file for STMicroelectronics.FP-SNS-FLIGHT1.5.0.1
2023-07-19 07:29:25,891 [WARN] PackLoader:240 - Cannot read IP mode file for STMicroelectronics.X-CUBE-BLE1.6.2.4
2023-07-19 07:29:26,027 [WARN] PackLoader:240 - Cannot read IP mode file for STMicroelectronics.X-CUBE-DISPLAY.3.0.0
2023-07-19 07:29:26,138 [WARN] PackLoader:240 - Cannot read IP mode file for STMicroelectronics.X-CUBE-TOUCHGFX.4.22.0
2023-07-19 07:29:26,217 [INFO] LogOutputStream:77 - [STDOUT_REDIRECT] 1 : Invalid condition id : UX_CORESTACK_Condition cause : null
2023-07-19 07:29:26,217 [INFO] LogOutputStream:77 - [STDOUT_REDIRECT] 1 : Invalid condition id : UX_CORESTACK_Condition cause : null
2023-07-19 07:29:26,217 [INFO] LogOutputStream:77 - [STDOUT_REDIRECT] 1 : Invalid condition id : UX_CORESTACK_Condition cause : null
2023-07-19 07:29:26,217 [INFO] LogOutputStream:77 - [STDOUT_REDIRECT] 1 : Invalid condition id : UX_CORESTACK_Condition cause : null
2023-07-19 07:29:26,217 [INFO] LogOutputStream:77 - [STDOUT_REDIRECT] 1 : Invalid condition id : UX_CORESTACK_Condition cause : null
2023-07-19 07:29:26,217 [WARN] PackLoader:240 - Cannot read IP mode file for STMicroelectronics.X-CUBE-AZRTOS-WL.2.0.0
2023-07-19 07:29:26,280 [WARN] PackLoader:240 - Cannot read IP mode file for WES.I-CUBE-Cesium.1.3.0
2023-07-19 07:29:26,359 [WARN] PackLoader:240 - Cannot read IP mode file for STMicroelectronics.X-CUBE-BLE2.3.3.0
2023-07-19 07:29:26,390 [WARN] PackLoader:240 - Cannot read IP mode file for STMicroelectronics.X-CUBE-TOUCHGFX.4.21.3
2023-07-19 07:29:26,437 [WARN] PackLoader:240 - Cannot read IP mode file for STMicroelectronics.X-CUBE-ALGOBUILD.1.3.0
2023-07-19 07:29:26,501 [WARN] PackLoader:240 - Cannot read IP mode file for STMicroelectronics.X-CUBE-AZRTOS-G0.1.1.0
2023-07-19 07:29:26,521 [WARN] PackLoader:240 - Cannot read IP mode file for STMicroelectronics.X-CUBE-NFC4.3.0.0
2023-07-19 07:29:26,537 [WARN] PackLoader:240 - Cannot read IP mode file for STMicroelectronics.FP-ATR-SIGFOX1.3.2.0
2023-07-19 07:29:26,627 [WARN] PackLoader:240 - Cannot read IP mode file for SEGGER.I-CUBE-embOS.1.3.1
2023-07-19 07:29:26,784 [WARN] PackLoader:240 - Cannot read IP mode file for STMicroelectronics.X-CUBE-GNSS1.6.0.0
2023-07-19 07:29:26,831 [WARN] PackLoader:240 - Cannot read IP mode file for STMicroelectronics.X-CUBE-AZRTOS-F4.1.1.0
2023-07-19 07:29:26,877 [WARN] PackLoader:240 - Cannot read IP mode file for wolfSSL.I-CUBE-wolfSSL.5.6.0
2023-07-19 07:29:26,971 [WARN] PackLoader:240 - Cannot read IP mode file for STMicroelectronics.X-CUBE-MEMS1.9.6.0
2023-07-19 07:29:27,513 [INFO] ApiDb:240 - Found 297 in-development CPN: [B-G473E-ZEST1S, B-WB1M-WPAN1, B-WL5M-SUBG1, NUCLEO-C031C6, NUCLEO-H503RB, NUCLEO-H563ZI, NUCLEO-U545RE-Q, NUCLEO-U5A5ZJ-Q, NUCLEO-WBA52CG, STEVAL-PROTEUS1, STEVAL-STWINBX1, STM320518-EVAL, STM32C0116-DK, STM32C011D6Y3TR, STM32C011D6Y6TR, STM32C011F4P3, STM32C011F4P6, STM32C011F4U3, STM32C011F4U6TR, STM32C011F6P3, STM32C011F6P6, STM32C011F6U3, STM32C011F6U6TR, STM32C011J4M3, STM32C011J4M6, STM32C011J6M3, STM32C011J6M6, STM32C0316-DK, STM32C031C4T3, STM32C031C4T6, STM32C031C4U3, STM32C031C4U6, STM32C031C6T3, STM32C031C6T6, STM32C031C6U3, STM32C031C6U6, STM32C031F4P3, STM32C031F4P6, STM32C031F6P3, STM32C031F6P6, STM32C031G4U3, STM32C031G4U6, STM32C031G6U3, STM32C031G6U6, STM32C031K4T3, STM32C031K4T6, STM32C031K4U3, STM32C031K4U6, STM32C031K6T3, STM32C031K6T6, STM32C031K6U3, STM32C031K6U6, STM32G071K8TXN, STM32G071K8UXN, STM32G081GBU6N, STM32G081KBT6N, STM32G081KBUXN, STM32G0B1CCT6N, STM32G0B1KCT6, STM32G0B1NEY6TR, STM32G0B1RCT6N, STM32G0C1CCT6, STM32G0C1CCT6N, STM32G0C1CCU6N, STM32G0C1CET6N, STM32G0C1CEU6N, STM32G0C1KCT6, STM32G0C1NEY6TR, STM32G0C1RCI6N, STM32G0C1RCT6N, STM32G0C1REI6N, STM32G0C1RET6N, STM32G0C1VCI6, STM32G0C1VEI6, STM32G471CCT6, STM32G471CCU6, STM32G471CET3, STM32G471CET6, STM32G471CEU3, STM32G471CEU6, STM32G471MCT6, STM32G471MET3, STM32G471MET6, STM32G471MEY6TR, STM32G471QCT6, STM32G471QET3, STM32G471RCT6, STM32G471RET3, STM32G471RET6, STM32G471VCH6, STM32G471VCI6, STM32G471VCT6, STM32G471VEH3, STM32G471VEH6, STM32G471VEI3, STM32G471VEI6, STM32G471VET3, STM32G471VET6, STM32G474CCT6, STM32H503CBT6, STM32H503CBU6, STM32H503EBY6TR, STM32H503KBU6, STM32H503RBT6, STM32H562AGI6, STM32H562AII6, STM32H562IGK6, STM32H562IGT6, STM32H562IIK6, STM32H562IIT6, STM32H562RGT6, STM32H562RGV6, STM32H562RIT6, STM32H562RIV6, STM32H562VGT6, STM32H562VIT6, STM32H562ZGT6, STM32H562ZIT6, STM32H563AGI6, STM32H563AII3Q, STM32H563AII6, STM32H563IGK6, STM32H563IGT6, STM32H563IIK3Q, STM32H563IIK6, STM32H563IIT3Q, STM32H563IIT6, STM32H563MIY3QTR, STM32H563RGT6, STM32H563RGV6, STM32H563RIT6, STM32H563RIV6, STM32H563VGT6, STM32H563VIT3Q, STM32H563VIT6, STM32H563ZGT6, STM32H563ZIT3Q, STM32H563ZIT6, STM32H573AII3Q, STM32H573AII6, STM32H573I-DK, STM32H573IIK3Q, STM32H573IIK6, STM32H573IIT3Q, STM32H573IIT6, STM32H573MIY3QTR, STM32H573RIT6, STM32H573RIV6, STM32H573VIT3Q, STM32H573VIT6, STM32H573ZIT3Q, STM32H573ZIT6, STM32L4R5QGI6STR, STM32MP131AAE3, STM32MP131AAF3, STM32MP131AAG3, STM32MP131CAE3, STM32MP131CAF3, STM32MP131CAG3, STM32MP131DAE7, STM32MP131DAF7, STM32MP131DAG7, STM32MP131FAE7, STM32MP131FAF7, STM32MP131FAG7, STM32MP133AAE3, STM32MP133AAF3, STM32MP133AAG3, STM32MP133CAE3, STM32MP133CAF3, STM32MP133CAG3, STM32MP133DAE7, STM32MP133DAF7, STM32MP133DAG7, STM32MP133FAE7, STM32MP133FAF7, STM32MP133FAG7, STM32MP135AAE3, STM32MP135AAF3, STM32MP135AAG3, STM32MP135CAE3, STM32MP135CAF3, STM32MP135CAG3, STM32MP135DAE7, STM32MP135DAF7, STM32MP135DAG7, STM32MP135F-DK, STM32MP135FAE7, STM32MP135FAF7, STM32MP135FAF7T, STM32MP135FAF7U, STM32MP135FAG7, STM32U535CBT6, STM32U535CBT6Q, STM32U535CBU6, STM32U535CBU6Q, STM32U535CCT6, STM32U535CCT6Q, STM32U535CCU6, STM32U535CCU6Q, STM32U535CET6, STM32U535CET6Q, STM32U535CEU6, STM32U535CEU6Q, STM32U535JEY6QTR, STM32U535NCY6QTR, STM32U535NEY6QTR, STM32U535RBI6, STM32U535RBI6Q, STM32U535RBT6, STM32U535RBT6Q, STM32U535RCI6, STM32U535RCI6Q, STM32U535RCT6, STM32U535RCT6Q, STM32U535REI6, STM32U535REI6Q, STM32U535RET6, STM32U535RET6Q, STM32U535VCI6, STM32U535VCI6Q, STM32U535VCT6, STM32U535VCT6Q, STM32U535VEI6, STM32U535VEI6Q, STM32U535VET6, STM32U535VET6Q, STM32U545CET6, STM32U545CET6Q, STM32U545CEU6, STM32U545CEU6Q, STM32U545JEY6QTR, STM32U545NEY6QTR, STM32U545REI6, STM32U545REI6Q, STM32U545RET6, STM32U545RET6Q, STM32U545VEI6, STM32U545VEI6Q, STM32U545VET6, STM32U545VET6Q, STM32U595AIH6, STM32U595AIH6Q, STM32U595AJH6, STM32U595AJH6Q, STM32U595QII6, STM32U595QII6Q, STM32U595QJI6, STM32U595QJI6Q, STM32U595RIT6, STM32U595RIT6Q, STM32U595RJT6, STM32U595RJT6Q, STM32U595VIT6, STM32U595VIT6Q, STM32U595VJT6, STM32U595VJT6Q, STM32U595ZIT6, STM32U595ZIT6Q, STM32U595ZIY6QTR, STM32U595ZJT6, STM32U595ZJT6Q, STM32U595ZJY6QTR, STM32U599BJY6QTR, STM32U599NIH6Q, STM32U599NJH6Q, STM32U599VIT6Q, STM32U599VJT6, STM32U599VJT6Q, STM32U599ZIT6Q, STM32U599ZIY6QTR, STM32U599ZJT6Q, STM32U599ZJY6QTR, STM32U5A5AJH6, STM32U5A5AJH6Q, STM32U5A5QJI6, STM32U5A5QJI6Q, STM32U5A5RJT6, STM32U5A5RJT6Q, STM32U5A5VJT6, STM32U5A5VJT6Q, STM32U5A5ZJT6, STM32U5A5ZJT6Q, STM32U5A5ZJY6QTR, STM32U5A9BJY6QTR, STM32U5A9J-DK, STM32U5A9NJH6Q, STM32U5A9VJT6Q, STM32U5A9ZJT6Q, STM32U5A9ZJY6QTR, STM32WB1MMCH6, STM32WBA52CEU6, STM32WBA52CEU6T, STM32WBA52CGU6, STM32WBA52CGU6T, STM32WL5MOCH6, STM32WL5MOCH6TR]
2023-07-19 07:29:27,513 [INFO] DbMcus:216 - Found 3825 MCUs, 3825 are supported
2023-07-19 07:29:27,536 [WARN] PackLoader:240 - Cannot read IP mode file for emotas.I-CUBE-CANOPEN.1.1.3
2023-07-19 07:29:27,574 [INFO] ApiDb:423 - Load user favorites file C:\Users\DELL/.stm32cubeide/favorites.mcus.txt: 1 item(s)
2023-07-19 07:29:27,574 [INFO] ApiDb:427 - User favorites MCUs=[STM32F411RET6]
2023-07-19 07:29:27,574 [INFO] DbMcus:222 - Set 1 / 1 favorites MCUs
2023-07-19 07:29:27,584 [WARN] PackLoader:240 - Cannot read IP mode file for STMicroelectronics.X-CUBE-BLEMGR.2.0.0
2023-07-19 07:29:27,835 [WARN] ConditionMgr:438 - getConditionDescription Invalid condition id : UX DEVICE CLASS RTOS Condition cause : null
2023-07-19 07:29:27,835 [WARN] ConditionMgr:438 - getConditionDescription Invalid condition id : UX DEVICE CLASS RTOS Condition cause : null
2023-07-19 07:29:27,850 [WARN] PackLoader:240 - Cannot read IP mode file for STMicroelectronics.X-CUBE-AZRTOS-H7.3.1.0
2023-07-19 07:29:27,850 [WARN] ConditionMgr:1039 - genDependencies : Invalid condition id : UX DEVICE CLASS RTOS Condition cause : null
2023-07-19 07:29:27,850 [WARN] ConditionMgr:1039 - genDependencies : Invalid condition id : UX DEVICE CLASS RTOS Condition cause : null
2023-07-19 07:29:27,850 [WARN] ConditionMgr:1039 - genDependencies : Invalid condition id : UX DEVICE CLASS RTOS Condition cause : null
2023-07-19 07:29:27,850 [WARN] ConditionMgr:1039 - genDependencies : Invalid condition id : UX DEVICE CLASS RTOS Condition cause : null
2023-07-19 07:29:27,850 [WARN] ConditionMgr:1039 - genDependencies : Invalid condition id : UX DEVICE CLASS RTOS Condition cause : null
2023-07-19 07:29:27,992 [WARN] PackLoader:240 - Cannot read IP mode file for STMicroelectronics.X-CUBE-NFC7.1.0.1
2023-07-19 07:29:28,007 [WARN] PackLoader:240 - Cannot read IP mode file for STMicroelectronics.X-CUBE-NFC7.1.0.0
2023-07-19 07:29:28,023 [WARN] PackLoader:240 - Cannot read IP mode file for STMicroelectronics.X-CUBE-EEPRMA1.4.1.0
2023-07-19 07:29:28,070 [WARN] ConditionMgr:438 - getConditionDescription Invalid condition id : LAN8742 Phy interface Condition cause : null
2023-07-19 07:29:28,070 [WARN] PackLoader:240 - Cannot read IP mode file for STMicroelectronics.X-CUBE-AZRTOS-L4.2.0.0
2023-07-19 07:29:28,086 [WARN] ConditionMgr:1039 - genDependencies : Invalid condition id : LAN8742 Phy interface Condition cause : null
2023-07-19 07:29:28,086 [WARN] ConditionMgr:1039 - genDependencies : Invalid condition id : LAN8742 Phy interface Condition cause : null
2023-07-19 07:29:28,086 [WARN] ConditionMgr:1039 - genDependencies : Invalid condition id : LAN8742 Phy interface Condition cause : null
2023-07-19 07:29:28,213 [WARN] PackLoader:240 - Cannot read IP mode file for STMicroelectronics.X-CUBE-SFXS2LP1.4.0.0
2023-07-19 07:29:28,386 [WARN] PackLoader:240 - Cannot read IP mode file for STMicroelectronics.X-CUBE-ISPU.1.1.0
2023-07-19 07:29:28,762 [WARN] PackLoader:240 - Cannot read IP mode file for STMicroelectronics.X-CUBE-AI.8.0.0
2023-07-19 07:29:28,841 [WARN] PackLoader:240 - Cannot read IP mode file for STMicroelectronics.X-CUBE-FREERTOS.1.0.1
2023-07-19 07:29:28,920 [WARN] PackLoader:240 - Cannot read IP mode file for STMicroelectronics.X-CUBE-AZRTOS-L5.1.1.0
2023-07-19 07:29:28,951 [WARN] PackLoader:240 - Cannot read IP mode file for STMicroelectronics.X-CUBE-AI.8.0.1
2023-07-19 07:29:28,985 [INFO] ApiDb:668 - CubeFinder database Data Model version=2.1
2023-07-19 07:29:28,985 [INFO] ApiDb:669 - CubeFinder database Configuration version=3.0.37
2023-07-19 07:29:28,985 [INFO] ApiDb:670 - CubeFinder database generation date=2023-06-26 (1687786131)
2023-07-19 07:29:28,985 [INFO] ApiDb:671 - CubeFinder database FW Pack versions=[FP-ATR-ASTRA1_V2.0.0, FP-SNS-FLIGHT1_V5.0.1, FP-SNS-MOTENV1_V4.3.1, STM32Cube_FW_C0_V1.1.0, STM32Cube_FW_F4_V1.27.1, STM32Cube_FW_F7_V1.17.0, STM32Cube_FW_G0_V1.6.1, STM32Cube_FW_G4_V1.5.1, STM32Cube_FW_H5_V0.5.1, STM32Cube_FW_H5_V1.1.0, STM32Cube_FW_H7_V1.11.0, STM32Cube_FW_L0_V1.12.2, STM32Cube_FW_L5_V1.5.0, STM32Cube_FW_U5_V1.3.0, STM32Cube_FW_U5_V1.3.0RC4, STM32Cube_FW_WBA_V1.0.0RC1, STM32Cube_FW_WBA_V1.1.0, STM32Cube_FW_WBA_V1.1.0RC1, STM32Cube_FW_WB_V1.15.0RC1, STM32Cube_FW_WB_V1.16.0, STM32Cube_FW_WB_V1.16.0RC2, STM32Cube_FW_WB_V1.17.0, STM32Cube_FW_WL_V1.3.0, X-CUBE-ALGOBUILD_V1.3.0, X-CUBE-ALS_V1.0.1, X-CUBE-AZRTOS-F4_V1.1.0, X-CUBE-AZRTOS-F7_V1.1.0, X-CUBE-AZRTOS-G0_V1.1.0, X-CUBE-AZRTOS-G4_V2.0.0, X-CUBE-AZRTOS-H7_V3.1.0, X-CUBE-AZRTOS-L4_V1.0.0, X-CUBE-AZRTOS-L4_V2.0.0, X-CUBE-AZRTOS-L5_V1.1.0, X-CUBE-AZRTOS-WB_V1.1.0, X-CUBE-AZRTOS-WL_V2.0.0, X-CUBE-BLE1_V6.2.4, X-CUBE-BLE2_V3.3.0, X-CUBE-BLEMGR_V2.0.0, X-CUBE-EEPRMA1_V4.1.0, X-CUBE-FREERTOS_V1.0.1, X-CUBE-GNSS1_V6.0.0, X-CUBE-MEMS1_V9.1.0, X-CUBE-MEMS1_V9.4.0, X-CUBE-MEMS1_V9.6.0, X-CUBE-NFC4_V3.0.0, X-CUBE-NFC7_V1.0.0, X-CUBE-SFXS2LP1_V4.0.0, X-CUBE-SUBG2_V5.0.0]
2023-07-19 07:29:28,999 [WARN] PackLoader:240 - Cannot read IP mode file for STMicroelectronics.X-CUBE-SUBG2.5.0.0
2023-07-19 07:29:29,014 [WARN] PackLoader:240 - Cannot read IP mode file for STMicroelectronics.X-CUBE-TOF1.3.3.1
2023-07-19 07:29:29,078 [INFO] DbBoardsSqlite:226 - include board P-NUCLEO-WB55-NUCLEO as a kit item of type 'Nucleo-64'
2023-07-19 07:29:29,078 [INFO] DbBoardsSqlite:226 - include board P-NUCLEO-WB55-USBDONGLE as a kit item of type 'Nucleo USB Dongle'
2023-07-19 07:29:29,078 [INFO] DbBoardsSqlite:226 - include board STEVAL-IDP005V1 as a kit item of type 'Evaluation Board'
2023-07-19 07:29:29,078 [INFO] DbBoardsSqlite:226 - include board STEVAL-IDP005V2 as a kit item of type 'Evaluation Board'
2023-07-19 07:29:29,093 [WARN] PackLoader:240 - Cannot read IP mode file for STMicroelectronics.X-CUBE-AZRTOS-G4.2.0.0
2023-07-19 07:29:29,140 [WARN] PackLoader:240 - Cannot read IP mode file for STMicroelectronics.X-CUBE-TOF1.3.3.0
2023-07-19 07:29:29,187 [INFO] ApiDb:240 - Found 297 in-development CPN: [B-G473E-ZEST1S, B-WB1M-WPAN1, B-WL5M-SUBG1, NUCLEO-C031C6, NUCLEO-H503RB, NUCLEO-H563ZI, NUCLEO-U545RE-Q, NUCLEO-U5A5ZJ-Q, NUCLEO-WBA52CG, STEVAL-PROTEUS1, STEVAL-STWINBX1, STM320518-EVAL, STM32C0116-DK, STM32C011D6Y3TR, STM32C011D6Y6TR, STM32C011F4P3, STM32C011F4P6, STM32C011F4U3, STM32C011F4U6TR, STM32C011F6P3, STM32C011F6P6, STM32C011F6U3, STM32C011F6U6TR, STM32C011J4M3, STM32C011J4M6, STM32C011J6M3, STM32C011J6M6, STM32C0316-DK, STM32C031C4T3, STM32C031C4T6, STM32C031C4U3, STM32C031C4U6, STM32C031C6T3, STM32C031C6T6, STM32C031C6U3, STM32C031C6U6, STM32C031F4P3, STM32C031F4P6, STM32C031F6P3, STM32C031F6P6, STM32C031G4U3, STM32C031G4U6, STM32C031G6U3, STM32C031G6U6, STM32C031K4T3, STM32C031K4T6, STM32C031K4U3, STM32C031K4U6, STM32C031K6T3, STM32C031K6T6, STM32C031K6U3, STM32C031K6U6, STM32G071K8TXN, STM32G071K8UXN, STM32G081GBU6N, STM32G081KBT6N, STM32G081KBUXN, STM32G0B1CCT6N, STM32G0B1KCT6, STM32G0B1NEY6TR, STM32G0B1RCT6N, STM32G0C1CCT6, STM32G0C1CCT6N, STM32G0C1CCU6N, STM32G0C1CET6N, STM32G0C1CEU6N, STM32G0C1KCT6, STM32G0C1NEY6TR, STM32G0C1RCI6N, STM32G0C1RCT6N, STM32G0C1REI6N, STM32G0C1RET6N, STM32G0C1VCI6, STM32G0C1VEI6, STM32G471CCT6, STM32G471CCU6, STM32G471CET3, STM32G471CET6, STM32G471CEU3, STM32G471CEU6, STM32G471MCT6, STM32G471MET3, STM32G471MET6, STM32G471MEY6TR, STM32G471QCT6, STM32G471QET3, STM32G471RCT6, STM32G471RET3, STM32G471RET6, STM32G471VCH6, STM32G471VCI6, STM32G471VCT6, STM32G471VEH3, STM32G471VEH6, STM32G471VEI3, STM32G471VEI6, STM32G471VET3, STM32G471VET6, STM32G474CCT6, STM32H503CBT6, STM32H503CBU6, STM32H503EBY6TR, STM32H503KBU6, STM32H503RBT6, STM32H562AGI6, STM32H562AII6, STM32H562IGK6, STM32H562IGT6, STM32H562IIK6, STM32H562IIT6, STM32H562RGT6, STM32H562RGV6, STM32H562RIT6, STM32H562RIV6, STM32H562VGT6, STM32H562VIT6, STM32H562ZGT6, STM32H562ZIT6, STM32H563AGI6, STM32H563AII3Q, STM32H563AII6, STM32H563IGK6, STM32H563IGT6, STM32H563IIK3Q, STM32H563IIK6, STM32H563IIT3Q, STM32H563IIT6, STM32H563MIY3QTR, STM32H563RGT6, STM32H563RGV6, STM32H563RIT6, STM32H563RIV6, STM32H563VGT6, STM32H563VIT3Q, STM32H563VIT6, STM32H563ZGT6, STM32H563ZIT3Q, STM32H563ZIT6, STM32H573AII3Q, STM32H573AII6, STM32H573I-DK, STM32H573IIK3Q, STM32H573IIK6, STM32H573IIT3Q, STM32H573IIT6, STM32H573MIY3QTR, STM32H573RIT6, STM32H573RIV6, STM32H573VIT3Q, STM32H573VIT6, STM32H573ZIT3Q, STM32H573ZIT6, STM32L4R5QGI6STR, STM32MP131AAE3, STM32MP131AAF3, STM32MP131AAG3, STM32MP131CAE3, STM32MP131CAF3, STM32MP131CAG3, STM32MP131DAE7, STM32MP131DAF7, STM32MP131DAG7, STM32MP131FAE7, STM32MP131FAF7, STM32MP131FAG7, STM32MP133AAE3, STM32MP133AAF3, STM32MP133AAG3, STM32MP133CAE3, STM32MP133CAF3, STM32MP133CAG3, STM32MP133DAE7, STM32MP133DAF7, STM32MP133DAG7, STM32MP133FAE7, STM32MP133FAF7, STM32MP133FAG7, STM32MP135AAE3, STM32MP135AAF3, STM32MP135AAG3, STM32MP135CAE3, STM32MP135CAF3, STM32MP135CAG3, STM32MP135DAE7, STM32MP135DAF7, STM32MP135DAG7, STM32MP135F-DK, STM32MP135FAE7, STM32MP135FAF7, STM32MP135FAF7T, STM32MP135FAF7U, STM32MP135FAG7, STM32U535CBT6, STM32U535CBT6Q, STM32U535CBU6, STM32U535CBU6Q, STM32U535CCT6, STM32U535CCT6Q, STM32U535CCU6, STM32U535CCU6Q, STM32U535CET6, STM32U535CET6Q, STM32U535CEU6, STM32U535CEU6Q, STM32U535JEY6QTR, STM32U535NCY6QTR, STM32U535NEY6QTR, STM32U535RBI6, STM32U535RBI6Q, STM32U535RBT6, STM32U535RBT6Q, STM32U535RCI6, STM32U535RCI6Q, STM32U535RCT6, STM32U535RCT6Q, STM32U535REI6, STM32U535REI6Q, STM32U535RET6, STM32U535RET6Q, STM32U535VCI6, STM32U535VCI6Q, STM32U535VCT6, STM32U535VCT6Q, STM32U535VEI6, STM32U535VEI6Q, STM32U535VET6, STM32U535VET6Q, STM32U545CET6, STM32U545CET6Q, STM32U545CEU6, STM32U545CEU6Q, STM32U545JEY6QTR, STM32U545NEY6QTR, STM32U545REI6, STM32U545REI6Q, STM32U545RET6, STM32U545RET6Q, STM32U545VEI6, STM32U545VEI6Q, STM32U545VET6, STM32U545VET6Q, STM32U595AIH6, STM32U595AIH6Q, STM32U595AJH6, STM32U595AJH6Q, STM32U595QII6, STM32U595QII6Q, STM32U595QJI6, STM32U595QJI6Q, STM32U595RIT6, STM32U595RIT6Q, STM32U595RJT6, STM32U595RJT6Q, STM32U595VIT6, STM32U595VIT6Q, STM32U595VJT6, STM32U595VJT6Q, STM32U595ZIT6, STM32U595ZIT6Q, STM32U595ZIY6QTR, STM32U595ZJT6, STM32U595ZJT6Q, STM32U595ZJY6QTR, STM32U599BJY6QTR, STM32U599NIH6Q, STM32U599NJH6Q, STM32U599VIT6Q, STM32U599VJT6, STM32U599VJT6Q, STM32U599ZIT6Q, STM32U599ZIY6QTR, STM32U599ZJT6Q, STM32U599ZJY6QTR, STM32U5A5AJH6, STM32U5A5AJH6Q, STM32U5A5QJI6, STM32U5A5QJI6Q, STM32U5A5RJT6, STM32U5A5RJT6Q, STM32U5A5VJT6, STM32U5A5VJT6Q, STM32U5A5ZJT6, STM32U5A5ZJT6Q, STM32U5A5ZJY6QTR, STM32U5A9BJY6QTR, STM32U5A9J-DK, STM32U5A9NJH6Q, STM32U5A9VJT6Q, STM32U5A9ZJT6Q, STM32U5A9ZJY6QTR, STM32WB1MMCH6, STM32WBA52CEU6, STM32WBA52CEU6T, STM32WBA52CGU6, STM32WBA52CGU6T, STM32WL5MOCH6, STM32WL5MOCH6TR]
2023-07-19 07:29:29,194 [WARN] PackLoader:240 - Cannot read IP mode file for STMicroelectronics.X-CUBE-AZRTOS-L4.1.0.0
2023-07-19 07:29:29,235 [WARN] PackLoader:240 - Cannot read IP mode file for STMicroelectronics.X-CUBE-AZRTOS-WL.1.0.0
2023-07-19 07:29:29,266 [WARN] PackLoader:240 - Cannot read IP mode file for portGmbH.I-Cube-SoM-uGOAL.1.1.0
2023-07-19 07:29:29,314 [WARN] PackLoader:240 - Cannot read IP mode file for STMicroelectronics.X-CUBE-ALS.1.0.1
2023-07-19 07:29:29,352 [WARN] PackLoader:240 - Cannot read IP mode file for STMicroelectronics.X-CUBE-AZRTOS-WB.1.1.0
2023-07-19 07:29:29,362 [WARN] PackLoader:240 - Cannot read IP mode file for STMicroelectronics.FP-ATR-ASTRA1.2.0.0
2023-07-19 07:29:29,362 [INFO] ThirdParty:978 - Integrity check success = true
2023-07-19 07:29:29,362 [INFO] IntegrityCheckThread:100 - exiting critical section [integrity check]
2023-07-19 07:29:29,362 [INFO] IntegrityCheckThread:103 - End integrity checks thread
2023-07-19 07:29:29,519 [INFO] BoardInfo:880 - No configuration file found for board P-NUCLEO-WB55
2023-07-19 07:29:29,519 [INFO] DbBoards:157 - Kit is not supported: P-NUCLEO-WB55
2023-07-19 07:29:29,534 [INFO] BoardInfo:880 - No configuration file found for board STEVAL-BFA001V1B
2023-07-19 07:29:29,534 [INFO] DbBoards:157 - Kit is not supported: STEVAL-BFA001V1B
2023-07-19 07:29:29,534 [INFO] BoardInfo:880 - No configuration file found for board STEVAL-BFA001V2B
2023-07-19 07:29:29,534 [INFO] DbBoards:157 - Kit is not supported: STEVAL-BFA001V2B
2023-07-19 07:29:29,550 [INFO] BoardInfo:880 - No configuration file found for board STEVAL-SMARTAG2
2023-07-19 07:29:29,550 [INFO] DbBoards:157 - Board is not supported: STEVAL-SMARTAG2
2023-07-19 07:29:29,791 [INFO] DbBoards:161 - Found 188 boards, 184 are supported
2023-07-19 07:29:29,802 [INFO] ApiDb:423 - Load user favorites file C:\Users\DELL/.stm32cubeide/favorites.boards.txt: 0 item(s)
2023-07-19 07:29:29,802 [INFO] ApiDb:427 - User favorites Boards=[]
2023-07-19 07:29:29,802 [INFO] DbBoards:190 - Set 0 / 0 favorites Boards
2023-07-19 07:29:29,808 [INFO] ApiDb:668 - CubeFinder database Data Model version=2.1
2023-07-19 07:29:29,808 [INFO] ApiDb:669 - CubeFinder database Configuration version=3.0.37
2023-07-19 07:29:29,808 [INFO] ApiDb:670 - CubeFinder database generation date=2023-06-26 (1687786131)
2023-07-19 07:29:29,808 [INFO] ApiDb:671 - CubeFinder database FW Pack versions=[FP-ATR-ASTRA1_V2.0.0, FP-SNS-FLIGHT1_V5.0.1, FP-SNS-MOTENV1_V4.3.1, STM32Cube_FW_C0_V1.1.0, STM32Cube_FW_F4_V1.27.1, STM32Cube_FW_F7_V1.17.0, STM32Cube_FW_G0_V1.6.1, STM32Cube_FW_G4_V1.5.1, STM32Cube_FW_H5_V0.5.1, STM32Cube_FW_H5_V1.1.0, STM32Cube_FW_H7_V1.11.0, STM32Cube_FW_L0_V1.12.2, STM32Cube_FW_L5_V1.5.0, STM32Cube_FW_U5_V1.3.0, STM32Cube_FW_U5_V1.3.0RC4, STM32Cube_FW_WBA_V1.0.0RC1, STM32Cube_FW_WBA_V1.1.0, STM32Cube_FW_WBA_V1.1.0RC1, STM32Cube_FW_WB_V1.15.0RC1, STM32Cube_FW_WB_V1.16.0, STM32Cube_FW_WB_V1.16.0RC2, STM32Cube_FW_WB_V1.17.0, STM32Cube_FW_WL_V1.3.0, X-CUBE-ALGOBUILD_V1.3.0, X-CUBE-ALS_V1.0.1, X-CUBE-AZRTOS-F4_V1.1.0, X-CUBE-AZRTOS-F7_V1.1.0, X-CUBE-AZRTOS-G0_V1.1.0, X-CUBE-AZRTOS-G4_V2.0.0, X-CUBE-AZRTOS-H7_V3.1.0, X-CUBE-AZRTOS-L4_V1.0.0, X-CUBE-AZRTOS-L4_V2.0.0, X-CUBE-AZRTOS-L5_V1.1.0, X-CUBE-AZRTOS-WB_V1.1.0, X-CUBE-AZRTOS-WL_V2.0.0, X-CUBE-BLE1_V6.2.4, X-CUBE-BLE2_V3.3.0, X-CUBE-BLEMGR_V2.0.0, X-CUBE-EEPRMA1_V4.1.0, X-CUBE-FREERTOS_V1.0.1, X-CUBE-GNSS1_V6.0.0, X-CUBE-MEMS1_V9.1.0, X-CUBE-MEMS1_V9.4.0, X-CUBE-MEMS1_V9.6.0, X-CUBE-NFC4_V3.0.0, X-CUBE-NFC7_V1.0.0, X-CUBE-SFXS2LP1_V4.0.0, X-CUBE-SUBG2_V5.0.0]
2023-07-19 07:29:31,341 [INFO] DbExamplesSqlite:376 - Ignored 27 examples not supported by CubeIDE
2023-07-19 07:29:31,342 [INFO] DbExamplesSqlite:377 - Found 7164 examples active
2023-07-19 07:29:31,342 [INFO] DbExamplesSqlite:378 - Found 677 examples obsolete
2023-07-19 07:29:31,343 [INFO] DbExamplesSqlite:379 - Found 0 examples under development
2023-07-19 07:29:31,343 [INFO] DbExamplesSqlite:380 - Found 74 examples not building
2023-07-19 07:29:31,347 [INFO] DbExamples:125 - Found 7211 examples
2023-07-19 07:29:31,407 [ERROR] DbExamples:208 - Found 22 examples with invalid data (board or MCU)
2023-07-19 07:29:31,408 [INFO] DbExamples:222 - Found 91 boards with related examples
2023-07-19 07:29:31,409 [INFO] DbExamples:235 - Found 77 MCUs with related examples
2023-07-19 07:29:31,450 [INFO] ApiDb:414 - User favorites file not found: C:\Users\DELL/.stm32cubeide/favorites.examples.txt
2023-07-19 07:29:31,451 [INFO] DbExamples:250 - Set 0 / 0 favorites Examples
2023-07-19 07:29:33,037 [INFO] McuFinderGlobals:66 - Set McuFinderConnectedMode to true
2023-07-19 07:29:33,059 [INFO] MultiScanPanel:200 - Auto-refresh data requested => check proxy status ongoing
2023-07-19 07:29:33,082 [INFO] FinderPluginLoader:95 - Searching for filters in installed packs
2023-07-19 07:29:35,765 [INFO] LoadUrlFilesThread:185 - End of LoadServerUrlFiles without Thread
2023-07-19 07:29:35,811 [INFO] DetailPanel:341 - Set advertising image to C:/Users/DELL/STM32Cube/Repository/\en.prom-stm32h5-mcu-finder.jpg
2023-07-19 07:30:32,634 [INFO] McuFinderGlobals:66 - Set McuFinderConnectedMode to true
2023-07-19 07:30:33,027 [INFO] ApiDb:448 - Save user favorites file C:\Users\DELL/.stm32cubeide/favorites.mcus.txt: 1 item(s)
2023-07-19 07:30:33,027 [INFO] ApiDb:452 - User favorites MCUs=[STM32F411RET6]
