07:15:14 **** Incremental Build of configuration Debug for project STM32L053C8_Discovery ****
make all 
arm-none-eabi-gcc "C:/Users/DELL/Downloads/STM32CubeL0-master/STM32CubeL0-master/Projects/32L0538DISCOVERY/Examples/UART/UART_TwoBoards_ComIT/Src/main.c" -mcpu=cortex-m0plus -std=gnu11 -g3 -DSTM32L053xx -DUSE_STM32L0538_DISCO -DUSE_HAL_DRIVER -c -I../../../Inc -I../../../../../../../../Drivers/CMSIS/Device/ST/STM32L0xx/Include -I../../../../../../../../Drivers/STM32L0xx_HAL_Driver/Inc -I../../../../../../../../Drivers/BSP/STM32L0538-Discovery -I../../../../../../../../Drivers/CMSIS/Include -Os -ffunction-sections -Wall -fstack-usage -fcyclomatic-complexity -MMD -MP -MF"Example/User/main.d" -MT"Example/User/main.o" --specs=nano.specs -mfloat-abi=soft -mthumb -o "Example/User/main.o"
arm-none-eabi-gcc -o "STM32L053C8_Discovery.elf" @"objects.list"   -mcpu=cortex-m0plus -T"../STM32L053C8Tx_FLASH.ld" --specs=nosys.specs -Wl,-Map="STM32L053C8_Discovery.map" -Wl,--gc-sections -static --specs=nano.specs -mfloat-abi=soft -mthumb -Wl,--start-group -lc -lm -Wl,--end-group
d:\st\stm32cubeide_1.12.1\stm32cubeide\plugins\com.st.stm32cube.ide.mcu.externaltools.gnu-tools-for-stm32.10.3-2021.10.win32_1.0.200.202301161003\tools\arm-none-eabi\bin\ld.exe: ./Example/User/main.o: in function `main':
C:/Users/DELL/Downloads/STM32CubeL0-master/STM32CubeL0-master/Projects/32L0538DISCOVERY/Examples/UART/UART_TwoBoards_ComIT/Src/main.c:198: undefined reference to `BSP_EPD_Clear'
d:\st\stm32cubeide_1.12.1\stm32cubeide\plugins\com.st.stm32cube.ide.mcu.externaltools.gnu-tools-for-stm32.10.3-2021.10.win32_1.0.200.202301161003\tools\arm-none-eabi\bin\ld.exe: C:/Users/DELL/Downloads/STM32CubeL0-master/STM32CubeL0-master/Projects/32L0538DISCOVERY/Examples/UART/UART_TwoBoards_ComIT/Src/main.c:199: undefined reference to `BSP_EPD_SetFont'
d:\st\stm32cubeide_1.12.1\stm32cubeide\plugins\com.st.stm32cube.ide.mcu.externaltools.gnu-tools-for-stm32.10.3-2021.10.win32_1.0.200.202301161003\tools\arm-none-eabi\bin\ld.exe: C:/Users/DELL/Downloads/STM32CubeL0-master/STM32CubeL0-master/Projects/32L0538DISCOVERY/Examples/UART/UART_TwoBoards_ComIT/Src/main.c:201: undefined reference to `BSP_EPD_DisplayStringAt'
d:\st\stm32cubeide_1.12.1\stm32cubeide\plugins\com.st.stm32cube.ide.mcu.externaltools.gnu-tools-for-stm32.10.3-2021.10.win32_1.0.200.202301161003\tools\arm-none-eabi\bin\ld.exe: C:/Users/DELL/Downloads/STM32CubeL0-master/STM32CubeL0-master/Projects/32L0538DISCOVERY/Examples/UART/UART_TwoBoards_ComIT/Src/main.c:202: undefined reference to `BSP_EPD_SetFont'
d:\st\stm32cubeide_1.12.1\stm32cubeide\plugins\com.st.stm32cube.ide.mcu.externaltools.gnu-tools-for-stm32.10.3-2021.10.win32_1.0.200.202301161003\tools\arm-none-eabi\bin\ld.exe: C:/Users/DELL/Downloads/STM32CubeL0-master/STM32CubeL0-master/Projects/32L0538DISCOVERY/Examples/UART/UART_TwoBoards_ComIT/Src/main.c:203: undefined reference to `BSP_EPD_DisplayStringAt'
d:\st\stm32cubeide_1.12.1\stm32cubeide\plugins\com.st.stm32cube.ide.mcu.externaltools.gnu-tools-for-stm32.10.3-2021.10.win32_1.0.200.202301161003\tools\arm-none-eabi\bin\ld.exe: C:/Users/DELL/Downloads/STM32CubeL0-master/STM32CubeL0-master/Projects/32L0538DISCOVERY/Examples/UART/UART_TwoBoards_ComIT/Src/main.c:204: undefined reference to `BSP_EPD_SetFont'
d:\st\stm32cubeide_1.12.1\stm32cubeide\plugins\com.st.stm32cube.ide.mcu.externaltools.gnu-tools-for-stm32.10.3-2021.10.win32_1.0.200.202301161003\tools\arm-none-eabi\bin\ld.exe: C:/Users/DELL/Downloads/STM32CubeL0-master/STM32CubeL0-master/Projects/32L0538DISCOVERY/Examples/UART/UART_TwoBoards_ComIT/Src/main.c:205: undefined reference to `BSP_EPD_DisplayStringAt'
d:\st\stm32cubeide_1.12.1\stm32cubeide\plugins\com.st.stm32cube.ide.mcu.externaltools.gnu-tools-for-stm32.10.3-2021.10.win32_1.0.200.202301161003\tools\arm-none-eabi\bin\ld.exe: C:/Users/DELL/Downloads/STM32CubeL0-master/STM32CubeL0-master/Projects/32L0538DISCOVERY/Examples/UART/UART_TwoBoards_ComIT/Src/main.c:206: undefined reference to `BSP_EPD_DisplayStringAt'
d:\st\stm32cubeide_1.12.1\stm32cubeide\plugins\com.st.stm32cube.ide.mcu.externaltools.gnu-tools-for-stm32.10.3-2021.10.win32_1.0.200.202301161003\tools\arm-none-eabi\bin\ld.exe: C:/Users/DELL/Downloads/STM32CubeL0-master/STM32CubeL0-master/Projects/32L0538DISCOVERY/Examples/UART/UART_TwoBoards_ComIT/Src/main.c:207: undefined reference to `BSP_EPD_RefreshDisplay'
d:\st\stm32cubeide_1.12.1\stm32cubeide\plugins\com.st.stm32cube.ide.mcu.externaltools.gnu-tools-for-stm32.10.3-2021.10.win32_1.0.200.202301161003\tools\arm-none-eabi\bin\ld.exe: C:/Users/DELL/Downloads/STM32CubeL0-master/STM32CubeL0-master/Projects/32L0538DISCOVERY/Examples/UART/UART_TwoBoards_ComIT/Src/main.c:211: undefined reference to `BSP_EPD_Clear'
d:\st\stm32cubeide_1.12.1\stm32cubeide\plugins\com.st.stm32cube.ide.mcu.externaltools.gnu-tools-for-stm32.10.3-2021.10.win32_1.0.200.202301161003\tools\arm-none-eabi\bin\ld.exe: C:/Users/DELL/Downloads/STM32CubeL0-master/STM32CubeL0-master/Projects/32L0538DISCOVERY/Examples/UART/UART_TwoBoards_ComIT/Src/main.c:212: undefined reference to `BSP_EPD_SetFont'
d:\st\stm32cubeide_1.12.1\stm32cubeide\plugins\com.st.stm32cube.ide.mcu.externaltools.gnu-tools-for-stm32.10.3-2021.10.win32_1.0.200.202301161003\tools\arm-none-eabi\bin\ld.exe: C:/Users/DELL/Downloads/STM32CubeL0-master/STM32CubeL0-master/Projects/32L0538DISCOVERY/Examples/UART/UART_TwoBoards_ComIT/Src/main.c:214: undefined reference to `BSP_EPD_DisplayStringAt'
d:\st\stm32cubeide_1.12.1\stm32cubeide\plugins\com.st.stm32cube.ide.mcu.externaltools.gnu-tools-for-stm32.10.3-2021.10.win32_1.0.200.202301161003\tools\arm-none-eabi\bin\ld.exe: C:/Users/DELL/Downloads/STM32CubeL0-master/STM32CubeL0-master/Projects/32L0538DISCOVERY/Examples/UART/UART_TwoBoards_ComIT/Src/main.c:215: undefined reference to `BSP_EPD_SetFont'
d:\st\stm32cubeide_1.12.1\stm32cubeide\plugins\com.st.stm32cube.ide.mcu.externaltools.gnu-tools-for-stm32.10.3-2021.10.win32_1.0.200.202301161003\tools\arm-none-eabi\bin\ld.exe: C:/Users/DELL/Downloads/STM32CubeL0-master/STM32CubeL0-master/Projects/32L0538DISCOVERY/Examples/UART/UART_TwoBoards_ComIT/Src/main.c:216: undefined reference to `BSP_EPD_DisplayStringAt'
d:\st\stm32cubeide_1.12.1\stm32cubeide\plugins\com.st.stm32cube.ide.mcu.externaltools.gnu-tools-for-stm32.10.3-2021.10.win32_1.0.200.202301161003\tools\arm-none-eabi\bin\ld.exe: C:/Users/DELL/Downloads/STM32CubeL0-master/STM32CubeL0-master/Projects/32L0538DISCOVERY/Examples/UART/UART_TwoBoards_ComIT/Src/main.c:217: undefined reference to `BSP_EPD_SetFont'
d:\st\stm32cubeide_1.12.1\stm32cubeide\plugins\com.st.stm32cube.ide.mcu.externaltools.gnu-tools-for-stm32.10.3-2021.10.win32_1.0.200.202301161003\tools\arm-none-eabi\bin\ld.exe: C:/Users/DELL/Downloads/STM32CubeL0-master/STM32CubeL0-master/Projects/32L0538DISCOVERY/Examples/UART/UART_TwoBoards_ComIT/Src/main.c:218: undefined reference to `BSP_EPD_DisplayStringAt'
d:\st\stm32cubeide_1.12.1\stm32cubeide\plugins\com.st.stm32cube.ide.mcu.externaltools.gnu-tools-for-stm32.10.3-2021.10.win32_1.0.200.202301161003\tools\arm-none-eabi\bin\ld.exe: C:/Users/DELL/Downloads/STM32CubeL0-master/STM32CubeL0-master/Projects/32L0538DISCOVERY/Examples/UART/UART_TwoBoards_ComIT/Src/main.c:219: undefined reference to `BSP_EPD_DisplayStringAt'
d:\st\stm32cubeide_1.12.1\stm32cubeide\plugins\com.st.stm32cube.ide.mcu.externaltools.gnu-tools-for-stm32.10.3-2021.10.win32_1.0.200.202301161003\tools\arm-none-eabi\bin\ld.exe: C:/Users/DELL/Downloads/STM32CubeL0-master/STM32CubeL0-master/Projects/32L0538DISCOVERY/Examples/UART/UART_TwoBoards_ComIT/Src/main.c:220: undefined reference to `BSP_EPD_RefreshDisplay'
d:\st\stm32cubeide_1.12.1\stm32cubeide\plugins\com.st.stm32cube.ide.mcu.externaltools.gnu-tools-for-stm32.10.3-2021.10.win32_1.0.200.202301161003\tools\arm-none-eabi\bin\ld.exe: C:/Users/DELL/Downloads/STM32CubeL0-master/STM32CubeL0-master/Projects/32L0538DISCOVERY/Examples/UART/UART_TwoBoards_ComIT/Src/main.c:346: undefined reference to `Font16'
d:\st\stm32cubeide_1.12.1\stm32cubeide\plugins\com.st.stm32cube.ide.mcu.externaltools.gnu-tools-for-stm32.10.3-2021.10.win32_1.0.200.202301161003\tools\arm-none-eabi\bin\ld.exe: C:/Users/DELL/Downloads/STM32CubeL0-master/STM32CubeL0-master/Projects/32L0538DISCOVERY/Examples/UART/UART_TwoBoards_ComIT/Src/main.c:346: undefined reference to `Font12'
d:\st\stm32cubeide_1.12.1\stm32cubeide\plugins\com.st.stm32cube.ide.mcu.externaltools.gnu-tools-for-stm32.10.3-2021.10.win32_1.0.200.202301161003\tools\arm-none-eabi\bin\ld.exe: C:/Users/DELL/Downloads/STM32CubeL0-master/STM32CubeL0-master/Projects/32L0538DISCOVERY/Examples/UART/UART_TwoBoards_ComIT/Src/main.c:346: undefined reference to `Font8'
collect2.exe: error: ld returned 1 exit status
make: *** [makefile:69: STM32L053C8_Discovery.elf] Error 1
"make all" terminated with exit code 2. Build might be incomplete.

07:15:14 Build Failed. 23 errors, 0 warnings. (took 790ms)

